This file contains any messages produced by compilers while
running configure, to aid debugging if configure makes a mistake.

It was created by vo-aacenc configure 0.1.2, which was
generated by GNU Autoconf 2.69.  Invocation command line was

  $ ./configure --prefix=/home/retsu/FFmpeg-Android/jni/vo-aacenc/../ffmpeg-build/armeavi-v7a-neon --host=arm-linux --disable-dependency-tracking --disable-shared --enable-static --with-pic --enable-neon

## --------- ##
## Platform. ##
## --------- ##

hostname = Dell-XPS-15Z
uname -m = x86_64
uname -r = 3.8.0-19-generic
uname -s = Linux
uname -v = #30-Ubuntu SMP Wed May 1 16:35:23 UTC 2013

/usr/bin/uname -p = unknown
/bin/uname -X     = unknown

/bin/arch              = unknown
/usr/bin/arch -k       = unknown
/usr/convex/getsysinfo = unknown
/usr/bin/hostinfo      = unknown
/bin/machine           = unknown
/usr/bin/oslevel       = unknown
/bin/universe          = unknown

PATH: /usr/local/sbin
PATH: /usr/local/bin
PATH: /usr/sbin
PATH: /usr/bin
PATH: /sbin
PATH: /bin
PATH: /usr/games
PATH: /usr/local/games
PATH: .
PATH: /home/retsu/android-ndk/toolchains/x86-4.6/prebuilt/linux-x86/bin/
PATH: /home/retsu/android-ndk/toolchains/x86-4.6/prebuilt/linux-x86/bin/
PATH: /home/retsu/android-ndk/toolchains/x86-4.6/prebuilt/linux-x86/bin/
PATH: /home/retsu/android-ndk/toolchains/x86-4.6/prebuilt/linux-x86/bin/
PATH: /home/retsu/android-ndk/toolchains/x86-4.6/prebuilt/linux-x86/bin/
PATH: /home/retsu/android-ndk/toolchains/x86-4.6/prebuilt/linux-x86/bin/
PATH: /home/retsu/android-ndk/toolchains/x86-4.6/prebuilt/linux-x86/bin/
PATH: /home/retsu/android-ndk/toolchains/x86-4.6/prebuilt/linux-x86/bin/
PATH: /home/retsu/android-ndk/toolchains/mipsel-linux-android-4.6/prebuilt/linux-x86/bin/
PATH: /home/retsu/android-ndk/toolchains/mipsel-linux-android-4.6/prebuilt/linux-x86/bin/
PATH: /home/retsu/android-ndk/toolchains/mipsel-linux-android-4.6/prebuilt/linux-x86/bin/
PATH: /home/retsu/android-ndk/toolchains/mipsel-linux-android-4.6/prebuilt/linux-x86/bin/
PATH: /home/retsu/android-ndk/toolchains/mipsel-linux-android-4.6/prebuilt/linux-x86/bin/
PATH: /home/retsu/android-ndk/toolchains/mipsel-linux-android-4.6/prebuilt/linux-x86/bin/
PATH: /home/retsu/android-ndk/toolchains/mipsel-linux-android-4.6/prebuilt/linux-x86/bin/
PATH: /home/retsu/android-ndk/toolchains/mipsel-linux-android-4.6/prebuilt/linux-x86/bin/
PATH: /home/retsu/android-ndk/toolchains/arm-linux-androideabi-4.6/prebuilt/linux-x86/bin/
PATH: /home/retsu/android-ndk/toolchains/arm-linux-androideabi-4.6/prebuilt/linux-x86/bin/
PATH: /home/retsu/android-ndk/toolchains/arm-linux-androideabi-4.6/prebuilt/linux-x86/bin/
PATH: /home/retsu/android-ndk/toolchains/arm-linux-androideabi-4.6/prebuilt/linux-x86/bin/
PATH: /home/retsu/android-ndk/toolchains/arm-linux-androideabi-4.6/prebuilt/linux-x86/bin/
PATH: /home/retsu/android-ndk/toolchains/arm-linux-androideabi-4.6/prebuilt/linux-x86/bin/
PATH: /home/retsu/android-ndk/toolchains/arm-linux-androideabi-4.6/prebuilt/linux-x86/bin/
PATH: /home/retsu/android-ndk/toolchains/arm-linux-androideabi-4.6/prebuilt/linux-x86/bin/
PATH: /home/retsu/android-ndk/toolchains/arm-linux-androideabi-4.6/prebuilt/linux-x86/bin/
PATH: /home/retsu/android-ndk/toolchains/arm-linux-androideabi-4.6/prebuilt/linux-x86/bin/
PATH: /home/retsu/android-ndk/toolchains/arm-linux-androideabi-4.6/prebuilt/linux-x86/bin/
PATH: /home/retsu/android-ndk/toolchains/arm-linux-androideabi-4.6/prebuilt/linux-x86/bin/
PATH: /home/retsu/android-ndk/toolchains/arm-linux-androideabi-4.6/prebuilt/linux-x86/bin/


## ----------- ##
## Core tests. ##
## ----------- ##

configure:2189: checking for a BSD-compatible install
configure:2257: result: /usr/bin/install -c
configure:2268: checking whether build environment is sane
configure:2323: result: yes
configure:2361: WARNING: 'missing' script is too old or missing
configure:2382: checking for arm-linux-strip
configure:2409: result: /home/retsu/android-ndk/toolchains/arm-linux-androideabi-4.6/prebuilt/linux-x86/bin/arm-linux-androideabi-strip
configure:2474: checking for a thread-safe mkdir -p
configure:2513: result: /bin/mkdir -p
configure:2520: checking for gawk
configure:2536: found /usr/bin/gawk
configure:2547: result: gawk
configure:2558: checking whether make sets $(MAKE)
configure:2580: result: yes
configure:2609: checking whether make supports nested variables
configure:2626: result: yes
configure:2715: checking whether UID '1000' is supported by ustar format
configure:2718: result: yes
configure:2725: checking whether GID '1000' is supported by ustar format
configure:2728: result: yes
configure:2736: checking how to create a ustar tar archive
configure:2747: tar --version
tar (GNU tar) 1.26
Copyright (C) 2011 Free Software Foundation, Inc.
License GPLv3+: GNU GPL version 3 or later <http://gnu.org/licenses/gpl.html>.
This is free software: you are free to change and redistribute it.
There is NO WARRANTY, to the extent permitted by law.

Written by John Gilmore and Jay Fenlason.
configure:2750: $? = 0
configure:2790: tardir=conftest.dir && eval tar --format=ustar -chf - "$tardir" >conftest.tar
configure:2793: $? = 0
configure:2797: tar -xf - <conftest.tar
configure:2800: $? = 0
configure:2802: cat conftest.dir/file
GrepMe
configure:2805: $? = 0
configure:2818: result: gnutar
configure:2878: checking whether make supports nested variables
configure:2895: result: yes
configure:2909: checking whether to enable maintainer-specific portions of Makefiles
configure:2918: result: no
configure:2937: checking build system type
configure:2951: result: x86_64-unknown-linux-gnu
configure:2971: checking host system type
configure:2984: result: arm-unknown-linux-gnu
configure:3068: checking for style of include used by make
configure:3096: result: GNU
configure:3127: checking for arm-linux-gcc
configure:3154: result: /home/retsu/android-ndk/toolchains/arm-linux-androideabi-4.6/prebuilt/linux-x86/bin/arm-linux-androideabi-gcc --sysroot=/home/retsu/android-ndk/platforms/android-9/arch-arm/
configure:3423: checking for C compiler version
configure:3432: /home/retsu/android-ndk/toolchains/arm-linux-androideabi-4.6/prebuilt/linux-x86/bin/arm-linux-androideabi-gcc --sysroot=/home/retsu/android-ndk/platforms/android-9/arch-arm/ --version >&5
arm-linux-androideabi-gcc (GCC) 4.6 20120106 (prerelease)
Copyright (C) 2011 Free Software Foundation, Inc.
This is free software; see the source for copying conditions.  There is NO
warranty; not even for MERCHANTABILITY or FITNESS FOR A PARTICULAR PURPOSE.

configure:3443: $? = 0
configure:3432: /home/retsu/android-ndk/toolchains/arm-linux-androideabi-4.6/prebuilt/linux-x86/bin/arm-linux-androideabi-gcc --sysroot=/home/retsu/android-ndk/platforms/android-9/arch-arm/ -v >&5
Using built-in specs.
COLLECT_GCC=/home/retsu/android-ndk/toolchains/arm-linux-androideabi-4.6/prebuilt/linux-x86/bin/arm-linux-androideabi-gcc
COLLECT_LTO_WRAPPER=/home/retsu/android-ndk/toolchains/arm-linux-androideabi-4.6/prebuilt/linux-x86/bin/../libexec/gcc/arm-linux-androideabi/4.6/lto-wrapper
Target: arm-linux-androideabi
Configured with: /usr/local/google/home/andrewhsieh/ndk-andrewhsieh/src/build/../gcc/gcc-4.6/configure --prefix=/tmp/ndk-andrewhsieh/build/toolchain/prefix --target=arm-linux-androideabi --host=x86_64-linux-gnu --build=x86_64-linux-gnu --with-gnu-as --with-gnu-ld --enable-languages=c,c++ --with-gmp=/tmp/ndk-andrewhsieh/build/toolchain/temp-install --with-mpfr=/tmp/ndk-andrewhsieh/build/toolchain/temp-install --with-mpc=/tmp/ndk-andrewhsieh/build/toolchain/temp-install --without-ppl --without-cloog --disable-libssp --enable-threads --disable-nls --disable-libmudflap --disable-libgomp --disable-libstdc__-v3 --disable-sjlj-exceptions --disable-shared --disable-tls --disable-libitm --with-float=soft --with-fpu=vfp --with-arch=armv5te --enable-target-optspace --enable-initfini-array --disable-nls --prefix=/tmp/ndk-andrewhsieh/build/toolchain/prefix --with-sysroot=/tmp/ndk-andrewhsieh/build/toolchain/prefix/sysroot --with-binutils-version=2.21 --with-mpfr-version=2.4.1 --with-mpc-version=0.8.1 --with-gmp-version=5.0.5 --with-gcc-version=4.6 --with-gdb-version=7.3.x --with-gxx-include-dir=/tmp/ndk-andrewhsieh/build/toolchain/prefix/include/c++/4.6 --disable-bootstrap --disable-libquadmath --disable-plugin --enable-gold --with-arch=armv5te --program-transform-name='s&^&arm-linux-androideabi-&' --enable-gold=default
Thread model: posix
gcc version 4.6 20120106 (prerelease) (GCC) 
configure:3443: $? = 0
configure:3432: /home/retsu/android-ndk/toolchains/arm-linux-androideabi-4.6/prebuilt/linux-x86/bin/arm-linux-androideabi-gcc --sysroot=/home/retsu/android-ndk/platforms/android-9/arch-arm/ -V >&5
arm-linux-androideabi-gcc: error: unrecognized option '-V'
arm-linux-androideabi-gcc: fatal error: no input files
compilation terminated.
configure:3443: $? = 1
configure:3432: /home/retsu/android-ndk/toolchains/arm-linux-androideabi-4.6/prebuilt/linux-x86/bin/arm-linux-androideabi-gcc --sysroot=/home/retsu/android-ndk/platforms/android-9/arch-arm/ -qversion >&5
arm-linux-androideabi-gcc: error: unrecognized option '-qversion'
arm-linux-androideabi-gcc: fatal error: no input files
compilation terminated.
configure:3443: $? = 1
configure:3463: checking whether the C compiler works
configure:3485: /home/retsu/android-ndk/toolchains/arm-linux-androideabi-4.6/prebuilt/linux-x86/bin/arm-linux-androideabi-gcc --sysroot=/home/retsu/android-ndk/platforms/android-9/arch-arm/ -mfloat-abi=softfp -mfpu=neon -marm -march=armv7-a -mtune=cortex-a8 -mthumb -D__thumb__  -mfloat-abi=softfp -mfpu=neon -marm -march=armv7-a -mtune=cortex-a8 -mthumb -D__thumb__  -Wl,-rpath-link=/home/retsu/android-ndk/platforms/android-9/arch-arm//usr/lib -L/home/retsu/android-ndk/platforms/android-9/arch-arm//usr/lib -nostdlib -lc -lm -ldl -llog conftest.c  >&5
configure:3489: $? = 0
configure:3537: result: yes
configure:3540: checking for C compiler default output file name
configure:3542: result: a.out
configure:3548: checking for suffix of executables
configure:3555: /home/retsu/android-ndk/toolchains/arm-linux-androideabi-4.6/prebuilt/linux-x86/bin/arm-linux-androideabi-gcc --sysroot=/home/retsu/android-ndk/platforms/android-9/arch-arm/ -o conftest -mfloat-abi=softfp -mfpu=neon -marm -march=armv7-a -mtune=cortex-a8 -mthumb -D__thumb__  -mfloat-abi=softfp -mfpu=neon -marm -march=armv7-a -mtune=cortex-a8 -mthumb -D__thumb__  -Wl,-rpath-link=/home/retsu/android-ndk/platforms/android-9/arch-arm//usr/lib -L/home/retsu/android-ndk/platforms/android-9/arch-arm//usr/lib -nostdlib -lc -lm -ldl -llog conftest.c  >&5
configure:3559: $? = 0
configure:3581: result: 
configure:3603: checking whether we are cross compiling
configure:3611: /home/retsu/android-ndk/toolchains/arm-linux-androideabi-4.6/prebuilt/linux-x86/bin/arm-linux-androideabi-gcc --sysroot=/home/retsu/android-ndk/platforms/android-9/arch-arm/ -o conftest -mfloat-abi=softfp -mfpu=neon -marm -march=armv7-a -mtune=cortex-a8 -mthumb -D__thumb__  -mfloat-abi=softfp -mfpu=neon -marm -march=armv7-a -mtune=cortex-a8 -mthumb -D__thumb__  -Wl,-rpath-link=/home/retsu/android-ndk/platforms/android-9/arch-arm//usr/lib -L/home/retsu/android-ndk/platforms/android-9/arch-arm//usr/lib -nostdlib -lc -lm -ldl -llog conftest.c  >&5
configure:3615: $? = 0
configure:3622: ./conftest
./configure: line 3624: ./conftest: cannot execute binary file
configure:3626: $? = 126
configure:3641: result: yes
configure:3646: checking for suffix of object files
configure:3668: /home/retsu/android-ndk/toolchains/arm-linux-androideabi-4.6/prebuilt/linux-x86/bin/arm-linux-androideabi-gcc --sysroot=/home/retsu/android-ndk/platforms/android-9/arch-arm/ -c -mfloat-abi=softfp -mfpu=neon -marm -march=armv7-a -mtune=cortex-a8 -mthumb -D__thumb__  -mfloat-abi=softfp -mfpu=neon -marm -march=armv7-a -mtune=cortex-a8 -mthumb -D__thumb__  conftest.c >&5
configure:3672: $? = 0
configure:3693: result: o
configure:3697: checking whether we are using the GNU C compiler
configure:3716: /home/retsu/android-ndk/toolchains/arm-linux-androideabi-4.6/prebuilt/linux-x86/bin/arm-linux-androideabi-gcc --sysroot=/home/retsu/android-ndk/platforms/android-9/arch-arm/ -c -mfloat-abi=softfp -mfpu=neon -marm -march=armv7-a -mtune=cortex-a8 -mthumb -D__thumb__  -mfloat-abi=softfp -mfpu=neon -marm -march=armv7-a -mtune=cortex-a8 -mthumb -D__thumb__  conftest.c >&5
configure:3716: $? = 0
configure:3725: result: yes
configure:3734: checking whether /home/retsu/android-ndk/toolchains/arm-linux-androideabi-4.6/prebuilt/linux-x86/bin/arm-linux-androideabi-gcc --sysroot=/home/retsu/android-ndk/platforms/android-9/arch-arm/ accepts -g
configure:3754: /home/retsu/android-ndk/toolchains/arm-linux-androideabi-4.6/prebuilt/linux-x86/bin/arm-linux-androideabi-gcc --sysroot=/home/retsu/android-ndk/platforms/android-9/arch-arm/ -c -g -mfloat-abi=softfp -mfpu=neon -marm -march=armv7-a -mtune=cortex-a8 -mthumb -D__thumb__  conftest.c >&5
configure:3754: $? = 0
configure:3795: result: yes
configure:3812: checking for /home/retsu/android-ndk/toolchains/arm-linux-androideabi-4.6/prebuilt/linux-x86/bin/arm-linux-androideabi-gcc --sysroot=/home/retsu/android-ndk/platforms/android-9/arch-arm/ option to accept ISO C89
configure:3875: /home/retsu/android-ndk/toolchains/arm-linux-androideabi-4.6/prebuilt/linux-x86/bin/arm-linux-androideabi-gcc --sysroot=/home/retsu/android-ndk/platforms/android-9/arch-arm/  -c -mfloat-abi=softfp -mfpu=neon -marm -march=armv7-a -mtune=cortex-a8 -mthumb -D__thumb__  -mfloat-abi=softfp -mfpu=neon -marm -march=armv7-a -mtune=cortex-a8 -mthumb -D__thumb__  conftest.c >&5
configure:3875: $? = 0
configure:3888: result: none needed
configure:3913: checking whether /home/retsu/android-ndk/toolchains/arm-linux-androideabi-4.6/prebuilt/linux-x86/bin/arm-linux-androideabi-gcc --sysroot=/home/retsu/android-ndk/platforms/android-9/arch-arm/ understands -c and -o together
configure:3935: /home/retsu/android-ndk/toolchains/arm-linux-androideabi-4.6/prebuilt/linux-x86/bin/arm-linux-androideabi-gcc --sysroot=/home/retsu/android-ndk/platforms/android-9/arch-arm/ -c conftest.c -o conftest2.o
configure:3938: $? = 0
configure:3935: /home/retsu/android-ndk/toolchains/arm-linux-androideabi-4.6/prebuilt/linux-x86/bin/arm-linux-androideabi-gcc --sysroot=/home/retsu/android-ndk/platforms/android-9/arch-arm/ -c conftest.c -o conftest2.o
configure:3938: $? = 0
configure:3950: result: yes
configure:3969: checking dependency style of /home/retsu/android-ndk/toolchains/arm-linux-androideabi-4.6/prebuilt/linux-x86/bin/arm-linux-androideabi-gcc --sysroot=/home/retsu/android-ndk/platforms/android-9/arch-arm/
configure:4080: result: none
configure:4104: checking dependency style of /home/retsu/android-ndk/toolchains/arm-linux-androideabi-4.6/prebuilt/linux-x86/bin/arm-linux-androideabi-gcc --sysroot=/home/retsu/android-ndk/platforms/android-9/arch-arm/
configure:4213: result: none
configure:4228: checking for /home/retsu/android-ndk/toolchains/arm-linux-androideabi-4.6/prebuilt/linux-x86/bin/arm-linux-androideabi-gcc --sysroot=/home/retsu/android-ndk/platforms/android-9/arch-arm/ option to accept ISO C99
configure:4377: /home/retsu/android-ndk/toolchains/arm-linux-androideabi-4.6/prebuilt/linux-x86/bin/arm-linux-androideabi-gcc --sysroot=/home/retsu/android-ndk/platforms/android-9/arch-arm/  -c -mfloat-abi=softfp -mfpu=neon -marm -march=armv7-a -mtune=cortex-a8 -mthumb -D__thumb__  -mfloat-abi=softfp -mfpu=neon -marm -march=armv7-a -mtune=cortex-a8 -mthumb -D__thumb__  conftest.c >&5
conftest.c:61:29: error: expected ';', ',' or ')' before 'text'
conftest.c: In function 'main':
conftest.c:115:18: error: expected '=', ',', ';', 'asm' or '__attribute__' before 'newvar'
conftest.c:115:18: error: 'newvar' undeclared (first use in this function)
conftest.c:115:18: note: each undeclared identifier is reported only once for each function it appears in
conftest.c:125:3: error: 'for' loop initial declarations are only allowed in C99 mode
conftest.c:125:3: note: use option -std=c99 or -std=gnu99 to compile your code
configure:4377: $? = 1
configure: failed program was:
| /* confdefs.h */
| #define PACKAGE_NAME "vo-aacenc"
| #define PACKAGE_TARNAME "vo-aacenc"
| #define PACKAGE_VERSION "0.1.2"
| #define PACKAGE_STRING "vo-aacenc 0.1.2"
| #define PACKAGE_BUGREPORT "http://sourceforge.net/projects/opencore-amr/"
| #define PACKAGE_URL ""
| #define PACKAGE "vo-aacenc"
| #define VERSION "0.1.2"
| /* end confdefs.h.  */
| #include <stdarg.h>
| #include <stdbool.h>
| #include <stdlib.h>
| #include <wchar.h>
| #include <stdio.h>
| 
| // Check varargs macros.  These examples are taken from C99 6.10.3.5.
| #define debug(...) fprintf (stderr, __VA_ARGS__)
| #define showlist(...) puts (#__VA_ARGS__)
| #define report(test,...) ((test) ? puts (#test) : printf (__VA_ARGS__))
| static void
| test_varargs_macros (void)
| {
|   int x = 1234;
|   int y = 5678;
|   debug ("Flag");
|   debug ("X = %d\n", x);
|   showlist (The first, second, and third items.);
|   report (x>y, "x is %d but y is %d", x, y);
| }
| 
| // Check long long types.
| #define BIG64 18446744073709551615ull
| #define BIG32 4294967295ul
| #define BIG_OK (BIG64 / BIG32 == 4294967297ull && BIG64 % BIG32 == 0)
| #if !BIG_OK
|   your preprocessor is broken;
| #endif
| #if BIG_OK
| #else
|   your preprocessor is broken;
| #endif
| static long long int bignum = -9223372036854775807LL;
| static unsigned long long int ubignum = BIG64;
| 
| struct incomplete_array
| {
|   int datasize;
|   double data[];
| };
| 
| struct named_init {
|   int number;
|   const wchar_t *name;
|   double average;
| };
| 
| typedef const char *ccp;
| 
| static inline int
| test_restrict (ccp restrict text)
| {
|   // See if C++-style comments work.
|   // Iterate through items via the restricted pointer.
|   // Also check for declarations in for loops.
|   for (unsigned int i = 0; *(text+i) != '\0'; ++i)
|     continue;
|   return 0;
| }
| 
| // Check varargs and va_copy.
| static void
| test_varargs (const char *format, ...)
| {
|   va_list args;
|   va_start (args, format);
|   va_list args_copy;
|   va_copy (args_copy, args);
| 
|   const char *str;
|   int number;
|   float fnumber;
| 
|   while (*format)
|     {
|       switch (*format++)
| 	{
| 	case 's': // string
| 	  str = va_arg (args_copy, const char *);
| 	  break;
| 	case 'd': // int
| 	  number = va_arg (args_copy, int);
| 	  break;
| 	case 'f': // float
| 	  fnumber = va_arg (args_copy, double);
| 	  break;
| 	default:
| 	  break;
| 	}
|     }
|   va_end (args_copy);
|   va_end (args);
| }
| 
| int
| main ()
| {
| 
|   // Check bool.
|   _Bool success = false;
| 
|   // Check restrict.
|   if (test_restrict ("String literal") == 0)
|     success = true;
|   char *restrict newvar = "Another string";
| 
|   // Check varargs.
|   test_varargs ("s, d' f .", "string", 65, 34.234);
|   test_varargs_macros ();
| 
|   // Check flexible array members.
|   struct incomplete_array *ia =
|     malloc (sizeof (struct incomplete_array) + (sizeof (double) * 10));
|   ia->datasize = 10;
|   for (int i = 0; i < ia->datasize; ++i)
|     ia->data[i] = i * 1.234;
| 
|   // Check named initializers.
|   struct named_init ni = {
|     .number = 34,
|     .name = L"Test wide string",
|     .average = 543.34343,
|   };
| 
|   ni.number = 58;
| 
|   int dynamic_array[ni.number];
|   dynamic_array[ni.number - 1] = 543;
| 
|   // work around unused variable warnings
|   return (!success || bignum == 0LL || ubignum == 0uLL || newvar[0] == 'x'
| 	  || dynamic_array[ni.number - 1] != 543);
| 
|   ;
|   return 0;
| }
configure:4377: /home/retsu/android-ndk/toolchains/arm-linux-androideabi-4.6/prebuilt/linux-x86/bin/arm-linux-androideabi-gcc --sysroot=/home/retsu/android-ndk/platforms/android-9/arch-arm/ -std=gnu99 -c -mfloat-abi=softfp -mfpu=neon -marm -march=armv7-a -mtune=cortex-a8 -mthumb -D__thumb__  -mfloat-abi=softfp -mfpu=neon -marm -march=armv7-a -mtune=cortex-a8 -mthumb -D__thumb__  conftest.c >&5
configure:4377: $? = 0
configure:4397: result: -std=gnu99
configure:4453: checking how to print strings
configure:4480: result: printf
configure:4501: checking for a sed that does not truncate output
configure:4565: result: /bin/sed
configure:4583: checking for grep that handles long lines and -e
configure:4641: result: /bin/grep
configure:4646: checking for egrep
configure:4708: result: /bin/grep -E
configure:4713: checking for fgrep
configure:4775: result: /bin/grep -F
configure:4810: checking for ld used by /home/retsu/android-ndk/toolchains/arm-linux-androideabi-4.6/prebuilt/linux-x86/bin/arm-linux-androideabi-gcc --sysroot=/home/retsu/android-ndk/platforms/android-9/arch-arm/ -std=gnu99
configure:4877: result: /home/retsu/android-ndk/toolchains/arm-linux-androideabi-4.6/prebuilt/linux-x86/arm-linux-androideabi/bin/ld
configure:4884: checking if the linker (/home/retsu/android-ndk/toolchains/arm-linux-androideabi-4.6/prebuilt/linux-x86/arm-linux-androideabi/bin/ld) is GNU ld
configure:4899: result: yes
configure:4911: checking for BSD- or MS-compatible name lister (nm)
configure:4960: result: /home/retsu/android-ndk/toolchains/arm-linux-androideabi-4.6/prebuilt/linux-x86/bin/arm-linux-androideabi-nm
configure:5090: checking the name lister (/home/retsu/android-ndk/toolchains/arm-linux-androideabi-4.6/prebuilt/linux-x86/bin/arm-linux-androideabi-nm) interface
configure:5097: /home/retsu/android-ndk/toolchains/arm-linux-androideabi-4.6/prebuilt/linux-x86/bin/arm-linux-androideabi-gcc --sysroot=/home/retsu/android-ndk/platforms/android-9/arch-arm/ -std=gnu99 -c -mfloat-abi=softfp -mfpu=neon -marm -march=armv7-a -mtune=cortex-a8 -mthumb -D__thumb__  -mfloat-abi=softfp -mfpu=neon -marm -march=armv7-a -mtune=cortex-a8 -mthumb -D__thumb__  conftest.c >&5
configure:5100: /home/retsu/android-ndk/toolchains/arm-linux-androideabi-4.6/prebuilt/linux-x86/bin/arm-linux-androideabi-nm "conftest.o"
configure:5103: output
00000000 B some_variable
configure:5110: result: BSD nm
configure:5113: checking whether ln -s works
configure:5117: result: yes
configure:5125: checking the maximum length of command line arguments
configure:5255: result: 1572864
configure:5272: checking whether the shell understands some XSI constructs
configure:5282: result: yes
configure:5286: checking whether the shell understands "+="
configure:5292: result: yes
configure:5327: checking how to convert x86_64-unknown-linux-gnu file names to arm-unknown-linux-gnu format
configure:5367: result: func_convert_file_noop
configure:5374: checking how to convert x86_64-unknown-linux-gnu file names to toolchain format
configure:5394: result: func_convert_file_noop
configure:5401: checking for /home/retsu/android-ndk/toolchains/arm-linux-androideabi-4.6/prebuilt/linux-x86/arm-linux-androideabi/bin/ld option to reload object files
configure:5408: result: -r
configure:5442: checking for arm-linux-objdump
configure:5472: result: no
configure:5482: checking for objdump
configure:5498: found /usr/bin/objdump
configure:5509: result: objdump
configure:5521: WARNING: using cross tools not prefixed with host triplet
configure:5541: checking how to recognize dependent libraries
configure:5743: result: pass_all
configure:5788: checking for arm-linux-dlltool
configure:5818: result: no
configure:5828: checking for dlltool
configure:5858: result: no
configure:5888: checking how to associate runtime and link libraries
configure:5915: result: printf %s\n
configure:5932: checking for arm-linux-ar
configure:5959: result: /home/retsu/android-ndk/toolchains/arm-linux-androideabi-4.6/prebuilt/linux-x86/bin/arm-linux-androideabi-ar
configure:6040: checking for archiver @FILE support
configure:6057: /home/retsu/android-ndk/toolchains/arm-linux-androideabi-4.6/prebuilt/linux-x86/bin/arm-linux-androideabi-gcc --sysroot=/home/retsu/android-ndk/platforms/android-9/arch-arm/ -std=gnu99 -c -mfloat-abi=softfp -mfpu=neon -marm -march=armv7-a -mtune=cortex-a8 -mthumb -D__thumb__  -mfloat-abi=softfp -mfpu=neon -marm -march=armv7-a -mtune=cortex-a8 -mthumb -D__thumb__  conftest.c >&5
configure:6057: $? = 0
configure:6060: /home/retsu/android-ndk/toolchains/arm-linux-androideabi-4.6/prebuilt/linux-x86/bin/arm-linux-androideabi-ar cru libconftest.a @conftest.lst >&5
configure:6063: $? = 0
configure:6068: /home/retsu/android-ndk/toolchains/arm-linux-androideabi-4.6/prebuilt/linux-x86/bin/arm-linux-androideabi-ar cru libconftest.a @conftest.lst >&5
/home/retsu/android-ndk/toolchains/arm-linux-androideabi-4.6/prebuilt/linux-x86/bin/arm-linux-androideabi-ar: conftest.o: No such file or directory
configure:6071: $? = 1
configure:6083: result: @
configure:6101: checking for arm-linux-strip
configure:6128: result: /home/retsu/android-ndk/toolchains/arm-linux-androideabi-4.6/prebuilt/linux-x86/bin/arm-linux-androideabi-strip
configure:6200: checking for arm-linux-ranlib
configure:6227: result: /home/retsu/android-ndk/toolchains/arm-linux-androideabi-4.6/prebuilt/linux-x86/bin/arm-linux-androideabi-ranlib
configure:6369: checking command to parse /home/retsu/android-ndk/toolchains/arm-linux-androideabi-4.6/prebuilt/linux-x86/bin/arm-linux-androideabi-nm output from /home/retsu/android-ndk/toolchains/arm-linux-androideabi-4.6/prebuilt/linux-x86/bin/arm-linux-androideabi-gcc --sysroot=/home/retsu/android-ndk/platforms/android-9/arch-arm/ -std=gnu99 object
configure:6489: /home/retsu/android-ndk/toolchains/arm-linux-androideabi-4.6/prebuilt/linux-x86/bin/arm-linux-androideabi-gcc --sysroot=/home/retsu/android-ndk/platforms/android-9/arch-arm/ -std=gnu99 -c -mfloat-abi=softfp -mfpu=neon -marm -march=armv7-a -mtune=cortex-a8 -mthumb -D__thumb__  -mfloat-abi=softfp -mfpu=neon -marm -march=armv7-a -mtune=cortex-a8 -mthumb -D__thumb__  conftest.c >&5
configure:6492: $? = 0
configure:6496: /home/retsu/android-ndk/toolchains/arm-linux-androideabi-4.6/prebuilt/linux-x86/bin/arm-linux-androideabi-nm conftest.o \| sed -n -e 's/^.*[ ]\([ABCDGIRSTW][ABCDGIRSTW]*\)[ ][ ]*\([_A-Za-z][_A-Za-z0-9]*\)$/\1 \2 \2/p' | sed '/ __gnu_lto/d' \> conftest.nm
configure:6499: $? = 0
configure:6565: /home/retsu/android-ndk/toolchains/arm-linux-androideabi-4.6/prebuilt/linux-x86/bin/arm-linux-androideabi-gcc --sysroot=/home/retsu/android-ndk/platforms/android-9/arch-arm/ -std=gnu99 -o conftest -mfloat-abi=softfp -mfpu=neon -marm -march=armv7-a -mtune=cortex-a8 -mthumb -D__thumb__  -mfloat-abi=softfp -mfpu=neon -marm -march=armv7-a -mtune=cortex-a8 -mthumb -D__thumb__  -Wl,-rpath-link=/home/retsu/android-ndk/platforms/android-9/arch-arm//usr/lib -L/home/retsu/android-ndk/platforms/android-9/arch-arm//usr/lib -nostdlib -lc -lm -ldl -llog conftest.c conftstm.o >&5
configure:6568: $? = 0
configure:6606: result: ok
configure:6643: checking for sysroot
configure:6673: result: no
configure:6889: checking for arm-linux-mt
configure:6919: result: no
configure:6929: checking for mt
configure:6945: found /bin/mt
configure:6956: result: mt
configure:6979: checking if mt is a manifest tool
configure:6985: mt '-?'
configure:6993: result: no
configure:7635: checking how to run the C preprocessor
configure:7666: /home/retsu/android-ndk/toolchains/arm-linux-androideabi-4.6/prebuilt/linux-x86/bin/arm-linux-androideabi-gcc --sysroot=/home/retsu/android-ndk/platforms/android-9/arch-arm/ -std=gnu99 -E -mfloat-abi=softfp -mfpu=neon -marm -march=armv7-a -mtune=cortex-a8 -mthumb -D__thumb__  conftest.c
configure:7666: $? = 0
configure:7680: /home/retsu/android-ndk/toolchains/arm-linux-androideabi-4.6/prebuilt/linux-x86/bin/arm-linux-androideabi-gcc --sysroot=/home/retsu/android-ndk/platforms/android-9/arch-arm/ -std=gnu99 -E -mfloat-abi=softfp -mfpu=neon -marm -march=armv7-a -mtune=cortex-a8 -mthumb -D__thumb__  conftest.c
conftest.c:11:28: fatal error: ac_nonexistent.h: No such file or directory
compilation terminated.
configure:7680: $? = 1
configure: failed program was:
| /* confdefs.h */
| #define PACKAGE_NAME "vo-aacenc"
| #define PACKAGE_TARNAME "vo-aacenc"
| #define PACKAGE_VERSION "0.1.2"
| #define PACKAGE_STRING "vo-aacenc 0.1.2"
| #define PACKAGE_BUGREPORT "http://sourceforge.net/projects/opencore-amr/"
| #define PACKAGE_URL ""
| #define PACKAGE "vo-aacenc"
| #define VERSION "0.1.2"
| /* end confdefs.h.  */
| #include <ac_nonexistent.h>
configure:7705: result: /home/retsu/android-ndk/toolchains/arm-linux-androideabi-4.6/prebuilt/linux-x86/bin/arm-linux-androideabi-gcc --sysroot=/home/retsu/android-ndk/platforms/android-9/arch-arm/ -std=gnu99 -E
configure:7725: /home/retsu/android-ndk/toolchains/arm-linux-androideabi-4.6/prebuilt/linux-x86/bin/arm-linux-androideabi-gcc --sysroot=/home/retsu/android-ndk/platforms/android-9/arch-arm/ -std=gnu99 -E -mfloat-abi=softfp -mfpu=neon -marm -march=armv7-a -mtune=cortex-a8 -mthumb -D__thumb__  conftest.c
configure:7725: $? = 0
configure:7739: /home/retsu/android-ndk/toolchains/arm-linux-androideabi-4.6/prebuilt/linux-x86/bin/arm-linux-androideabi-gcc --sysroot=/home/retsu/android-ndk/platforms/android-9/arch-arm/ -std=gnu99 -E -mfloat-abi=softfp -mfpu=neon -marm -march=armv7-a -mtune=cortex-a8 -mthumb -D__thumb__  conftest.c
conftest.c:11:28: fatal error: ac_nonexistent.h: No such file or directory
compilation terminated.
configure:7739: $? = 1
configure: failed program was:
| /* confdefs.h */
| #define PACKAGE_NAME "vo-aacenc"
| #define PACKAGE_TARNAME "vo-aacenc"
| #define PACKAGE_VERSION "0.1.2"
| #define PACKAGE_STRING "vo-aacenc 0.1.2"
| #define PACKAGE_BUGREPORT "http://sourceforge.net/projects/opencore-amr/"
| #define PACKAGE_URL ""
| #define PACKAGE "vo-aacenc"
| #define VERSION "0.1.2"
| /* end confdefs.h.  */
| #include <ac_nonexistent.h>
configure:7768: checking for ANSI C header files
configure:7788: /home/retsu/android-ndk/toolchains/arm-linux-androideabi-4.6/prebuilt/linux-x86/bin/arm-linux-androideabi-gcc --sysroot=/home/retsu/android-ndk/platforms/android-9/arch-arm/ -std=gnu99 -c -mfloat-abi=softfp -mfpu=neon -marm -march=armv7-a -mtune=cortex-a8 -mthumb -D__thumb__  -mfloat-abi=softfp -mfpu=neon -marm -march=armv7-a -mtune=cortex-a8 -mthumb -D__thumb__  conftest.c >&5
configure:7788: $? = 0
configure:7872: result: yes
configure:7885: checking for sys/types.h
configure:7885: /home/retsu/android-ndk/toolchains/arm-linux-androideabi-4.6/prebuilt/linux-x86/bin/arm-linux-androideabi-gcc --sysroot=/home/retsu/android-ndk/platforms/android-9/arch-arm/ -std=gnu99 -c -mfloat-abi=softfp -mfpu=neon -marm -march=armv7-a -mtune=cortex-a8 -mthumb -D__thumb__  -mfloat-abi=softfp -mfpu=neon -marm -march=armv7-a -mtune=cortex-a8 -mthumb -D__thumb__  conftest.c >&5
configure:7885: $? = 0
configure:7885: result: yes
configure:7885: checking for sys/stat.h
configure:7885: /home/retsu/android-ndk/toolchains/arm-linux-androideabi-4.6/prebuilt/linux-x86/bin/arm-linux-androideabi-gcc --sysroot=/home/retsu/android-ndk/platforms/android-9/arch-arm/ -std=gnu99 -c -mfloat-abi=softfp -mfpu=neon -marm -march=armv7-a -mtune=cortex-a8 -mthumb -D__thumb__  -mfloat-abi=softfp -mfpu=neon -marm -march=armv7-a -mtune=cortex-a8 -mthumb -D__thumb__  conftest.c >&5
configure:7885: $? = 0
configure:7885: result: yes
configure:7885: checking for stdlib.h
configure:7885: /home/retsu/android-ndk/toolchains/arm-linux-androideabi-4.6/prebuilt/linux-x86/bin/arm-linux-androideabi-gcc --sysroot=/home/retsu/android-ndk/platforms/android-9/arch-arm/ -std=gnu99 -c -mfloat-abi=softfp -mfpu=neon -marm -march=armv7-a -mtune=cortex-a8 -mthumb -D__thumb__  -mfloat-abi=softfp -mfpu=neon -marm -march=armv7-a -mtune=cortex-a8 -mthumb -D__thumb__  conftest.c >&5
configure:7885: $? = 0
configure:7885: result: yes
configure:7885: checking for string.h
configure:7885: /home/retsu/android-ndk/toolchains/arm-linux-androideabi-4.6/prebuilt/linux-x86/bin/arm-linux-androideabi-gcc --sysroot=/home/retsu/android-ndk/platforms/android-9/arch-arm/ -std=gnu99 -c -mfloat-abi=softfp -mfpu=neon -marm -march=armv7-a -mtune=cortex-a8 -mthumb -D__thumb__  -mfloat-abi=softfp -mfpu=neon -marm -march=armv7-a -mtune=cortex-a8 -mthumb -D__thumb__  conftest.c >&5
configure:7885: $? = 0
configure:7885: result: yes
configure:7885: checking for memory.h
configure:7885: /home/retsu/android-ndk/toolchains/arm-linux-androideabi-4.6/prebuilt/linux-x86/bin/arm-linux-androideabi-gcc --sysroot=/home/retsu/android-ndk/platforms/android-9/arch-arm/ -std=gnu99 -c -mfloat-abi=softfp -mfpu=neon -marm -march=armv7-a -mtune=cortex-a8 -mthumb -D__thumb__  -mfloat-abi=softfp -mfpu=neon -marm -march=armv7-a -mtune=cortex-a8 -mthumb -D__thumb__  conftest.c >&5
configure:7885: $? = 0
configure:7885: result: yes
configure:7885: checking for strings.h
configure:7885: /home/retsu/android-ndk/toolchains/arm-linux-androideabi-4.6/prebuilt/linux-x86/bin/arm-linux-androideabi-gcc --sysroot=/home/retsu/android-ndk/platforms/android-9/arch-arm/ -std=gnu99 -c -mfloat-abi=softfp -mfpu=neon -marm -march=armv7-a -mtune=cortex-a8 -mthumb -D__thumb__  -mfloat-abi=softfp -mfpu=neon -marm -march=armv7-a -mtune=cortex-a8 -mthumb -D__thumb__  conftest.c >&5
configure:7885: $? = 0
configure:7885: result: yes
configure:7885: checking for inttypes.h
configure:7885: /home/retsu/android-ndk/toolchains/arm-linux-androideabi-4.6/prebuilt/linux-x86/bin/arm-linux-androideabi-gcc --sysroot=/home/retsu/android-ndk/platforms/android-9/arch-arm/ -std=gnu99 -c -mfloat-abi=softfp -mfpu=neon -marm -march=armv7-a -mtune=cortex-a8 -mthumb -D__thumb__  -mfloat-abi=softfp -mfpu=neon -marm -march=armv7-a -mtune=cortex-a8 -mthumb -D__thumb__  conftest.c >&5
configure:7885: $? = 0
configure:7885: result: yes
configure:7885: checking for stdint.h
configure:7885: /home/retsu/android-ndk/toolchains/arm-linux-androideabi-4.6/prebuilt/linux-x86/bin/arm-linux-androideabi-gcc --sysroot=/home/retsu/android-ndk/platforms/android-9/arch-arm/ -std=gnu99 -c -mfloat-abi=softfp -mfpu=neon -marm -march=armv7-a -mtune=cortex-a8 -mthumb -D__thumb__  -mfloat-abi=softfp -mfpu=neon -marm -march=armv7-a -mtune=cortex-a8 -mthumb -D__thumb__  conftest.c >&5
configure:7885: $? = 0
configure:7885: result: yes
configure:7885: checking for unistd.h
configure:7885: /home/retsu/android-ndk/toolchains/arm-linux-androideabi-4.6/prebuilt/linux-x86/bin/arm-linux-androideabi-gcc --sysroot=/home/retsu/android-ndk/platforms/android-9/arch-arm/ -std=gnu99 -c -mfloat-abi=softfp -mfpu=neon -marm -march=armv7-a -mtune=cortex-a8 -mthumb -D__thumb__  -mfloat-abi=softfp -mfpu=neon -marm -march=armv7-a -mtune=cortex-a8 -mthumb -D__thumb__  conftest.c >&5
configure:7885: $? = 0
configure:7885: result: yes
configure:7899: checking for dlfcn.h
configure:7899: /home/retsu/android-ndk/toolchains/arm-linux-androideabi-4.6/prebuilt/linux-x86/bin/arm-linux-androideabi-gcc --sysroot=/home/retsu/android-ndk/platforms/android-9/arch-arm/ -std=gnu99 -c -mfloat-abi=softfp -mfpu=neon -marm -march=armv7-a -mtune=cortex-a8 -mthumb -D__thumb__  -mfloat-abi=softfp -mfpu=neon -marm -march=armv7-a -mtune=cortex-a8 -mthumb -D__thumb__  conftest.c >&5
configure:7899: $? = 0
configure:7899: result: yes
configure:8105: checking for objdir
configure:8120: result: .libs
configure:8391: checking if /home/retsu/android-ndk/toolchains/arm-linux-androideabi-4.6/prebuilt/linux-x86/bin/arm-linux-androideabi-gcc --sysroot=/home/retsu/android-ndk/platforms/android-9/arch-arm/ -std=gnu99 supports -fno-rtti -fno-exceptions
configure:8409: /home/retsu/android-ndk/toolchains/arm-linux-androideabi-4.6/prebuilt/linux-x86/bin/arm-linux-androideabi-gcc --sysroot=/home/retsu/android-ndk/platforms/android-9/arch-arm/ -std=gnu99 -c -mfloat-abi=softfp -mfpu=neon -marm -march=armv7-a -mtune=cortex-a8 -mthumb -D__thumb__  -mfloat-abi=softfp -mfpu=neon -marm -march=armv7-a -mtune=cortex-a8 -mthumb -D__thumb__  -fno-rtti -fno-exceptions conftest.c >&5
cc1: warning: command line option '-fno-rtti' is valid for C++/ObjC++ but not for C [enabled by default]
configure:8413: $? = 0
configure:8426: result: no
configure:8753: checking for /home/retsu/android-ndk/toolchains/arm-linux-androideabi-4.6/prebuilt/linux-x86/bin/arm-linux-androideabi-gcc --sysroot=/home/retsu/android-ndk/platforms/android-9/arch-arm/ -std=gnu99 option to produce PIC
configure:8760: result: -fPIC -DPIC
configure:8768: checking if /home/retsu/android-ndk/toolchains/arm-linux-androideabi-4.6/prebuilt/linux-x86/bin/arm-linux-androideabi-gcc --sysroot=/home/retsu/android-ndk/platforms/android-9/arch-arm/ -std=gnu99 PIC flag -fPIC -DPIC works
configure:8786: /home/retsu/android-ndk/toolchains/arm-linux-androideabi-4.6/prebuilt/linux-x86/bin/arm-linux-androideabi-gcc --sysroot=/home/retsu/android-ndk/platforms/android-9/arch-arm/ -std=gnu99 -c -mfloat-abi=softfp -mfpu=neon -marm -march=armv7-a -mtune=cortex-a8 -mthumb -D__thumb__  -mfloat-abi=softfp -mfpu=neon -marm -march=armv7-a -mtune=cortex-a8 -mthumb -D__thumb__  -fPIC -DPIC -DPIC conftest.c >&5
configure:8790: $? = 0
configure:8803: result: yes
configure:8832: checking if /home/retsu/android-ndk/toolchains/arm-linux-androideabi-4.6/prebuilt/linux-x86/bin/arm-linux-androideabi-gcc --sysroot=/home/retsu/android-ndk/platforms/android-9/arch-arm/ -std=gnu99 static flag -static works
configure:8860: result: no
configure:8875: checking if /home/retsu/android-ndk/toolchains/arm-linux-androideabi-4.6/prebuilt/linux-x86/bin/arm-linux-androideabi-gcc --sysroot=/home/retsu/android-ndk/platforms/android-9/arch-arm/ -std=gnu99 supports -c -o file.o
configure:8896: /home/retsu/android-ndk/toolchains/arm-linux-androideabi-4.6/prebuilt/linux-x86/bin/arm-linux-androideabi-gcc --sysroot=/home/retsu/android-ndk/platforms/android-9/arch-arm/ -std=gnu99 -c -mfloat-abi=softfp -mfpu=neon -marm -march=armv7-a -mtune=cortex-a8 -mthumb -D__thumb__  -mfloat-abi=softfp -mfpu=neon -marm -march=armv7-a -mtune=cortex-a8 -mthumb -D__thumb__  -o out/conftest2.o conftest.c >&5
configure:8900: $? = 0
configure:8922: result: yes
configure:8930: checking if /home/retsu/android-ndk/toolchains/arm-linux-androideabi-4.6/prebuilt/linux-x86/bin/arm-linux-androideabi-gcc --sysroot=/home/retsu/android-ndk/platforms/android-9/arch-arm/ -std=gnu99 supports -c -o file.o
configure:8977: result: yes
configure:9010: checking whether the /home/retsu/android-ndk/toolchains/arm-linux-androideabi-4.6/prebuilt/linux-x86/bin/arm-linux-androideabi-gcc --sysroot=/home/retsu/android-ndk/platforms/android-9/arch-arm/ -std=gnu99 linker (/home/retsu/android-ndk/toolchains/arm-linux-androideabi-4.6/prebuilt/linux-x86/arm-linux-androideabi/bin/ld) supports shared libraries
configure:10167: result: yes
configure:10407: checking dynamic linker characteristics
configure:10918: /home/retsu/android-ndk/toolchains/arm-linux-androideabi-4.6/prebuilt/linux-x86/bin/arm-linux-androideabi-gcc --sysroot=/home/retsu/android-ndk/platforms/android-9/arch-arm/ -std=gnu99 -o conftest -mfloat-abi=softfp -mfpu=neon -marm -march=armv7-a -mtune=cortex-a8 -mthumb -D__thumb__  -mfloat-abi=softfp -mfpu=neon -marm -march=armv7-a -mtune=cortex-a8 -mthumb -D__thumb__  -Wl,-rpath-link=/home/retsu/android-ndk/platforms/android-9/arch-arm//usr/lib -L/home/retsu/android-ndk/platforms/android-9/arch-arm//usr/lib -nostdlib -lc -lm -ldl -llog -Wl,-rpath -Wl,/foo conftest.c  >&5
configure:10918: $? = 0
configure:11152: result: GNU/Linux ld.so
configure:11259: checking how to hardcode library paths into programs
configure:11284: result: immediate
configure:11824: checking whether stripping libraries is possible
configure:11829: result: yes
configure:11864: checking if libtool supports shared libraries
configure:11866: result: yes
configure:11869: checking whether to build shared libraries
configure:11890: result: no
configure:11893: checking whether to build static libraries
configure:11897: result: yes
configure:12053: checking that generated files are newer than configure
configure:12059: result: done
configure:12102: creating ./config.status

## ---------------------- ##
## Running config.status. ##
## ---------------------- ##

This file was extended by vo-aacenc config.status 0.1.2, which was
generated by GNU Autoconf 2.69.  Invocation command line was

  CONFIG_FILES    = 
  CONFIG_HEADERS  = 
  CONFIG_LINKS    = 
  CONFIG_COMMANDS = 
  $ ./config.status 

on Dell-XPS-15Z

config.status:1101: creating Makefile
config.status:1101: creating vo-aacenc.pc
config.status:1101: creating config.h
config.status:1282: config.h is unchanged
config.status:1330: executing depfiles commands
config.status:1330: executing libtool commands
configure:14323: WARNING: unrecognized options: --enable-neon

## ---------------- ##
## Cache variables. ##
## ---------------- ##

ac_cv_build=x86_64-unknown-linux-gnu
ac_cv_c_compiler_gnu=yes
ac_cv_env_CCASFLAGS_set=
ac_cv_env_CCASFLAGS_value=
ac_cv_env_CCAS_set=
ac_cv_env_CCAS_value=
ac_cv_env_CC_set=set
ac_cv_env_CC_value='/home/retsu/android-ndk/toolchains/arm-linux-androideabi-4.6/prebuilt/linux-x86/bin/arm-linux-androideabi-gcc --sysroot=/home/retsu/android-ndk/platforms/android-9/arch-arm/'
ac_cv_env_CFLAGS_set=set
ac_cv_env_CFLAGS_value='-mfloat-abi=softfp -mfpu=neon -marm -march=armv7-a -mtune=cortex-a8 -mthumb -D__thumb__ '
ac_cv_env_CPPFLAGS_set=set
ac_cv_env_CPPFLAGS_value='-mfloat-abi=softfp -mfpu=neon -marm -march=armv7-a -mtune=cortex-a8 -mthumb -D__thumb__ '
ac_cv_env_CPP_set=
ac_cv_env_CPP_value=
ac_cv_env_LDFLAGS_set=set
ac_cv_env_LDFLAGS_value='-Wl,-rpath-link=/home/retsu/android-ndk/platforms/android-9/arch-arm//usr/lib -L/home/retsu/android-ndk/platforms/android-9/arch-arm//usr/lib -nostdlib -lc -lm -ldl -llog'
ac_cv_env_LIBS_set=
ac_cv_env_LIBS_value=
ac_cv_env_build_alias_set=
ac_cv_env_build_alias_value=
ac_cv_env_host_alias_set=set
ac_cv_env_host_alias_value=arm-linux
ac_cv_env_target_alias_set=
ac_cv_env_target_alias_value=
ac_cv_header_dlfcn_h=yes
ac_cv_header_inttypes_h=yes
ac_cv_header_memory_h=yes
ac_cv_header_stdc=yes
ac_cv_header_stdint_h=yes
ac_cv_header_stdlib_h=yes
ac_cv_header_string_h=yes
ac_cv_header_strings_h=yes
ac_cv_header_sys_stat_h=yes
ac_cv_header_sys_types_h=yes
ac_cv_header_unistd_h=yes
ac_cv_host=arm-unknown-linux-gnu
ac_cv_objext=o
ac_cv_path_EGREP='/bin/grep -E'
ac_cv_path_FGREP='/bin/grep -F'
ac_cv_path_GREP=/bin/grep
ac_cv_path_SED=/bin/sed
ac_cv_path_install='/usr/bin/install -c'
ac_cv_path_mkdir=/bin/mkdir
ac_cv_prog_AR=/home/retsu/android-ndk/toolchains/arm-linux-androideabi-4.6/prebuilt/linux-x86/bin/arm-linux-androideabi-ar
ac_cv_prog_AWK=gawk
ac_cv_prog_CC='/home/retsu/android-ndk/toolchains/arm-linux-androideabi-4.6/prebuilt/linux-x86/bin/arm-linux-androideabi-gcc --sysroot=/home/retsu/android-ndk/platforms/android-9/arch-arm/'
ac_cv_prog_CPP='/home/retsu/android-ndk/toolchains/arm-linux-androideabi-4.6/prebuilt/linux-x86/bin/arm-linux-androideabi-gcc --sysroot=/home/retsu/android-ndk/platforms/android-9/arch-arm/ -std=gnu99 -E'
ac_cv_prog_RANLIB=/home/retsu/android-ndk/toolchains/arm-linux-androideabi-4.6/prebuilt/linux-x86/bin/arm-linux-androideabi-ranlib
ac_cv_prog_STRIP=/home/retsu/android-ndk/toolchains/arm-linux-androideabi-4.6/prebuilt/linux-x86/bin/arm-linux-androideabi-strip
ac_cv_prog_ac_ct_MANIFEST_TOOL=mt
ac_cv_prog_ac_ct_OBJDUMP=objdump
ac_cv_prog_cc_c89=
ac_cv_prog_cc_c99=-std=gnu99
ac_cv_prog_cc_g=yes
ac_cv_prog_make_make_set=yes
am_cv_CCAS_dependencies_compiler_type=none
am_cv_CC_dependencies_compiler_type=none
am_cv_make_support_nested_variables=yes
am_cv_prog_cc_c_o=yes
am_cv_prog_tar_ustar=gnutar
lt_cv_ar_at_file=@
lt_cv_deplibs_check_method=pass_all
lt_cv_file_magic_cmd='$MAGIC_CMD'
lt_cv_file_magic_test_file=
lt_cv_ld_reload_flag=-r
lt_cv_nm_interface='BSD nm'
lt_cv_objdir=.libs
lt_cv_path_LD=/home/retsu/android-ndk/toolchains/arm-linux-androideabi-4.6/prebuilt/linux-x86/arm-linux-androideabi/bin/ld
lt_cv_path_NM=/home/retsu/android-ndk/toolchains/arm-linux-androideabi-4.6/prebuilt/linux-x86/bin/arm-linux-androideabi-nm
lt_cv_path_mainfest_tool=no
lt_cv_prog_compiler_c_o=yes
lt_cv_prog_compiler_pic='-fPIC -DPIC'
lt_cv_prog_compiler_pic_works=yes
lt_cv_prog_compiler_rtti_exceptions=no
lt_cv_prog_compiler_static_works=no
lt_cv_prog_gnu_ld=yes
lt_cv_sharedlib_from_linklib_cmd='printf %s\n'
lt_cv_shlibpath_overrides_runpath=no
lt_cv_sys_global_symbol_pipe='sed -n -e '\''s/^.*[	 ]\([ABCDGIRSTW][ABCDGIRSTW]*\)[	 ][	 ]*\([_A-Za-z][_A-Za-z0-9]*\)$/\1 \2 \2/p'\'' | sed '\''/ __gnu_lto/d'\'''
lt_cv_sys_global_symbol_to_c_name_address='sed -n -e '\''s/^: \([^ ]*\)[ ]*$/  {\"\1\", (void *) 0},/p'\'' -e '\''s/^[ABCDGIRSTW]* \([^ ]*\) \([^ ]*\)$/  {"\2", (void *) \&\2},/p'\'''
lt_cv_sys_global_symbol_to_c_name_address_lib_prefix='sed -n -e '\''s/^: \([^ ]*\)[ ]*$/  {\"\1\", (void *) 0},/p'\'' -e '\''s/^[ABCDGIRSTW]* \([^ ]*\) \(lib[^ ]*\)$/  {"\2", (void *) \&\2},/p'\'' -e '\''s/^[ABCDGIRSTW]* \([^ ]*\) \([^ ]*\)$/  {"lib\2", (void *) \&\2},/p'\'''
lt_cv_sys_global_symbol_to_cdecl='sed -n -e '\''s/^T .* \(.*\)$/extern int \1();/p'\'' -e '\''s/^[ABCDGIRSTW]* .* \(.*\)$/extern char \1;/p'\'''
lt_cv_sys_max_cmd_len=1572864
lt_cv_to_host_file_cmd=func_convert_file_noop
lt_cv_to_tool_file_cmd=func_convert_file_noop

## ----------------- ##
## Output variables. ##
## ----------------- ##

ACLOCAL='aclocal-1.14'
AMDEPBACKSLASH=''
AMDEP_FALSE=''
AMDEP_TRUE='#'
AMTAR='$${TAR-tar}'
AM_BACKSLASH='\'
AM_DEFAULT_V='$(AM_DEFAULT_VERBOSITY)'
AM_DEFAULT_VERBOSITY='0'
AM_V='$(V)'
AR='/home/retsu/android-ndk/toolchains/arm-linux-androideabi-4.6/prebuilt/linux-x86/bin/arm-linux-androideabi-ar'
ARMV5E_FALSE=''
ARMV5E_TRUE='#'
ARMV7NEON_FALSE=''
ARMV7NEON_TRUE='#'
AUTOCONF='autoconf'
AUTOHEADER='autoheader'
AUTOMAKE='automake-1.14'
AWK='gawk'
CC='/home/retsu/android-ndk/toolchains/arm-linux-androideabi-4.6/prebuilt/linux-x86/bin/arm-linux-androideabi-gcc --sysroot=/home/retsu/android-ndk/platforms/android-9/arch-arm/ -std=gnu99'
CCAS='/home/retsu/android-ndk/toolchains/arm-linux-androideabi-4.6/prebuilt/linux-x86/bin/arm-linux-androideabi-gcc --sysroot=/home/retsu/android-ndk/platforms/android-9/arch-arm/'
CCASDEPMODE='depmode=none'
CCASFLAGS='-mfloat-abi=softfp -mfpu=neon -marm -march=armv7-a -mtune=cortex-a8 -mthumb -D__thumb__ '
CCDEPMODE='depmode=none'
CFLAGS='-mfloat-abi=softfp -mfpu=neon -marm -march=armv7-a -mtune=cortex-a8 -mthumb -D__thumb__ '
CPP='/home/retsu/android-ndk/toolchains/arm-linux-androideabi-4.6/prebuilt/linux-x86/bin/arm-linux-androideabi-gcc --sysroot=/home/retsu/android-ndk/platforms/android-9/arch-arm/ -std=gnu99 -E'
CPPFLAGS='-mfloat-abi=softfp -mfpu=neon -marm -march=armv7-a -mtune=cortex-a8 -mthumb -D__thumb__ '
CYGPATH_W='echo'
DEFS='-DHAVE_CONFIG_H'
DEPDIR='.deps'
DLLTOOL='false'
DSYMUTIL=''
DUMPBIN=''
ECHO_C=''
ECHO_N='-n'
ECHO_T=''
EGREP='/bin/grep -E'
EXAMPLE_FALSE=''
EXAMPLE_TRUE='#'
EXEEXT=''
FGREP='/bin/grep -F'
GREP='/bin/grep'
INSTALL_DATA='${INSTALL} -m 644'
INSTALL_PROGRAM='${INSTALL}'
INSTALL_SCRIPT='${INSTALL}'
INSTALL_STRIP_PROGRAM='$(install_sh) -c -s'
LD='/home/retsu/android-ndk/toolchains/arm-linux-androideabi-4.6/prebuilt/linux-x86/arm-linux-androideabi/bin/ld'
LDFLAGS='-Wl,-rpath-link=/home/retsu/android-ndk/platforms/android-9/arch-arm//usr/lib -L/home/retsu/android-ndk/platforms/android-9/arch-arm//usr/lib -nostdlib -lc -lm -ldl -llog'
LIBOBJS=''
LIBS=''
LIBTOOL='$(SHELL) $(top_builddir)/libtool'
LIBTOOL_DEPS='./ltmain.sh'
LIPO=''
LN_S='ln -s'
LTLIBOBJS=''
MAINT='#'
MAINTAINER_MODE_FALSE=''
MAINTAINER_MODE_TRUE='#'
MAKEINFO='makeinfo'
MANIFEST_TOOL=':'
MKDIR_P='/bin/mkdir -p'
NM='/home/retsu/android-ndk/toolchains/arm-linux-androideabi-4.6/prebuilt/linux-x86/bin/arm-linux-androideabi-nm'
NMEDIT=''
OBJDUMP='objdump'
OBJEXT='o'
OTOOL64=''
OTOOL=''
PACKAGE='vo-aacenc'
PACKAGE_BUGREPORT='http://sourceforge.net/projects/opencore-amr/'
PACKAGE_NAME='vo-aacenc'
PACKAGE_STRING='vo-aacenc 0.1.2'
PACKAGE_TARNAME='vo-aacenc'
PACKAGE_URL=''
PACKAGE_VERSION='0.1.2'
PATH_SEPARATOR=':'
RANLIB='/home/retsu/android-ndk/toolchains/arm-linux-androideabi-4.6/prebuilt/linux-x86/bin/arm-linux-androideabi-ranlib'
SED='/bin/sed'
SET_MAKE=''
SHELL='/bin/bash'
STRIP='/home/retsu/android-ndk/toolchains/arm-linux-androideabi-4.6/prebuilt/linux-x86/bin/arm-linux-androideabi-strip'
VERSION='0.1.2'
VO_AACENC_VERSION='0:3:0'
ac_ct_AR=''
ac_ct_CC=''
ac_ct_DUMPBIN=''
am__EXEEXT_FALSE=''
am__EXEEXT_TRUE='#'
am__fastdepCCAS_FALSE=''
am__fastdepCCAS_TRUE='#'
am__fastdepCC_FALSE=''
am__fastdepCC_TRUE='#'
am__include='include'
am__isrc=''
am__leading_dot='.'
am__nodep=''
am__quote=''
am__tar='tar --format=ustar -chf - "$$tardir"'
am__untar='tar -xf -'
bindir='${exec_prefix}/bin'
build='x86_64-unknown-linux-gnu'
build_alias=''
build_cpu='x86_64'
build_os='linux-gnu'
build_vendor='unknown'
datadir='${datarootdir}'
datarootdir='${prefix}/share'
docdir='${datarootdir}/doc/${PACKAGE_TARNAME}'
dvidir='${docdir}'
exec_prefix='${prefix}'
host='arm-unknown-linux-gnu'
host_alias='arm-linux'
host_cpu='arm'
host_os='linux-gnu'
host_vendor='unknown'
htmldir='${docdir}'
includedir='${prefix}/include'
infodir='${datarootdir}/info'
install_sh='${SHELL} /home/retsu/FFmpeg-Android/jni/vo-aacenc/install-sh'
libdir='${exec_prefix}/lib'
libexecdir='${exec_prefix}/libexec'
localedir='${datarootdir}/locale'
localstatedir='${prefix}/var'
mandir='${datarootdir}/man'
mkdir_p='$(MKDIR_P)'
oldincludedir='/usr/include'
pdfdir='${docdir}'
prefix='/home/retsu/FFmpeg-Android/jni/vo-aacenc/../ffmpeg-build/armeavi-v7a-neon'
program_transform_name='s,x,x,'
psdir='${docdir}'
sbindir='${exec_prefix}/sbin'
sharedstatedir='${prefix}/com'
sysconfdir='${prefix}/etc'
target_alias=''

## ----------- ##
## confdefs.h. ##
## ----------- ##

/* confdefs.h */
#define PACKAGE_NAME "vo-aacenc"
#define PACKAGE_TARNAME "vo-aacenc"
#define PACKAGE_VERSION "0.1.2"
#define PACKAGE_STRING "vo-aacenc 0.1.2"
#define PACKAGE_BUGREPORT "http://sourceforge.net/projects/opencore-amr/"
#define PACKAGE_URL ""
#define PACKAGE "vo-aacenc"
#define VERSION "0.1.2"
#define STDC_HEADERS 1
#define HAVE_SYS_TYPES_H 1
#define HAVE_SYS_STAT_H 1
#define HAVE_STDLIB_H 1
#define HAVE_STRING_H 1
#define HAVE_MEMORY_H 1
#define HAVE_STRINGS_H 1
#define HAVE_INTTYPES_H 1
#define HAVE_STDINT_H 1
#define HAVE_UNISTD_H 1
#define HAVE_DLFCN_H 1
#define LT_OBJDIR ".libs/"

configure: exit 0
