This file contains any messages produced by compilers while
running configure, to aid debugging if configure makes a mistake.

It was created by libass configure 0.10.2, which was
generated by GNU Autoconf 2.69.  Invocation command line was

  $ ./configure --prefix=/home/retsu/FFmpeg-Android/jni/libass/../ffmpeg-build/armeavi-v7a-neon --host=arm-linux --disable-fontconfig --disable-dependency-tracking --disable-shared --enable-static --with-pic --enable-neon

## --------- ##
## Platform. ##
## --------- ##

hostname = Dell-XPS-15Z
uname -m = x86_64
uname -r = 3.8.0-19-generic
uname -s = Linux
uname -v = #30-Ubuntu SMP Wed May 1 16:35:23 UTC 2013

/usr/bin/uname -p = unknown
/bin/uname -X     = unknown

/bin/arch              = unknown
/usr/bin/arch -k       = unknown
/usr/convex/getsysinfo = unknown
/usr/bin/hostinfo      = unknown
/bin/machine           = unknown
/usr/bin/oslevel       = unknown
/bin/universe          = unknown

PATH: /usr/local/sbin
PATH: /usr/local/bin
PATH: /usr/sbin
PATH: /usr/bin
PATH: /sbin
PATH: /bin
PATH: /usr/games
PATH: /usr/local/games
PATH: .
PATH: /home/retsu/android-ndk/toolchains/x86-4.6/prebuilt/linux-x86/bin/
PATH: /home/retsu/android-ndk/toolchains/x86-4.6/prebuilt/linux-x86/bin/
PATH: /home/retsu/android-ndk/toolchains/x86-4.6/prebuilt/linux-x86/bin/
PATH: /home/retsu/android-ndk/toolchains/x86-4.6/prebuilt/linux-x86/bin/
PATH: /home/retsu/android-ndk/toolchains/x86-4.6/prebuilt/linux-x86/bin/
PATH: /home/retsu/android-ndk/toolchains/x86-4.6/prebuilt/linux-x86/bin/
PATH: /home/retsu/android-ndk/toolchains/x86-4.6/prebuilt/linux-x86/bin/
PATH: /home/retsu/android-ndk/toolchains/x86-4.6/prebuilt/linux-x86/bin/
PATH: /home/retsu/android-ndk/toolchains/mipsel-linux-android-4.6/prebuilt/linux-x86/bin/
PATH: /home/retsu/android-ndk/toolchains/mipsel-linux-android-4.6/prebuilt/linux-x86/bin/
PATH: /home/retsu/android-ndk/toolchains/mipsel-linux-android-4.6/prebuilt/linux-x86/bin/
PATH: /home/retsu/android-ndk/toolchains/mipsel-linux-android-4.6/prebuilt/linux-x86/bin/
PATH: /home/retsu/android-ndk/toolchains/mipsel-linux-android-4.6/prebuilt/linux-x86/bin/
PATH: /home/retsu/android-ndk/toolchains/mipsel-linux-android-4.6/prebuilt/linux-x86/bin/
PATH: /home/retsu/android-ndk/toolchains/mipsel-linux-android-4.6/prebuilt/linux-x86/bin/
PATH: /home/retsu/android-ndk/toolchains/mipsel-linux-android-4.6/prebuilt/linux-x86/bin/
PATH: /home/retsu/android-ndk/toolchains/arm-linux-androideabi-4.6/prebuilt/linux-x86/bin/
PATH: /home/retsu/android-ndk/toolchains/arm-linux-androideabi-4.6/prebuilt/linux-x86/bin/
PATH: /home/retsu/android-ndk/toolchains/arm-linux-androideabi-4.6/prebuilt/linux-x86/bin/
PATH: /home/retsu/android-ndk/toolchains/arm-linux-androideabi-4.6/prebuilt/linux-x86/bin/
PATH: /home/retsu/android-ndk/toolchains/arm-linux-androideabi-4.6/prebuilt/linux-x86/bin/
PATH: /home/retsu/android-ndk/toolchains/arm-linux-androideabi-4.6/prebuilt/linux-x86/bin/
PATH: /home/retsu/android-ndk/toolchains/arm-linux-androideabi-4.6/prebuilt/linux-x86/bin/
PATH: /home/retsu/android-ndk/toolchains/arm-linux-androideabi-4.6/prebuilt/linux-x86/bin/
PATH: /home/retsu/android-ndk/toolchains/arm-linux-androideabi-4.6/prebuilt/linux-x86/bin/
PATH: /home/retsu/android-ndk/toolchains/arm-linux-androideabi-4.6/prebuilt/linux-x86/bin/
PATH: /home/retsu/android-ndk/toolchains/arm-linux-androideabi-4.6/prebuilt/linux-x86/bin/
PATH: /home/retsu/android-ndk/toolchains/arm-linux-androideabi-4.6/prebuilt/linux-x86/bin/
PATH: /home/retsu/android-ndk/toolchains/arm-linux-androideabi-4.6/prebuilt/linux-x86/bin/
PATH: /home/retsu/android-ndk/toolchains/arm-linux-androideabi-4.6/prebuilt/linux-x86/bin/
PATH: /home/retsu/android-ndk/toolchains/arm-linux-androideabi-4.6/prebuilt/linux-x86/bin/
PATH: /home/retsu/android-ndk/toolchains/arm-linux-androideabi-4.6/prebuilt/linux-x86/bin/


## ----------- ##
## Core tests. ##
## ----------- ##

configure:2529: checking for a BSD-compatible install
configure:2597: result: /usr/bin/install -c
configure:2608: checking whether build environment is sane
configure:2658: result: yes
configure:2707: checking for arm-linux-strip
configure:2734: result: /home/retsu/android-ndk/toolchains/arm-linux-androideabi-4.6/prebuilt/linux-x86/bin/arm-linux-androideabi-strip
configure:2799: checking for a thread-safe mkdir -p
configure:2838: result: /bin/mkdir -p
configure:2851: checking for gawk
configure:2867: found /usr/bin/gawk
configure:2878: result: gawk
configure:2889: checking whether make sets $(MAKE)
configure:2911: result: yes
configure:3024: checking build system type
configure:3038: result: x86_64-unknown-linux-gnu
configure:3058: checking host system type
configure:3071: result: arm-unknown-linux-gnu
configure:3112: checking how to print strings
configure:3139: result: printf
configure:3172: checking for style of include used by make
configure:3200: result: GNU
configure:3231: checking for arm-linux-gcc
configure:3258: result: /home/retsu/android-ndk/toolchains/arm-linux-androideabi-4.6/prebuilt/linux-x86/bin/arm-linux-androideabi-gcc --sysroot=/home/retsu/android-ndk/platforms/android-9/arch-arm/
configure:3527: checking for C compiler version
configure:3536: /home/retsu/android-ndk/toolchains/arm-linux-androideabi-4.6/prebuilt/linux-x86/bin/arm-linux-androideabi-gcc --sysroot=/home/retsu/android-ndk/platforms/android-9/arch-arm/ --version >&5
arm-linux-androideabi-gcc (GCC) 4.6 20120106 (prerelease)
Copyright (C) 2011 Free Software Foundation, Inc.
This is free software; see the source for copying conditions.  There is NO
warranty; not even for MERCHANTABILITY or FITNESS FOR A PARTICULAR PURPOSE.

configure:3547: $? = 0
configure:3536: /home/retsu/android-ndk/toolchains/arm-linux-androideabi-4.6/prebuilt/linux-x86/bin/arm-linux-androideabi-gcc --sysroot=/home/retsu/android-ndk/platforms/android-9/arch-arm/ -v >&5
Using built-in specs.
COLLECT_GCC=/home/retsu/android-ndk/toolchains/arm-linux-androideabi-4.6/prebuilt/linux-x86/bin/arm-linux-androideabi-gcc
COLLECT_LTO_WRAPPER=/home/retsu/android-ndk/toolchains/arm-linux-androideabi-4.6/prebuilt/linux-x86/bin/../libexec/gcc/arm-linux-androideabi/4.6/lto-wrapper
Target: arm-linux-androideabi
Configured with: /usr/local/google/home/andrewhsieh/ndk-andrewhsieh/src/build/../gcc/gcc-4.6/configure --prefix=/tmp/ndk-andrewhsieh/build/toolchain/prefix --target=arm-linux-androideabi --host=x86_64-linux-gnu --build=x86_64-linux-gnu --with-gnu-as --with-gnu-ld --enable-languages=c,c++ --with-gmp=/tmp/ndk-andrewhsieh/build/toolchain/temp-install --with-mpfr=/tmp/ndk-andrewhsieh/build/toolchain/temp-install --with-mpc=/tmp/ndk-andrewhsieh/build/toolchain/temp-install --without-ppl --without-cloog --disable-libssp --enable-threads --disable-nls --disable-libmudflap --disable-libgomp --disable-libstdc__-v3 --disable-sjlj-exceptions --disable-shared --disable-tls --disable-libitm --with-float=soft --with-fpu=vfp --with-arch=armv5te --enable-target-optspace --enable-initfini-array --disable-nls --prefix=/tmp/ndk-andrewhsieh/build/toolchain/prefix --with-sysroot=/tmp/ndk-andrewhsieh/build/toolchain/prefix/sysroot --with-binutils-version=2.21 --with-mpfr-version=2.4.1 --with-mpc-version=0.8.1 --with-gmp-version=5.0.5 --with-gcc-version=4.6 --with-gdb-version=7.3.x --with-gxx-include-dir=/tmp/ndk-andrewhsieh/build/toolchain/prefix/include/c++/4.6 --disable-bootstrap --disable-libquadmath --disable-plugin --enable-gold --with-arch=armv5te --program-transform-name='s&^&arm-linux-androideabi-&' --enable-gold=default
Thread model: posix
gcc version 4.6 20120106 (prerelease) (GCC) 
configure:3547: $? = 0
configure:3536: /home/retsu/android-ndk/toolchains/arm-linux-androideabi-4.6/prebuilt/linux-x86/bin/arm-linux-androideabi-gcc --sysroot=/home/retsu/android-ndk/platforms/android-9/arch-arm/ -V >&5
arm-linux-androideabi-gcc: error: unrecognized option '-V'
arm-linux-androideabi-gcc: fatal error: no input files
compilation terminated.
configure:3547: $? = 1
configure:3536: /home/retsu/android-ndk/toolchains/arm-linux-androideabi-4.6/prebuilt/linux-x86/bin/arm-linux-androideabi-gcc --sysroot=/home/retsu/android-ndk/platforms/android-9/arch-arm/ -qversion >&5
arm-linux-androideabi-gcc: error: unrecognized option '-qversion'
arm-linux-androideabi-gcc: fatal error: no input files
compilation terminated.
configure:3547: $? = 1
configure:3567: checking whether the C compiler works
configure:3589: /home/retsu/android-ndk/toolchains/arm-linux-androideabi-4.6/prebuilt/linux-x86/bin/arm-linux-androideabi-gcc --sysroot=/home/retsu/android-ndk/platforms/android-9/arch-arm/ -mfloat-abi=softfp -mfpu=neon -marm -march=armv7-a -mtune=cortex-a8 -mthumb -D__thumb__  -I/home/retsu/FFmpeg-Android/jni/ffmpeg-build/armeabi-v7a/include/freetype2 -mfloat-abi=softfp -mfpu=neon -marm -march=armv7-a -mtune=cortex-a8 -mthumb -D__thumb__  -I/home/retsu/FFmpeg-Android/jni/ffmpeg-build/armeabi-v7a/include/freetype2  -Wl,-rpath-link=/home/retsu/android-ndk/platforms/android-9/arch-arm//usr/lib -L/home/retsu/android-ndk/platforms/android-9/arch-arm//usr/lib -lc -lm -ldl -llog conftest.c  >&5
configure:3593: $? = 0
configure:3641: result: yes
configure:3644: checking for C compiler default output file name
configure:3646: result: a.out
configure:3652: checking for suffix of executables
configure:3659: /home/retsu/android-ndk/toolchains/arm-linux-androideabi-4.6/prebuilt/linux-x86/bin/arm-linux-androideabi-gcc --sysroot=/home/retsu/android-ndk/platforms/android-9/arch-arm/ -o conftest -mfloat-abi=softfp -mfpu=neon -marm -march=armv7-a -mtune=cortex-a8 -mthumb -D__thumb__  -I/home/retsu/FFmpeg-Android/jni/ffmpeg-build/armeabi-v7a/include/freetype2 -mfloat-abi=softfp -mfpu=neon -marm -march=armv7-a -mtune=cortex-a8 -mthumb -D__thumb__  -I/home/retsu/FFmpeg-Android/jni/ffmpeg-build/armeabi-v7a/include/freetype2  -Wl,-rpath-link=/home/retsu/android-ndk/platforms/android-9/arch-arm//usr/lib -L/home/retsu/android-ndk/platforms/android-9/arch-arm//usr/lib -lc -lm -ldl -llog conftest.c  >&5
configure:3663: $? = 0
configure:3685: result: 
configure:3707: checking whether we are cross compiling
configure:3715: /home/retsu/android-ndk/toolchains/arm-linux-androideabi-4.6/prebuilt/linux-x86/bin/arm-linux-androideabi-gcc --sysroot=/home/retsu/android-ndk/platforms/android-9/arch-arm/ -o conftest -mfloat-abi=softfp -mfpu=neon -marm -march=armv7-a -mtune=cortex-a8 -mthumb -D__thumb__  -I/home/retsu/FFmpeg-Android/jni/ffmpeg-build/armeabi-v7a/include/freetype2 -mfloat-abi=softfp -mfpu=neon -marm -march=armv7-a -mtune=cortex-a8 -mthumb -D__thumb__  -I/home/retsu/FFmpeg-Android/jni/ffmpeg-build/armeabi-v7a/include/freetype2  -Wl,-rpath-link=/home/retsu/android-ndk/platforms/android-9/arch-arm//usr/lib -L/home/retsu/android-ndk/platforms/android-9/arch-arm//usr/lib -lc -lm -ldl -llog conftest.c  >&5
configure:3719: $? = 0
configure:3726: ./conftest
./configure: line 3728: ./conftest: cannot execute binary file
configure:3730: $? = 126
configure:3745: result: yes
configure:3750: checking for suffix of object files
configure:3772: /home/retsu/android-ndk/toolchains/arm-linux-androideabi-4.6/prebuilt/linux-x86/bin/arm-linux-androideabi-gcc --sysroot=/home/retsu/android-ndk/platforms/android-9/arch-arm/ -c -mfloat-abi=softfp -mfpu=neon -marm -march=armv7-a -mtune=cortex-a8 -mthumb -D__thumb__  -I/home/retsu/FFmpeg-Android/jni/ffmpeg-build/armeabi-v7a/include/freetype2 -mfloat-abi=softfp -mfpu=neon -marm -march=armv7-a -mtune=cortex-a8 -mthumb -D__thumb__  -I/home/retsu/FFmpeg-Android/jni/ffmpeg-build/armeabi-v7a/include/freetype2 conftest.c >&5
configure:3776: $? = 0
configure:3797: result: o
configure:3801: checking whether we are using the GNU C compiler
configure:3820: /home/retsu/android-ndk/toolchains/arm-linux-androideabi-4.6/prebuilt/linux-x86/bin/arm-linux-androideabi-gcc --sysroot=/home/retsu/android-ndk/platforms/android-9/arch-arm/ -c -mfloat-abi=softfp -mfpu=neon -marm -march=armv7-a -mtune=cortex-a8 -mthumb -D__thumb__  -I/home/retsu/FFmpeg-Android/jni/ffmpeg-build/armeabi-v7a/include/freetype2 -mfloat-abi=softfp -mfpu=neon -marm -march=armv7-a -mtune=cortex-a8 -mthumb -D__thumb__  -I/home/retsu/FFmpeg-Android/jni/ffmpeg-build/armeabi-v7a/include/freetype2 conftest.c >&5
configure:3820: $? = 0
configure:3829: result: yes
configure:3838: checking whether /home/retsu/android-ndk/toolchains/arm-linux-androideabi-4.6/prebuilt/linux-x86/bin/arm-linux-androideabi-gcc --sysroot=/home/retsu/android-ndk/platforms/android-9/arch-arm/ accepts -g
configure:3858: /home/retsu/android-ndk/toolchains/arm-linux-androideabi-4.6/prebuilt/linux-x86/bin/arm-linux-androideabi-gcc --sysroot=/home/retsu/android-ndk/platforms/android-9/arch-arm/ -c -g -mfloat-abi=softfp -mfpu=neon -marm -march=armv7-a -mtune=cortex-a8 -mthumb -D__thumb__  -I/home/retsu/FFmpeg-Android/jni/ffmpeg-build/armeabi-v7a/include/freetype2 conftest.c >&5
configure:3858: $? = 0
configure:3899: result: yes
configure:3916: checking for /home/retsu/android-ndk/toolchains/arm-linux-androideabi-4.6/prebuilt/linux-x86/bin/arm-linux-androideabi-gcc --sysroot=/home/retsu/android-ndk/platforms/android-9/arch-arm/ option to accept ISO C89
configure:3979: /home/retsu/android-ndk/toolchains/arm-linux-androideabi-4.6/prebuilt/linux-x86/bin/arm-linux-androideabi-gcc --sysroot=/home/retsu/android-ndk/platforms/android-9/arch-arm/  -c -mfloat-abi=softfp -mfpu=neon -marm -march=armv7-a -mtune=cortex-a8 -mthumb -D__thumb__  -I/home/retsu/FFmpeg-Android/jni/ffmpeg-build/armeabi-v7a/include/freetype2 -mfloat-abi=softfp -mfpu=neon -marm -march=armv7-a -mtune=cortex-a8 -mthumb -D__thumb__  -I/home/retsu/FFmpeg-Android/jni/ffmpeg-build/armeabi-v7a/include/freetype2 conftest.c >&5
configure:3979: $? = 0
configure:3992: result: none needed
configure:4014: checking dependency style of /home/retsu/android-ndk/toolchains/arm-linux-androideabi-4.6/prebuilt/linux-x86/bin/arm-linux-androideabi-gcc --sysroot=/home/retsu/android-ndk/platforms/android-9/arch-arm/
configure:4125: result: none
configure:4140: checking for a sed that does not truncate output
configure:4204: result: /bin/sed
configure:4222: checking for grep that handles long lines and -e
configure:4280: result: /bin/grep
configure:4285: checking for egrep
configure:4347: result: /bin/grep -E
configure:4352: checking for fgrep
configure:4414: result: /bin/grep -F
configure:4449: checking for ld used by /home/retsu/android-ndk/toolchains/arm-linux-androideabi-4.6/prebuilt/linux-x86/bin/arm-linux-androideabi-gcc --sysroot=/home/retsu/android-ndk/platforms/android-9/arch-arm/
configure:4516: result: /home/retsu/android-ndk/toolchains/arm-linux-androideabi-4.6/prebuilt/linux-x86/arm-linux-androideabi/bin/ld
configure:4523: checking if the linker (/home/retsu/android-ndk/toolchains/arm-linux-androideabi-4.6/prebuilt/linux-x86/arm-linux-androideabi/bin/ld) is GNU ld
configure:4538: result: yes
configure:4550: checking for BSD- or MS-compatible name lister (nm)
configure:4599: result: /home/retsu/android-ndk/toolchains/arm-linux-androideabi-4.6/prebuilt/linux-x86/bin/arm-linux-androideabi-nm
configure:4729: checking the name lister (/home/retsu/android-ndk/toolchains/arm-linux-androideabi-4.6/prebuilt/linux-x86/bin/arm-linux-androideabi-nm) interface
configure:4736: /home/retsu/android-ndk/toolchains/arm-linux-androideabi-4.6/prebuilt/linux-x86/bin/arm-linux-androideabi-gcc --sysroot=/home/retsu/android-ndk/platforms/android-9/arch-arm/ -c -mfloat-abi=softfp -mfpu=neon -marm -march=armv7-a -mtune=cortex-a8 -mthumb -D__thumb__  -I/home/retsu/FFmpeg-Android/jni/ffmpeg-build/armeabi-v7a/include/freetype2 -mfloat-abi=softfp -mfpu=neon -marm -march=armv7-a -mtune=cortex-a8 -mthumb -D__thumb__  -I/home/retsu/FFmpeg-Android/jni/ffmpeg-build/armeabi-v7a/include/freetype2 conftest.c >&5
configure:4739: /home/retsu/android-ndk/toolchains/arm-linux-androideabi-4.6/prebuilt/linux-x86/bin/arm-linux-androideabi-nm "conftest.o"
configure:4742: output
00000000 B some_variable
configure:4749: result: BSD nm
configure:4752: checking whether ln -s works
configure:4756: result: yes
configure:4764: checking the maximum length of command line arguments
configure:4895: result: 1572864
configure:4912: checking whether the shell understands some XSI constructs
configure:4922: result: yes
configure:4926: checking whether the shell understands "+="
configure:4932: result: yes
configure:4967: checking how to convert x86_64-unknown-linux-gnu file names to arm-unknown-linux-gnu format
configure:5007: result: func_convert_file_noop
configure:5014: checking how to convert x86_64-unknown-linux-gnu file names to toolchain format
configure:5034: result: func_convert_file_noop
configure:5041: checking for /home/retsu/android-ndk/toolchains/arm-linux-androideabi-4.6/prebuilt/linux-x86/arm-linux-androideabi/bin/ld option to reload object files
configure:5048: result: -r
configure:5082: checking for arm-linux-objdump
configure:5112: result: no
configure:5122: checking for objdump
configure:5138: found /usr/bin/objdump
configure:5149: result: objdump
configure:5161: WARNING: using cross tools not prefixed with host triplet
configure:5181: checking how to recognize dependent libraries
configure:5379: result: pass_all
configure:5424: checking for arm-linux-dlltool
configure:5454: result: no
configure:5464: checking for dlltool
configure:5494: result: no
configure:5524: checking how to associate runtime and link libraries
configure:5551: result: printf %s\n
configure:5568: checking for arm-linux-ar
configure:5595: result: /home/retsu/android-ndk/toolchains/arm-linux-androideabi-4.6/prebuilt/linux-x86/bin/arm-linux-androideabi-ar
configure:5676: checking for archiver @FILE support
configure:5693: /home/retsu/android-ndk/toolchains/arm-linux-androideabi-4.6/prebuilt/linux-x86/bin/arm-linux-androideabi-gcc --sysroot=/home/retsu/android-ndk/platforms/android-9/arch-arm/ -c -mfloat-abi=softfp -mfpu=neon -marm -march=armv7-a -mtune=cortex-a8 -mthumb -D__thumb__  -I/home/retsu/FFmpeg-Android/jni/ffmpeg-build/armeabi-v7a/include/freetype2 -mfloat-abi=softfp -mfpu=neon -marm -march=armv7-a -mtune=cortex-a8 -mthumb -D__thumb__  -I/home/retsu/FFmpeg-Android/jni/ffmpeg-build/armeabi-v7a/include/freetype2 conftest.c >&5
configure:5693: $? = 0
configure:5696: /home/retsu/android-ndk/toolchains/arm-linux-androideabi-4.6/prebuilt/linux-x86/bin/arm-linux-androideabi-ar cru libconftest.a @conftest.lst >&5
configure:5699: $? = 0
configure:5704: /home/retsu/android-ndk/toolchains/arm-linux-androideabi-4.6/prebuilt/linux-x86/bin/arm-linux-androideabi-ar cru libconftest.a @conftest.lst >&5
/home/retsu/android-ndk/toolchains/arm-linux-androideabi-4.6/prebuilt/linux-x86/bin/arm-linux-androideabi-ar: conftest.o: No such file or directory
configure:5707: $? = 1
configure:5719: result: @
configure:5737: checking for arm-linux-strip
configure:5764: result: /home/retsu/android-ndk/toolchains/arm-linux-androideabi-4.6/prebuilt/linux-x86/bin/arm-linux-androideabi-strip
configure:5836: checking for arm-linux-ranlib
configure:5863: result: /home/retsu/android-ndk/toolchains/arm-linux-androideabi-4.6/prebuilt/linux-x86/bin/arm-linux-androideabi-ranlib
configure:6005: checking command to parse /home/retsu/android-ndk/toolchains/arm-linux-androideabi-4.6/prebuilt/linux-x86/bin/arm-linux-androideabi-nm output from /home/retsu/android-ndk/toolchains/arm-linux-androideabi-4.6/prebuilt/linux-x86/bin/arm-linux-androideabi-gcc --sysroot=/home/retsu/android-ndk/platforms/android-9/arch-arm/ object
configure:6125: /home/retsu/android-ndk/toolchains/arm-linux-androideabi-4.6/prebuilt/linux-x86/bin/arm-linux-androideabi-gcc --sysroot=/home/retsu/android-ndk/platforms/android-9/arch-arm/ -c -mfloat-abi=softfp -mfpu=neon -marm -march=armv7-a -mtune=cortex-a8 -mthumb -D__thumb__  -I/home/retsu/FFmpeg-Android/jni/ffmpeg-build/armeabi-v7a/include/freetype2 -mfloat-abi=softfp -mfpu=neon -marm -march=armv7-a -mtune=cortex-a8 -mthumb -D__thumb__  -I/home/retsu/FFmpeg-Android/jni/ffmpeg-build/armeabi-v7a/include/freetype2 conftest.c >&5
configure:6128: $? = 0
configure:6132: /home/retsu/android-ndk/toolchains/arm-linux-androideabi-4.6/prebuilt/linux-x86/bin/arm-linux-androideabi-nm conftest.o \| sed -n -e 's/^.*[ ]\([ABCDGIRSTW][ABCDGIRSTW]*\)[ ][ ]*\([_A-Za-z][_A-Za-z0-9]*\)$/\1 \2 \2/p' | sed '/ __gnu_lto/d' \> conftest.nm
configure:6135: $? = 0
configure:6201: /home/retsu/android-ndk/toolchains/arm-linux-androideabi-4.6/prebuilt/linux-x86/bin/arm-linux-androideabi-gcc --sysroot=/home/retsu/android-ndk/platforms/android-9/arch-arm/ -o conftest -mfloat-abi=softfp -mfpu=neon -marm -march=armv7-a -mtune=cortex-a8 -mthumb -D__thumb__  -I/home/retsu/FFmpeg-Android/jni/ffmpeg-build/armeabi-v7a/include/freetype2 -mfloat-abi=softfp -mfpu=neon -marm -march=armv7-a -mtune=cortex-a8 -mthumb -D__thumb__  -I/home/retsu/FFmpeg-Android/jni/ffmpeg-build/armeabi-v7a/include/freetype2  -Wl,-rpath-link=/home/retsu/android-ndk/platforms/android-9/arch-arm//usr/lib -L/home/retsu/android-ndk/platforms/android-9/arch-arm//usr/lib -lc -lm -ldl -llog conftest.c conftstm.o >&5
configure:6204: $? = 0
configure:6242: result: ok
configure:6279: checking for sysroot
configure:6309: result: no
configure:6532: checking for arm-linux-mt
configure:6562: result: no
configure:6572: checking for mt
configure:6588: found /bin/mt
configure:6599: result: mt
configure:6622: checking if mt is a manifest tool
configure:6628: mt '-?'
configure:6636: result: no
configure:7278: checking how to run the C preprocessor
configure:7309: /home/retsu/android-ndk/toolchains/arm-linux-androideabi-4.6/prebuilt/linux-x86/bin/arm-linux-androideabi-gcc --sysroot=/home/retsu/android-ndk/platforms/android-9/arch-arm/ -E -mfloat-abi=softfp -mfpu=neon -marm -march=armv7-a -mtune=cortex-a8 -mthumb -D__thumb__  -I/home/retsu/FFmpeg-Android/jni/ffmpeg-build/armeabi-v7a/include/freetype2 conftest.c
configure:7309: $? = 0
configure:7323: /home/retsu/android-ndk/toolchains/arm-linux-androideabi-4.6/prebuilt/linux-x86/bin/arm-linux-androideabi-gcc --sysroot=/home/retsu/android-ndk/platforms/android-9/arch-arm/ -E -mfloat-abi=softfp -mfpu=neon -marm -march=armv7-a -mtune=cortex-a8 -mthumb -D__thumb__  -I/home/retsu/FFmpeg-Android/jni/ffmpeg-build/armeabi-v7a/include/freetype2 conftest.c
conftest.c:11:28: fatal error: ac_nonexistent.h: No such file or directory
compilation terminated.
configure:7323: $? = 1
configure: failed program was:
| /* confdefs.h */
| #define PACKAGE_NAME "libass"
| #define PACKAGE_TARNAME "libass"
| #define PACKAGE_VERSION "0.10.2"
| #define PACKAGE_STRING "libass 0.10.2"
| #define PACKAGE_BUGREPORT ""
| #define PACKAGE_URL ""
| #define PACKAGE "libass"
| #define VERSION "0.10.2"
| /* end confdefs.h.  */
| #include <ac_nonexistent.h>
configure:7348: result: /home/retsu/android-ndk/toolchains/arm-linux-androideabi-4.6/prebuilt/linux-x86/bin/arm-linux-androideabi-gcc --sysroot=/home/retsu/android-ndk/platforms/android-9/arch-arm/ -E
configure:7368: /home/retsu/android-ndk/toolchains/arm-linux-androideabi-4.6/prebuilt/linux-x86/bin/arm-linux-androideabi-gcc --sysroot=/home/retsu/android-ndk/platforms/android-9/arch-arm/ -E -mfloat-abi=softfp -mfpu=neon -marm -march=armv7-a -mtune=cortex-a8 -mthumb -D__thumb__  -I/home/retsu/FFmpeg-Android/jni/ffmpeg-build/armeabi-v7a/include/freetype2 conftest.c
configure:7368: $? = 0
configure:7382: /home/retsu/android-ndk/toolchains/arm-linux-androideabi-4.6/prebuilt/linux-x86/bin/arm-linux-androideabi-gcc --sysroot=/home/retsu/android-ndk/platforms/android-9/arch-arm/ -E -mfloat-abi=softfp -mfpu=neon -marm -march=armv7-a -mtune=cortex-a8 -mthumb -D__thumb__  -I/home/retsu/FFmpeg-Android/jni/ffmpeg-build/armeabi-v7a/include/freetype2 conftest.c
conftest.c:11:28: fatal error: ac_nonexistent.h: No such file or directory
compilation terminated.
configure:7382: $? = 1
configure: failed program was:
| /* confdefs.h */
| #define PACKAGE_NAME "libass"
| #define PACKAGE_TARNAME "libass"
| #define PACKAGE_VERSION "0.10.2"
| #define PACKAGE_STRING "libass 0.10.2"
| #define PACKAGE_BUGREPORT ""
| #define PACKAGE_URL ""
| #define PACKAGE "libass"
| #define VERSION "0.10.2"
| /* end confdefs.h.  */
| #include <ac_nonexistent.h>
configure:7411: checking for ANSI C header files
configure:7431: /home/retsu/android-ndk/toolchains/arm-linux-androideabi-4.6/prebuilt/linux-x86/bin/arm-linux-androideabi-gcc --sysroot=/home/retsu/android-ndk/platforms/android-9/arch-arm/ -c -mfloat-abi=softfp -mfpu=neon -marm -march=armv7-a -mtune=cortex-a8 -mthumb -D__thumb__  -I/home/retsu/FFmpeg-Android/jni/ffmpeg-build/armeabi-v7a/include/freetype2 -mfloat-abi=softfp -mfpu=neon -marm -march=armv7-a -mtune=cortex-a8 -mthumb -D__thumb__  -I/home/retsu/FFmpeg-Android/jni/ffmpeg-build/armeabi-v7a/include/freetype2 conftest.c >&5
configure:7431: $? = 0
configure:7515: result: yes
configure:7528: checking for sys/types.h
configure:7528: /home/retsu/android-ndk/toolchains/arm-linux-androideabi-4.6/prebuilt/linux-x86/bin/arm-linux-androideabi-gcc --sysroot=/home/retsu/android-ndk/platforms/android-9/arch-arm/ -c -mfloat-abi=softfp -mfpu=neon -marm -march=armv7-a -mtune=cortex-a8 -mthumb -D__thumb__  -I/home/retsu/FFmpeg-Android/jni/ffmpeg-build/armeabi-v7a/include/freetype2 -mfloat-abi=softfp -mfpu=neon -marm -march=armv7-a -mtune=cortex-a8 -mthumb -D__thumb__  -I/home/retsu/FFmpeg-Android/jni/ffmpeg-build/armeabi-v7a/include/freetype2 conftest.c >&5
configure:7528: $? = 0
configure:7528: result: yes
configure:7528: checking for sys/stat.h
configure:7528: /home/retsu/android-ndk/toolchains/arm-linux-androideabi-4.6/prebuilt/linux-x86/bin/arm-linux-androideabi-gcc --sysroot=/home/retsu/android-ndk/platforms/android-9/arch-arm/ -c -mfloat-abi=softfp -mfpu=neon -marm -march=armv7-a -mtune=cortex-a8 -mthumb -D__thumb__  -I/home/retsu/FFmpeg-Android/jni/ffmpeg-build/armeabi-v7a/include/freetype2 -mfloat-abi=softfp -mfpu=neon -marm -march=armv7-a -mtune=cortex-a8 -mthumb -D__thumb__  -I/home/retsu/FFmpeg-Android/jni/ffmpeg-build/armeabi-v7a/include/freetype2 conftest.c >&5
configure:7528: $? = 0
configure:7528: result: yes
configure:7528: checking for stdlib.h
configure:7528: /home/retsu/android-ndk/toolchains/arm-linux-androideabi-4.6/prebuilt/linux-x86/bin/arm-linux-androideabi-gcc --sysroot=/home/retsu/android-ndk/platforms/android-9/arch-arm/ -c -mfloat-abi=softfp -mfpu=neon -marm -march=armv7-a -mtune=cortex-a8 -mthumb -D__thumb__  -I/home/retsu/FFmpeg-Android/jni/ffmpeg-build/armeabi-v7a/include/freetype2 -mfloat-abi=softfp -mfpu=neon -marm -march=armv7-a -mtune=cortex-a8 -mthumb -D__thumb__  -I/home/retsu/FFmpeg-Android/jni/ffmpeg-build/armeabi-v7a/include/freetype2 conftest.c >&5
configure:7528: $? = 0
configure:7528: result: yes
configure:7528: checking for string.h
configure:7528: /home/retsu/android-ndk/toolchains/arm-linux-androideabi-4.6/prebuilt/linux-x86/bin/arm-linux-androideabi-gcc --sysroot=/home/retsu/android-ndk/platforms/android-9/arch-arm/ -c -mfloat-abi=softfp -mfpu=neon -marm -march=armv7-a -mtune=cortex-a8 -mthumb -D__thumb__  -I/home/retsu/FFmpeg-Android/jni/ffmpeg-build/armeabi-v7a/include/freetype2 -mfloat-abi=softfp -mfpu=neon -marm -march=armv7-a -mtune=cortex-a8 -mthumb -D__thumb__  -I/home/retsu/FFmpeg-Android/jni/ffmpeg-build/armeabi-v7a/include/freetype2 conftest.c >&5
configure:7528: $? = 0
configure:7528: result: yes
configure:7528: checking for memory.h
configure:7528: /home/retsu/android-ndk/toolchains/arm-linux-androideabi-4.6/prebuilt/linux-x86/bin/arm-linux-androideabi-gcc --sysroot=/home/retsu/android-ndk/platforms/android-9/arch-arm/ -c -mfloat-abi=softfp -mfpu=neon -marm -march=armv7-a -mtune=cortex-a8 -mthumb -D__thumb__  -I/home/retsu/FFmpeg-Android/jni/ffmpeg-build/armeabi-v7a/include/freetype2 -mfloat-abi=softfp -mfpu=neon -marm -march=armv7-a -mtune=cortex-a8 -mthumb -D__thumb__  -I/home/retsu/FFmpeg-Android/jni/ffmpeg-build/armeabi-v7a/include/freetype2 conftest.c >&5
configure:7528: $? = 0
configure:7528: result: yes
configure:7528: checking for strings.h
configure:7528: /home/retsu/android-ndk/toolchains/arm-linux-androideabi-4.6/prebuilt/linux-x86/bin/arm-linux-androideabi-gcc --sysroot=/home/retsu/android-ndk/platforms/android-9/arch-arm/ -c -mfloat-abi=softfp -mfpu=neon -marm -march=armv7-a -mtune=cortex-a8 -mthumb -D__thumb__  -I/home/retsu/FFmpeg-Android/jni/ffmpeg-build/armeabi-v7a/include/freetype2 -mfloat-abi=softfp -mfpu=neon -marm -march=armv7-a -mtune=cortex-a8 -mthumb -D__thumb__  -I/home/retsu/FFmpeg-Android/jni/ffmpeg-build/armeabi-v7a/include/freetype2 conftest.c >&5
configure:7528: $? = 0
configure:7528: result: yes
configure:7528: checking for inttypes.h
configure:7528: /home/retsu/android-ndk/toolchains/arm-linux-androideabi-4.6/prebuilt/linux-x86/bin/arm-linux-androideabi-gcc --sysroot=/home/retsu/android-ndk/platforms/android-9/arch-arm/ -c -mfloat-abi=softfp -mfpu=neon -marm -march=armv7-a -mtune=cortex-a8 -mthumb -D__thumb__  -I/home/retsu/FFmpeg-Android/jni/ffmpeg-build/armeabi-v7a/include/freetype2 -mfloat-abi=softfp -mfpu=neon -marm -march=armv7-a -mtune=cortex-a8 -mthumb -D__thumb__  -I/home/retsu/FFmpeg-Android/jni/ffmpeg-build/armeabi-v7a/include/freetype2 conftest.c >&5
configure:7528: $? = 0
configure:7528: result: yes
configure:7528: checking for stdint.h
configure:7528: /home/retsu/android-ndk/toolchains/arm-linux-androideabi-4.6/prebuilt/linux-x86/bin/arm-linux-androideabi-gcc --sysroot=/home/retsu/android-ndk/platforms/android-9/arch-arm/ -c -mfloat-abi=softfp -mfpu=neon -marm -march=armv7-a -mtune=cortex-a8 -mthumb -D__thumb__  -I/home/retsu/FFmpeg-Android/jni/ffmpeg-build/armeabi-v7a/include/freetype2 -mfloat-abi=softfp -mfpu=neon -marm -march=armv7-a -mtune=cortex-a8 -mthumb -D__thumb__  -I/home/retsu/FFmpeg-Android/jni/ffmpeg-build/armeabi-v7a/include/freetype2 conftest.c >&5
configure:7528: $? = 0
configure:7528: result: yes
configure:7528: checking for unistd.h
configure:7528: /home/retsu/android-ndk/toolchains/arm-linux-androideabi-4.6/prebuilt/linux-x86/bin/arm-linux-androideabi-gcc --sysroot=/home/retsu/android-ndk/platforms/android-9/arch-arm/ -c -mfloat-abi=softfp -mfpu=neon -marm -march=armv7-a -mtune=cortex-a8 -mthumb -D__thumb__  -I/home/retsu/FFmpeg-Android/jni/ffmpeg-build/armeabi-v7a/include/freetype2 -mfloat-abi=softfp -mfpu=neon -marm -march=armv7-a -mtune=cortex-a8 -mthumb -D__thumb__  -I/home/retsu/FFmpeg-Android/jni/ffmpeg-build/armeabi-v7a/include/freetype2 conftest.c >&5
configure:7528: $? = 0
configure:7528: result: yes
configure:7542: checking for dlfcn.h
configure:7542: /home/retsu/android-ndk/toolchains/arm-linux-androideabi-4.6/prebuilt/linux-x86/bin/arm-linux-androideabi-gcc --sysroot=/home/retsu/android-ndk/platforms/android-9/arch-arm/ -c -mfloat-abi=softfp -mfpu=neon -marm -march=armv7-a -mtune=cortex-a8 -mthumb -D__thumb__  -I/home/retsu/FFmpeg-Android/jni/ffmpeg-build/armeabi-v7a/include/freetype2 -mfloat-abi=softfp -mfpu=neon -marm -march=armv7-a -mtune=cortex-a8 -mthumb -D__thumb__  -I/home/retsu/FFmpeg-Android/jni/ffmpeg-build/armeabi-v7a/include/freetype2 conftest.c >&5
configure:7542: $? = 0
configure:7542: result: yes
configure:7748: checking for objdir
configure:7763: result: .libs
configure:8034: checking if /home/retsu/android-ndk/toolchains/arm-linux-androideabi-4.6/prebuilt/linux-x86/bin/arm-linux-androideabi-gcc --sysroot=/home/retsu/android-ndk/platforms/android-9/arch-arm/ supports -fno-rtti -fno-exceptions
configure:8052: /home/retsu/android-ndk/toolchains/arm-linux-androideabi-4.6/prebuilt/linux-x86/bin/arm-linux-androideabi-gcc --sysroot=/home/retsu/android-ndk/platforms/android-9/arch-arm/ -c -mfloat-abi=softfp -mfpu=neon -marm -march=armv7-a -mtune=cortex-a8 -mthumb -D__thumb__  -I/home/retsu/FFmpeg-Android/jni/ffmpeg-build/armeabi-v7a/include/freetype2 -mfloat-abi=softfp -mfpu=neon -marm -march=armv7-a -mtune=cortex-a8 -mthumb -D__thumb__  -I/home/retsu/FFmpeg-Android/jni/ffmpeg-build/armeabi-v7a/include/freetype2 -fno-rtti -fno-exceptions conftest.c >&5
cc1: warning: command line option '-fno-rtti' is valid for C++/ObjC++ but not for C [enabled by default]
configure:8056: $? = 0
configure:8069: result: no
configure:8396: checking for /home/retsu/android-ndk/toolchains/arm-linux-androideabi-4.6/prebuilt/linux-x86/bin/arm-linux-androideabi-gcc --sysroot=/home/retsu/android-ndk/platforms/android-9/arch-arm/ option to produce PIC
configure:8403: result: -fPIC -DPIC
configure:8411: checking if /home/retsu/android-ndk/toolchains/arm-linux-androideabi-4.6/prebuilt/linux-x86/bin/arm-linux-androideabi-gcc --sysroot=/home/retsu/android-ndk/platforms/android-9/arch-arm/ PIC flag -fPIC -DPIC works
configure:8429: /home/retsu/android-ndk/toolchains/arm-linux-androideabi-4.6/prebuilt/linux-x86/bin/arm-linux-androideabi-gcc --sysroot=/home/retsu/android-ndk/platforms/android-9/arch-arm/ -c -mfloat-abi=softfp -mfpu=neon -marm -march=armv7-a -mtune=cortex-a8 -mthumb -D__thumb__  -I/home/retsu/FFmpeg-Android/jni/ffmpeg-build/armeabi-v7a/include/freetype2 -mfloat-abi=softfp -mfpu=neon -marm -march=armv7-a -mtune=cortex-a8 -mthumb -D__thumb__  -I/home/retsu/FFmpeg-Android/jni/ffmpeg-build/armeabi-v7a/include/freetype2 -fPIC -DPIC -DPIC conftest.c >&5
configure:8433: $? = 0
configure:8446: result: yes
configure:8475: checking if /home/retsu/android-ndk/toolchains/arm-linux-androideabi-4.6/prebuilt/linux-x86/bin/arm-linux-androideabi-gcc --sysroot=/home/retsu/android-ndk/platforms/android-9/arch-arm/ static flag -static works
configure:8503: result: no
configure:8518: checking if /home/retsu/android-ndk/toolchains/arm-linux-androideabi-4.6/prebuilt/linux-x86/bin/arm-linux-androideabi-gcc --sysroot=/home/retsu/android-ndk/platforms/android-9/arch-arm/ supports -c -o file.o
configure:8539: /home/retsu/android-ndk/toolchains/arm-linux-androideabi-4.6/prebuilt/linux-x86/bin/arm-linux-androideabi-gcc --sysroot=/home/retsu/android-ndk/platforms/android-9/arch-arm/ -c -mfloat-abi=softfp -mfpu=neon -marm -march=armv7-a -mtune=cortex-a8 -mthumb -D__thumb__  -I/home/retsu/FFmpeg-Android/jni/ffmpeg-build/armeabi-v7a/include/freetype2 -mfloat-abi=softfp -mfpu=neon -marm -march=armv7-a -mtune=cortex-a8 -mthumb -D__thumb__  -I/home/retsu/FFmpeg-Android/jni/ffmpeg-build/armeabi-v7a/include/freetype2 -o out/conftest2.o conftest.c >&5
configure:8543: $? = 0
configure:8565: result: yes
configure:8573: checking if /home/retsu/android-ndk/toolchains/arm-linux-androideabi-4.6/prebuilt/linux-x86/bin/arm-linux-androideabi-gcc --sysroot=/home/retsu/android-ndk/platforms/android-9/arch-arm/ supports -c -o file.o
configure:8620: result: yes
configure:8653: checking whether the /home/retsu/android-ndk/toolchains/arm-linux-androideabi-4.6/prebuilt/linux-x86/bin/arm-linux-androideabi-gcc --sysroot=/home/retsu/android-ndk/platforms/android-9/arch-arm/ linker (/home/retsu/android-ndk/toolchains/arm-linux-androideabi-4.6/prebuilt/linux-x86/arm-linux-androideabi/bin/ld) supports shared libraries
configure:9810: result: yes
configure:10050: checking dynamic linker characteristics
configure:10550: /home/retsu/android-ndk/toolchains/arm-linux-androideabi-4.6/prebuilt/linux-x86/bin/arm-linux-androideabi-gcc --sysroot=/home/retsu/android-ndk/platforms/android-9/arch-arm/ -o conftest -mfloat-abi=softfp -mfpu=neon -marm -march=armv7-a -mtune=cortex-a8 -mthumb -D__thumb__  -I/home/retsu/FFmpeg-Android/jni/ffmpeg-build/armeabi-v7a/include/freetype2 -mfloat-abi=softfp -mfpu=neon -marm -march=armv7-a -mtune=cortex-a8 -mthumb -D__thumb__  -I/home/retsu/FFmpeg-Android/jni/ffmpeg-build/armeabi-v7a/include/freetype2  -Wl,-rpath-link=/home/retsu/android-ndk/platforms/android-9/arch-arm//usr/lib -L/home/retsu/android-ndk/platforms/android-9/arch-arm//usr/lib -lc -lm -ldl -llog -Wl,-rpath -Wl,/foo conftest.c  >&5
configure:10550: $? = 0
configure:10784: result: GNU/Linux ld.so
configure:10891: checking how to hardcode library paths into programs
configure:10916: result: immediate
configure:11456: checking whether stripping libraries is possible
configure:11461: result: yes
configure:11496: checking if libtool supports shared libraries
configure:11498: result: yes
configure:11501: checking whether to build shared libraries
configure:11522: result: no
configure:11525: checking whether to build static libraries
configure:11529: result: yes
configure:11579: checking for arm-linux-gcc
configure:11606: result: /home/retsu/android-ndk/toolchains/arm-linux-androideabi-4.6/prebuilt/linux-x86/bin/arm-linux-androideabi-gcc --sysroot=/home/retsu/android-ndk/platforms/android-9/arch-arm/
configure:11875: checking for C compiler version
configure:11884: /home/retsu/android-ndk/toolchains/arm-linux-androideabi-4.6/prebuilt/linux-x86/bin/arm-linux-androideabi-gcc --sysroot=/home/retsu/android-ndk/platforms/android-9/arch-arm/ --version >&5
arm-linux-androideabi-gcc (GCC) 4.6 20120106 (prerelease)
Copyright (C) 2011 Free Software Foundation, Inc.
This is free software; see the source for copying conditions.  There is NO
warranty; not even for MERCHANTABILITY or FITNESS FOR A PARTICULAR PURPOSE.

configure:11895: $? = 0
configure:11884: /home/retsu/android-ndk/toolchains/arm-linux-androideabi-4.6/prebuilt/linux-x86/bin/arm-linux-androideabi-gcc --sysroot=/home/retsu/android-ndk/platforms/android-9/arch-arm/ -v >&5
Using built-in specs.
COLLECT_GCC=/home/retsu/android-ndk/toolchains/arm-linux-androideabi-4.6/prebuilt/linux-x86/bin/arm-linux-androideabi-gcc
COLLECT_LTO_WRAPPER=/home/retsu/android-ndk/toolchains/arm-linux-androideabi-4.6/prebuilt/linux-x86/bin/../libexec/gcc/arm-linux-androideabi/4.6/lto-wrapper
Target: arm-linux-androideabi
Configured with: /usr/local/google/home/andrewhsieh/ndk-andrewhsieh/src/build/../gcc/gcc-4.6/configure --prefix=/tmp/ndk-andrewhsieh/build/toolchain/prefix --target=arm-linux-androideabi --host=x86_64-linux-gnu --build=x86_64-linux-gnu --with-gnu-as --with-gnu-ld --enable-languages=c,c++ --with-gmp=/tmp/ndk-andrewhsieh/build/toolchain/temp-install --with-mpfr=/tmp/ndk-andrewhsieh/build/toolchain/temp-install --with-mpc=/tmp/ndk-andrewhsieh/build/toolchain/temp-install --without-ppl --without-cloog --disable-libssp --enable-threads --disable-nls --disable-libmudflap --disable-libgomp --disable-libstdc__-v3 --disable-sjlj-exceptions --disable-shared --disable-tls --disable-libitm --with-float=soft --with-fpu=vfp --with-arch=armv5te --enable-target-optspace --enable-initfini-array --disable-nls --prefix=/tmp/ndk-andrewhsieh/build/toolchain/prefix --with-sysroot=/tmp/ndk-andrewhsieh/build/toolchain/prefix/sysroot --with-binutils-version=2.21 --with-mpfr-version=2.4.1 --with-mpc-version=0.8.1 --with-gmp-version=5.0.5 --with-gcc-version=4.6 --with-gdb-version=7.3.x --with-gxx-include-dir=/tmp/ndk-andrewhsieh/build/toolchain/prefix/include/c++/4.6 --disable-bootstrap --disable-libquadmath --disable-plugin --enable-gold --with-arch=armv5te --program-transform-name='s&^&arm-linux-androideabi-&' --enable-gold=default
Thread model: posix
gcc version 4.6 20120106 (prerelease) (GCC) 
configure:11895: $? = 0
configure:11884: /home/retsu/android-ndk/toolchains/arm-linux-androideabi-4.6/prebuilt/linux-x86/bin/arm-linux-androideabi-gcc --sysroot=/home/retsu/android-ndk/platforms/android-9/arch-arm/ -V >&5
arm-linux-androideabi-gcc: error: unrecognized option '-V'
arm-linux-androideabi-gcc: fatal error: no input files
compilation terminated.
configure:11895: $? = 1
configure:11884: /home/retsu/android-ndk/toolchains/arm-linux-androideabi-4.6/prebuilt/linux-x86/bin/arm-linux-androideabi-gcc --sysroot=/home/retsu/android-ndk/platforms/android-9/arch-arm/ -qversion >&5
arm-linux-androideabi-gcc: error: unrecognized option '-qversion'
arm-linux-androideabi-gcc: fatal error: no input files
compilation terminated.
configure:11895: $? = 1
configure:11899: checking whether we are using the GNU C compiler
configure:11927: result: yes
configure:11936: checking whether /home/retsu/android-ndk/toolchains/arm-linux-androideabi-4.6/prebuilt/linux-x86/bin/arm-linux-androideabi-gcc --sysroot=/home/retsu/android-ndk/platforms/android-9/arch-arm/ accepts -g
configure:11997: result: yes
configure:12014: checking for /home/retsu/android-ndk/toolchains/arm-linux-androideabi-4.6/prebuilt/linux-x86/bin/arm-linux-androideabi-gcc --sysroot=/home/retsu/android-ndk/platforms/android-9/arch-arm/ option to accept ISO C89
configure:12090: result: none needed
configure:12112: checking dependency style of /home/retsu/android-ndk/toolchains/arm-linux-androideabi-4.6/prebuilt/linux-x86/bin/arm-linux-androideabi-gcc --sysroot=/home/retsu/android-ndk/platforms/android-9/arch-arm/
configure:12223: result: none
configure:12243: checking how to run the C preprocessor
configure:12313: result: /home/retsu/android-ndk/toolchains/arm-linux-androideabi-4.6/prebuilt/linux-x86/bin/arm-linux-androideabi-gcc --sysroot=/home/retsu/android-ndk/platforms/android-9/arch-arm/ -E
configure:12333: /home/retsu/android-ndk/toolchains/arm-linux-androideabi-4.6/prebuilt/linux-x86/bin/arm-linux-androideabi-gcc --sysroot=/home/retsu/android-ndk/platforms/android-9/arch-arm/ -E -mfloat-abi=softfp -mfpu=neon -marm -march=armv7-a -mtune=cortex-a8 -mthumb -D__thumb__  -I/home/retsu/FFmpeg-Android/jni/ffmpeg-build/armeabi-v7a/include/freetype2 conftest.c
configure:12333: $? = 0
configure:12347: /home/retsu/android-ndk/toolchains/arm-linux-androideabi-4.6/prebuilt/linux-x86/bin/arm-linux-androideabi-gcc --sysroot=/home/retsu/android-ndk/platforms/android-9/arch-arm/ -E -mfloat-abi=softfp -mfpu=neon -marm -march=armv7-a -mtune=cortex-a8 -mthumb -D__thumb__  -I/home/retsu/FFmpeg-Android/jni/ffmpeg-build/armeabi-v7a/include/freetype2 conftest.c
conftest.c:23:28: fatal error: ac_nonexistent.h: No such file or directory
compilation terminated.
configure:12347: $? = 1
configure: failed program was:
| /* confdefs.h */
| #define PACKAGE_NAME "libass"
| #define PACKAGE_TARNAME "libass"
| #define PACKAGE_VERSION "0.10.2"
| #define PACKAGE_STRING "libass 0.10.2"
| #define PACKAGE_BUGREPORT ""
| #define PACKAGE_URL ""
| #define PACKAGE "libass"
| #define VERSION "0.10.2"
| #define STDC_HEADERS 1
| #define HAVE_SYS_TYPES_H 1
| #define HAVE_SYS_STAT_H 1
| #define HAVE_STDLIB_H 1
| #define HAVE_STRING_H 1
| #define HAVE_MEMORY_H 1
| #define HAVE_STRINGS_H 1
| #define HAVE_INTTYPES_H 1
| #define HAVE_STDINT_H 1
| #define HAVE_UNISTD_H 1
| #define HAVE_DLFCN_H 1
| #define LT_OBJDIR ".libs/"
| /* end confdefs.h.  */
| #include <ac_nonexistent.h>
configure:12376: checking whether /home/retsu/android-ndk/toolchains/arm-linux-androideabi-4.6/prebuilt/linux-x86/bin/arm-linux-androideabi-gcc --sysroot=/home/retsu/android-ndk/platforms/android-9/arch-arm/ and cc understand -c and -o together
configure:12407: /home/retsu/android-ndk/toolchains/arm-linux-androideabi-4.6/prebuilt/linux-x86/bin/arm-linux-androideabi-gcc --sysroot=/home/retsu/android-ndk/platforms/android-9/arch-arm/ -c conftest.c -o conftest2.o >&5
configure:12411: $? = 0
configure:12417: /home/retsu/android-ndk/toolchains/arm-linux-androideabi-4.6/prebuilt/linux-x86/bin/arm-linux-androideabi-gcc --sysroot=/home/retsu/android-ndk/platforms/android-9/arch-arm/ -c conftest.c -o conftest2.o >&5
configure:12421: $? = 0
configure:12432: cc -c conftest.c >&5
configure:12436: $? = 0
configure:12444: cc -c conftest.c -o conftest2.o >&5
configure:12448: $? = 0
configure:12454: cc -c conftest.c -o conftest2.o >&5
configure:12458: $? = 0
configure:12476: result: yes
configure:12510: checking dependency style of /home/retsu/android-ndk/toolchains/arm-linux-androideabi-4.6/prebuilt/linux-x86/bin/arm-linux-androideabi-gcc --sysroot=/home/retsu/android-ndk/platforms/android-9/arch-arm/
configure:12619: result: none
configure:12636: checking for ANSI C header files
configure:12740: result: yes
configure:12748: checking for stdbool.h that conforms to C99
configure:12815: /home/retsu/android-ndk/toolchains/arm-linux-androideabi-4.6/prebuilt/linux-x86/bin/arm-linux-androideabi-gcc --sysroot=/home/retsu/android-ndk/platforms/android-9/arch-arm/ -c -mfloat-abi=softfp -mfpu=neon -marm -march=armv7-a -mtune=cortex-a8 -mthumb -D__thumb__  -I/home/retsu/FFmpeg-Android/jni/ffmpeg-build/armeabi-v7a/include/freetype2 -mfloat-abi=softfp -mfpu=neon -marm -march=armv7-a -mtune=cortex-a8 -mthumb -D__thumb__  -I/home/retsu/FFmpeg-Android/jni/ffmpeg-build/armeabi-v7a/include/freetype2 conftest.c >&5
configure:12815: $? = 0
configure:12822: result: yes
configure:12824: checking for _Bool
configure:12824: /home/retsu/android-ndk/toolchains/arm-linux-androideabi-4.6/prebuilt/linux-x86/bin/arm-linux-androideabi-gcc --sysroot=/home/retsu/android-ndk/platforms/android-9/arch-arm/ -c -mfloat-abi=softfp -mfpu=neon -marm -march=armv7-a -mtune=cortex-a8 -mthumb -D__thumb__  -I/home/retsu/FFmpeg-Android/jni/ffmpeg-build/armeabi-v7a/include/freetype2 -mfloat-abi=softfp -mfpu=neon -marm -march=armv7-a -mtune=cortex-a8 -mthumb -D__thumb__  -I/home/retsu/FFmpeg-Android/jni/ffmpeg-build/armeabi-v7a/include/freetype2 conftest.c >&5
configure:12824: $? = 0
configure:12824: /home/retsu/android-ndk/toolchains/arm-linux-androideabi-4.6/prebuilt/linux-x86/bin/arm-linux-androideabi-gcc --sysroot=/home/retsu/android-ndk/platforms/android-9/arch-arm/ -c -mfloat-abi=softfp -mfpu=neon -marm -march=armv7-a -mtune=cortex-a8 -mthumb -D__thumb__  -I/home/retsu/FFmpeg-Android/jni/ffmpeg-build/armeabi-v7a/include/freetype2 -mfloat-abi=softfp -mfpu=neon -marm -march=armv7-a -mtune=cortex-a8 -mthumb -D__thumb__  -I/home/retsu/FFmpeg-Android/jni/ffmpeg-build/armeabi-v7a/include/freetype2 conftest.c >&5
conftest.c: In function 'main':
conftest.c:60:20: error: expected expression before ')' token
configure:12824: $? = 1
configure: failed program was:
| /* confdefs.h */
| #define PACKAGE_NAME "libass"
| #define PACKAGE_TARNAME "libass"
| #define PACKAGE_VERSION "0.10.2"
| #define PACKAGE_STRING "libass 0.10.2"
| #define PACKAGE_BUGREPORT ""
| #define PACKAGE_URL ""
| #define PACKAGE "libass"
| #define VERSION "0.10.2"
| #define STDC_HEADERS 1
| #define HAVE_SYS_TYPES_H 1
| #define HAVE_SYS_STAT_H 1
| #define HAVE_STDLIB_H 1
| #define HAVE_STRING_H 1
| #define HAVE_MEMORY_H 1
| #define HAVE_STRINGS_H 1
| #define HAVE_INTTYPES_H 1
| #define HAVE_STDINT_H 1
| #define HAVE_UNISTD_H 1
| #define HAVE_DLFCN_H 1
| #define LT_OBJDIR ".libs/"
| #define STDC_HEADERS 1
| /* end confdefs.h.  */
| #include <stdio.h>
| #ifdef HAVE_SYS_TYPES_H
| # include <sys/types.h>
| #endif
| #ifdef HAVE_SYS_STAT_H
| # include <sys/stat.h>
| #endif
| #ifdef STDC_HEADERS
| # include <stdlib.h>
| # include <stddef.h>
| #else
| # ifdef HAVE_STDLIB_H
| #  include <stdlib.h>
| # endif
| #endif
| #ifdef HAVE_STRING_H
| # if !defined STDC_HEADERS && defined HAVE_MEMORY_H
| #  include <memory.h>
| # endif
| # include <string.h>
| #endif
| #ifdef HAVE_STRINGS_H
| # include <strings.h>
| #endif
| #ifdef HAVE_INTTYPES_H
| # include <inttypes.h>
| #endif
| #ifdef HAVE_STDINT_H
| # include <stdint.h>
| #endif
| #ifdef HAVE_UNISTD_H
| # include <unistd.h>
| #endif
| int
| main ()
| {
| if (sizeof ((_Bool)))
| 	    return 0;
|   ;
|   return 0;
| }
configure:12824: result: yes
configure:12844: checking for inttypes.h
configure:12844: result: yes
configure:12844: checking for stdint.h
configure:12844: result: yes
configure:12844: checking for stdlib.h
configure:12844: result: yes
configure:12844: checking for string.h
configure:12844: result: yes
configure:12844: checking sys/time.h usability
configure:12844: /home/retsu/android-ndk/toolchains/arm-linux-androideabi-4.6/prebuilt/linux-x86/bin/arm-linux-androideabi-gcc --sysroot=/home/retsu/android-ndk/platforms/android-9/arch-arm/ -c -mfloat-abi=softfp -mfpu=neon -marm -march=armv7-a -mtune=cortex-a8 -mthumb -D__thumb__  -I/home/retsu/FFmpeg-Android/jni/ffmpeg-build/armeabi-v7a/include/freetype2 -mfloat-abi=softfp -mfpu=neon -marm -march=armv7-a -mtune=cortex-a8 -mthumb -D__thumb__  -I/home/retsu/FFmpeg-Android/jni/ffmpeg-build/armeabi-v7a/include/freetype2 conftest.c >&5
configure:12844: $? = 0
configure:12844: result: yes
configure:12844: checking sys/time.h presence
configure:12844: /home/retsu/android-ndk/toolchains/arm-linux-androideabi-4.6/prebuilt/linux-x86/bin/arm-linux-androideabi-gcc --sysroot=/home/retsu/android-ndk/platforms/android-9/arch-arm/ -E -mfloat-abi=softfp -mfpu=neon -marm -march=armv7-a -mtune=cortex-a8 -mthumb -D__thumb__  -I/home/retsu/FFmpeg-Android/jni/ffmpeg-build/armeabi-v7a/include/freetype2 conftest.c
configure:12844: $? = 0
configure:12844: result: yes
configure:12844: checking for sys/time.h
configure:12844: result: yes
configure:12844: checking for unistd.h
configure:12844: result: yes
configure:12844: checking iconv.h usability
configure:12844: /home/retsu/android-ndk/toolchains/arm-linux-androideabi-4.6/prebuilt/linux-x86/bin/arm-linux-androideabi-gcc --sysroot=/home/retsu/android-ndk/platforms/android-9/arch-arm/ -c -mfloat-abi=softfp -mfpu=neon -marm -march=armv7-a -mtune=cortex-a8 -mthumb -D__thumb__  -I/home/retsu/FFmpeg-Android/jni/ffmpeg-build/armeabi-v7a/include/freetype2 -mfloat-abi=softfp -mfpu=neon -marm -march=armv7-a -mtune=cortex-a8 -mthumb -D__thumb__  -I/home/retsu/FFmpeg-Android/jni/ffmpeg-build/armeabi-v7a/include/freetype2 conftest.c >&5
conftest.c:65:19: fatal error: iconv.h: No such file or directory
compilation terminated.
configure:12844: $? = 1
configure: failed program was:
| /* confdefs.h */
| #define PACKAGE_NAME "libass"
| #define PACKAGE_TARNAME "libass"
| #define PACKAGE_VERSION "0.10.2"
| #define PACKAGE_STRING "libass 0.10.2"
| #define PACKAGE_BUGREPORT ""
| #define PACKAGE_URL ""
| #define PACKAGE "libass"
| #define VERSION "0.10.2"
| #define STDC_HEADERS 1
| #define HAVE_SYS_TYPES_H 1
| #define HAVE_SYS_STAT_H 1
| #define HAVE_STDLIB_H 1
| #define HAVE_STRING_H 1
| #define HAVE_MEMORY_H 1
| #define HAVE_STRINGS_H 1
| #define HAVE_INTTYPES_H 1
| #define HAVE_STDINT_H 1
| #define HAVE_UNISTD_H 1
| #define HAVE_DLFCN_H 1
| #define LT_OBJDIR ".libs/"
| #define STDC_HEADERS 1
| #define HAVE__BOOL 1
| #define HAVE_STDBOOL_H 1
| #define HAVE_INTTYPES_H 1
| #define HAVE_STDINT_H 1
| #define HAVE_STDLIB_H 1
| #define HAVE_STRING_H 1
| #define HAVE_SYS_TIME_H 1
| #define HAVE_UNISTD_H 1
| /* end confdefs.h.  */
| #include <stdio.h>
| #ifdef HAVE_SYS_TYPES_H
| # include <sys/types.h>
| #endif
| #ifdef HAVE_SYS_STAT_H
| # include <sys/stat.h>
| #endif
| #ifdef STDC_HEADERS
| # include <stdlib.h>
| # include <stddef.h>
| #else
| # ifdef HAVE_STDLIB_H
| #  include <stdlib.h>
| # endif
| #endif
| #ifdef HAVE_STRING_H
| # if !defined STDC_HEADERS && defined HAVE_MEMORY_H
| #  include <memory.h>
| # endif
| # include <string.h>
| #endif
| #ifdef HAVE_STRINGS_H
| # include <strings.h>
| #endif
| #ifdef HAVE_INTTYPES_H
| # include <inttypes.h>
| #endif
| #ifdef HAVE_STDINT_H
| # include <stdint.h>
| #endif
| #ifdef HAVE_UNISTD_H
| # include <unistd.h>
| #endif
| #include <iconv.h>
configure:12844: result: no
configure:12844: checking iconv.h presence
configure:12844: /home/retsu/android-ndk/toolchains/arm-linux-androideabi-4.6/prebuilt/linux-x86/bin/arm-linux-androideabi-gcc --sysroot=/home/retsu/android-ndk/platforms/android-9/arch-arm/ -E -mfloat-abi=softfp -mfpu=neon -marm -march=armv7-a -mtune=cortex-a8 -mthumb -D__thumb__  -I/home/retsu/FFmpeg-Android/jni/ffmpeg-build/armeabi-v7a/include/freetype2 conftest.c
conftest.c:32:19: fatal error: iconv.h: No such file or directory
compilation terminated.
configure:12844: $? = 1
configure: failed program was:
| /* confdefs.h */
| #define PACKAGE_NAME "libass"
| #define PACKAGE_TARNAME "libass"
| #define PACKAGE_VERSION "0.10.2"
| #define PACKAGE_STRING "libass 0.10.2"
| #define PACKAGE_BUGREPORT ""
| #define PACKAGE_URL ""
| #define PACKAGE "libass"
| #define VERSION "0.10.2"
| #define STDC_HEADERS 1
| #define HAVE_SYS_TYPES_H 1
| #define HAVE_SYS_STAT_H 1
| #define HAVE_STDLIB_H 1
| #define HAVE_STRING_H 1
| #define HAVE_MEMORY_H 1
| #define HAVE_STRINGS_H 1
| #define HAVE_INTTYPES_H 1
| #define HAVE_STDINT_H 1
| #define HAVE_UNISTD_H 1
| #define HAVE_DLFCN_H 1
| #define LT_OBJDIR ".libs/"
| #define STDC_HEADERS 1
| #define HAVE__BOOL 1
| #define HAVE_STDBOOL_H 1
| #define HAVE_INTTYPES_H 1
| #define HAVE_STDINT_H 1
| #define HAVE_STDLIB_H 1
| #define HAVE_STRING_H 1
| #define HAVE_SYS_TIME_H 1
| #define HAVE_UNISTD_H 1
| /* end confdefs.h.  */
| #include <iconv.h>
configure:12844: result: no
configure:12844: checking for iconv.h
configure:12844: result: no
configure:12856: checking for an ANSI C-conforming const
configure:12922: /home/retsu/android-ndk/toolchains/arm-linux-androideabi-4.6/prebuilt/linux-x86/bin/arm-linux-androideabi-gcc --sysroot=/home/retsu/android-ndk/platforms/android-9/arch-arm/ -c -mfloat-abi=softfp -mfpu=neon -marm -march=armv7-a -mtune=cortex-a8 -mthumb -D__thumb__  -I/home/retsu/FFmpeg-Android/jni/ffmpeg-build/armeabi-v7a/include/freetype2 -mfloat-abi=softfp -mfpu=neon -marm -march=armv7-a -mtune=cortex-a8 -mthumb -D__thumb__  -I/home/retsu/FFmpeg-Android/jni/ffmpeg-build/armeabi-v7a/include/freetype2 conftest.c >&5
configure:12922: $? = 0
configure:12929: result: yes
configure:12937: checking for inline
configure:12953: /home/retsu/android-ndk/toolchains/arm-linux-androideabi-4.6/prebuilt/linux-x86/bin/arm-linux-androideabi-gcc --sysroot=/home/retsu/android-ndk/platforms/android-9/arch-arm/ -c -mfloat-abi=softfp -mfpu=neon -marm -march=armv7-a -mtune=cortex-a8 -mthumb -D__thumb__  -I/home/retsu/FFmpeg-Android/jni/ffmpeg-build/armeabi-v7a/include/freetype2 -mfloat-abi=softfp -mfpu=neon -marm -march=armv7-a -mtune=cortex-a8 -mthumb -D__thumb__  -I/home/retsu/FFmpeg-Android/jni/ffmpeg-build/armeabi-v7a/include/freetype2 conftest.c >&5
configure:12953: $? = 0
configure:12961: result: inline
configure:12979: checking for int64_t
configure:12979: /home/retsu/android-ndk/toolchains/arm-linux-androideabi-4.6/prebuilt/linux-x86/bin/arm-linux-androideabi-gcc --sysroot=/home/retsu/android-ndk/platforms/android-9/arch-arm/ -c -mfloat-abi=softfp -mfpu=neon -marm -march=armv7-a -mtune=cortex-a8 -mthumb -D__thumb__  -I/home/retsu/FFmpeg-Android/jni/ffmpeg-build/armeabi-v7a/include/freetype2 -mfloat-abi=softfp -mfpu=neon -marm -march=armv7-a -mtune=cortex-a8 -mthumb -D__thumb__  -I/home/retsu/FFmpeg-Android/jni/ffmpeg-build/armeabi-v7a/include/freetype2 conftest.c >&5
configure:12979: $? = 0
configure:12979: /home/retsu/android-ndk/toolchains/arm-linux-androideabi-4.6/prebuilt/linux-x86/bin/arm-linux-androideabi-gcc --sysroot=/home/retsu/android-ndk/platforms/android-9/arch-arm/ -c -mfloat-abi=softfp -mfpu=neon -marm -march=armv7-a -mtune=cortex-a8 -mthumb -D__thumb__  -I/home/retsu/FFmpeg-Android/jni/ffmpeg-build/armeabi-v7a/include/freetype2 -mfloat-abi=softfp -mfpu=neon -marm -march=armv7-a -mtune=cortex-a8 -mthumb -D__thumb__  -I/home/retsu/FFmpeg-Android/jni/ffmpeg-build/armeabi-v7a/include/freetype2 conftest.c >&5
conftest.c: In function 'main':
conftest.c:70:53: warning: integer overflow in expression [-Woverflow]
conftest.c:69:12: error: size of array 'test_array' is negative
conftest.c:69:12: error: storage size of 'test_array' isn't constant
configure:12979: $? = 1
configure: failed program was:
| /* confdefs.h */
| #define PACKAGE_NAME "libass"
| #define PACKAGE_TARNAME "libass"
| #define PACKAGE_VERSION "0.10.2"
| #define PACKAGE_STRING "libass 0.10.2"
| #define PACKAGE_BUGREPORT ""
| #define PACKAGE_URL ""
| #define PACKAGE "libass"
| #define VERSION "0.10.2"
| #define STDC_HEADERS 1
| #define HAVE_SYS_TYPES_H 1
| #define HAVE_SYS_STAT_H 1
| #define HAVE_STDLIB_H 1
| #define HAVE_STRING_H 1
| #define HAVE_MEMORY_H 1
| #define HAVE_STRINGS_H 1
| #define HAVE_INTTYPES_H 1
| #define HAVE_STDINT_H 1
| #define HAVE_UNISTD_H 1
| #define HAVE_DLFCN_H 1
| #define LT_OBJDIR ".libs/"
| #define STDC_HEADERS 1
| #define HAVE__BOOL 1
| #define HAVE_STDBOOL_H 1
| #define HAVE_INTTYPES_H 1
| #define HAVE_STDINT_H 1
| #define HAVE_STDLIB_H 1
| #define HAVE_STRING_H 1
| #define HAVE_SYS_TIME_H 1
| #define HAVE_UNISTD_H 1
| /* end confdefs.h.  */
| #include <stdio.h>
| #ifdef HAVE_SYS_TYPES_H
| # include <sys/types.h>
| #endif
| #ifdef HAVE_SYS_STAT_H
| # include <sys/stat.h>
| #endif
| #ifdef STDC_HEADERS
| # include <stdlib.h>
| # include <stddef.h>
| #else
| # ifdef HAVE_STDLIB_H
| #  include <stdlib.h>
| # endif
| #endif
| #ifdef HAVE_STRING_H
| # if !defined STDC_HEADERS && defined HAVE_MEMORY_H
| #  include <memory.h>
| # endif
| # include <string.h>
| #endif
| #ifdef HAVE_STRINGS_H
| # include <strings.h>
| #endif
| #ifdef HAVE_INTTYPES_H
| # include <inttypes.h>
| #endif
| #ifdef HAVE_STDINT_H
| # include <stdint.h>
| #endif
| #ifdef HAVE_UNISTD_H
| # include <unistd.h>
| #endif
| 	        enum { N = 64 / 2 - 1 };
| int
| main ()
| {
| static int test_array [1 - 2 * !((int64_t) (((((int64_t) 1 << N) << N) - 1) * 2 + 1)
| 		 < (int64_t) (((((int64_t) 1 << N) << N) - 1) * 2 + 2))];
| test_array [0] = 0;
| return test_array [0];
| 
|   ;
|   return 0;
| }
configure:12979: result: yes
configure:12990: checking for size_t
configure:12990: /home/retsu/android-ndk/toolchains/arm-linux-androideabi-4.6/prebuilt/linux-x86/bin/arm-linux-androideabi-gcc --sysroot=/home/retsu/android-ndk/platforms/android-9/arch-arm/ -c -mfloat-abi=softfp -mfpu=neon -marm -march=armv7-a -mtune=cortex-a8 -mthumb -D__thumb__  -I/home/retsu/FFmpeg-Android/jni/ffmpeg-build/armeabi-v7a/include/freetype2 -mfloat-abi=softfp -mfpu=neon -marm -march=armv7-a -mtune=cortex-a8 -mthumb -D__thumb__  -I/home/retsu/FFmpeg-Android/jni/ffmpeg-build/armeabi-v7a/include/freetype2 conftest.c >&5
configure:12990: $? = 0
configure:12990: /home/retsu/android-ndk/toolchains/arm-linux-androideabi-4.6/prebuilt/linux-x86/bin/arm-linux-androideabi-gcc --sysroot=/home/retsu/android-ndk/platforms/android-9/arch-arm/ -c -mfloat-abi=softfp -mfpu=neon -marm -march=armv7-a -mtune=cortex-a8 -mthumb -D__thumb__  -I/home/retsu/FFmpeg-Android/jni/ffmpeg-build/armeabi-v7a/include/freetype2 -mfloat-abi=softfp -mfpu=neon -marm -march=armv7-a -mtune=cortex-a8 -mthumb -D__thumb__  -I/home/retsu/FFmpeg-Android/jni/ffmpeg-build/armeabi-v7a/include/freetype2 conftest.c >&5
conftest.c: In function 'main':
conftest.c:68:21: error: expected expression before ')' token
configure:12990: $? = 1
configure: failed program was:
| /* confdefs.h */
| #define PACKAGE_NAME "libass"
| #define PACKAGE_TARNAME "libass"
| #define PACKAGE_VERSION "0.10.2"
| #define PACKAGE_STRING "libass 0.10.2"
| #define PACKAGE_BUGREPORT ""
| #define PACKAGE_URL ""
| #define PACKAGE "libass"
| #define VERSION "0.10.2"
| #define STDC_HEADERS 1
| #define HAVE_SYS_TYPES_H 1
| #define HAVE_SYS_STAT_H 1
| #define HAVE_STDLIB_H 1
| #define HAVE_STRING_H 1
| #define HAVE_MEMORY_H 1
| #define HAVE_STRINGS_H 1
| #define HAVE_INTTYPES_H 1
| #define HAVE_STDINT_H 1
| #define HAVE_UNISTD_H 1
| #define HAVE_DLFCN_H 1
| #define LT_OBJDIR ".libs/"
| #define STDC_HEADERS 1
| #define HAVE__BOOL 1
| #define HAVE_STDBOOL_H 1
| #define HAVE_INTTYPES_H 1
| #define HAVE_STDINT_H 1
| #define HAVE_STDLIB_H 1
| #define HAVE_STRING_H 1
| #define HAVE_SYS_TIME_H 1
| #define HAVE_UNISTD_H 1
| /* end confdefs.h.  */
| #include <stdio.h>
| #ifdef HAVE_SYS_TYPES_H
| # include <sys/types.h>
| #endif
| #ifdef HAVE_SYS_STAT_H
| # include <sys/stat.h>
| #endif
| #ifdef STDC_HEADERS
| # include <stdlib.h>
| # include <stddef.h>
| #else
| # ifdef HAVE_STDLIB_H
| #  include <stdlib.h>
| # endif
| #endif
| #ifdef HAVE_STRING_H
| # if !defined STDC_HEADERS && defined HAVE_MEMORY_H
| #  include <memory.h>
| # endif
| # include <string.h>
| #endif
| #ifdef HAVE_STRINGS_H
| # include <strings.h>
| #endif
| #ifdef HAVE_INTTYPES_H
| # include <inttypes.h>
| #endif
| #ifdef HAVE_STDINT_H
| # include <stdint.h>
| #endif
| #ifdef HAVE_UNISTD_H
| # include <unistd.h>
| #endif
| int
| main ()
| {
| if (sizeof ((size_t)))
| 	    return 0;
|   ;
|   return 0;
| }
configure:12990: result: yes
configure:13001: checking for uint32_t
configure:13001: /home/retsu/android-ndk/toolchains/arm-linux-androideabi-4.6/prebuilt/linux-x86/bin/arm-linux-androideabi-gcc --sysroot=/home/retsu/android-ndk/platforms/android-9/arch-arm/ -c -mfloat-abi=softfp -mfpu=neon -marm -march=armv7-a -mtune=cortex-a8 -mthumb -D__thumb__  -I/home/retsu/FFmpeg-Android/jni/ffmpeg-build/armeabi-v7a/include/freetype2 -mfloat-abi=softfp -mfpu=neon -marm -march=armv7-a -mtune=cortex-a8 -mthumb -D__thumb__  -I/home/retsu/FFmpeg-Android/jni/ffmpeg-build/armeabi-v7a/include/freetype2 conftest.c >&5
configure:13001: $? = 0
configure:13001: result: yes
configure:13015: checking for uint8_t
configure:13015: /home/retsu/android-ndk/toolchains/arm-linux-androideabi-4.6/prebuilt/linux-x86/bin/arm-linux-androideabi-gcc --sysroot=/home/retsu/android-ndk/platforms/android-9/arch-arm/ -c -mfloat-abi=softfp -mfpu=neon -marm -march=armv7-a -mtune=cortex-a8 -mthumb -D__thumb__  -I/home/retsu/FFmpeg-Android/jni/ffmpeg-build/armeabi-v7a/include/freetype2 -mfloat-abi=softfp -mfpu=neon -marm -march=armv7-a -mtune=cortex-a8 -mthumb -D__thumb__  -I/home/retsu/FFmpeg-Android/jni/ffmpeg-build/armeabi-v7a/include/freetype2 conftest.c >&5
configure:13015: $? = 0
configure:13015: result: yes
configure:13034: checking for mkdir
configure:13034: /home/retsu/android-ndk/toolchains/arm-linux-androideabi-4.6/prebuilt/linux-x86/bin/arm-linux-androideabi-gcc --sysroot=/home/retsu/android-ndk/platforms/android-9/arch-arm/ -o conftest -mfloat-abi=softfp -mfpu=neon -marm -march=armv7-a -mtune=cortex-a8 -mthumb -D__thumb__  -I/home/retsu/FFmpeg-Android/jni/ffmpeg-build/armeabi-v7a/include/freetype2 -mfloat-abi=softfp -mfpu=neon -marm -march=armv7-a -mtune=cortex-a8 -mthumb -D__thumb__  -I/home/retsu/FFmpeg-Android/jni/ffmpeg-build/armeabi-v7a/include/freetype2  -Wl,-rpath-link=/home/retsu/android-ndk/platforms/android-9/arch-arm//usr/lib -L/home/retsu/android-ndk/platforms/android-9/arch-arm//usr/lib -lc -lm -ldl -llog conftest.c  >&5
configure:13034: $? = 0
configure:13034: result: yes
configure:13034: checking for strcasecmp
configure:13034: /home/retsu/android-ndk/toolchains/arm-linux-androideabi-4.6/prebuilt/linux-x86/bin/arm-linux-androideabi-gcc --sysroot=/home/retsu/android-ndk/platforms/android-9/arch-arm/ -o conftest -mfloat-abi=softfp -mfpu=neon -marm -march=armv7-a -mtune=cortex-a8 -mthumb -D__thumb__  -I/home/retsu/FFmpeg-Android/jni/ffmpeg-build/armeabi-v7a/include/freetype2 -mfloat-abi=softfp -mfpu=neon -marm -march=armv7-a -mtune=cortex-a8 -mthumb -D__thumb__  -I/home/retsu/FFmpeg-Android/jni/ffmpeg-build/armeabi-v7a/include/freetype2  -Wl,-rpath-link=/home/retsu/android-ndk/platforms/android-9/arch-arm//usr/lib -L/home/retsu/android-ndk/platforms/android-9/arch-arm//usr/lib -lc -lm -ldl -llog conftest.c  >&5
conftest.c:56:6: warning: conflicting types for built-in function 'strcasecmp' [enabled by default]
configure:13034: $? = 0
configure:13034: result: yes
configure:13034: checking for strdup
configure:13034: /home/retsu/android-ndk/toolchains/arm-linux-androideabi-4.6/prebuilt/linux-x86/bin/arm-linux-androideabi-gcc --sysroot=/home/retsu/android-ndk/platforms/android-9/arch-arm/ -o conftest -mfloat-abi=softfp -mfpu=neon -marm -march=armv7-a -mtune=cortex-a8 -mthumb -D__thumb__  -I/home/retsu/FFmpeg-Android/jni/ffmpeg-build/armeabi-v7a/include/freetype2 -mfloat-abi=softfp -mfpu=neon -marm -march=armv7-a -mtune=cortex-a8 -mthumb -D__thumb__  -I/home/retsu/FFmpeg-Android/jni/ffmpeg-build/armeabi-v7a/include/freetype2  -Wl,-rpath-link=/home/retsu/android-ndk/platforms/android-9/arch-arm//usr/lib -L/home/retsu/android-ndk/platforms/android-9/arch-arm//usr/lib -lc -lm -ldl -llog conftest.c  >&5
conftest.c:57:6: warning: conflicting types for built-in function 'strdup' [enabled by default]
configure:13034: $? = 0
configure:13034: result: yes
configure:13034: checking for strtol
configure:13034: /home/retsu/android-ndk/toolchains/arm-linux-androideabi-4.6/prebuilt/linux-x86/bin/arm-linux-androideabi-gcc --sysroot=/home/retsu/android-ndk/platforms/android-9/arch-arm/ -o conftest -mfloat-abi=softfp -mfpu=neon -marm -march=armv7-a -mtune=cortex-a8 -mthumb -D__thumb__  -I/home/retsu/FFmpeg-Android/jni/ffmpeg-build/armeabi-v7a/include/freetype2 -mfloat-abi=softfp -mfpu=neon -marm -march=armv7-a -mtune=cortex-a8 -mthumb -D__thumb__  -I/home/retsu/FFmpeg-Android/jni/ffmpeg-build/armeabi-v7a/include/freetype2  -Wl,-rpath-link=/home/retsu/android-ndk/platforms/android-9/arch-arm//usr/lib -L/home/retsu/android-ndk/platforms/android-9/arch-arm//usr/lib -lc -lm -ldl -llog conftest.c  >&5
configure:13034: $? = 0
configure:13034: result: yes
configure:13045: checking for library containing iconv_open
configure:13076: /home/retsu/android-ndk/toolchains/arm-linux-androideabi-4.6/prebuilt/linux-x86/bin/arm-linux-androideabi-gcc --sysroot=/home/retsu/android-ndk/platforms/android-9/arch-arm/ -o conftest -mfloat-abi=softfp -mfpu=neon -marm -march=armv7-a -mtune=cortex-a8 -mthumb -D__thumb__  -I/home/retsu/FFmpeg-Android/jni/ffmpeg-build/armeabi-v7a/include/freetype2 -mfloat-abi=softfp -mfpu=neon -marm -march=armv7-a -mtune=cortex-a8 -mthumb -D__thumb__  -I/home/retsu/FFmpeg-Android/jni/ffmpeg-build/armeabi-v7a/include/freetype2  -Wl,-rpath-link=/home/retsu/android-ndk/platforms/android-9/arch-arm//usr/lib -L/home/retsu/android-ndk/platforms/android-9/arch-arm//usr/lib -lc -lm -ldl -llog conftest.c  >&5
/home/retsu/android-ndk/toolchains/arm-linux-androideabi-4.6/prebuilt/linux-x86/bin/../lib/gcc/arm-linux-androideabi/4.6/../../../../arm-linux-androideabi/bin/ld: /tmp/ccAK3Zve.o: in function main:conftest.c(.text+0x4): error: undefined reference to 'iconv_open'
collect2: ld returned 1 exit status
configure:13076: $? = 1
configure: failed program was:
| /* confdefs.h */
| #define PACKAGE_NAME "libass"
| #define PACKAGE_TARNAME "libass"
| #define PACKAGE_VERSION "0.10.2"
| #define PACKAGE_STRING "libass 0.10.2"
| #define PACKAGE_BUGREPORT ""
| #define PACKAGE_URL ""
| #define PACKAGE "libass"
| #define VERSION "0.10.2"
| #define STDC_HEADERS 1
| #define HAVE_SYS_TYPES_H 1
| #define HAVE_SYS_STAT_H 1
| #define HAVE_STDLIB_H 1
| #define HAVE_STRING_H 1
| #define HAVE_MEMORY_H 1
| #define HAVE_STRINGS_H 1
| #define HAVE_INTTYPES_H 1
| #define HAVE_STDINT_H 1
| #define HAVE_UNISTD_H 1
| #define HAVE_DLFCN_H 1
| #define LT_OBJDIR ".libs/"
| #define STDC_HEADERS 1
| #define HAVE__BOOL 1
| #define HAVE_STDBOOL_H 1
| #define HAVE_INTTYPES_H 1
| #define HAVE_STDINT_H 1
| #define HAVE_STDLIB_H 1
| #define HAVE_STRING_H 1
| #define HAVE_SYS_TIME_H 1
| #define HAVE_UNISTD_H 1
| #define HAVE_MKDIR 1
| #define HAVE_STRCASECMP 1
| #define HAVE_STRDUP 1
| #define HAVE_STRTOL 1
| /* end confdefs.h.  */
| 
| /* Override any GCC internal prototype to avoid an error.
|    Use char because int might match the return type of a GCC
|    builtin and then its argument prototype would still apply.  */
| #ifdef __cplusplus
| extern "C"
| #endif
| char iconv_open ();
| int
| main ()
| {
| return iconv_open ();
|   ;
|   return 0;
| }
configure:13076: /home/retsu/android-ndk/toolchains/arm-linux-androideabi-4.6/prebuilt/linux-x86/bin/arm-linux-androideabi-gcc --sysroot=/home/retsu/android-ndk/platforms/android-9/arch-arm/ -o conftest -mfloat-abi=softfp -mfpu=neon -marm -march=armv7-a -mtune=cortex-a8 -mthumb -D__thumb__  -I/home/retsu/FFmpeg-Android/jni/ffmpeg-build/armeabi-v7a/include/freetype2 -mfloat-abi=softfp -mfpu=neon -marm -march=armv7-a -mtune=cortex-a8 -mthumb -D__thumb__  -I/home/retsu/FFmpeg-Android/jni/ffmpeg-build/armeabi-v7a/include/freetype2  -Wl,-rpath-link=/home/retsu/android-ndk/platforms/android-9/arch-arm//usr/lib -L/home/retsu/android-ndk/platforms/android-9/arch-arm//usr/lib -lc -lm -ldl -llog conftest.c -liconv   >&5
/home/retsu/android-ndk/toolchains/arm-linux-androideabi-4.6/prebuilt/linux-x86/bin/../lib/gcc/arm-linux-androideabi/4.6/../../../../arm-linux-androideabi/bin/ld: error: cannot find -liconv
/home/retsu/android-ndk/toolchains/arm-linux-androideabi-4.6/prebuilt/linux-x86/bin/../lib/gcc/arm-linux-androideabi/4.6/../../../../arm-linux-androideabi/bin/ld: /tmp/ccEhClul.o: in function main:conftest.c(.text+0x4): error: undefined reference to 'iconv_open'
collect2: ld returned 1 exit status
configure:13076: $? = 1
configure: failed program was:
| /* confdefs.h */
| #define PACKAGE_NAME "libass"
| #define PACKAGE_TARNAME "libass"
| #define PACKAGE_VERSION "0.10.2"
| #define PACKAGE_STRING "libass 0.10.2"
| #define PACKAGE_BUGREPORT ""
| #define PACKAGE_URL ""
| #define PACKAGE "libass"
| #define VERSION "0.10.2"
| #define STDC_HEADERS 1
| #define HAVE_SYS_TYPES_H 1
| #define HAVE_SYS_STAT_H 1
| #define HAVE_STDLIB_H 1
| #define HAVE_STRING_H 1
| #define HAVE_MEMORY_H 1
| #define HAVE_STRINGS_H 1
| #define HAVE_INTTYPES_H 1
| #define HAVE_STDINT_H 1
| #define HAVE_UNISTD_H 1
| #define HAVE_DLFCN_H 1
| #define LT_OBJDIR ".libs/"
| #define STDC_HEADERS 1
| #define HAVE__BOOL 1
| #define HAVE_STDBOOL_H 1
| #define HAVE_INTTYPES_H 1
| #define HAVE_STDINT_H 1
| #define HAVE_STDLIB_H 1
| #define HAVE_STRING_H 1
| #define HAVE_SYS_TIME_H 1
| #define HAVE_UNISTD_H 1
| #define HAVE_MKDIR 1
| #define HAVE_STRCASECMP 1
| #define HAVE_STRDUP 1
| #define HAVE_STRTOL 1
| /* end confdefs.h.  */
| 
| /* Override any GCC internal prototype to avoid an error.
|    Use char because int might match the return type of a GCC
|    builtin and then its argument prototype would still apply.  */
| #ifdef __cplusplus
| extern "C"
| #endif
| char iconv_open ();
| int
| main ()
| {
| return iconv_open ();
|   ;
|   return 0;
| }
configure:13093: result: no
configure:13103: checking for fabs in -lm
configure:13128: /home/retsu/android-ndk/toolchains/arm-linux-androideabi-4.6/prebuilt/linux-x86/bin/arm-linux-androideabi-gcc --sysroot=/home/retsu/android-ndk/platforms/android-9/arch-arm/ -o conftest -mfloat-abi=softfp -mfpu=neon -marm -march=armv7-a -mtune=cortex-a8 -mthumb -D__thumb__  -I/home/retsu/FFmpeg-Android/jni/ffmpeg-build/armeabi-v7a/include/freetype2 -mfloat-abi=softfp -mfpu=neon -marm -march=armv7-a -mtune=cortex-a8 -mthumb -D__thumb__  -I/home/retsu/FFmpeg-Android/jni/ffmpeg-build/armeabi-v7a/include/freetype2  -Wl,-rpath-link=/home/retsu/android-ndk/platforms/android-9/arch-arm//usr/lib -L/home/retsu/android-ndk/platforms/android-9/arch-arm//usr/lib -lc -lm -ldl -llog conftest.c -lm   >&5
conftest.c:43:6: warning: conflicting types for built-in function 'fabs' [enabled by default]
configure:13128: $? = 0
configure:13137: result: yes
configure:13347: checking for arm-linux-pkg-config
configure:13380: result: no
configure:13390: checking for pkg-config
configure:13408: found /usr/bin/pkg-config
configure:13420: result: /usr/bin/pkg-config
configure:13445: checking pkg-config is at least version 0.9.0
configure:13448: result: yes
configure:13458: checking for FREETYPE
configure:13465: $PKG_CONFIG --exists --print-errors "freetype2 >= 9.10.3"
configure:13468: $? = 0
configure:13482: $PKG_CONFIG --exists --print-errors "freetype2 >= 9.10.3"
configure:13485: $? = 0
configure:13543: result: yes
configure:13556: checking for FRIBIDI
configure:13563: $PKG_CONFIG --exists --print-errors "fribidi >= 0.19.0"
configure:13566: $? = 0
configure:13580: $PKG_CONFIG --exists --print-errors "fribidi >= 0.19.0"
configure:13583: $? = 0
configure:13641: result: yes
configure:13756: checking for HARFBUZZ
configure:13763: $PKG_CONFIG --exists --print-errors "harfbuzz >= 0.9.5"
Package harfbuzz was not found in the pkg-config search path.
Perhaps you should add the directory containing `harfbuzz.pc'
to the PKG_CONFIG_PATH environment variable
No package 'harfbuzz' found
configure:13766: $? = 1
configure:13780: $PKG_CONFIG --exists --print-errors "harfbuzz >= 0.9.5"
Package harfbuzz was not found in the pkg-config search path.
Perhaps you should add the directory containing `harfbuzz.pc'
to the PKG_CONFIG_PATH environment variable
No package 'harfbuzz' found
configure:13783: $? = 1
configure:13797: result: no
No package 'harfbuzz' found
configure:13837: checking for ENCA
configure:13844: $PKG_CONFIG --exists --print-errors "enca"
Package enca was not found in the pkg-config search path.
Perhaps you should add the directory containing `enca.pc'
to the PKG_CONFIG_PATH environment variable
No package 'enca' found
configure:13847: $? = 1
configure:13861: $PKG_CONFIG --exists --print-errors "enca"
Package enca was not found in the pkg-config search path.
Perhaps you should add the directory containing `enca.pc'
to the PKG_CONFIG_PATH environment variable
No package 'enca' found
configure:13864: $? = 1
configure:13878: result: no
No package 'enca' found
configure:14068: checking whether make supports nested variables
configure:14085: result: yes
configure:14277: creating ./config.status

## ---------------------- ##
## Running config.status. ##
## ---------------------- ##

This file was extended by libass config.status 0.10.2, which was
generated by GNU Autoconf 2.69.  Invocation command line was

  CONFIG_FILES    = 
  CONFIG_HEADERS  = 
  CONFIG_LINKS    = 
  CONFIG_COMMANDS = 
  $ ./config.status 

on Dell-XPS-15Z

config.status:1156: creating Makefile
config.status:1156: creating libass/Makefile
config.status:1156: creating test/Makefile
config.status:1156: creating profile/Makefile
config.status:1156: creating libass.pc
config.status:1156: creating config.h
config.status:1337: config.h is unchanged
config.status:1385: executing depfiles commands
config.status:1385: executing libtool commands
configure:16503: WARNING: unrecognized options: --enable-neon

## ---------------- ##
## Cache variables. ##
## ---------------- ##

ac_cv_build=x86_64-unknown-linux-gnu
ac_cv_c_compiler_gnu=yes
ac_cv_c_const=yes
ac_cv_c_inline=inline
ac_cv_c_int64_t=yes
ac_cv_c_uint32_t=yes
ac_cv_c_uint8_t=yes
ac_cv_env_CCASFLAGS_set=
ac_cv_env_CCASFLAGS_value=
ac_cv_env_CCAS_set=
ac_cv_env_CCAS_value=
ac_cv_env_CC_set=set
ac_cv_env_CC_value='/home/retsu/android-ndk/toolchains/arm-linux-androideabi-4.6/prebuilt/linux-x86/bin/arm-linux-androideabi-gcc --sysroot=/home/retsu/android-ndk/platforms/android-9/arch-arm/'
ac_cv_env_CFLAGS_set=set
ac_cv_env_CFLAGS_value='-mfloat-abi=softfp -mfpu=neon -marm -march=armv7-a -mtune=cortex-a8 -mthumb -D__thumb__  -I/home/retsu/FFmpeg-Android/jni/ffmpeg-build/armeabi-v7a/include/freetype2'
ac_cv_env_CPPFLAGS_set=set
ac_cv_env_CPPFLAGS_value='-mfloat-abi=softfp -mfpu=neon -marm -march=armv7-a -mtune=cortex-a8 -mthumb -D__thumb__  -I/home/retsu/FFmpeg-Android/jni/ffmpeg-build/armeabi-v7a/include/freetype2'
ac_cv_env_CPP_set=
ac_cv_env_CPP_value=
ac_cv_env_ENCA_CFLAGS_set=
ac_cv_env_ENCA_CFLAGS_value=
ac_cv_env_ENCA_LIBS_set=
ac_cv_env_ENCA_LIBS_value=
ac_cv_env_FONTCONFIG_CFLAGS_set=
ac_cv_env_FONTCONFIG_CFLAGS_value=
ac_cv_env_FONTCONFIG_LIBS_set=
ac_cv_env_FONTCONFIG_LIBS_value=
ac_cv_env_FREETYPE_CFLAGS_set=
ac_cv_env_FREETYPE_CFLAGS_value=
ac_cv_env_FREETYPE_LIBS_set=
ac_cv_env_FREETYPE_LIBS_value=
ac_cv_env_FRIBIDI_CFLAGS_set=
ac_cv_env_FRIBIDI_CFLAGS_value=
ac_cv_env_FRIBIDI_LIBS_set=
ac_cv_env_FRIBIDI_LIBS_value=
ac_cv_env_HARFBUZZ_CFLAGS_set=
ac_cv_env_HARFBUZZ_CFLAGS_value=
ac_cv_env_HARFBUZZ_LIBS_set=
ac_cv_env_HARFBUZZ_LIBS_value=
ac_cv_env_LDFLAGS_set=set
ac_cv_env_LDFLAGS_value=' -Wl,-rpath-link=/home/retsu/android-ndk/platforms/android-9/arch-arm//usr/lib -L/home/retsu/android-ndk/platforms/android-9/arch-arm//usr/lib -lc -lm -ldl -llog'
ac_cv_env_LIBPNG_CFLAGS_set=
ac_cv_env_LIBPNG_CFLAGS_value=
ac_cv_env_LIBPNG_LIBS_set=
ac_cv_env_LIBPNG_LIBS_value=
ac_cv_env_LIBS_set=
ac_cv_env_LIBS_value=
ac_cv_env_PKG_CONFIG_LIBDIR_set=set
ac_cv_env_PKG_CONFIG_LIBDIR_value=/home/retsu/FFmpeg-Android/jni/libass/../ffmpeg-build/armeavi-v7a-neon/lib/pkgconfig/
ac_cv_env_PKG_CONFIG_PATH_set=set
ac_cv_env_PKG_CONFIG_PATH_value=/home/retsu/FFmpeg-Android/jni/libass/../ffmpeg-build/armeavi-v7a-neon/lib/pkgconfig/
ac_cv_env_PKG_CONFIG_set=
ac_cv_env_PKG_CONFIG_value=
ac_cv_env_build_alias_set=
ac_cv_env_build_alias_value=
ac_cv_env_host_alias_set=set
ac_cv_env_host_alias_value=arm-linux
ac_cv_env_target_alias_set=
ac_cv_env_target_alias_value=
ac_cv_func_mkdir=yes
ac_cv_func_strcasecmp=yes
ac_cv_func_strdup=yes
ac_cv_func_strtol=yes
ac_cv_header_dlfcn_h=yes
ac_cv_header_iconv_h=no
ac_cv_header_inttypes_h=yes
ac_cv_header_memory_h=yes
ac_cv_header_stdbool_h=yes
ac_cv_header_stdc=yes
ac_cv_header_stdint_h=yes
ac_cv_header_stdlib_h=yes
ac_cv_header_string_h=yes
ac_cv_header_strings_h=yes
ac_cv_header_sys_stat_h=yes
ac_cv_header_sys_time_h=yes
ac_cv_header_sys_types_h=yes
ac_cv_header_unistd_h=yes
ac_cv_host=arm-unknown-linux-gnu
ac_cv_lib_m_fabs=yes
ac_cv_objext=o
ac_cv_path_EGREP='/bin/grep -E'
ac_cv_path_FGREP='/bin/grep -F'
ac_cv_path_GREP=/bin/grep
ac_cv_path_SED=/bin/sed
ac_cv_path_ac_pt_PKG_CONFIG=/usr/bin/pkg-config
ac_cv_path_install='/usr/bin/install -c'
ac_cv_path_mkdir=/bin/mkdir
ac_cv_prog_AR=/home/retsu/android-ndk/toolchains/arm-linux-androideabi-4.6/prebuilt/linux-x86/bin/arm-linux-androideabi-ar
ac_cv_prog_AWK=gawk
ac_cv_prog_CC='/home/retsu/android-ndk/toolchains/arm-linux-androideabi-4.6/prebuilt/linux-x86/bin/arm-linux-androideabi-gcc --sysroot=/home/retsu/android-ndk/platforms/android-9/arch-arm/'
ac_cv_prog_CPP='/home/retsu/android-ndk/toolchains/arm-linux-androideabi-4.6/prebuilt/linux-x86/bin/arm-linux-androideabi-gcc --sysroot=/home/retsu/android-ndk/platforms/android-9/arch-arm/ -E'
ac_cv_prog_RANLIB=/home/retsu/android-ndk/toolchains/arm-linux-androideabi-4.6/prebuilt/linux-x86/bin/arm-linux-androideabi-ranlib
ac_cv_prog_STRIP=/home/retsu/android-ndk/toolchains/arm-linux-androideabi-4.6/prebuilt/linux-x86/bin/arm-linux-androideabi-strip
ac_cv_prog_ac_ct_MANIFEST_TOOL=mt
ac_cv_prog_ac_ct_OBJDUMP=objdump
ac_cv_prog_cc__home_retsu_android_ndk_toolchains_arm_linux_androideabi_4_6_prebuilt_linux_x86_bin_arm_linux_androideabi_gcc_c_o=yes
ac_cv_prog_cc_c89=
ac_cv_prog_cc_g=yes
ac_cv_prog_make_make_set=yes
ac_cv_search_iconv_open=no
ac_cv_type__Bool=yes
ac_cv_type_size_t=yes
am_cv_CCAS_dependencies_compiler_type=none
am_cv_CC_dependencies_compiler_type=none
am_cv_make_support_nested_variables=yes
lt_cv_ar_at_file=@
lt_cv_deplibs_check_method=pass_all
lt_cv_file_magic_cmd='$MAGIC_CMD'
lt_cv_file_magic_test_file=
lt_cv_ld_reload_flag=-r
lt_cv_nm_interface='BSD nm'
lt_cv_objdir=.libs
lt_cv_path_LD=/home/retsu/android-ndk/toolchains/arm-linux-androideabi-4.6/prebuilt/linux-x86/arm-linux-androideabi/bin/ld
lt_cv_path_NM=/home/retsu/android-ndk/toolchains/arm-linux-androideabi-4.6/prebuilt/linux-x86/bin/arm-linux-androideabi-nm
lt_cv_path_mainfest_tool=no
lt_cv_prog_compiler_c_o=yes
lt_cv_prog_compiler_pic='-fPIC -DPIC'
lt_cv_prog_compiler_pic_works=yes
lt_cv_prog_compiler_rtti_exceptions=no
lt_cv_prog_compiler_static_works=no
lt_cv_prog_gnu_ld=yes
lt_cv_sharedlib_from_linklib_cmd='printf %s\n'
lt_cv_shlibpath_overrides_runpath=no
lt_cv_sys_global_symbol_pipe='sed -n -e '\''s/^.*[	 ]\([ABCDGIRSTW][ABCDGIRSTW]*\)[	 ][	 ]*\([_A-Za-z][_A-Za-z0-9]*\)$/\1 \2 \2/p'\'' | sed '\''/ __gnu_lto/d'\'''
lt_cv_sys_global_symbol_to_c_name_address='sed -n -e '\''s/^: \([^ ]*\)[ ]*$/  {\"\1\", (void *) 0},/p'\'' -e '\''s/^[ABCDGIRSTW]* \([^ ]*\) \([^ ]*\)$/  {"\2", (void *) \&\2},/p'\'''
lt_cv_sys_global_symbol_to_c_name_address_lib_prefix='sed -n -e '\''s/^: \([^ ]*\)[ ]*$/  {\"\1\", (void *) 0},/p'\'' -e '\''s/^[ABCDGIRSTW]* \([^ ]*\) \(lib[^ ]*\)$/  {"\2", (void *) \&\2},/p'\'' -e '\''s/^[ABCDGIRSTW]* \([^ ]*\) \([^ ]*\)$/  {"lib\2", (void *) \&\2},/p'\'''
lt_cv_sys_global_symbol_to_cdecl='sed -n -e '\''s/^T .* \(.*\)$/extern int \1();/p'\'' -e '\''s/^[ABCDGIRSTW]* .* \(.*\)$/extern char \1;/p'\'''
lt_cv_sys_max_cmd_len=1572864
lt_cv_to_host_file_cmd=func_convert_file_noop
lt_cv_to_tool_file_cmd=func_convert_file_noop
pkg_cv_FREETYPE_CFLAGS='-I/Users/fschuetz/Dropbox/devel/android/FFMpeg/jni/freetype2/../ffmpeg-build/x86/include/freetype2  '
pkg_cv_FREETYPE_LIBS='-L/Users/fschuetz/Dropbox/devel/android/FFMpeg/jni/freetype2/../ffmpeg-build/x86/lib -lfreetype  '
pkg_cv_FRIBIDI_CFLAGS='-I/home/retsu/FFmpeg-Android/jni/fribidi/../ffmpeg-build/armeavi-v7a-neon/include/fribidi  '
pkg_cv_FRIBIDI_LIBS='-L/home/retsu/FFmpeg-Android/jni/fribidi/../ffmpeg-build/armeavi-v7a-neon/lib -lfribidi  '

## ----------------- ##
## Output variables. ##
## ----------------- ##

ACLOCAL='${SHELL} /home/retsu/FFmpeg-Android/jni/libass/missing --run aclocal-1.11'
AMDEPBACKSLASH=''
AMDEP_FALSE=''
AMDEP_TRUE='#'
AMTAR='$${TAR-tar}'
AM_BACKSLASH='\'
AM_DEFAULT_V='$(AM_DEFAULT_VERBOSITY)'
AM_DEFAULT_VERBOSITY='0'
AM_V='$(V)'
AR='/home/retsu/android-ndk/toolchains/arm-linux-androideabi-4.6/prebuilt/linux-x86/bin/arm-linux-androideabi-ar'
ARM_FALSE='#'
ARM_TRUE=''
ASFLAGS=''
ASM_FALSE='#'
ASM_TRUE=''
AUTOCONF='${SHELL} /home/retsu/FFmpeg-Android/jni/libass/missing --run autoconf'
AUTOHEADER='${SHELL} /home/retsu/FFmpeg-Android/jni/libass/missing --run autoheader'
AUTOMAKE='${SHELL} /home/retsu/FFmpeg-Android/jni/libass/missing --run automake-1.11'
AWK='gawk'
CC='/home/retsu/android-ndk/toolchains/arm-linux-androideabi-4.6/prebuilt/linux-x86/bin/arm-linux-androideabi-gcc --sysroot=/home/retsu/android-ndk/platforms/android-9/arch-arm/'
CCAS='/home/retsu/android-ndk/toolchains/arm-linux-androideabi-4.6/prebuilt/linux-x86/bin/arm-linux-androideabi-gcc --sysroot=/home/retsu/android-ndk/platforms/android-9/arch-arm/'
CCASDEPMODE='depmode=none'
CCASFLAGS='-mfloat-abi=softfp -mfpu=neon -marm -march=armv7-a -mtune=cortex-a8 -mthumb -D__thumb__  -I/home/retsu/FFmpeg-Android/jni/ffmpeg-build/armeabi-v7a/include/freetype2'
CCDEPMODE='depmode=none'
CFLAGS='-mfloat-abi=softfp -mfpu=neon -marm -march=armv7-a -mtune=cortex-a8 -mthumb -D__thumb__  -I/home/retsu/FFmpeg-Android/jni/ffmpeg-build/armeabi-v7a/include/freetype2 -I/Users/fschuetz/Dropbox/devel/android/FFMpeg/jni/freetype2/../ffmpeg-build/x86/include/freetype2   -I/home/retsu/FFmpeg-Android/jni/fribidi/../ffmpeg-build/armeavi-v7a-neon/include/fribidi  '
CPP='/home/retsu/android-ndk/toolchains/arm-linux-androideabi-4.6/prebuilt/linux-x86/bin/arm-linux-androideabi-gcc --sysroot=/home/retsu/android-ndk/platforms/android-9/arch-arm/ -E'
CPPFLAGS='-mfloat-abi=softfp -mfpu=neon -marm -march=armv7-a -mtune=cortex-a8 -mthumb -D__thumb__  -I/home/retsu/FFmpeg-Android/jni/ffmpeg-build/armeabi-v7a/include/freetype2'
CYGPATH_W='echo'
DEFS='-DHAVE_CONFIG_H'
DEPDIR='.deps'
DLLTOOL='false'
DSYMUTIL=''
DUMPBIN=''
ECHO_C=''
ECHO_N='-n'
ECHO_T=''
EGREP='/bin/grep -E'
ELF_FALSE='#'
ELF_TRUE=''
ENABLE_PROFILE_FALSE=''
ENABLE_PROFILE_TRUE='#'
ENCA_CFLAGS=''
ENCA_LIBS=''
EXEEXT=''
FGREP='/bin/grep -F'
FONTCONFIG_CFLAGS=''
FONTCONFIG_LIBS=''
FREETYPE_CFLAGS='-I/Users/fschuetz/Dropbox/devel/android/FFMpeg/jni/freetype2/../ffmpeg-build/x86/include/freetype2  '
FREETYPE_LIBS='-L/Users/fschuetz/Dropbox/devel/android/FFMpeg/jni/freetype2/../ffmpeg-build/x86/lib -lfreetype  '
FRIBIDI_CFLAGS='-I/home/retsu/FFmpeg-Android/jni/fribidi/../ffmpeg-build/armeavi-v7a-neon/include/fribidi  '
FRIBIDI_LIBS='-L/home/retsu/FFmpeg-Android/jni/fribidi/../ffmpeg-build/armeavi-v7a-neon/lib -lfribidi  '
GREP='/bin/grep'
HARFBUZZ_CFLAGS=''
HARFBUZZ_LIBS=''
HAVE_LIBPNG_FALSE=''
HAVE_LIBPNG_TRUE='#'
INSTALL_DATA='${INSTALL} -m 644'
INSTALL_PROGRAM='${INSTALL}'
INSTALL_SCRIPT='${INSTALL}'
INSTALL_STRIP_PROGRAM='$(install_sh) -c -s'
INTEL_FALSE=''
INTEL_TRUE='#'
LD='/home/retsu/android-ndk/toolchains/arm-linux-androideabi-4.6/prebuilt/linux-x86/arm-linux-androideabi/bin/ld'
LDFLAGS=' -Wl,-rpath-link=/home/retsu/android-ndk/platforms/android-9/arch-arm//usr/lib -L/home/retsu/android-ndk/platforms/android-9/arch-arm//usr/lib -lc -lm -ldl -llog'
LIBOBJS=''
LIBPNG_CFLAGS=''
LIBPNG_LIBS=''
LIBS='-lm  -L/Users/fschuetz/Dropbox/devel/android/FFMpeg/jni/freetype2/../ffmpeg-build/x86/lib -lfreetype   -L/home/retsu/FFmpeg-Android/jni/fribidi/../ffmpeg-build/armeavi-v7a-neon/lib -lfribidi  '
LIBTOOL='$(SHELL) $(top_builddir)/libtool'
LIPO=''
LN_S='ln -s'
LTLIBOBJS=''
MACHO_FALSE=''
MACHO_TRUE='#'
MAKEINFO='${SHELL} /home/retsu/FFmpeg-Android/jni/libass/missing --run makeinfo'
MANIFEST_TOOL=':'
MKDIR_P='/bin/mkdir -p'
NM='/home/retsu/android-ndk/toolchains/arm-linux-androideabi-4.6/prebuilt/linux-x86/bin/arm-linux-androideabi-nm'
NMEDIT=''
OBJDUMP='objdump'
OBJEXT='o'
OTOOL64=''
OTOOL=''
PACKAGE='libass'
PACKAGE_BUGREPORT=''
PACKAGE_NAME='libass'
PACKAGE_STRING='libass 0.10.2'
PACKAGE_TARNAME='libass'
PACKAGE_URL=''
PACKAGE_VERSION='0.10.2'
PATH_SEPARATOR=':'
PKG_CONFIG='/usr/bin/pkg-config'
PKG_CONFIG_LIBDIR='/home/retsu/FFmpeg-Android/jni/libass/../ffmpeg-build/armeavi-v7a-neon/lib/pkgconfig/'
PKG_CONFIG_PATH='/home/retsu/FFmpeg-Android/jni/libass/../ffmpeg-build/armeavi-v7a-neon/lib/pkgconfig/'
PKG_LIBS_DEFAULT='-lm'
PKG_LIBS_PRIVATE=''
PKG_REQUIRES_DEFAULT='fribidi >= 0.19.0, freetype2 >= 9.10.3'
PKG_REQUIRES_PRIVATE=''
RANLIB='/home/retsu/android-ndk/toolchains/arm-linux-androideabi-4.6/prebuilt/linux-x86/bin/arm-linux-androideabi-ranlib'
SED='/bin/sed'
SET_MAKE=''
SHELL='/bin/bash'
STRIP='/home/retsu/android-ndk/toolchains/arm-linux-androideabi-4.6/prebuilt/linux-x86/bin/arm-linux-androideabi-strip'
VERSION='0.10.2'
WIN32_FALSE=''
WIN32_TRUE='#'
X64_FALSE=''
X64_TRUE='#'
X86_FALSE=''
X86_TRUE='#'
YASM_CHECK=''
ac_ct_AR=''
ac_ct_CC=''
ac_ct_DUMPBIN=''
am__EXEEXT_FALSE=''
am__EXEEXT_TRUE='#'
am__fastdepCCAS_FALSE=''
am__fastdepCCAS_TRUE='#'
am__fastdepCC_FALSE=''
am__fastdepCC_TRUE='#'
am__include='include'
am__isrc=''
am__leading_dot='.'
am__nodep=''
am__quote=''
am__tar='$${TAR-tar} chof - "$$tardir"'
am__untar='$${TAR-tar} xf -'
bindir='${exec_prefix}/bin'
build='x86_64-unknown-linux-gnu'
build_alias=''
build_cpu='x86_64'
build_os='linux-gnu'
build_vendor='unknown'
datadir='${datarootdir}'
datarootdir='${prefix}/share'
docdir='${datarootdir}/doc/${PACKAGE_TARNAME}'
dvidir='${docdir}'
exec_prefix='${prefix}'
host='arm-unknown-linux-gnu'
host_alias='arm-linux'
host_cpu='arm'
host_os='linux-gnu'
host_vendor='unknown'
htmldir='${docdir}'
includedir='${prefix}/include'
infodir='${datarootdir}/info'
install_sh='${SHELL} /home/retsu/FFmpeg-Android/jni/libass/install-sh'
libdir='${exec_prefix}/lib'
libexecdir='${exec_prefix}/libexec'
localedir='${datarootdir}/locale'
localstatedir='${prefix}/var'
mandir='${datarootdir}/man'
mkdir_p='/bin/mkdir -p'
oldincludedir='/usr/include'
pdfdir='${docdir}'
prefix='/home/retsu/FFmpeg-Android/jni/libass/../ffmpeg-build/armeavi-v7a-neon'
program_transform_name='s,x,x,'
psdir='${docdir}'
sbindir='${exec_prefix}/sbin'
sharedstatedir='${prefix}/com'
sysconfdir='${prefix}/etc'
target_alias=''

## ----------- ##
## confdefs.h. ##
## ----------- ##

/* confdefs.h */
#define PACKAGE_NAME "libass"
#define PACKAGE_TARNAME "libass"
#define PACKAGE_VERSION "0.10.2"
#define PACKAGE_STRING "libass 0.10.2"
#define PACKAGE_BUGREPORT ""
#define PACKAGE_URL ""
#define PACKAGE "libass"
#define VERSION "0.10.2"
#define STDC_HEADERS 1
#define HAVE_SYS_TYPES_H 1
#define HAVE_SYS_STAT_H 1
#define HAVE_STDLIB_H 1
#define HAVE_STRING_H 1
#define HAVE_MEMORY_H 1
#define HAVE_STRINGS_H 1
#define HAVE_INTTYPES_H 1
#define HAVE_STDINT_H 1
#define HAVE_UNISTD_H 1
#define HAVE_DLFCN_H 1
#define LT_OBJDIR ".libs/"
#define STDC_HEADERS 1
#define HAVE__BOOL 1
#define HAVE_STDBOOL_H 1
#define HAVE_INTTYPES_H 1
#define HAVE_STDINT_H 1
#define HAVE_STDLIB_H 1
#define HAVE_STRING_H 1
#define HAVE_SYS_TIME_H 1
#define HAVE_UNISTD_H 1
#define HAVE_MKDIR 1
#define HAVE_STRCASECMP 1
#define HAVE_STRDUP 1
#define HAVE_STRTOL 1
#define HAVE_LIBM 1
#define CONFIG_ASM 1
#define CONFIG_FREETYPE 1
#define CONFIG_FRIBIDI 1

configure: exit 0
