This file contains any messages produced by compilers while
running configure, to aid debugging if configure makes a mistake.

It was created by GNU FriBidi configure 0.19.2, which was
generated by GNU Autoconf 2.69.  Invocation command line was

  $ ./configure --prefix=/home/retsu/FFmpeg-Android/jni/fribidi/../ffmpeg-build/armeavi-v7a-neon --host=arm-linux --disable-bin --disable-dependency-tracking --disable-shared --enable-static --with-pic --enable-neon

## --------- ##
## Platform. ##
## --------- ##

hostname = Dell-XPS-15Z
uname -m = x86_64
uname -r = 3.8.0-19-generic
uname -s = Linux
uname -v = #30-Ubuntu SMP Wed May 1 16:35:23 UTC 2013

/usr/bin/uname -p = unknown
/bin/uname -X     = unknown

/bin/arch              = unknown
/usr/bin/arch -k       = unknown
/usr/convex/getsysinfo = unknown
/usr/bin/hostinfo      = unknown
/bin/machine           = unknown
/usr/bin/oslevel       = unknown
/bin/universe          = unknown

PATH: /usr/local/sbin
PATH: /usr/local/bin
PATH: /usr/sbin
PATH: /usr/bin
PATH: /sbin
PATH: /bin
PATH: /usr/games
PATH: /usr/local/games
PATH: .
PATH: /home/retsu/android-ndk/toolchains/x86-4.6/prebuilt/linux-x86/bin/
PATH: /home/retsu/android-ndk/toolchains/x86-4.6/prebuilt/linux-x86/bin/
PATH: /home/retsu/android-ndk/toolchains/x86-4.6/prebuilt/linux-x86/bin/
PATH: /home/retsu/android-ndk/toolchains/x86-4.6/prebuilt/linux-x86/bin/
PATH: /home/retsu/android-ndk/toolchains/x86-4.6/prebuilt/linux-x86/bin/
PATH: /home/retsu/android-ndk/toolchains/x86-4.6/prebuilt/linux-x86/bin/
PATH: /home/retsu/android-ndk/toolchains/x86-4.6/prebuilt/linux-x86/bin/
PATH: /home/retsu/android-ndk/toolchains/x86-4.6/prebuilt/linux-x86/bin/
PATH: /home/retsu/android-ndk/toolchains/mipsel-linux-android-4.6/prebuilt/linux-x86/bin/
PATH: /home/retsu/android-ndk/toolchains/mipsel-linux-android-4.6/prebuilt/linux-x86/bin/
PATH: /home/retsu/android-ndk/toolchains/mipsel-linux-android-4.6/prebuilt/linux-x86/bin/
PATH: /home/retsu/android-ndk/toolchains/mipsel-linux-android-4.6/prebuilt/linux-x86/bin/
PATH: /home/retsu/android-ndk/toolchains/mipsel-linux-android-4.6/prebuilt/linux-x86/bin/
PATH: /home/retsu/android-ndk/toolchains/mipsel-linux-android-4.6/prebuilt/linux-x86/bin/
PATH: /home/retsu/android-ndk/toolchains/mipsel-linux-android-4.6/prebuilt/linux-x86/bin/
PATH: /home/retsu/android-ndk/toolchains/mipsel-linux-android-4.6/prebuilt/linux-x86/bin/
PATH: /home/retsu/android-ndk/toolchains/arm-linux-androideabi-4.6/prebuilt/linux-x86/bin/
PATH: /home/retsu/android-ndk/toolchains/arm-linux-androideabi-4.6/prebuilt/linux-x86/bin/
PATH: /home/retsu/android-ndk/toolchains/arm-linux-androideabi-4.6/prebuilt/linux-x86/bin/
PATH: /home/retsu/android-ndk/toolchains/arm-linux-androideabi-4.6/prebuilt/linux-x86/bin/
PATH: /home/retsu/android-ndk/toolchains/arm-linux-androideabi-4.6/prebuilt/linux-x86/bin/
PATH: /home/retsu/android-ndk/toolchains/arm-linux-androideabi-4.6/prebuilt/linux-x86/bin/
PATH: /home/retsu/android-ndk/toolchains/arm-linux-androideabi-4.6/prebuilt/linux-x86/bin/
PATH: /home/retsu/android-ndk/toolchains/arm-linux-androideabi-4.6/prebuilt/linux-x86/bin/
PATH: /home/retsu/android-ndk/toolchains/arm-linux-androideabi-4.6/prebuilt/linux-x86/bin/
PATH: /home/retsu/android-ndk/toolchains/arm-linux-androideabi-4.6/prebuilt/linux-x86/bin/
PATH: /home/retsu/android-ndk/toolchains/arm-linux-androideabi-4.6/prebuilt/linux-x86/bin/
PATH: /home/retsu/android-ndk/toolchains/arm-linux-androideabi-4.6/prebuilt/linux-x86/bin/
PATH: /home/retsu/android-ndk/toolchains/arm-linux-androideabi-4.6/prebuilt/linux-x86/bin/
PATH: /home/retsu/android-ndk/toolchains/arm-linux-androideabi-4.6/prebuilt/linux-x86/bin/


## ----------- ##
## Core tests. ##
## ----------- ##

configure:2498: checking for a BSD-compatible install
configure:2566: result: /usr/bin/install -c
configure:2577: checking whether build environment is sane
configure:2632: result: yes
configure:2691: checking for arm-linux-strip
configure:2718: result: /home/retsu/android-ndk/toolchains/arm-linux-androideabi-4.6/prebuilt/linux-x86/bin/arm-linux-androideabi-strip
configure:2783: checking for a thread-safe mkdir -p
configure:2822: result: /bin/mkdir -p
configure:2829: checking for gawk
configure:2845: found /usr/bin/gawk
configure:2856: result: gawk
configure:2867: checking whether make sets $(MAKE)
configure:2889: result: yes
configure:2918: checking whether make supports nested variables
configure:2935: result: yes
configure:3093: checking for arm-linux-gcc
configure:3120: result: /home/retsu/android-ndk/toolchains/arm-linux-androideabi-4.6/prebuilt/linux-x86/bin/arm-linux-androideabi-gcc --sysroot=/home/retsu/android-ndk/platforms/android-9/arch-arm/
configure:3389: checking for C compiler version
configure:3398: /home/retsu/android-ndk/toolchains/arm-linux-androideabi-4.6/prebuilt/linux-x86/bin/arm-linux-androideabi-gcc --sysroot=/home/retsu/android-ndk/platforms/android-9/arch-arm/ --version >&5
arm-linux-androideabi-gcc (GCC) 4.6 20120106 (prerelease)
Copyright (C) 2011 Free Software Foundation, Inc.
This is free software; see the source for copying conditions.  There is NO
warranty; not even for MERCHANTABILITY or FITNESS FOR A PARTICULAR PURPOSE.

configure:3409: $? = 0
configure:3398: /home/retsu/android-ndk/toolchains/arm-linux-androideabi-4.6/prebuilt/linux-x86/bin/arm-linux-androideabi-gcc --sysroot=/home/retsu/android-ndk/platforms/android-9/arch-arm/ -v >&5
Using built-in specs.
COLLECT_GCC=/home/retsu/android-ndk/toolchains/arm-linux-androideabi-4.6/prebuilt/linux-x86/bin/arm-linux-androideabi-gcc
COLLECT_LTO_WRAPPER=/home/retsu/android-ndk/toolchains/arm-linux-androideabi-4.6/prebuilt/linux-x86/bin/../libexec/gcc/arm-linux-androideabi/4.6/lto-wrapper
Target: arm-linux-androideabi
Configured with: /usr/local/google/home/andrewhsieh/ndk-andrewhsieh/src/build/../gcc/gcc-4.6/configure --prefix=/tmp/ndk-andrewhsieh/build/toolchain/prefix --target=arm-linux-androideabi --host=x86_64-linux-gnu --build=x86_64-linux-gnu --with-gnu-as --with-gnu-ld --enable-languages=c,c++ --with-gmp=/tmp/ndk-andrewhsieh/build/toolchain/temp-install --with-mpfr=/tmp/ndk-andrewhsieh/build/toolchain/temp-install --with-mpc=/tmp/ndk-andrewhsieh/build/toolchain/temp-install --without-ppl --without-cloog --disable-libssp --enable-threads --disable-nls --disable-libmudflap --disable-libgomp --disable-libstdc__-v3 --disable-sjlj-exceptions --disable-shared --disable-tls --disable-libitm --with-float=soft --with-fpu=vfp --with-arch=armv5te --enable-target-optspace --enable-initfini-array --disable-nls --prefix=/tmp/ndk-andrewhsieh/build/toolchain/prefix --with-sysroot=/tmp/ndk-andrewhsieh/build/toolchain/prefix/sysroot --with-binutils-version=2.21 --with-mpfr-version=2.4.1 --with-mpc-version=0.8.1 --with-gmp-version=5.0.5 --with-gcc-version=4.6 --with-gdb-version=7.3.x --with-gxx-include-dir=/tmp/ndk-andrewhsieh/build/toolchain/prefix/include/c++/4.6 --disable-bootstrap --disable-libquadmath --disable-plugin --enable-gold --with-arch=armv5te --program-transform-name='s&^&arm-linux-androideabi-&' --enable-gold=default
Thread model: posix
gcc version 4.6 20120106 (prerelease) (GCC) 
configure:3409: $? = 0
configure:3398: /home/retsu/android-ndk/toolchains/arm-linux-androideabi-4.6/prebuilt/linux-x86/bin/arm-linux-androideabi-gcc --sysroot=/home/retsu/android-ndk/platforms/android-9/arch-arm/ -V >&5
arm-linux-androideabi-gcc: error: unrecognized option '-V'
arm-linux-androideabi-gcc: fatal error: no input files
compilation terminated.
configure:3409: $? = 1
configure:3398: /home/retsu/android-ndk/toolchains/arm-linux-androideabi-4.6/prebuilt/linux-x86/bin/arm-linux-androideabi-gcc --sysroot=/home/retsu/android-ndk/platforms/android-9/arch-arm/ -qversion >&5
arm-linux-androideabi-gcc: error: unrecognized option '-qversion'
arm-linux-androideabi-gcc: fatal error: no input files
compilation terminated.
configure:3409: $? = 1
configure:3429: checking whether the C compiler works
configure:3451: /home/retsu/android-ndk/toolchains/arm-linux-androideabi-4.6/prebuilt/linux-x86/bin/arm-linux-androideabi-gcc --sysroot=/home/retsu/android-ndk/platforms/android-9/arch-arm/ -mfloat-abi=softfp -mfpu=neon -marm -march=armv7-a -mtune=cortex-a8 -mthumb -D__thumb__  -std=gnu99 -mfloat-abi=softfp -mfpu=neon -marm -march=armv7-a -mtune=cortex-a8 -mthumb -D__thumb__  -std=gnu99 -Wl,-rpath-link=/home/retsu/android-ndk/platforms/android-9/arch-arm//usr/lib -L/home/retsu/android-ndk/platforms/android-9/arch-arm//usr/lib -nostdlib -lc -lm -ldl -llog conftest.c  >&5
configure:3455: $? = 0
configure:3503: result: yes
configure:3506: checking for C compiler default output file name
configure:3508: result: a.out
configure:3514: checking for suffix of executables
configure:3521: /home/retsu/android-ndk/toolchains/arm-linux-androideabi-4.6/prebuilt/linux-x86/bin/arm-linux-androideabi-gcc --sysroot=/home/retsu/android-ndk/platforms/android-9/arch-arm/ -o conftest -mfloat-abi=softfp -mfpu=neon -marm -march=armv7-a -mtune=cortex-a8 -mthumb -D__thumb__  -std=gnu99 -mfloat-abi=softfp -mfpu=neon -marm -march=armv7-a -mtune=cortex-a8 -mthumb -D__thumb__  -std=gnu99 -Wl,-rpath-link=/home/retsu/android-ndk/platforms/android-9/arch-arm//usr/lib -L/home/retsu/android-ndk/platforms/android-9/arch-arm//usr/lib -nostdlib -lc -lm -ldl -llog conftest.c  >&5
configure:3525: $? = 0
configure:3547: result: 
configure:3569: checking whether we are cross compiling
configure:3577: /home/retsu/android-ndk/toolchains/arm-linux-androideabi-4.6/prebuilt/linux-x86/bin/arm-linux-androideabi-gcc --sysroot=/home/retsu/android-ndk/platforms/android-9/arch-arm/ -o conftest -mfloat-abi=softfp -mfpu=neon -marm -march=armv7-a -mtune=cortex-a8 -mthumb -D__thumb__  -std=gnu99 -mfloat-abi=softfp -mfpu=neon -marm -march=armv7-a -mtune=cortex-a8 -mthumb -D__thumb__  -std=gnu99 -Wl,-rpath-link=/home/retsu/android-ndk/platforms/android-9/arch-arm//usr/lib -L/home/retsu/android-ndk/platforms/android-9/arch-arm//usr/lib -nostdlib -lc -lm -ldl -llog conftest.c  >&5
configure:3581: $? = 0
configure:3588: ./conftest
./configure: line 3590: ./conftest: cannot execute binary file
configure:3592: $? = 126
configure:3607: result: yes
configure:3612: checking for suffix of object files
configure:3634: /home/retsu/android-ndk/toolchains/arm-linux-androideabi-4.6/prebuilt/linux-x86/bin/arm-linux-androideabi-gcc --sysroot=/home/retsu/android-ndk/platforms/android-9/arch-arm/ -c -mfloat-abi=softfp -mfpu=neon -marm -march=armv7-a -mtune=cortex-a8 -mthumb -D__thumb__  -std=gnu99 -mfloat-abi=softfp -mfpu=neon -marm -march=armv7-a -mtune=cortex-a8 -mthumb -D__thumb__  -std=gnu99 conftest.c >&5
configure:3638: $? = 0
configure:3659: result: o
configure:3663: checking whether we are using the GNU C compiler
configure:3682: /home/retsu/android-ndk/toolchains/arm-linux-androideabi-4.6/prebuilt/linux-x86/bin/arm-linux-androideabi-gcc --sysroot=/home/retsu/android-ndk/platforms/android-9/arch-arm/ -c -mfloat-abi=softfp -mfpu=neon -marm -march=armv7-a -mtune=cortex-a8 -mthumb -D__thumb__  -std=gnu99 -mfloat-abi=softfp -mfpu=neon -marm -march=armv7-a -mtune=cortex-a8 -mthumb -D__thumb__  -std=gnu99 conftest.c >&5
configure:3682: $? = 0
configure:3691: result: yes
configure:3700: checking whether /home/retsu/android-ndk/toolchains/arm-linux-androideabi-4.6/prebuilt/linux-x86/bin/arm-linux-androideabi-gcc --sysroot=/home/retsu/android-ndk/platforms/android-9/arch-arm/ accepts -g
configure:3720: /home/retsu/android-ndk/toolchains/arm-linux-androideabi-4.6/prebuilt/linux-x86/bin/arm-linux-androideabi-gcc --sysroot=/home/retsu/android-ndk/platforms/android-9/arch-arm/ -c -g -mfloat-abi=softfp -mfpu=neon -marm -march=armv7-a -mtune=cortex-a8 -mthumb -D__thumb__  -std=gnu99 conftest.c >&5
configure:3720: $? = 0
configure:3761: result: yes
configure:3778: checking for /home/retsu/android-ndk/toolchains/arm-linux-androideabi-4.6/prebuilt/linux-x86/bin/arm-linux-androideabi-gcc --sysroot=/home/retsu/android-ndk/platforms/android-9/arch-arm/ option to accept ISO C89
configure:3841: /home/retsu/android-ndk/toolchains/arm-linux-androideabi-4.6/prebuilt/linux-x86/bin/arm-linux-androideabi-gcc --sysroot=/home/retsu/android-ndk/platforms/android-9/arch-arm/  -c -mfloat-abi=softfp -mfpu=neon -marm -march=armv7-a -mtune=cortex-a8 -mthumb -D__thumb__  -std=gnu99 -mfloat-abi=softfp -mfpu=neon -marm -march=armv7-a -mtune=cortex-a8 -mthumb -D__thumb__  -std=gnu99 conftest.c >&5
configure:3841: $? = 0
configure:3854: result: none needed
configure:3879: checking whether /home/retsu/android-ndk/toolchains/arm-linux-androideabi-4.6/prebuilt/linux-x86/bin/arm-linux-androideabi-gcc --sysroot=/home/retsu/android-ndk/platforms/android-9/arch-arm/ understands -c and -o together
configure:3901: /home/retsu/android-ndk/toolchains/arm-linux-androideabi-4.6/prebuilt/linux-x86/bin/arm-linux-androideabi-gcc --sysroot=/home/retsu/android-ndk/platforms/android-9/arch-arm/ -c conftest.c -o conftest2.o
configure:3904: $? = 0
configure:3901: /home/retsu/android-ndk/toolchains/arm-linux-androideabi-4.6/prebuilt/linux-x86/bin/arm-linux-androideabi-gcc --sysroot=/home/retsu/android-ndk/platforms/android-9/arch-arm/ -c conftest.c -o conftest2.o
configure:3904: $? = 0
configure:3916: result: yes
configure:3944: checking for style of include used by make
configure:3972: result: GNU
configure:3998: checking dependency style of /home/retsu/android-ndk/toolchains/arm-linux-androideabi-4.6/prebuilt/linux-x86/bin/arm-linux-androideabi-gcc --sysroot=/home/retsu/android-ndk/platforms/android-9/arch-arm/
configure:4109: result: none
configure:4129: checking build system type
configure:4143: result: x86_64-unknown-linux-gnu
configure:4163: checking host system type
configure:4176: result: arm-unknown-linux-gnu
configure:4545: checking how to print strings
configure:4572: result: printf
configure:4593: checking for a sed that does not truncate output
configure:4657: result: /bin/sed
configure:4675: checking for grep that handles long lines and -e
configure:4733: result: /bin/grep
configure:4738: checking for egrep
configure:4800: result: /bin/grep -E
configure:4805: checking for fgrep
configure:4867: result: /bin/grep -F
configure:4902: checking for ld used by /home/retsu/android-ndk/toolchains/arm-linux-androideabi-4.6/prebuilt/linux-x86/bin/arm-linux-androideabi-gcc --sysroot=/home/retsu/android-ndk/platforms/android-9/arch-arm/
configure:4969: result: /home/retsu/android-ndk/toolchains/arm-linux-androideabi-4.6/prebuilt/linux-x86/arm-linux-androideabi/bin/ld
configure:4976: checking if the linker (/home/retsu/android-ndk/toolchains/arm-linux-androideabi-4.6/prebuilt/linux-x86/arm-linux-androideabi/bin/ld) is GNU ld
configure:4991: result: yes
configure:5003: checking for BSD- or MS-compatible name lister (nm)
configure:5052: result: /home/retsu/android-ndk/toolchains/arm-linux-androideabi-4.6/prebuilt/linux-x86/bin/arm-linux-androideabi-nm
configure:5182: checking the name lister (/home/retsu/android-ndk/toolchains/arm-linux-androideabi-4.6/prebuilt/linux-x86/bin/arm-linux-androideabi-nm) interface
configure:5189: /home/retsu/android-ndk/toolchains/arm-linux-androideabi-4.6/prebuilt/linux-x86/bin/arm-linux-androideabi-gcc --sysroot=/home/retsu/android-ndk/platforms/android-9/arch-arm/ -c -mfloat-abi=softfp -mfpu=neon -marm -march=armv7-a -mtune=cortex-a8 -mthumb -D__thumb__  -std=gnu99 -mfloat-abi=softfp -mfpu=neon -marm -march=armv7-a -mtune=cortex-a8 -mthumb -D__thumb__  -std=gnu99 conftest.c >&5
configure:5192: /home/retsu/android-ndk/toolchains/arm-linux-androideabi-4.6/prebuilt/linux-x86/bin/arm-linux-androideabi-nm "conftest.o"
configure:5195: output
00000000 B some_variable
configure:5202: result: BSD nm
configure:5205: checking whether ln -s works
configure:5209: result: yes
configure:5217: checking the maximum length of command line arguments
configure:5347: result: 1572864
configure:5364: checking whether the shell understands some XSI constructs
configure:5374: result: yes
configure:5378: checking whether the shell understands "+="
configure:5384: result: yes
configure:5419: checking how to convert x86_64-unknown-linux-gnu file names to arm-unknown-linux-gnu format
configure:5459: result: func_convert_file_noop
configure:5466: checking how to convert x86_64-unknown-linux-gnu file names to toolchain format
configure:5486: result: func_convert_file_noop
configure:5493: checking for /home/retsu/android-ndk/toolchains/arm-linux-androideabi-4.6/prebuilt/linux-x86/arm-linux-androideabi/bin/ld option to reload object files
configure:5500: result: -r
configure:5534: checking for arm-linux-objdump
configure:5561: result: objdump
configure:5630: checking how to recognize dependent libraries
configure:5832: result: pass_all
configure:5877: checking for arm-linux-dlltool
configure:5904: result: dlltool
configure:5974: checking how to associate runtime and link libraries
configure:6001: result: printf %s\n
configure:6018: checking for arm-linux-ar
configure:6045: result: /home/retsu/android-ndk/toolchains/arm-linux-androideabi-4.6/prebuilt/linux-x86/bin/arm-linux-androideabi-ar
configure:6126: checking for archiver @FILE support
configure:6143: /home/retsu/android-ndk/toolchains/arm-linux-androideabi-4.6/prebuilt/linux-x86/bin/arm-linux-androideabi-gcc --sysroot=/home/retsu/android-ndk/platforms/android-9/arch-arm/ -c -mfloat-abi=softfp -mfpu=neon -marm -march=armv7-a -mtune=cortex-a8 -mthumb -D__thumb__  -std=gnu99 -mfloat-abi=softfp -mfpu=neon -marm -march=armv7-a -mtune=cortex-a8 -mthumb -D__thumb__  -std=gnu99 conftest.c >&5
configure:6143: $? = 0
configure:6146: /home/retsu/android-ndk/toolchains/arm-linux-androideabi-4.6/prebuilt/linux-x86/bin/arm-linux-androideabi-ar cru libconftest.a @conftest.lst >&5
configure:6149: $? = 0
configure:6154: /home/retsu/android-ndk/toolchains/arm-linux-androideabi-4.6/prebuilt/linux-x86/bin/arm-linux-androideabi-ar cru libconftest.a @conftest.lst >&5
/home/retsu/android-ndk/toolchains/arm-linux-androideabi-4.6/prebuilt/linux-x86/bin/arm-linux-androideabi-ar: conftest.o: No such file or directory
configure:6157: $? = 1
configure:6169: result: @
configure:6187: checking for arm-linux-strip
configure:6214: result: /home/retsu/android-ndk/toolchains/arm-linux-androideabi-4.6/prebuilt/linux-x86/bin/arm-linux-androideabi-strip
configure:6286: checking for arm-linux-ranlib
configure:6313: result: /home/retsu/android-ndk/toolchains/arm-linux-androideabi-4.6/prebuilt/linux-x86/bin/arm-linux-androideabi-ranlib
configure:6455: checking command to parse /home/retsu/android-ndk/toolchains/arm-linux-androideabi-4.6/prebuilt/linux-x86/bin/arm-linux-androideabi-nm output from /home/retsu/android-ndk/toolchains/arm-linux-androideabi-4.6/prebuilt/linux-x86/bin/arm-linux-androideabi-gcc --sysroot=/home/retsu/android-ndk/platforms/android-9/arch-arm/ object
configure:6575: /home/retsu/android-ndk/toolchains/arm-linux-androideabi-4.6/prebuilt/linux-x86/bin/arm-linux-androideabi-gcc --sysroot=/home/retsu/android-ndk/platforms/android-9/arch-arm/ -c -mfloat-abi=softfp -mfpu=neon -marm -march=armv7-a -mtune=cortex-a8 -mthumb -D__thumb__  -std=gnu99 -mfloat-abi=softfp -mfpu=neon -marm -march=armv7-a -mtune=cortex-a8 -mthumb -D__thumb__  -std=gnu99 conftest.c >&5
configure:6578: $? = 0
configure:6582: /home/retsu/android-ndk/toolchains/arm-linux-androideabi-4.6/prebuilt/linux-x86/bin/arm-linux-androideabi-nm conftest.o \| sed -n -e 's/^.*[ ]\([ABCDGIRSTW][ABCDGIRSTW]*\)[ ][ ]*\([_A-Za-z][_A-Za-z0-9]*\)$/\1 \2 \2/p' | sed '/ __gnu_lto/d' \> conftest.nm
configure:6585: $? = 0
configure:6651: /home/retsu/android-ndk/toolchains/arm-linux-androideabi-4.6/prebuilt/linux-x86/bin/arm-linux-androideabi-gcc --sysroot=/home/retsu/android-ndk/platforms/android-9/arch-arm/ -o conftest -mfloat-abi=softfp -mfpu=neon -marm -march=armv7-a -mtune=cortex-a8 -mthumb -D__thumb__  -std=gnu99 -mfloat-abi=softfp -mfpu=neon -marm -march=armv7-a -mtune=cortex-a8 -mthumb -D__thumb__  -std=gnu99 -Wl,-rpath-link=/home/retsu/android-ndk/platforms/android-9/arch-arm//usr/lib -L/home/retsu/android-ndk/platforms/android-9/arch-arm//usr/lib -nostdlib -lc -lm -ldl -llog conftest.c conftstm.o >&5
configure:6654: $? = 0
configure:6692: result: ok
configure:6729: checking for sysroot
configure:6759: result: no
configure:6975: checking for arm-linux-mt
configure:7005: result: no
configure:7015: checking for mt
configure:7031: found /bin/mt
configure:7042: result: mt
configure:7054: WARNING: using cross tools not prefixed with host triplet
configure:7065: checking if mt is a manifest tool
configure:7071: mt '-?'
configure:7079: result: no
configure:7721: checking how to run the C preprocessor
configure:7752: /home/retsu/android-ndk/toolchains/arm-linux-androideabi-4.6/prebuilt/linux-x86/bin/arm-linux-androideabi-gcc --sysroot=/home/retsu/android-ndk/platforms/android-9/arch-arm/ -E -mfloat-abi=softfp -mfpu=neon -marm -march=armv7-a -mtune=cortex-a8 -mthumb -D__thumb__  -std=gnu99 conftest.c
configure:7752: $? = 0
configure:7766: /home/retsu/android-ndk/toolchains/arm-linux-androideabi-4.6/prebuilt/linux-x86/bin/arm-linux-androideabi-gcc --sysroot=/home/retsu/android-ndk/platforms/android-9/arch-arm/ -E -mfloat-abi=softfp -mfpu=neon -marm -march=armv7-a -mtune=cortex-a8 -mthumb -D__thumb__  -std=gnu99 conftest.c
conftest.c:11:28: fatal error: ac_nonexistent.h: No such file or directory
compilation terminated.
configure:7766: $? = 1
configure: failed program was:
| /* confdefs.h */
| #define PACKAGE_NAME "GNU FriBidi"
| #define PACKAGE_TARNAME "fribidi"
| #define PACKAGE_VERSION "0.19.2"
| #define PACKAGE_STRING "GNU FriBidi 0.19.2"
| #define PACKAGE_BUGREPORT "http://fribidi.org/bug"
| #define PACKAGE_URL "http://www.gnu.org/software/fribidi/"
| #define PACKAGE "fribidi"
| #define VERSION "0.19.2"
| /* end confdefs.h.  */
| #include <ac_nonexistent.h>
configure:7791: result: /home/retsu/android-ndk/toolchains/arm-linux-androideabi-4.6/prebuilt/linux-x86/bin/arm-linux-androideabi-gcc --sysroot=/home/retsu/android-ndk/platforms/android-9/arch-arm/ -E
configure:7811: /home/retsu/android-ndk/toolchains/arm-linux-androideabi-4.6/prebuilt/linux-x86/bin/arm-linux-androideabi-gcc --sysroot=/home/retsu/android-ndk/platforms/android-9/arch-arm/ -E -mfloat-abi=softfp -mfpu=neon -marm -march=armv7-a -mtune=cortex-a8 -mthumb -D__thumb__  -std=gnu99 conftest.c
configure:7811: $? = 0
configure:7825: /home/retsu/android-ndk/toolchains/arm-linux-androideabi-4.6/prebuilt/linux-x86/bin/arm-linux-androideabi-gcc --sysroot=/home/retsu/android-ndk/platforms/android-9/arch-arm/ -E -mfloat-abi=softfp -mfpu=neon -marm -march=armv7-a -mtune=cortex-a8 -mthumb -D__thumb__  -std=gnu99 conftest.c
conftest.c:11:28: fatal error: ac_nonexistent.h: No such file or directory
compilation terminated.
configure:7825: $? = 1
configure: failed program was:
| /* confdefs.h */
| #define PACKAGE_NAME "GNU FriBidi"
| #define PACKAGE_TARNAME "fribidi"
| #define PACKAGE_VERSION "0.19.2"
| #define PACKAGE_STRING "GNU FriBidi 0.19.2"
| #define PACKAGE_BUGREPORT "http://fribidi.org/bug"
| #define PACKAGE_URL "http://www.gnu.org/software/fribidi/"
| #define PACKAGE "fribidi"
| #define VERSION "0.19.2"
| /* end confdefs.h.  */
| #include <ac_nonexistent.h>
configure:7854: checking for ANSI C header files
configure:7874: /home/retsu/android-ndk/toolchains/arm-linux-androideabi-4.6/prebuilt/linux-x86/bin/arm-linux-androideabi-gcc --sysroot=/home/retsu/android-ndk/platforms/android-9/arch-arm/ -c -mfloat-abi=softfp -mfpu=neon -marm -march=armv7-a -mtune=cortex-a8 -mthumb -D__thumb__  -std=gnu99 -mfloat-abi=softfp -mfpu=neon -marm -march=armv7-a -mtune=cortex-a8 -mthumb -D__thumb__  -std=gnu99 conftest.c >&5
configure:7874: $? = 0
configure:7958: result: yes
configure:7971: checking for sys/types.h
configure:7971: /home/retsu/android-ndk/toolchains/arm-linux-androideabi-4.6/prebuilt/linux-x86/bin/arm-linux-androideabi-gcc --sysroot=/home/retsu/android-ndk/platforms/android-9/arch-arm/ -c -mfloat-abi=softfp -mfpu=neon -marm -march=armv7-a -mtune=cortex-a8 -mthumb -D__thumb__  -std=gnu99 -mfloat-abi=softfp -mfpu=neon -marm -march=armv7-a -mtune=cortex-a8 -mthumb -D__thumb__  -std=gnu99 conftest.c >&5
configure:7971: $? = 0
configure:7971: result: yes
configure:7971: checking for sys/stat.h
configure:7971: /home/retsu/android-ndk/toolchains/arm-linux-androideabi-4.6/prebuilt/linux-x86/bin/arm-linux-androideabi-gcc --sysroot=/home/retsu/android-ndk/platforms/android-9/arch-arm/ -c -mfloat-abi=softfp -mfpu=neon -marm -march=armv7-a -mtune=cortex-a8 -mthumb -D__thumb__  -std=gnu99 -mfloat-abi=softfp -mfpu=neon -marm -march=armv7-a -mtune=cortex-a8 -mthumb -D__thumb__  -std=gnu99 conftest.c >&5
configure:7971: $? = 0
configure:7971: result: yes
configure:7971: checking for stdlib.h
configure:7971: /home/retsu/android-ndk/toolchains/arm-linux-androideabi-4.6/prebuilt/linux-x86/bin/arm-linux-androideabi-gcc --sysroot=/home/retsu/android-ndk/platforms/android-9/arch-arm/ -c -mfloat-abi=softfp -mfpu=neon -marm -march=armv7-a -mtune=cortex-a8 -mthumb -D__thumb__  -std=gnu99 -mfloat-abi=softfp -mfpu=neon -marm -march=armv7-a -mtune=cortex-a8 -mthumb -D__thumb__  -std=gnu99 conftest.c >&5
configure:7971: $? = 0
configure:7971: result: yes
configure:7971: checking for string.h
configure:7971: /home/retsu/android-ndk/toolchains/arm-linux-androideabi-4.6/prebuilt/linux-x86/bin/arm-linux-androideabi-gcc --sysroot=/home/retsu/android-ndk/platforms/android-9/arch-arm/ -c -mfloat-abi=softfp -mfpu=neon -marm -march=armv7-a -mtune=cortex-a8 -mthumb -D__thumb__  -std=gnu99 -mfloat-abi=softfp -mfpu=neon -marm -march=armv7-a -mtune=cortex-a8 -mthumb -D__thumb__  -std=gnu99 conftest.c >&5
configure:7971: $? = 0
configure:7971: result: yes
configure:7971: checking for memory.h
configure:7971: /home/retsu/android-ndk/toolchains/arm-linux-androideabi-4.6/prebuilt/linux-x86/bin/arm-linux-androideabi-gcc --sysroot=/home/retsu/android-ndk/platforms/android-9/arch-arm/ -c -mfloat-abi=softfp -mfpu=neon -marm -march=armv7-a -mtune=cortex-a8 -mthumb -D__thumb__  -std=gnu99 -mfloat-abi=softfp -mfpu=neon -marm -march=armv7-a -mtune=cortex-a8 -mthumb -D__thumb__  -std=gnu99 conftest.c >&5
configure:7971: $? = 0
configure:7971: result: yes
configure:7971: checking for strings.h
configure:7971: /home/retsu/android-ndk/toolchains/arm-linux-androideabi-4.6/prebuilt/linux-x86/bin/arm-linux-androideabi-gcc --sysroot=/home/retsu/android-ndk/platforms/android-9/arch-arm/ -c -mfloat-abi=softfp -mfpu=neon -marm -march=armv7-a -mtune=cortex-a8 -mthumb -D__thumb__  -std=gnu99 -mfloat-abi=softfp -mfpu=neon -marm -march=armv7-a -mtune=cortex-a8 -mthumb -D__thumb__  -std=gnu99 conftest.c >&5
configure:7971: $? = 0
configure:7971: result: yes
configure:7971: checking for inttypes.h
configure:7971: /home/retsu/android-ndk/toolchains/arm-linux-androideabi-4.6/prebuilt/linux-x86/bin/arm-linux-androideabi-gcc --sysroot=/home/retsu/android-ndk/platforms/android-9/arch-arm/ -c -mfloat-abi=softfp -mfpu=neon -marm -march=armv7-a -mtune=cortex-a8 -mthumb -D__thumb__  -std=gnu99 -mfloat-abi=softfp -mfpu=neon -marm -march=armv7-a -mtune=cortex-a8 -mthumb -D__thumb__  -std=gnu99 conftest.c >&5
configure:7971: $? = 0
configure:7971: result: yes
configure:7971: checking for stdint.h
configure:7971: /home/retsu/android-ndk/toolchains/arm-linux-androideabi-4.6/prebuilt/linux-x86/bin/arm-linux-androideabi-gcc --sysroot=/home/retsu/android-ndk/platforms/android-9/arch-arm/ -c -mfloat-abi=softfp -mfpu=neon -marm -march=armv7-a -mtune=cortex-a8 -mthumb -D__thumb__  -std=gnu99 -mfloat-abi=softfp -mfpu=neon -marm -march=armv7-a -mtune=cortex-a8 -mthumb -D__thumb__  -std=gnu99 conftest.c >&5
configure:7971: $? = 0
configure:7971: result: yes
configure:7971: checking for unistd.h
configure:7971: /home/retsu/android-ndk/toolchains/arm-linux-androideabi-4.6/prebuilt/linux-x86/bin/arm-linux-androideabi-gcc --sysroot=/home/retsu/android-ndk/platforms/android-9/arch-arm/ -c -mfloat-abi=softfp -mfpu=neon -marm -march=armv7-a -mtune=cortex-a8 -mthumb -D__thumb__  -std=gnu99 -mfloat-abi=softfp -mfpu=neon -marm -march=armv7-a -mtune=cortex-a8 -mthumb -D__thumb__  -std=gnu99 conftest.c >&5
configure:7971: $? = 0
configure:7971: result: yes
configure:7985: checking for dlfcn.h
configure:7985: /home/retsu/android-ndk/toolchains/arm-linux-androideabi-4.6/prebuilt/linux-x86/bin/arm-linux-androideabi-gcc --sysroot=/home/retsu/android-ndk/platforms/android-9/arch-arm/ -c -mfloat-abi=softfp -mfpu=neon -marm -march=armv7-a -mtune=cortex-a8 -mthumb -D__thumb__  -std=gnu99 -mfloat-abi=softfp -mfpu=neon -marm -march=armv7-a -mtune=cortex-a8 -mthumb -D__thumb__  -std=gnu99 conftest.c >&5
configure:7985: $? = 0
configure:7985: result: yes
configure:8189: checking for objdir
configure:8204: result: .libs
configure:8471: checking if /home/retsu/android-ndk/toolchains/arm-linux-androideabi-4.6/prebuilt/linux-x86/bin/arm-linux-androideabi-gcc --sysroot=/home/retsu/android-ndk/platforms/android-9/arch-arm/ supports -fno-rtti -fno-exceptions
configure:8489: /home/retsu/android-ndk/toolchains/arm-linux-androideabi-4.6/prebuilt/linux-x86/bin/arm-linux-androideabi-gcc --sysroot=/home/retsu/android-ndk/platforms/android-9/arch-arm/ -c -mfloat-abi=softfp -mfpu=neon -marm -march=armv7-a -mtune=cortex-a8 -mthumb -D__thumb__  -std=gnu99 -mfloat-abi=softfp -mfpu=neon -marm -march=armv7-a -mtune=cortex-a8 -mthumb -D__thumb__  -std=gnu99 -fno-rtti -fno-exceptions conftest.c >&5
cc1: warning: command line option '-fno-rtti' is valid for C++/ObjC++ but not for C [enabled by default]
configure:8493: $? = 0
configure:8506: result: no
configure:8833: checking for /home/retsu/android-ndk/toolchains/arm-linux-androideabi-4.6/prebuilt/linux-x86/bin/arm-linux-androideabi-gcc --sysroot=/home/retsu/android-ndk/platforms/android-9/arch-arm/ option to produce PIC
configure:8840: result: -fPIC -DPIC
configure:8848: checking if /home/retsu/android-ndk/toolchains/arm-linux-androideabi-4.6/prebuilt/linux-x86/bin/arm-linux-androideabi-gcc --sysroot=/home/retsu/android-ndk/platforms/android-9/arch-arm/ PIC flag -fPIC -DPIC works
configure:8866: /home/retsu/android-ndk/toolchains/arm-linux-androideabi-4.6/prebuilt/linux-x86/bin/arm-linux-androideabi-gcc --sysroot=/home/retsu/android-ndk/platforms/android-9/arch-arm/ -c -mfloat-abi=softfp -mfpu=neon -marm -march=armv7-a -mtune=cortex-a8 -mthumb -D__thumb__  -std=gnu99 -mfloat-abi=softfp -mfpu=neon -marm -march=armv7-a -mtune=cortex-a8 -mthumb -D__thumb__  -std=gnu99 -fPIC -DPIC -DPIC conftest.c >&5
configure:8870: $? = 0
configure:8883: result: yes
configure:8912: checking if /home/retsu/android-ndk/toolchains/arm-linux-androideabi-4.6/prebuilt/linux-x86/bin/arm-linux-androideabi-gcc --sysroot=/home/retsu/android-ndk/platforms/android-9/arch-arm/ static flag -static works
configure:8940: result: no
configure:8955: checking if /home/retsu/android-ndk/toolchains/arm-linux-androideabi-4.6/prebuilt/linux-x86/bin/arm-linux-androideabi-gcc --sysroot=/home/retsu/android-ndk/platforms/android-9/arch-arm/ supports -c -o file.o
configure:8976: /home/retsu/android-ndk/toolchains/arm-linux-androideabi-4.6/prebuilt/linux-x86/bin/arm-linux-androideabi-gcc --sysroot=/home/retsu/android-ndk/platforms/android-9/arch-arm/ -c -mfloat-abi=softfp -mfpu=neon -marm -march=armv7-a -mtune=cortex-a8 -mthumb -D__thumb__  -std=gnu99 -mfloat-abi=softfp -mfpu=neon -marm -march=armv7-a -mtune=cortex-a8 -mthumb -D__thumb__  -std=gnu99 -o out/conftest2.o conftest.c >&5
configure:8980: $? = 0
configure:9002: result: yes
configure:9010: checking if /home/retsu/android-ndk/toolchains/arm-linux-androideabi-4.6/prebuilt/linux-x86/bin/arm-linux-androideabi-gcc --sysroot=/home/retsu/android-ndk/platforms/android-9/arch-arm/ supports -c -o file.o
configure:9057: result: yes
configure:9090: checking whether the /home/retsu/android-ndk/toolchains/arm-linux-androideabi-4.6/prebuilt/linux-x86/bin/arm-linux-androideabi-gcc --sysroot=/home/retsu/android-ndk/platforms/android-9/arch-arm/ linker (/home/retsu/android-ndk/toolchains/arm-linux-androideabi-4.6/prebuilt/linux-x86/arm-linux-androideabi/bin/ld) supports shared libraries
configure:10243: result: yes
configure:10483: checking dynamic linker characteristics
configure:10994: /home/retsu/android-ndk/toolchains/arm-linux-androideabi-4.6/prebuilt/linux-x86/bin/arm-linux-androideabi-gcc --sysroot=/home/retsu/android-ndk/platforms/android-9/arch-arm/ -o conftest -mfloat-abi=softfp -mfpu=neon -marm -march=armv7-a -mtune=cortex-a8 -mthumb -D__thumb__  -std=gnu99 -mfloat-abi=softfp -mfpu=neon -marm -march=armv7-a -mtune=cortex-a8 -mthumb -D__thumb__  -std=gnu99 -Wl,-rpath-link=/home/retsu/android-ndk/platforms/android-9/arch-arm//usr/lib -L/home/retsu/android-ndk/platforms/android-9/arch-arm//usr/lib -nostdlib -lc -lm -ldl -llog -Wl,-rpath -Wl,/foo conftest.c  >&5
configure:10994: $? = 0
configure:11216: result: GNU/Linux ld.so
configure:11323: checking how to hardcode library paths into programs
configure:11348: result: immediate
configure:11888: checking whether stripping libraries is possible
configure:11893: result: yes
configure:11928: checking if libtool supports shared libraries
configure:11930: result: yes
configure:11933: checking whether to build shared libraries
configure:11954: result: no
configure:11957: checking whether to build static libraries
configure:11961: result: yes
configure:11998: checking for native Win32
configure:12004: result: no
configure:12014: checking for some Win32 platform
configure:12020: result: no
configure:12033: checking for ANSI C header files
configure:12137: result: yes
configure:12148: checking for stdlib.h
configure:12148: result: yes
configure:12148: checking for string.h
configure:12148: result: yes
configure:12148: checking for strings.h
configure:12148: result: yes
configure:12148: checking for inttypes.h
configure:12148: result: yes
configure:12148: checking wchar.h usability
configure:12148: /home/retsu/android-ndk/toolchains/arm-linux-androideabi-4.6/prebuilt/linux-x86/bin/arm-linux-androideabi-gcc --sysroot=/home/retsu/android-ndk/platforms/android-9/arch-arm/ -c -mfloat-abi=softfp -mfpu=neon -marm -march=armv7-a -mtune=cortex-a8 -mthumb -D__thumb__  -std=gnu99 -mfloat-abi=softfp -mfpu=neon -marm -march=armv7-a -mtune=cortex-a8 -mthumb -D__thumb__  -std=gnu99 conftest.c >&5
configure:12148: $? = 0
configure:12148: result: yes
configure:12148: checking wchar.h presence
configure:12148: /home/retsu/android-ndk/toolchains/arm-linux-androideabi-4.6/prebuilt/linux-x86/bin/arm-linux-androideabi-gcc --sysroot=/home/retsu/android-ndk/platforms/android-9/arch-arm/ -E -mfloat-abi=softfp -mfpu=neon -marm -march=armv7-a -mtune=cortex-a8 -mthumb -D__thumb__  -std=gnu99 conftest.c
configure:12148: $? = 0
configure:12148: result: yes
configure:12148: checking for wchar.h
configure:12148: result: yes
configure:12148: checking asm/page.h usability
configure:12148: /home/retsu/android-ndk/toolchains/arm-linux-androideabi-4.6/prebuilt/linux-x86/bin/arm-linux-androideabi-gcc --sysroot=/home/retsu/android-ndk/platforms/android-9/arch-arm/ -c -mfloat-abi=softfp -mfpu=neon -marm -march=armv7-a -mtune=cortex-a8 -mthumb -D__thumb__  -std=gnu99 -mfloat-abi=softfp -mfpu=neon -marm -march=armv7-a -mtune=cortex-a8 -mthumb -D__thumb__  -std=gnu99 conftest.c >&5
configure:12148: $? = 0
configure:12148: result: yes
configure:12148: checking asm/page.h presence
configure:12148: /home/retsu/android-ndk/toolchains/arm-linux-androideabi-4.6/prebuilt/linux-x86/bin/arm-linux-androideabi-gcc --sysroot=/home/retsu/android-ndk/platforms/android-9/arch-arm/ -E -mfloat-abi=softfp -mfpu=neon -marm -march=armv7-a -mtune=cortex-a8 -mthumb -D__thumb__  -std=gnu99 conftest.c
configure:12148: $? = 0
configure:12148: result: yes
configure:12148: checking for asm/page.h
configure:12148: result: yes
configure:12148: checking sys/times.h usability
configure:12148: /home/retsu/android-ndk/toolchains/arm-linux-androideabi-4.6/prebuilt/linux-x86/bin/arm-linux-androideabi-gcc --sysroot=/home/retsu/android-ndk/platforms/android-9/arch-arm/ -c -mfloat-abi=softfp -mfpu=neon -marm -march=armv7-a -mtune=cortex-a8 -mthumb -D__thumb__  -std=gnu99 -mfloat-abi=softfp -mfpu=neon -marm -march=armv7-a -mtune=cortex-a8 -mthumb -D__thumb__  -std=gnu99 conftest.c >&5
configure:12148: $? = 0
configure:12148: result: yes
configure:12148: checking sys/times.h presence
configure:12148: /home/retsu/android-ndk/toolchains/arm-linux-androideabi-4.6/prebuilt/linux-x86/bin/arm-linux-androideabi-gcc --sysroot=/home/retsu/android-ndk/platforms/android-9/arch-arm/ -E -mfloat-abi=softfp -mfpu=neon -marm -march=armv7-a -mtune=cortex-a8 -mthumb -D__thumb__  -std=gnu99 conftest.c
configure:12148: $? = 0
configure:12148: result: yes
configure:12148: checking for sys/times.h
configure:12148: result: yes
configure:12160: checking for an ANSI C-conforming const
configure:12226: /home/retsu/android-ndk/toolchains/arm-linux-androideabi-4.6/prebuilt/linux-x86/bin/arm-linux-androideabi-gcc --sysroot=/home/retsu/android-ndk/platforms/android-9/arch-arm/ -c -mfloat-abi=softfp -mfpu=neon -marm -march=armv7-a -mtune=cortex-a8 -mthumb -D__thumb__  -std=gnu99 -mfloat-abi=softfp -mfpu=neon -marm -march=armv7-a -mtune=cortex-a8 -mthumb -D__thumb__  -std=gnu99 conftest.c >&5
configure:12226: $? = 0
configure:12233: result: yes
configure:12241: checking for preprocessor stringizing operator
configure:12261: result: yes
configure:12273: checking size of int
configure:12278: /home/retsu/android-ndk/toolchains/arm-linux-androideabi-4.6/prebuilt/linux-x86/bin/arm-linux-androideabi-gcc --sysroot=/home/retsu/android-ndk/platforms/android-9/arch-arm/ -c -mfloat-abi=softfp -mfpu=neon -marm -march=armv7-a -mtune=cortex-a8 -mthumb -D__thumb__  -std=gnu99 -mfloat-abi=softfp -mfpu=neon -marm -march=armv7-a -mtune=cortex-a8 -mthumb -D__thumb__  -std=gnu99 conftest.c >&5
configure:12278: $? = 0
configure:12278: /home/retsu/android-ndk/toolchains/arm-linux-androideabi-4.6/prebuilt/linux-x86/bin/arm-linux-androideabi-gcc --sysroot=/home/retsu/android-ndk/platforms/android-9/arch-arm/ -c -mfloat-abi=softfp -mfpu=neon -marm -march=armv7-a -mtune=cortex-a8 -mthumb -D__thumb__  -std=gnu99 -mfloat-abi=softfp -mfpu=neon -marm -march=armv7-a -mtune=cortex-a8 -mthumb -D__thumb__  -std=gnu99 conftest.c >&5
conftest.c: In function 'main':
conftest.c:68:12: error: size of array 'test_array' is negative
configure:12278: $? = 1
configure: failed program was:
| /* confdefs.h */
| #define PACKAGE_NAME "GNU FriBidi"
| #define PACKAGE_TARNAME "fribidi"
| #define PACKAGE_VERSION "0.19.2"
| #define PACKAGE_STRING "GNU FriBidi 0.19.2"
| #define PACKAGE_BUGREPORT "http://fribidi.org/bug"
| #define PACKAGE_URL "http://www.gnu.org/software/fribidi/"
| #define PACKAGE "fribidi"
| #define VERSION "0.19.2"
| #define STDC_HEADERS 1
| #define HAVE_SYS_TYPES_H 1
| #define HAVE_SYS_STAT_H 1
| #define HAVE_STDLIB_H 1
| #define HAVE_STRING_H 1
| #define HAVE_MEMORY_H 1
| #define HAVE_STRINGS_H 1
| #define HAVE_INTTYPES_H 1
| #define HAVE_STDINT_H 1
| #define HAVE_UNISTD_H 1
| #define HAVE_DLFCN_H 1
| #define LT_OBJDIR ".libs/"
| #define STDC_HEADERS 1
| #define HAVE_STDLIB_H 1
| #define HAVE_STRING_H 1
| #define HAVE_STRINGS_H 1
| #define HAVE_INTTYPES_H 1
| #define HAVE_WCHAR_H 1
| #define HAVE_ASM_PAGE_H 1
| #define HAVE_SYS_TIMES_H 1
| #define HAVE_STRINGIZE 1
| /* end confdefs.h.  */
| #include <stdio.h>
| #ifdef HAVE_SYS_TYPES_H
| # include <sys/types.h>
| #endif
| #ifdef HAVE_SYS_STAT_H
| # include <sys/stat.h>
| #endif
| #ifdef STDC_HEADERS
| # include <stdlib.h>
| # include <stddef.h>
| #else
| # ifdef HAVE_STDLIB_H
| #  include <stdlib.h>
| # endif
| #endif
| #ifdef HAVE_STRING_H
| # if !defined STDC_HEADERS && defined HAVE_MEMORY_H
| #  include <memory.h>
| # endif
| # include <string.h>
| #endif
| #ifdef HAVE_STRINGS_H
| # include <strings.h>
| #endif
| #ifdef HAVE_INTTYPES_H
| # include <inttypes.h>
| #endif
| #ifdef HAVE_STDINT_H
| # include <stdint.h>
| #endif
| #ifdef HAVE_UNISTD_H
| # include <unistd.h>
| #endif
| int
| main ()
| {
| static int test_array [1 - 2 * !(((long int) (sizeof (int))) <= 0)];
| test_array [0] = 0;
| return test_array [0];
| 
|   ;
|   return 0;
| }
configure:12278: /home/retsu/android-ndk/toolchains/arm-linux-androideabi-4.6/prebuilt/linux-x86/bin/arm-linux-androideabi-gcc --sysroot=/home/retsu/android-ndk/platforms/android-9/arch-arm/ -c -mfloat-abi=softfp -mfpu=neon -marm -march=armv7-a -mtune=cortex-a8 -mthumb -D__thumb__  -std=gnu99 -mfloat-abi=softfp -mfpu=neon -marm -march=armv7-a -mtune=cortex-a8 -mthumb -D__thumb__  -std=gnu99 conftest.c >&5
conftest.c: In function 'main':
conftest.c:68:12: error: size of array 'test_array' is negative
configure:12278: $? = 1
configure: failed program was:
| /* confdefs.h */
| #define PACKAGE_NAME "GNU FriBidi"
| #define PACKAGE_TARNAME "fribidi"
| #define PACKAGE_VERSION "0.19.2"
| #define PACKAGE_STRING "GNU FriBidi 0.19.2"
| #define PACKAGE_BUGREPORT "http://fribidi.org/bug"
| #define PACKAGE_URL "http://www.gnu.org/software/fribidi/"
| #define PACKAGE "fribidi"
| #define VERSION "0.19.2"
| #define STDC_HEADERS 1
| #define HAVE_SYS_TYPES_H 1
| #define HAVE_SYS_STAT_H 1
| #define HAVE_STDLIB_H 1
| #define HAVE_STRING_H 1
| #define HAVE_MEMORY_H 1
| #define HAVE_STRINGS_H 1
| #define HAVE_INTTYPES_H 1
| #define HAVE_STDINT_H 1
| #define HAVE_UNISTD_H 1
| #define HAVE_DLFCN_H 1
| #define LT_OBJDIR ".libs/"
| #define STDC_HEADERS 1
| #define HAVE_STDLIB_H 1
| #define HAVE_STRING_H 1
| #define HAVE_STRINGS_H 1
| #define HAVE_INTTYPES_H 1
| #define HAVE_WCHAR_H 1
| #define HAVE_ASM_PAGE_H 1
| #define HAVE_SYS_TIMES_H 1
| #define HAVE_STRINGIZE 1
| /* end confdefs.h.  */
| #include <stdio.h>
| #ifdef HAVE_SYS_TYPES_H
| # include <sys/types.h>
| #endif
| #ifdef HAVE_SYS_STAT_H
| # include <sys/stat.h>
| #endif
| #ifdef STDC_HEADERS
| # include <stdlib.h>
| # include <stddef.h>
| #else
| # ifdef HAVE_STDLIB_H
| #  include <stdlib.h>
| # endif
| #endif
| #ifdef HAVE_STRING_H
| # if !defined STDC_HEADERS && defined HAVE_MEMORY_H
| #  include <memory.h>
| # endif
| # include <string.h>
| #endif
| #ifdef HAVE_STRINGS_H
| # include <strings.h>
| #endif
| #ifdef HAVE_INTTYPES_H
| # include <inttypes.h>
| #endif
| #ifdef HAVE_STDINT_H
| # include <stdint.h>
| #endif
| #ifdef HAVE_UNISTD_H
| # include <unistd.h>
| #endif
| int
| main ()
| {
| static int test_array [1 - 2 * !(((long int) (sizeof (int))) <= 1)];
| test_array [0] = 0;
| return test_array [0];
| 
|   ;
|   return 0;
| }
configure:12278: /home/retsu/android-ndk/toolchains/arm-linux-androideabi-4.6/prebuilt/linux-x86/bin/arm-linux-androideabi-gcc --sysroot=/home/retsu/android-ndk/platforms/android-9/arch-arm/ -c -mfloat-abi=softfp -mfpu=neon -marm -march=armv7-a -mtune=cortex-a8 -mthumb -D__thumb__  -std=gnu99 -mfloat-abi=softfp -mfpu=neon -marm -march=armv7-a -mtune=cortex-a8 -mthumb -D__thumb__  -std=gnu99 conftest.c >&5
conftest.c: In function 'main':
conftest.c:68:12: error: size of array 'test_array' is negative
configure:12278: $? = 1
configure: failed program was:
| /* confdefs.h */
| #define PACKAGE_NAME "GNU FriBidi"
| #define PACKAGE_TARNAME "fribidi"
| #define PACKAGE_VERSION "0.19.2"
| #define PACKAGE_STRING "GNU FriBidi 0.19.2"
| #define PACKAGE_BUGREPORT "http://fribidi.org/bug"
| #define PACKAGE_URL "http://www.gnu.org/software/fribidi/"
| #define PACKAGE "fribidi"
| #define VERSION "0.19.2"
| #define STDC_HEADERS 1
| #define HAVE_SYS_TYPES_H 1
| #define HAVE_SYS_STAT_H 1
| #define HAVE_STDLIB_H 1
| #define HAVE_STRING_H 1
| #define HAVE_MEMORY_H 1
| #define HAVE_STRINGS_H 1
| #define HAVE_INTTYPES_H 1
| #define HAVE_STDINT_H 1
| #define HAVE_UNISTD_H 1
| #define HAVE_DLFCN_H 1
| #define LT_OBJDIR ".libs/"
| #define STDC_HEADERS 1
| #define HAVE_STDLIB_H 1
| #define HAVE_STRING_H 1
| #define HAVE_STRINGS_H 1
| #define HAVE_INTTYPES_H 1
| #define HAVE_WCHAR_H 1
| #define HAVE_ASM_PAGE_H 1
| #define HAVE_SYS_TIMES_H 1
| #define HAVE_STRINGIZE 1
| /* end confdefs.h.  */
| #include <stdio.h>
| #ifdef HAVE_SYS_TYPES_H
| # include <sys/types.h>
| #endif
| #ifdef HAVE_SYS_STAT_H
| # include <sys/stat.h>
| #endif
| #ifdef STDC_HEADERS
| # include <stdlib.h>
| # include <stddef.h>
| #else
| # ifdef HAVE_STDLIB_H
| #  include <stdlib.h>
| # endif
| #endif
| #ifdef HAVE_STRING_H
| # if !defined STDC_HEADERS && defined HAVE_MEMORY_H
| #  include <memory.h>
| # endif
| # include <string.h>
| #endif
| #ifdef HAVE_STRINGS_H
| # include <strings.h>
| #endif
| #ifdef HAVE_INTTYPES_H
| # include <inttypes.h>
| #endif
| #ifdef HAVE_STDINT_H
| # include <stdint.h>
| #endif
| #ifdef HAVE_UNISTD_H
| # include <unistd.h>
| #endif
| int
| main ()
| {
| static int test_array [1 - 2 * !(((long int) (sizeof (int))) <= 3)];
| test_array [0] = 0;
| return test_array [0];
| 
|   ;
|   return 0;
| }
configure:12278: /home/retsu/android-ndk/toolchains/arm-linux-androideabi-4.6/prebuilt/linux-x86/bin/arm-linux-androideabi-gcc --sysroot=/home/retsu/android-ndk/platforms/android-9/arch-arm/ -c -mfloat-abi=softfp -mfpu=neon -marm -march=armv7-a -mtune=cortex-a8 -mthumb -D__thumb__  -std=gnu99 -mfloat-abi=softfp -mfpu=neon -marm -march=armv7-a -mtune=cortex-a8 -mthumb -D__thumb__  -std=gnu99 conftest.c >&5
configure:12278: $? = 0
configure:12278: /home/retsu/android-ndk/toolchains/arm-linux-androideabi-4.6/prebuilt/linux-x86/bin/arm-linux-androideabi-gcc --sysroot=/home/retsu/android-ndk/platforms/android-9/arch-arm/ -c -mfloat-abi=softfp -mfpu=neon -marm -march=armv7-a -mtune=cortex-a8 -mthumb -D__thumb__  -std=gnu99 -mfloat-abi=softfp -mfpu=neon -marm -march=armv7-a -mtune=cortex-a8 -mthumb -D__thumb__  -std=gnu99 conftest.c >&5
configure:12278: $? = 0
configure:12278: /home/retsu/android-ndk/toolchains/arm-linux-androideabi-4.6/prebuilt/linux-x86/bin/arm-linux-androideabi-gcc --sysroot=/home/retsu/android-ndk/platforms/android-9/arch-arm/ -c -mfloat-abi=softfp -mfpu=neon -marm -march=armv7-a -mtune=cortex-a8 -mthumb -D__thumb__  -std=gnu99 -mfloat-abi=softfp -mfpu=neon -marm -march=armv7-a -mtune=cortex-a8 -mthumb -D__thumb__  -std=gnu99 conftest.c >&5
configure:12278: $? = 0
configure:12292: result: 4
configure:12308: checking size of short
configure:12313: /home/retsu/android-ndk/toolchains/arm-linux-androideabi-4.6/prebuilt/linux-x86/bin/arm-linux-androideabi-gcc --sysroot=/home/retsu/android-ndk/platforms/android-9/arch-arm/ -c -mfloat-abi=softfp -mfpu=neon -marm -march=armv7-a -mtune=cortex-a8 -mthumb -D__thumb__  -std=gnu99 -mfloat-abi=softfp -mfpu=neon -marm -march=armv7-a -mtune=cortex-a8 -mthumb -D__thumb__  -std=gnu99 conftest.c >&5
configure:12313: $? = 0
configure:12313: /home/retsu/android-ndk/toolchains/arm-linux-androideabi-4.6/prebuilt/linux-x86/bin/arm-linux-androideabi-gcc --sysroot=/home/retsu/android-ndk/platforms/android-9/arch-arm/ -c -mfloat-abi=softfp -mfpu=neon -marm -march=armv7-a -mtune=cortex-a8 -mthumb -D__thumb__  -std=gnu99 -mfloat-abi=softfp -mfpu=neon -marm -march=armv7-a -mtune=cortex-a8 -mthumb -D__thumb__  -std=gnu99 conftest.c >&5
conftest.c: In function 'main':
conftest.c:69:12: error: size of array 'test_array' is negative
configure:12313: $? = 1
configure: failed program was:
| /* confdefs.h */
| #define PACKAGE_NAME "GNU FriBidi"
| #define PACKAGE_TARNAME "fribidi"
| #define PACKAGE_VERSION "0.19.2"
| #define PACKAGE_STRING "GNU FriBidi 0.19.2"
| #define PACKAGE_BUGREPORT "http://fribidi.org/bug"
| #define PACKAGE_URL "http://www.gnu.org/software/fribidi/"
| #define PACKAGE "fribidi"
| #define VERSION "0.19.2"
| #define STDC_HEADERS 1
| #define HAVE_SYS_TYPES_H 1
| #define HAVE_SYS_STAT_H 1
| #define HAVE_STDLIB_H 1
| #define HAVE_STRING_H 1
| #define HAVE_MEMORY_H 1
| #define HAVE_STRINGS_H 1
| #define HAVE_INTTYPES_H 1
| #define HAVE_STDINT_H 1
| #define HAVE_UNISTD_H 1
| #define HAVE_DLFCN_H 1
| #define LT_OBJDIR ".libs/"
| #define STDC_HEADERS 1
| #define HAVE_STDLIB_H 1
| #define HAVE_STRING_H 1
| #define HAVE_STRINGS_H 1
| #define HAVE_INTTYPES_H 1
| #define HAVE_WCHAR_H 1
| #define HAVE_ASM_PAGE_H 1
| #define HAVE_SYS_TIMES_H 1
| #define HAVE_STRINGIZE 1
| #define SIZEOF_INT 4
| /* end confdefs.h.  */
| #include <stdio.h>
| #ifdef HAVE_SYS_TYPES_H
| # include <sys/types.h>
| #endif
| #ifdef HAVE_SYS_STAT_H
| # include <sys/stat.h>
| #endif
| #ifdef STDC_HEADERS
| # include <stdlib.h>
| # include <stddef.h>
| #else
| # ifdef HAVE_STDLIB_H
| #  include <stdlib.h>
| # endif
| #endif
| #ifdef HAVE_STRING_H
| # if !defined STDC_HEADERS && defined HAVE_MEMORY_H
| #  include <memory.h>
| # endif
| # include <string.h>
| #endif
| #ifdef HAVE_STRINGS_H
| # include <strings.h>
| #endif
| #ifdef HAVE_INTTYPES_H
| # include <inttypes.h>
| #endif
| #ifdef HAVE_STDINT_H
| # include <stdint.h>
| #endif
| #ifdef HAVE_UNISTD_H
| # include <unistd.h>
| #endif
| int
| main ()
| {
| static int test_array [1 - 2 * !(((long int) (sizeof (short))) <= 0)];
| test_array [0] = 0;
| return test_array [0];
| 
|   ;
|   return 0;
| }
configure:12313: /home/retsu/android-ndk/toolchains/arm-linux-androideabi-4.6/prebuilt/linux-x86/bin/arm-linux-androideabi-gcc --sysroot=/home/retsu/android-ndk/platforms/android-9/arch-arm/ -c -mfloat-abi=softfp -mfpu=neon -marm -march=armv7-a -mtune=cortex-a8 -mthumb -D__thumb__  -std=gnu99 -mfloat-abi=softfp -mfpu=neon -marm -march=armv7-a -mtune=cortex-a8 -mthumb -D__thumb__  -std=gnu99 conftest.c >&5
conftest.c: In function 'main':
conftest.c:69:12: error: size of array 'test_array' is negative
configure:12313: $? = 1
configure: failed program was:
| /* confdefs.h */
| #define PACKAGE_NAME "GNU FriBidi"
| #define PACKAGE_TARNAME "fribidi"
| #define PACKAGE_VERSION "0.19.2"
| #define PACKAGE_STRING "GNU FriBidi 0.19.2"
| #define PACKAGE_BUGREPORT "http://fribidi.org/bug"
| #define PACKAGE_URL "http://www.gnu.org/software/fribidi/"
| #define PACKAGE "fribidi"
| #define VERSION "0.19.2"
| #define STDC_HEADERS 1
| #define HAVE_SYS_TYPES_H 1
| #define HAVE_SYS_STAT_H 1
| #define HAVE_STDLIB_H 1
| #define HAVE_STRING_H 1
| #define HAVE_MEMORY_H 1
| #define HAVE_STRINGS_H 1
| #define HAVE_INTTYPES_H 1
| #define HAVE_STDINT_H 1
| #define HAVE_UNISTD_H 1
| #define HAVE_DLFCN_H 1
| #define LT_OBJDIR ".libs/"
| #define STDC_HEADERS 1
| #define HAVE_STDLIB_H 1
| #define HAVE_STRING_H 1
| #define HAVE_STRINGS_H 1
| #define HAVE_INTTYPES_H 1
| #define HAVE_WCHAR_H 1
| #define HAVE_ASM_PAGE_H 1
| #define HAVE_SYS_TIMES_H 1
| #define HAVE_STRINGIZE 1
| #define SIZEOF_INT 4
| /* end confdefs.h.  */
| #include <stdio.h>
| #ifdef HAVE_SYS_TYPES_H
| # include <sys/types.h>
| #endif
| #ifdef HAVE_SYS_STAT_H
| # include <sys/stat.h>
| #endif
| #ifdef STDC_HEADERS
| # include <stdlib.h>
| # include <stddef.h>
| #else
| # ifdef HAVE_STDLIB_H
| #  include <stdlib.h>
| # endif
| #endif
| #ifdef HAVE_STRING_H
| # if !defined STDC_HEADERS && defined HAVE_MEMORY_H
| #  include <memory.h>
| # endif
| # include <string.h>
| #endif
| #ifdef HAVE_STRINGS_H
| # include <strings.h>
| #endif
| #ifdef HAVE_INTTYPES_H
| # include <inttypes.h>
| #endif
| #ifdef HAVE_STDINT_H
| # include <stdint.h>
| #endif
| #ifdef HAVE_UNISTD_H
| # include <unistd.h>
| #endif
| int
| main ()
| {
| static int test_array [1 - 2 * !(((long int) (sizeof (short))) <= 1)];
| test_array [0] = 0;
| return test_array [0];
| 
|   ;
|   return 0;
| }
configure:12313: /home/retsu/android-ndk/toolchains/arm-linux-androideabi-4.6/prebuilt/linux-x86/bin/arm-linux-androideabi-gcc --sysroot=/home/retsu/android-ndk/platforms/android-9/arch-arm/ -c -mfloat-abi=softfp -mfpu=neon -marm -march=armv7-a -mtune=cortex-a8 -mthumb -D__thumb__  -std=gnu99 -mfloat-abi=softfp -mfpu=neon -marm -march=armv7-a -mtune=cortex-a8 -mthumb -D__thumb__  -std=gnu99 conftest.c >&5
configure:12313: $? = 0
configure:12313: /home/retsu/android-ndk/toolchains/arm-linux-androideabi-4.6/prebuilt/linux-x86/bin/arm-linux-androideabi-gcc --sysroot=/home/retsu/android-ndk/platforms/android-9/arch-arm/ -c -mfloat-abi=softfp -mfpu=neon -marm -march=armv7-a -mtune=cortex-a8 -mthumb -D__thumb__  -std=gnu99 -mfloat-abi=softfp -mfpu=neon -marm -march=armv7-a -mtune=cortex-a8 -mthumb -D__thumb__  -std=gnu99 conftest.c >&5
configure:12313: $? = 0
configure:12327: result: 2
configure:12341: checking size of void *
configure:12346: /home/retsu/android-ndk/toolchains/arm-linux-androideabi-4.6/prebuilt/linux-x86/bin/arm-linux-androideabi-gcc --sysroot=/home/retsu/android-ndk/platforms/android-9/arch-arm/ -c -mfloat-abi=softfp -mfpu=neon -marm -march=armv7-a -mtune=cortex-a8 -mthumb -D__thumb__  -std=gnu99 -mfloat-abi=softfp -mfpu=neon -marm -march=armv7-a -mtune=cortex-a8 -mthumb -D__thumb__  -std=gnu99 conftest.c >&5
configure:12346: $? = 0
configure:12346: /home/retsu/android-ndk/toolchains/arm-linux-androideabi-4.6/prebuilt/linux-x86/bin/arm-linux-androideabi-gcc --sysroot=/home/retsu/android-ndk/platforms/android-9/arch-arm/ -c -mfloat-abi=softfp -mfpu=neon -marm -march=armv7-a -mtune=cortex-a8 -mthumb -D__thumb__  -std=gnu99 -mfloat-abi=softfp -mfpu=neon -marm -march=armv7-a -mtune=cortex-a8 -mthumb -D__thumb__  -std=gnu99 conftest.c >&5
conftest.c: In function 'main':
conftest.c:70:12: error: size of array 'test_array' is negative
configure:12346: $? = 1
configure: failed program was:
| /* confdefs.h */
| #define PACKAGE_NAME "GNU FriBidi"
| #define PACKAGE_TARNAME "fribidi"
| #define PACKAGE_VERSION "0.19.2"
| #define PACKAGE_STRING "GNU FriBidi 0.19.2"
| #define PACKAGE_BUGREPORT "http://fribidi.org/bug"
| #define PACKAGE_URL "http://www.gnu.org/software/fribidi/"
| #define PACKAGE "fribidi"
| #define VERSION "0.19.2"
| #define STDC_HEADERS 1
| #define HAVE_SYS_TYPES_H 1
| #define HAVE_SYS_STAT_H 1
| #define HAVE_STDLIB_H 1
| #define HAVE_STRING_H 1
| #define HAVE_MEMORY_H 1
| #define HAVE_STRINGS_H 1
| #define HAVE_INTTYPES_H 1
| #define HAVE_STDINT_H 1
| #define HAVE_UNISTD_H 1
| #define HAVE_DLFCN_H 1
| #define LT_OBJDIR ".libs/"
| #define STDC_HEADERS 1
| #define HAVE_STDLIB_H 1
| #define HAVE_STRING_H 1
| #define HAVE_STRINGS_H 1
| #define HAVE_INTTYPES_H 1
| #define HAVE_WCHAR_H 1
| #define HAVE_ASM_PAGE_H 1
| #define HAVE_SYS_TIMES_H 1
| #define HAVE_STRINGIZE 1
| #define SIZEOF_INT 4
| #define SIZEOF_SHORT 2
| /* end confdefs.h.  */
| #include <stdio.h>
| #ifdef HAVE_SYS_TYPES_H
| # include <sys/types.h>
| #endif
| #ifdef HAVE_SYS_STAT_H
| # include <sys/stat.h>
| #endif
| #ifdef STDC_HEADERS
| # include <stdlib.h>
| # include <stddef.h>
| #else
| # ifdef HAVE_STDLIB_H
| #  include <stdlib.h>
| # endif
| #endif
| #ifdef HAVE_STRING_H
| # if !defined STDC_HEADERS && defined HAVE_MEMORY_H
| #  include <memory.h>
| # endif
| # include <string.h>
| #endif
| #ifdef HAVE_STRINGS_H
| # include <strings.h>
| #endif
| #ifdef HAVE_INTTYPES_H
| # include <inttypes.h>
| #endif
| #ifdef HAVE_STDINT_H
| # include <stdint.h>
| #endif
| #ifdef HAVE_UNISTD_H
| # include <unistd.h>
| #endif
| int
| main ()
| {
| static int test_array [1 - 2 * !(((long int) (sizeof (void *))) <= 0)];
| test_array [0] = 0;
| return test_array [0];
| 
|   ;
|   return 0;
| }
configure:12346: /home/retsu/android-ndk/toolchains/arm-linux-androideabi-4.6/prebuilt/linux-x86/bin/arm-linux-androideabi-gcc --sysroot=/home/retsu/android-ndk/platforms/android-9/arch-arm/ -c -mfloat-abi=softfp -mfpu=neon -marm -march=armv7-a -mtune=cortex-a8 -mthumb -D__thumb__  -std=gnu99 -mfloat-abi=softfp -mfpu=neon -marm -march=armv7-a -mtune=cortex-a8 -mthumb -D__thumb__  -std=gnu99 conftest.c >&5
conftest.c: In function 'main':
conftest.c:70:12: error: size of array 'test_array' is negative
configure:12346: $? = 1
configure: failed program was:
| /* confdefs.h */
| #define PACKAGE_NAME "GNU FriBidi"
| #define PACKAGE_TARNAME "fribidi"
| #define PACKAGE_VERSION "0.19.2"
| #define PACKAGE_STRING "GNU FriBidi 0.19.2"
| #define PACKAGE_BUGREPORT "http://fribidi.org/bug"
| #define PACKAGE_URL "http://www.gnu.org/software/fribidi/"
| #define PACKAGE "fribidi"
| #define VERSION "0.19.2"
| #define STDC_HEADERS 1
| #define HAVE_SYS_TYPES_H 1
| #define HAVE_SYS_STAT_H 1
| #define HAVE_STDLIB_H 1
| #define HAVE_STRING_H 1
| #define HAVE_MEMORY_H 1
| #define HAVE_STRINGS_H 1
| #define HAVE_INTTYPES_H 1
| #define HAVE_STDINT_H 1
| #define HAVE_UNISTD_H 1
| #define HAVE_DLFCN_H 1
| #define LT_OBJDIR ".libs/"
| #define STDC_HEADERS 1
| #define HAVE_STDLIB_H 1
| #define HAVE_STRING_H 1
| #define HAVE_STRINGS_H 1
| #define HAVE_INTTYPES_H 1
| #define HAVE_WCHAR_H 1
| #define HAVE_ASM_PAGE_H 1
| #define HAVE_SYS_TIMES_H 1
| #define HAVE_STRINGIZE 1
| #define SIZEOF_INT 4
| #define SIZEOF_SHORT 2
| /* end confdefs.h.  */
| #include <stdio.h>
| #ifdef HAVE_SYS_TYPES_H
| # include <sys/types.h>
| #endif
| #ifdef HAVE_SYS_STAT_H
| # include <sys/stat.h>
| #endif
| #ifdef STDC_HEADERS
| # include <stdlib.h>
| # include <stddef.h>
| #else
| # ifdef HAVE_STDLIB_H
| #  include <stdlib.h>
| # endif
| #endif
| #ifdef HAVE_STRING_H
| # if !defined STDC_HEADERS && defined HAVE_MEMORY_H
| #  include <memory.h>
| # endif
| # include <string.h>
| #endif
| #ifdef HAVE_STRINGS_H
| # include <strings.h>
| #endif
| #ifdef HAVE_INTTYPES_H
| # include <inttypes.h>
| #endif
| #ifdef HAVE_STDINT_H
| # include <stdint.h>
| #endif
| #ifdef HAVE_UNISTD_H
| # include <unistd.h>
| #endif
| int
| main ()
| {
| static int test_array [1 - 2 * !(((long int) (sizeof (void *))) <= 1)];
| test_array [0] = 0;
| return test_array [0];
| 
|   ;
|   return 0;
| }
configure:12346: /home/retsu/android-ndk/toolchains/arm-linux-androideabi-4.6/prebuilt/linux-x86/bin/arm-linux-androideabi-gcc --sysroot=/home/retsu/android-ndk/platforms/android-9/arch-arm/ -c -mfloat-abi=softfp -mfpu=neon -marm -march=armv7-a -mtune=cortex-a8 -mthumb -D__thumb__  -std=gnu99 -mfloat-abi=softfp -mfpu=neon -marm -march=armv7-a -mtune=cortex-a8 -mthumb -D__thumb__  -std=gnu99 conftest.c >&5
conftest.c: In function 'main':
conftest.c:70:12: error: size of array 'test_array' is negative
configure:12346: $? = 1
configure: failed program was:
| /* confdefs.h */
| #define PACKAGE_NAME "GNU FriBidi"
| #define PACKAGE_TARNAME "fribidi"
| #define PACKAGE_VERSION "0.19.2"
| #define PACKAGE_STRING "GNU FriBidi 0.19.2"
| #define PACKAGE_BUGREPORT "http://fribidi.org/bug"
| #define PACKAGE_URL "http://www.gnu.org/software/fribidi/"
| #define PACKAGE "fribidi"
| #define VERSION "0.19.2"
| #define STDC_HEADERS 1
| #define HAVE_SYS_TYPES_H 1
| #define HAVE_SYS_STAT_H 1
| #define HAVE_STDLIB_H 1
| #define HAVE_STRING_H 1
| #define HAVE_MEMORY_H 1
| #define HAVE_STRINGS_H 1
| #define HAVE_INTTYPES_H 1
| #define HAVE_STDINT_H 1
| #define HAVE_UNISTD_H 1
| #define HAVE_DLFCN_H 1
| #define LT_OBJDIR ".libs/"
| #define STDC_HEADERS 1
| #define HAVE_STDLIB_H 1
| #define HAVE_STRING_H 1
| #define HAVE_STRINGS_H 1
| #define HAVE_INTTYPES_H 1
| #define HAVE_WCHAR_H 1
| #define HAVE_ASM_PAGE_H 1
| #define HAVE_SYS_TIMES_H 1
| #define HAVE_STRINGIZE 1
| #define SIZEOF_INT 4
| #define SIZEOF_SHORT 2
| /* end confdefs.h.  */
| #include <stdio.h>
| #ifdef HAVE_SYS_TYPES_H
| # include <sys/types.h>
| #endif
| #ifdef HAVE_SYS_STAT_H
| # include <sys/stat.h>
| #endif
| #ifdef STDC_HEADERS
| # include <stdlib.h>
| # include <stddef.h>
| #else
| # ifdef HAVE_STDLIB_H
| #  include <stdlib.h>
| # endif
| #endif
| #ifdef HAVE_STRING_H
| # if !defined STDC_HEADERS && defined HAVE_MEMORY_H
| #  include <memory.h>
| # endif
| # include <string.h>
| #endif
| #ifdef HAVE_STRINGS_H
| # include <strings.h>
| #endif
| #ifdef HAVE_INTTYPES_H
| # include <inttypes.h>
| #endif
| #ifdef HAVE_STDINT_H
| # include <stdint.h>
| #endif
| #ifdef HAVE_UNISTD_H
| # include <unistd.h>
| #endif
| int
| main ()
| {
| static int test_array [1 - 2 * !(((long int) (sizeof (void *))) <= 3)];
| test_array [0] = 0;
| return test_array [0];
| 
|   ;
|   return 0;
| }
configure:12346: /home/retsu/android-ndk/toolchains/arm-linux-androideabi-4.6/prebuilt/linux-x86/bin/arm-linux-androideabi-gcc --sysroot=/home/retsu/android-ndk/platforms/android-9/arch-arm/ -c -mfloat-abi=softfp -mfpu=neon -marm -march=armv7-a -mtune=cortex-a8 -mthumb -D__thumb__  -std=gnu99 -mfloat-abi=softfp -mfpu=neon -marm -march=armv7-a -mtune=cortex-a8 -mthumb -D__thumb__  -std=gnu99 conftest.c >&5
configure:12346: $? = 0
configure:12346: /home/retsu/android-ndk/toolchains/arm-linux-androideabi-4.6/prebuilt/linux-x86/bin/arm-linux-androideabi-gcc --sysroot=/home/retsu/android-ndk/platforms/android-9/arch-arm/ -c -mfloat-abi=softfp -mfpu=neon -marm -march=armv7-a -mtune=cortex-a8 -mthumb -D__thumb__  -std=gnu99 -mfloat-abi=softfp -mfpu=neon -marm -march=armv7-a -mtune=cortex-a8 -mthumb -D__thumb__  -std=gnu99 conftest.c >&5
configure:12346: $? = 0
configure:12346: /home/retsu/android-ndk/toolchains/arm-linux-androideabi-4.6/prebuilt/linux-x86/bin/arm-linux-androideabi-gcc --sysroot=/home/retsu/android-ndk/platforms/android-9/arch-arm/ -c -mfloat-abi=softfp -mfpu=neon -marm -march=armv7-a -mtune=cortex-a8 -mthumb -D__thumb__  -std=gnu99 -mfloat-abi=softfp -mfpu=neon -marm -march=armv7-a -mtune=cortex-a8 -mthumb -D__thumb__  -std=gnu99 conftest.c >&5
configure:12346: $? = 0
configure:12360: result: 4
configure:12374: checking size of wchar_t
configure:12379: /home/retsu/android-ndk/toolchains/arm-linux-androideabi-4.6/prebuilt/linux-x86/bin/arm-linux-androideabi-gcc --sysroot=/home/retsu/android-ndk/platforms/android-9/arch-arm/ -c -mfloat-abi=softfp -mfpu=neon -marm -march=armv7-a -mtune=cortex-a8 -mthumb -D__thumb__  -std=gnu99 -mfloat-abi=softfp -mfpu=neon -marm -march=armv7-a -mtune=cortex-a8 -mthumb -D__thumb__  -std=gnu99 conftest.c >&5
configure:12379: $? = 0
configure:12379: /home/retsu/android-ndk/toolchains/arm-linux-androideabi-4.6/prebuilt/linux-x86/bin/arm-linux-androideabi-gcc --sysroot=/home/retsu/android-ndk/platforms/android-9/arch-arm/ -c -mfloat-abi=softfp -mfpu=neon -marm -march=armv7-a -mtune=cortex-a8 -mthumb -D__thumb__  -std=gnu99 -mfloat-abi=softfp -mfpu=neon -marm -march=armv7-a -mtune=cortex-a8 -mthumb -D__thumb__  -std=gnu99 conftest.c >&5
conftest.c: In function 'main':
conftest.c:71:12: error: size of array 'test_array' is negative
configure:12379: $? = 1
configure: failed program was:
| /* confdefs.h */
| #define PACKAGE_NAME "GNU FriBidi"
| #define PACKAGE_TARNAME "fribidi"
| #define PACKAGE_VERSION "0.19.2"
| #define PACKAGE_STRING "GNU FriBidi 0.19.2"
| #define PACKAGE_BUGREPORT "http://fribidi.org/bug"
| #define PACKAGE_URL "http://www.gnu.org/software/fribidi/"
| #define PACKAGE "fribidi"
| #define VERSION "0.19.2"
| #define STDC_HEADERS 1
| #define HAVE_SYS_TYPES_H 1
| #define HAVE_SYS_STAT_H 1
| #define HAVE_STDLIB_H 1
| #define HAVE_STRING_H 1
| #define HAVE_MEMORY_H 1
| #define HAVE_STRINGS_H 1
| #define HAVE_INTTYPES_H 1
| #define HAVE_STDINT_H 1
| #define HAVE_UNISTD_H 1
| #define HAVE_DLFCN_H 1
| #define LT_OBJDIR ".libs/"
| #define STDC_HEADERS 1
| #define HAVE_STDLIB_H 1
| #define HAVE_STRING_H 1
| #define HAVE_STRINGS_H 1
| #define HAVE_INTTYPES_H 1
| #define HAVE_WCHAR_H 1
| #define HAVE_ASM_PAGE_H 1
| #define HAVE_SYS_TIMES_H 1
| #define HAVE_STRINGIZE 1
| #define SIZEOF_INT 4
| #define SIZEOF_SHORT 2
| #define SIZEOF_VOID_P 4
| /* end confdefs.h.  */
| #include <stdio.h>
| #ifdef HAVE_SYS_TYPES_H
| # include <sys/types.h>
| #endif
| #ifdef HAVE_SYS_STAT_H
| # include <sys/stat.h>
| #endif
| #ifdef STDC_HEADERS
| # include <stdlib.h>
| # include <stddef.h>
| #else
| # ifdef HAVE_STDLIB_H
| #  include <stdlib.h>
| # endif
| #endif
| #ifdef HAVE_STRING_H
| # if !defined STDC_HEADERS && defined HAVE_MEMORY_H
| #  include <memory.h>
| # endif
| # include <string.h>
| #endif
| #ifdef HAVE_STRINGS_H
| # include <strings.h>
| #endif
| #ifdef HAVE_INTTYPES_H
| # include <inttypes.h>
| #endif
| #ifdef HAVE_STDINT_H
| # include <stdint.h>
| #endif
| #ifdef HAVE_UNISTD_H
| # include <unistd.h>
| #endif
| int
| main ()
| {
| static int test_array [1 - 2 * !(((long int) (sizeof (wchar_t))) <= 0)];
| test_array [0] = 0;
| return test_array [0];
| 
|   ;
|   return 0;
| }
configure:12379: /home/retsu/android-ndk/toolchains/arm-linux-androideabi-4.6/prebuilt/linux-x86/bin/arm-linux-androideabi-gcc --sysroot=/home/retsu/android-ndk/platforms/android-9/arch-arm/ -c -mfloat-abi=softfp -mfpu=neon -marm -march=armv7-a -mtune=cortex-a8 -mthumb -D__thumb__  -std=gnu99 -mfloat-abi=softfp -mfpu=neon -marm -march=armv7-a -mtune=cortex-a8 -mthumb -D__thumb__  -std=gnu99 conftest.c >&5
conftest.c: In function 'main':
conftest.c:71:12: error: size of array 'test_array' is negative
configure:12379: $? = 1
configure: failed program was:
| /* confdefs.h */
| #define PACKAGE_NAME "GNU FriBidi"
| #define PACKAGE_TARNAME "fribidi"
| #define PACKAGE_VERSION "0.19.2"
| #define PACKAGE_STRING "GNU FriBidi 0.19.2"
| #define PACKAGE_BUGREPORT "http://fribidi.org/bug"
| #define PACKAGE_URL "http://www.gnu.org/software/fribidi/"
| #define PACKAGE "fribidi"
| #define VERSION "0.19.2"
| #define STDC_HEADERS 1
| #define HAVE_SYS_TYPES_H 1
| #define HAVE_SYS_STAT_H 1
| #define HAVE_STDLIB_H 1
| #define HAVE_STRING_H 1
| #define HAVE_MEMORY_H 1
| #define HAVE_STRINGS_H 1
| #define HAVE_INTTYPES_H 1
| #define HAVE_STDINT_H 1
| #define HAVE_UNISTD_H 1
| #define HAVE_DLFCN_H 1
| #define LT_OBJDIR ".libs/"
| #define STDC_HEADERS 1
| #define HAVE_STDLIB_H 1
| #define HAVE_STRING_H 1
| #define HAVE_STRINGS_H 1
| #define HAVE_INTTYPES_H 1
| #define HAVE_WCHAR_H 1
| #define HAVE_ASM_PAGE_H 1
| #define HAVE_SYS_TIMES_H 1
| #define HAVE_STRINGIZE 1
| #define SIZEOF_INT 4
| #define SIZEOF_SHORT 2
| #define SIZEOF_VOID_P 4
| /* end confdefs.h.  */
| #include <stdio.h>
| #ifdef HAVE_SYS_TYPES_H
| # include <sys/types.h>
| #endif
| #ifdef HAVE_SYS_STAT_H
| # include <sys/stat.h>
| #endif
| #ifdef STDC_HEADERS
| # include <stdlib.h>
| # include <stddef.h>
| #else
| # ifdef HAVE_STDLIB_H
| #  include <stdlib.h>
| # endif
| #endif
| #ifdef HAVE_STRING_H
| # if !defined STDC_HEADERS && defined HAVE_MEMORY_H
| #  include <memory.h>
| # endif
| # include <string.h>
| #endif
| #ifdef HAVE_STRINGS_H
| # include <strings.h>
| #endif
| #ifdef HAVE_INTTYPES_H
| # include <inttypes.h>
| #endif
| #ifdef HAVE_STDINT_H
| # include <stdint.h>
| #endif
| #ifdef HAVE_UNISTD_H
| # include <unistd.h>
| #endif
| int
| main ()
| {
| static int test_array [1 - 2 * !(((long int) (sizeof (wchar_t))) <= 1)];
| test_array [0] = 0;
| return test_array [0];
| 
|   ;
|   return 0;
| }
configure:12379: /home/retsu/android-ndk/toolchains/arm-linux-androideabi-4.6/prebuilt/linux-x86/bin/arm-linux-androideabi-gcc --sysroot=/home/retsu/android-ndk/platforms/android-9/arch-arm/ -c -mfloat-abi=softfp -mfpu=neon -marm -march=armv7-a -mtune=cortex-a8 -mthumb -D__thumb__  -std=gnu99 -mfloat-abi=softfp -mfpu=neon -marm -march=armv7-a -mtune=cortex-a8 -mthumb -D__thumb__  -std=gnu99 conftest.c >&5
conftest.c: In function 'main':
conftest.c:71:12: error: size of array 'test_array' is negative
configure:12379: $? = 1
configure: failed program was:
| /* confdefs.h */
| #define PACKAGE_NAME "GNU FriBidi"
| #define PACKAGE_TARNAME "fribidi"
| #define PACKAGE_VERSION "0.19.2"
| #define PACKAGE_STRING "GNU FriBidi 0.19.2"
| #define PACKAGE_BUGREPORT "http://fribidi.org/bug"
| #define PACKAGE_URL "http://www.gnu.org/software/fribidi/"
| #define PACKAGE "fribidi"
| #define VERSION "0.19.2"
| #define STDC_HEADERS 1
| #define HAVE_SYS_TYPES_H 1
| #define HAVE_SYS_STAT_H 1
| #define HAVE_STDLIB_H 1
| #define HAVE_STRING_H 1
| #define HAVE_MEMORY_H 1
| #define HAVE_STRINGS_H 1
| #define HAVE_INTTYPES_H 1
| #define HAVE_STDINT_H 1
| #define HAVE_UNISTD_H 1
| #define HAVE_DLFCN_H 1
| #define LT_OBJDIR ".libs/"
| #define STDC_HEADERS 1
| #define HAVE_STDLIB_H 1
| #define HAVE_STRING_H 1
| #define HAVE_STRINGS_H 1
| #define HAVE_INTTYPES_H 1
| #define HAVE_WCHAR_H 1
| #define HAVE_ASM_PAGE_H 1
| #define HAVE_SYS_TIMES_H 1
| #define HAVE_STRINGIZE 1
| #define SIZEOF_INT 4
| #define SIZEOF_SHORT 2
| #define SIZEOF_VOID_P 4
| /* end confdefs.h.  */
| #include <stdio.h>
| #ifdef HAVE_SYS_TYPES_H
| # include <sys/types.h>
| #endif
| #ifdef HAVE_SYS_STAT_H
| # include <sys/stat.h>
| #endif
| #ifdef STDC_HEADERS
| # include <stdlib.h>
| # include <stddef.h>
| #else
| # ifdef HAVE_STDLIB_H
| #  include <stdlib.h>
| # endif
| #endif
| #ifdef HAVE_STRING_H
| # if !defined STDC_HEADERS && defined HAVE_MEMORY_H
| #  include <memory.h>
| # endif
| # include <string.h>
| #endif
| #ifdef HAVE_STRINGS_H
| # include <strings.h>
| #endif
| #ifdef HAVE_INTTYPES_H
| # include <inttypes.h>
| #endif
| #ifdef HAVE_STDINT_H
| # include <stdint.h>
| #endif
| #ifdef HAVE_UNISTD_H
| # include <unistd.h>
| #endif
| int
| main ()
| {
| static int test_array [1 - 2 * !(((long int) (sizeof (wchar_t))) <= 3)];
| test_array [0] = 0;
| return test_array [0];
| 
|   ;
|   return 0;
| }
configure:12379: /home/retsu/android-ndk/toolchains/arm-linux-androideabi-4.6/prebuilt/linux-x86/bin/arm-linux-androideabi-gcc --sysroot=/home/retsu/android-ndk/platforms/android-9/arch-arm/ -c -mfloat-abi=softfp -mfpu=neon -marm -march=armv7-a -mtune=cortex-a8 -mthumb -D__thumb__  -std=gnu99 -mfloat-abi=softfp -mfpu=neon -marm -march=armv7-a -mtune=cortex-a8 -mthumb -D__thumb__  -std=gnu99 conftest.c >&5
configure:12379: $? = 0
configure:12379: /home/retsu/android-ndk/toolchains/arm-linux-androideabi-4.6/prebuilt/linux-x86/bin/arm-linux-androideabi-gcc --sysroot=/home/retsu/android-ndk/platforms/android-9/arch-arm/ -c -mfloat-abi=softfp -mfpu=neon -marm -march=armv7-a -mtune=cortex-a8 -mthumb -D__thumb__  -std=gnu99 -mfloat-abi=softfp -mfpu=neon -marm -march=armv7-a -mtune=cortex-a8 -mthumb -D__thumb__  -std=gnu99 conftest.c >&5
configure:12379: $? = 0
configure:12379: /home/retsu/android-ndk/toolchains/arm-linux-androideabi-4.6/prebuilt/linux-x86/bin/arm-linux-androideabi-gcc --sysroot=/home/retsu/android-ndk/platforms/android-9/arch-arm/ -c -mfloat-abi=softfp -mfpu=neon -marm -march=armv7-a -mtune=cortex-a8 -mthumb -D__thumb__  -std=gnu99 -mfloat-abi=softfp -mfpu=neon -marm -march=armv7-a -mtune=cortex-a8 -mthumb -D__thumb__  -std=gnu99 conftest.c >&5
configure:12379: $? = 0
configure:12393: result: 4
configure:12413: checking for memmove
configure:12413: /home/retsu/android-ndk/toolchains/arm-linux-androideabi-4.6/prebuilt/linux-x86/bin/arm-linux-androideabi-gcc --sysroot=/home/retsu/android-ndk/platforms/android-9/arch-arm/ -o conftest -mfloat-abi=softfp -mfpu=neon -marm -march=armv7-a -mtune=cortex-a8 -mthumb -D__thumb__  -std=gnu99 -Wall  -mfloat-abi=softfp -mfpu=neon -marm -march=armv7-a -mtune=cortex-a8 -mthumb -D__thumb__  -std=gnu99 -Wl,-rpath-link=/home/retsu/android-ndk/platforms/android-9/arch-arm//usr/lib -L/home/retsu/android-ndk/platforms/android-9/arch-arm//usr/lib -nostdlib -lc -lm -ldl -llog conftest.c  >&5
conftest.c:59:6: warning: conflicting types for built-in function 'memmove' [enabled by default]
configure:12413: $? = 0
configure:12413: result: yes
configure:12413: checking for memset
configure:12413: /home/retsu/android-ndk/toolchains/arm-linux-androideabi-4.6/prebuilt/linux-x86/bin/arm-linux-androideabi-gcc --sysroot=/home/retsu/android-ndk/platforms/android-9/arch-arm/ -o conftest -mfloat-abi=softfp -mfpu=neon -marm -march=armv7-a -mtune=cortex-a8 -mthumb -D__thumb__  -std=gnu99 -Wall  -mfloat-abi=softfp -mfpu=neon -marm -march=armv7-a -mtune=cortex-a8 -mthumb -D__thumb__  -std=gnu99 -Wl,-rpath-link=/home/retsu/android-ndk/platforms/android-9/arch-arm//usr/lib -L/home/retsu/android-ndk/platforms/android-9/arch-arm//usr/lib -nostdlib -lc -lm -ldl -llog conftest.c  >&5
conftest.c:60:6: warning: conflicting types for built-in function 'memset' [enabled by default]
configure:12413: $? = 0
configure:12413: result: yes
configure:12413: checking for strdup
configure:12413: /home/retsu/android-ndk/toolchains/arm-linux-androideabi-4.6/prebuilt/linux-x86/bin/arm-linux-androideabi-gcc --sysroot=/home/retsu/android-ndk/platforms/android-9/arch-arm/ -o conftest -mfloat-abi=softfp -mfpu=neon -marm -march=armv7-a -mtune=cortex-a8 -mthumb -D__thumb__  -std=gnu99 -Wall  -mfloat-abi=softfp -mfpu=neon -marm -march=armv7-a -mtune=cortex-a8 -mthumb -D__thumb__  -std=gnu99 -Wl,-rpath-link=/home/retsu/android-ndk/platforms/android-9/arch-arm//usr/lib -L/home/retsu/android-ndk/platforms/android-9/arch-arm//usr/lib -nostdlib -lc -lm -ldl -llog conftest.c  >&5
conftest.c:61:6: warning: conflicting types for built-in function 'strdup' [enabled by default]
configure:12413: $? = 0
configure:12413: result: yes
configure:12422: checking return type of signal handlers
configure:12440: /home/retsu/android-ndk/toolchains/arm-linux-androideabi-4.6/prebuilt/linux-x86/bin/arm-linux-androideabi-gcc --sysroot=/home/retsu/android-ndk/platforms/android-9/arch-arm/ -c -mfloat-abi=softfp -mfpu=neon -marm -march=armv7-a -mtune=cortex-a8 -mthumb -D__thumb__  -std=gnu99 -Wall  -mfloat-abi=softfp -mfpu=neon -marm -march=armv7-a -mtune=cortex-a8 -mthumb -D__thumb__  -std=gnu99 conftest.c >&5
conftest.c: In function 'main':
conftest.c:45:1: error: void value not ignored as it ought to be
configure:12440: $? = 1
configure: failed program was:
| /* confdefs.h */
| #define PACKAGE_NAME "GNU FriBidi"
| #define PACKAGE_TARNAME "fribidi"
| #define PACKAGE_VERSION "0.19.2"
| #define PACKAGE_STRING "GNU FriBidi 0.19.2"
| #define PACKAGE_BUGREPORT "http://fribidi.org/bug"
| #define PACKAGE_URL "http://www.gnu.org/software/fribidi/"
| #define PACKAGE "fribidi"
| #define VERSION "0.19.2"
| #define STDC_HEADERS 1
| #define HAVE_SYS_TYPES_H 1
| #define HAVE_SYS_STAT_H 1
| #define HAVE_STDLIB_H 1
| #define HAVE_STRING_H 1
| #define HAVE_MEMORY_H 1
| #define HAVE_STRINGS_H 1
| #define HAVE_INTTYPES_H 1
| #define HAVE_STDINT_H 1
| #define HAVE_UNISTD_H 1
| #define HAVE_DLFCN_H 1
| #define LT_OBJDIR ".libs/"
| #define STDC_HEADERS 1
| #define HAVE_STDLIB_H 1
| #define HAVE_STRING_H 1
| #define HAVE_STRINGS_H 1
| #define HAVE_INTTYPES_H 1
| #define HAVE_WCHAR_H 1
| #define HAVE_ASM_PAGE_H 1
| #define HAVE_SYS_TIMES_H 1
| #define HAVE_STRINGIZE 1
| #define SIZEOF_INT 4
| #define SIZEOF_SHORT 2
| #define SIZEOF_VOID_P 4
| #define SIZEOF_WCHAR_T 4
| #define HAVE_MEMMOVE 1
| #define HAVE_MEMSET 1
| #define HAVE_STRDUP 1
| /* end confdefs.h.  */
| #include <sys/types.h>
| #include <signal.h>
| 
| int
| main ()
| {
| return *(signal (0, 0)) (0) == 1;
|   ;
|   return 0;
| }
configure:12447: result: void
configure:12770: checking for GLIB
configure:12829: result: no
configure:12974: checking that generated files are newer than configure
configure:12980: result: done
configure:13023: creating ./config.status

## ---------------------- ##
## Running config.status. ##
## ---------------------- ##

This file was extended by GNU FriBidi config.status 0.19.2, which was
generated by GNU Autoconf 2.69.  Invocation command line was

  CONFIG_FILES    = 
  CONFIG_HEADERS  = 
  CONFIG_LINKS    = 
  CONFIG_COMMANDS = 
  $ ./config.status 

on Dell-XPS-15Z

config.status:1146: creating fribidi.pc
config.status:1146: creating lib/fribidi-config.h
config.status:1146: creating Makefile
config.status:1146: creating charset/Makefile
config.status:1146: creating gen.tab/Makefile
config.status:1146: creating lib/Makefile
config.status:1146: creating bin/Makefile
config.status:1146: creating doc/Makefile
config.status:1146: creating test/Makefile
config.status:1146: creating config.h
config.status:1327: config.h is unchanged
config.status:1375: executing depfiles commands
config.status:1375: executing libtool commands
configure:15258: WARNING: unrecognized options: --enable-neon

## ---------------- ##
## Cache variables. ##
## ---------------- ##

ac_cv_build=x86_64-unknown-linux-gnu
ac_cv_c_compiler_gnu=yes
ac_cv_c_const=yes
ac_cv_c_stringize=yes
ac_cv_env_CC_set=set
ac_cv_env_CC_value='/home/retsu/android-ndk/toolchains/arm-linux-androideabi-4.6/prebuilt/linux-x86/bin/arm-linux-androideabi-gcc --sysroot=/home/retsu/android-ndk/platforms/android-9/arch-arm/'
ac_cv_env_CFLAGS_set=set
ac_cv_env_CFLAGS_value='-mfloat-abi=softfp -mfpu=neon -marm -march=armv7-a -mtune=cortex-a8 -mthumb -D__thumb__  -std=gnu99'
ac_cv_env_CPPFLAGS_set=set
ac_cv_env_CPPFLAGS_value='-mfloat-abi=softfp -mfpu=neon -marm -march=armv7-a -mtune=cortex-a8 -mthumb -D__thumb__  -std=gnu99'
ac_cv_env_CPP_set=
ac_cv_env_CPP_value=
ac_cv_env_GLIB_CFLAGS_set=
ac_cv_env_GLIB_CFLAGS_value=
ac_cv_env_GLIB_LIBS_set=
ac_cv_env_GLIB_LIBS_value=
ac_cv_env_LDFLAGS_set=set
ac_cv_env_LDFLAGS_value='-Wl,-rpath-link=/home/retsu/android-ndk/platforms/android-9/arch-arm//usr/lib -L/home/retsu/android-ndk/platforms/android-9/arch-arm//usr/lib -nostdlib -lc -lm -ldl -llog'
ac_cv_env_LIBS_set=
ac_cv_env_LIBS_value=
ac_cv_env_PKG_CONFIG_LIBDIR_set=set
ac_cv_env_PKG_CONFIG_LIBDIR_value=/home/retsu/FFmpeg-Android/jni/vo-aacenc/../ffmpeg-build/armeavi-v7a-neon/lib/pkgconfig/
ac_cv_env_PKG_CONFIG_PATH_set=set
ac_cv_env_PKG_CONFIG_PATH_value=/home/retsu/FFmpeg-Android/jni/vo-aacenc/../ffmpeg-build/armeavi-v7a-neon/lib/pkgconfig/
ac_cv_env_PKG_CONFIG_set=
ac_cv_env_PKG_CONFIG_value=
ac_cv_env_build_alias_set=
ac_cv_env_build_alias_value=
ac_cv_env_host_alias_set=set
ac_cv_env_host_alias_value=arm-linux
ac_cv_env_target_alias_set=
ac_cv_env_target_alias_value=
ac_cv_func_memmove=yes
ac_cv_func_memset=yes
ac_cv_func_strdup=yes
ac_cv_header_asm_page_h=yes
ac_cv_header_dlfcn_h=yes
ac_cv_header_inttypes_h=yes
ac_cv_header_memory_h=yes
ac_cv_header_stdc=yes
ac_cv_header_stdint_h=yes
ac_cv_header_stdlib_h=yes
ac_cv_header_string_h=yes
ac_cv_header_strings_h=yes
ac_cv_header_sys_stat_h=yes
ac_cv_header_sys_times_h=yes
ac_cv_header_sys_types_h=yes
ac_cv_header_unistd_h=yes
ac_cv_header_wchar_h=yes
ac_cv_host=arm-unknown-linux-gnu
ac_cv_objext=o
ac_cv_path_EGREP='/bin/grep -E'
ac_cv_path_FGREP='/bin/grep -F'
ac_cv_path_GREP=/bin/grep
ac_cv_path_SED=/bin/sed
ac_cv_path_install='/usr/bin/install -c'
ac_cv_path_mkdir=/bin/mkdir
ac_cv_prog_AR=/home/retsu/android-ndk/toolchains/arm-linux-androideabi-4.6/prebuilt/linux-x86/bin/arm-linux-androideabi-ar
ac_cv_prog_AWK=gawk
ac_cv_prog_CC='/home/retsu/android-ndk/toolchains/arm-linux-androideabi-4.6/prebuilt/linux-x86/bin/arm-linux-androideabi-gcc --sysroot=/home/retsu/android-ndk/platforms/android-9/arch-arm/'
ac_cv_prog_CPP='/home/retsu/android-ndk/toolchains/arm-linux-androideabi-4.6/prebuilt/linux-x86/bin/arm-linux-androideabi-gcc --sysroot=/home/retsu/android-ndk/platforms/android-9/arch-arm/ -E'
ac_cv_prog_DLLTOOL=dlltool
ac_cv_prog_OBJDUMP=objdump
ac_cv_prog_RANLIB=/home/retsu/android-ndk/toolchains/arm-linux-androideabi-4.6/prebuilt/linux-x86/bin/arm-linux-androideabi-ranlib
ac_cv_prog_STRIP=/home/retsu/android-ndk/toolchains/arm-linux-androideabi-4.6/prebuilt/linux-x86/bin/arm-linux-androideabi-strip
ac_cv_prog_ac_ct_MANIFEST_TOOL=mt
ac_cv_prog_cc_c89=
ac_cv_prog_cc_g=yes
ac_cv_prog_make_make_set=yes
ac_cv_sizeof_int=4
ac_cv_sizeof_short=2
ac_cv_sizeof_void_p=4
ac_cv_sizeof_wchar_t=4
ac_cv_type_signal=void
am_cv_CC_dependencies_compiler_type=none
am_cv_make_support_nested_variables=yes
am_cv_prog_cc_c_o=yes
lt_cv_ar_at_file=@
lt_cv_deplibs_check_method=pass_all
lt_cv_file_magic_cmd='$MAGIC_CMD'
lt_cv_file_magic_test_file=
lt_cv_ld_reload_flag=-r
lt_cv_nm_interface='BSD nm'
lt_cv_objdir=.libs
lt_cv_path_LD=/home/retsu/android-ndk/toolchains/arm-linux-androideabi-4.6/prebuilt/linux-x86/arm-linux-androideabi/bin/ld
lt_cv_path_NM=/home/retsu/android-ndk/toolchains/arm-linux-androideabi-4.6/prebuilt/linux-x86/bin/arm-linux-androideabi-nm
lt_cv_path_mainfest_tool=no
lt_cv_prog_compiler_c_o=yes
lt_cv_prog_compiler_pic='-fPIC -DPIC'
lt_cv_prog_compiler_pic_works=yes
lt_cv_prog_compiler_rtti_exceptions=no
lt_cv_prog_compiler_static_works=no
lt_cv_prog_gnu_ld=yes
lt_cv_sharedlib_from_linklib_cmd='printf %s\n'
lt_cv_shlibpath_overrides_runpath=no
lt_cv_sys_global_symbol_pipe='sed -n -e '\''s/^.*[	 ]\([ABCDGIRSTW][ABCDGIRSTW]*\)[	 ][	 ]*\([_A-Za-z][_A-Za-z0-9]*\)$/\1 \2 \2/p'\'' | sed '\''/ __gnu_lto/d'\'''
lt_cv_sys_global_symbol_to_c_name_address='sed -n -e '\''s/^: \([^ ]*\)[ ]*$/  {\"\1\", (void *) 0},/p'\'' -e '\''s/^[ABCDGIRSTW]* \([^ ]*\) \([^ ]*\)$/  {"\2", (void *) \&\2},/p'\'''
lt_cv_sys_global_symbol_to_c_name_address_lib_prefix='sed -n -e '\''s/^: \([^ ]*\)[ ]*$/  {\"\1\", (void *) 0},/p'\'' -e '\''s/^[ABCDGIRSTW]* \([^ ]*\) \(lib[^ ]*\)$/  {"\2", (void *) \&\2},/p'\'' -e '\''s/^[ABCDGIRSTW]* \([^ ]*\) \([^ ]*\)$/  {"lib\2", (void *) \&\2},/p'\'''
lt_cv_sys_global_symbol_to_cdecl='sed -n -e '\''s/^T .* \(.*\)$/extern int \1();/p'\'' -e '\''s/^[ABCDGIRSTW]* .* \(.*\)$/extern char \1;/p'\'''
lt_cv_sys_max_cmd_len=1572864
lt_cv_to_host_file_cmd=func_convert_file_noop
lt_cv_to_tool_file_cmd=func_convert_file_noop

## ----------------- ##
## Output variables. ##
## ----------------- ##

ACLOCAL='${SHELL} /home/retsu/FFmpeg-Android/jni/fribidi/missing aclocal-1.14'
AMDEPBACKSLASH=''
AMDEP_FALSE=''
AMDEP_TRUE='#'
AMTAR='$${TAR-tar}'
AM_BACKSLASH='\'
AM_DEFAULT_V='$(AM_DEFAULT_VERBOSITY)'
AM_DEFAULT_VERBOSITY='1'
AM_V='$(V)'
AR='/home/retsu/android-ndk/toolchains/arm-linux-androideabi-4.6/prebuilt/linux-x86/bin/arm-linux-androideabi-ar'
AS='/home/retsu/android-ndk/toolchains/arm-linux-androideabi-4.6/prebuilt/linux-x86/bin/arm-linux-androideabi-gcc --sysroot=/home/retsu/android-ndk/platforms/android-9/arch-arm/'
AUTOCONF='${SHELL} /home/retsu/FFmpeg-Android/jni/fribidi/missing autoconf'
AUTOHEADER='${SHELL} /home/retsu/FFmpeg-Android/jni/fribidi/missing autoheader'
AUTOMAKE='${SHELL} /home/retsu/FFmpeg-Android/jni/fribidi/missing automake-1.14'
AWK='gawk'
CC='/home/retsu/android-ndk/toolchains/arm-linux-androideabi-4.6/prebuilt/linux-x86/bin/arm-linux-androideabi-gcc --sysroot=/home/retsu/android-ndk/platforms/android-9/arch-arm/'
CCDEPMODE='depmode=none'
CFLAGS='-mfloat-abi=softfp -mfpu=neon -marm -march=armv7-a -mtune=cortex-a8 -mthumb -D__thumb__  -std=gnu99 -Wall '
CPP='/home/retsu/android-ndk/toolchains/arm-linux-androideabi-4.6/prebuilt/linux-x86/bin/arm-linux-androideabi-gcc --sysroot=/home/retsu/android-ndk/platforms/android-9/arch-arm/ -E'
CPPFLAGS='-mfloat-abi=softfp -mfpu=neon -marm -march=armv7-a -mtune=cortex-a8 -mthumb -D__thumb__  -std=gnu99'
CYGPATH_W='echo'
DEFS='-DHAVE_CONFIG_H'
DEPDIR='.deps'
DLLTOOL='dlltool'
DSYMUTIL=''
DUMPBIN=''
ECHO_C=''
ECHO_N='-n'
ECHO_T=''
EGREP='/bin/grep -E'
EXEEXT=''
FGREP='/bin/grep -F'
FRIBIDI_BIN='0'
FRIBIDI_BINARY_AGE='3'
FRIBIDI_BIN_FALSE=''
FRIBIDI_BIN_TRUE='#'
FRIBIDI_CHARSETS='1'
FRIBIDI_CHARSETS_FALSE='#'
FRIBIDI_CHARSETS_TRUE=''
FRIBIDI_INTERFACE_AGE='1'
FRIBIDI_INTERFACE_VERSION='3'
FRIBIDI_MAJOR_VERSION='0'
FRIBIDI_MICRO_VERSION='2'
FRIBIDI_MINOR_VERSION='19'
FRIBIDI_NO_DEPRECATED='0'
FRIBIDI_USE_GLIB='0'
FRIBIDI_USE_GLIB_FALSE=''
FRIBIDI_USE_GLIB_TRUE='#'
FRIBIDI_VERSION='0.19.2'
GLIB_CFLAGS=''
GLIB_LIBS=''
GREP='/bin/grep'
INSTALL_DATA='${INSTALL} -m 644'
INSTALL_PROGRAM='${INSTALL}'
INSTALL_SCRIPT='${INSTALL}'
INSTALL_STRIP_PROGRAM='$(install_sh) -c -s'
LD='/home/retsu/android-ndk/toolchains/arm-linux-androideabi-4.6/prebuilt/linux-x86/arm-linux-androideabi/bin/ld'
LDFLAGS='-Wl,-rpath-link=/home/retsu/android-ndk/platforms/android-9/arch-arm//usr/lib -L/home/retsu/android-ndk/platforms/android-9/arch-arm//usr/lib -nostdlib -lc -lm -ldl -llog'
LIBOBJS=''
LIBS=''
LIBTOOL='$(SHELL) $(top_builddir)/libtool'
LIPO=''
LN_S='ln -s'
LTLIBOBJS=''
LT_CURRENT_MINUS_AGE='0'
LT_VERSION_INFO='3:1:3'
MAKEINFO='${SHELL} /home/retsu/FFmpeg-Android/jni/fribidi/missing makeinfo'
MANIFEST_TOOL=':'
MISC_CFLAGS=''
MISC_LIBS=''
MISC_PACKAGES=''
MKDIR_P='/bin/mkdir -p'
NM='/home/retsu/android-ndk/toolchains/arm-linux-androideabi-4.6/prebuilt/linux-x86/bin/arm-linux-androideabi-nm'
NMEDIT=''
OBJDUMP='objdump'
OBJEXT='o'
OS_WIN32_FALSE=''
OS_WIN32_TRUE='#'
OTOOL64=''
OTOOL=''
PACKAGE='fribidi'
PACKAGE_BUGREPORT='http://fribidi.org/bug'
PACKAGE_NAME='GNU FriBidi'
PACKAGE_STRING='GNU FriBidi 0.19.2'
PACKAGE_TARNAME='fribidi'
PACKAGE_URL='http://www.gnu.org/software/fribidi/'
PACKAGE_VERSION='0.19.2'
PATH_SEPARATOR=':'
PKG_CONFIG=''
PKG_CONFIG_LIBDIR='/home/retsu/FFmpeg-Android/jni/vo-aacenc/../ffmpeg-build/armeavi-v7a-neon/lib/pkgconfig/'
PKG_CONFIG_PATH='/home/retsu/FFmpeg-Android/jni/vo-aacenc/../ffmpeg-build/armeavi-v7a-neon/lib/pkgconfig/'
PLATFORM_WIN32_FALSE=''
PLATFORM_WIN32_TRUE='#'
RANLIB='/home/retsu/android-ndk/toolchains/arm-linux-androideabi-4.6/prebuilt/linux-x86/bin/arm-linux-androideabi-ranlib'
SED='/bin/sed'
SET_MAKE=''
SHELL='/bin/bash'
SIZEOF_INT='4'
STRIP='/home/retsu/android-ndk/toolchains/arm-linux-androideabi-4.6/prebuilt/linux-x86/bin/arm-linux-androideabi-strip'
VERSION='0.19.2'
ac_ct_AR=''
ac_ct_CC=''
ac_ct_DUMPBIN=''
am__EXEEXT_FALSE=''
am__EXEEXT_TRUE='#'
am__fastdepCC_FALSE=''
am__fastdepCC_TRUE='#'
am__include='include'
am__isrc=''
am__leading_dot='.'
am__nodep=''
am__quote=''
am__tar='$${TAR-tar} chof - "$$tardir"'
am__untar='$${TAR-tar} xf -'
bindir='${exec_prefix}/bin'
build='x86_64-unknown-linux-gnu'
build_alias=''
build_cpu='x86_64'
build_os='linux-gnu'
build_vendor='unknown'
datadir='${datarootdir}'
datarootdir='${prefix}/share'
docdir='${datarootdir}/doc/${PACKAGE_TARNAME}'
dvidir='${docdir}'
exec_prefix='${prefix}'
host='arm-unknown-linux-gnu'
host_alias='arm-linux'
host_cpu='arm'
host_os='linux-gnu'
host_vendor='unknown'
htmldir='${docdir}'
includedir='${prefix}/include'
infodir='${datarootdir}/info'
install_sh='${SHELL} /home/retsu/FFmpeg-Android/jni/fribidi/install-sh'
libdir='${exec_prefix}/lib'
libexecdir='${exec_prefix}/libexec'
localedir='${datarootdir}/locale'
localstatedir='${prefix}/var'
mandir='${datarootdir}/man'
mkdir_p='$(MKDIR_P)'
oldincludedir='/usr/include'
pdfdir='${docdir}'
prefix='/home/retsu/FFmpeg-Android/jni/fribidi/../ffmpeg-build/armeavi-v7a-neon'
program_transform_name='s,x,x,'
psdir='${docdir}'
sbindir='${exec_prefix}/sbin'
sharedstatedir='${prefix}/com'
sysconfdir='${prefix}/etc'
target_alias=''

## ----------- ##
## confdefs.h. ##
## ----------- ##

/* confdefs.h */
#define PACKAGE_NAME "GNU FriBidi"
#define PACKAGE_TARNAME "fribidi"
#define PACKAGE_VERSION "0.19.2"
#define PACKAGE_STRING "GNU FriBidi 0.19.2"
#define PACKAGE_BUGREPORT "http://fribidi.org/bug"
#define PACKAGE_URL "http://www.gnu.org/software/fribidi/"
#define PACKAGE "fribidi"
#define VERSION "0.19.2"
#define STDC_HEADERS 1
#define HAVE_SYS_TYPES_H 1
#define HAVE_SYS_STAT_H 1
#define HAVE_STDLIB_H 1
#define HAVE_STRING_H 1
#define HAVE_MEMORY_H 1
#define HAVE_STRINGS_H 1
#define HAVE_INTTYPES_H 1
#define HAVE_STDINT_H 1
#define HAVE_UNISTD_H 1
#define HAVE_DLFCN_H 1
#define LT_OBJDIR ".libs/"
#define STDC_HEADERS 1
#define HAVE_STDLIB_H 1
#define HAVE_STRING_H 1
#define HAVE_STRINGS_H 1
#define HAVE_INTTYPES_H 1
#define HAVE_WCHAR_H 1
#define HAVE_ASM_PAGE_H 1
#define HAVE_SYS_TIMES_H 1
#define HAVE_STRINGIZE 1
#define SIZEOF_INT 4
#define SIZEOF_SHORT 2
#define SIZEOF_VOID_P 4
#define SIZEOF_WCHAR_T 4
#define HAVE_MEMMOVE 1
#define HAVE_MEMSET 1
#define HAVE_STRDUP 1
#define RETSIGTYPE void
#define DEBUG 1

configure: exit 0
