This file contains any messages produced by compilers while
running configure, to aid debugging if configure makes a mistake.

It was created by FreeType configure 2.5.2, which was
generated by GNU Autoconf 2.69.  Invocation command line was

  $ ./configure --prefix=/home/retsu/FFmpeg-Android/jni/freetype2/../ffmpeg-build/armeavi-v7a-neon --host=arm-linux --disable-dependency-tracking --disable-shared --enable-static --with-pic --without-png --enable-neon

## --------- ##
## Platform. ##
## --------- ##

hostname = Dell-XPS-15Z
uname -m = x86_64
uname -r = 3.8.0-19-generic
uname -s = Linux
uname -v = #30-Ubuntu SMP Wed May 1 16:35:23 UTC 2013

/usr/bin/uname -p = unknown
/bin/uname -X     = unknown

/bin/arch              = unknown
/usr/bin/arch -k       = unknown
/usr/convex/getsysinfo = unknown
/usr/bin/hostinfo      = unknown
/bin/machine           = unknown
/usr/bin/oslevel       = unknown
/bin/universe          = unknown

PATH: /usr/local/sbin
PATH: /usr/local/bin
PATH: /usr/sbin
PATH: /usr/bin
PATH: /sbin
PATH: /bin
PATH: /usr/games
PATH: /usr/local/games
PATH: .
PATH: /home/retsu/android-ndk/toolchains/x86-4.6/prebuilt/linux-x86/bin/
PATH: /home/retsu/android-ndk/toolchains/x86-4.6/prebuilt/linux-x86/bin/
PATH: /home/retsu/android-ndk/toolchains/x86-4.6/prebuilt/linux-x86/bin/
PATH: /home/retsu/android-ndk/toolchains/x86-4.6/prebuilt/linux-x86/bin/
PATH: /home/retsu/android-ndk/toolchains/x86-4.6/prebuilt/linux-x86/bin/
PATH: /home/retsu/android-ndk/toolchains/x86-4.6/prebuilt/linux-x86/bin/
PATH: /home/retsu/android-ndk/toolchains/x86-4.6/prebuilt/linux-x86/bin/
PATH: /home/retsu/android-ndk/toolchains/x86-4.6/prebuilt/linux-x86/bin/
PATH: /home/retsu/android-ndk/toolchains/mipsel-linux-android-4.6/prebuilt/linux-x86/bin/
PATH: /home/retsu/android-ndk/toolchains/mipsel-linux-android-4.6/prebuilt/linux-x86/bin/
PATH: /home/retsu/android-ndk/toolchains/mipsel-linux-android-4.6/prebuilt/linux-x86/bin/
PATH: /home/retsu/android-ndk/toolchains/mipsel-linux-android-4.6/prebuilt/linux-x86/bin/
PATH: /home/retsu/android-ndk/toolchains/mipsel-linux-android-4.6/prebuilt/linux-x86/bin/
PATH: /home/retsu/android-ndk/toolchains/mipsel-linux-android-4.6/prebuilt/linux-x86/bin/
PATH: /home/retsu/android-ndk/toolchains/mipsel-linux-android-4.6/prebuilt/linux-x86/bin/
PATH: /home/retsu/android-ndk/toolchains/mipsel-linux-android-4.6/prebuilt/linux-x86/bin/
PATH: /home/retsu/android-ndk/toolchains/arm-linux-androideabi-4.6/prebuilt/linux-x86/bin/
PATH: /home/retsu/android-ndk/toolchains/arm-linux-androideabi-4.6/prebuilt/linux-x86/bin/
PATH: /home/retsu/android-ndk/toolchains/arm-linux-androideabi-4.6/prebuilt/linux-x86/bin/
PATH: /home/retsu/android-ndk/toolchains/arm-linux-androideabi-4.6/prebuilt/linux-x86/bin/
PATH: /home/retsu/android-ndk/toolchains/arm-linux-androideabi-4.6/prebuilt/linux-x86/bin/
PATH: /home/retsu/android-ndk/toolchains/arm-linux-androideabi-4.6/prebuilt/linux-x86/bin/
PATH: /home/retsu/android-ndk/toolchains/arm-linux-androideabi-4.6/prebuilt/linux-x86/bin/
PATH: /home/retsu/android-ndk/toolchains/arm-linux-androideabi-4.6/prebuilt/linux-x86/bin/
PATH: /home/retsu/android-ndk/toolchains/arm-linux-androideabi-4.6/prebuilt/linux-x86/bin/
PATH: /home/retsu/android-ndk/toolchains/arm-linux-androideabi-4.6/prebuilt/linux-x86/bin/
PATH: /home/retsu/android-ndk/toolchains/arm-linux-androideabi-4.6/prebuilt/linux-x86/bin/
PATH: /home/retsu/android-ndk/toolchains/arm-linux-androideabi-4.6/prebuilt/linux-x86/bin/
PATH: /home/retsu/android-ndk/toolchains/arm-linux-androideabi-4.6/prebuilt/linux-x86/bin/
PATH: /home/retsu/android-ndk/toolchains/arm-linux-androideabi-4.6/prebuilt/linux-x86/bin/
PATH: /home/retsu/android-ndk/toolchains/arm-linux-androideabi-4.6/prebuilt/linux-x86/bin/


## ----------- ##
## Core tests. ##
## ----------- ##

configure:2484: checking build system type
configure:2498: result: x86_64-unknown-linux-gnu
configure:2518: checking host system type
configure:2531: result: arm-unknown-linux-gnu
configure:2563: checking for arm-linux-gcc
configure:2590: result: /home/retsu/android-ndk/toolchains/arm-linux-androideabi-4.6/prebuilt/linux-x86/bin/arm-linux-androideabi-gcc --sysroot=/home/retsu/android-ndk/platforms/android-9/arch-arm/
configure:2859: checking for C compiler version
configure:2868: /home/retsu/android-ndk/toolchains/arm-linux-androideabi-4.6/prebuilt/linux-x86/bin/arm-linux-androideabi-gcc --sysroot=/home/retsu/android-ndk/platforms/android-9/arch-arm/ --version >&5
arm-linux-androideabi-gcc (GCC) 4.6 20120106 (prerelease)
Copyright (C) 2011 Free Software Foundation, Inc.
This is free software; see the source for copying conditions.  There is NO
warranty; not even for MERCHANTABILITY or FITNESS FOR A PARTICULAR PURPOSE.

configure:2879: $? = 0
configure:2868: /home/retsu/android-ndk/toolchains/arm-linux-androideabi-4.6/prebuilt/linux-x86/bin/arm-linux-androideabi-gcc --sysroot=/home/retsu/android-ndk/platforms/android-9/arch-arm/ -v >&5
Using built-in specs.
COLLECT_GCC=/home/retsu/android-ndk/toolchains/arm-linux-androideabi-4.6/prebuilt/linux-x86/bin/arm-linux-androideabi-gcc
COLLECT_LTO_WRAPPER=/home/retsu/android-ndk/toolchains/arm-linux-androideabi-4.6/prebuilt/linux-x86/bin/../libexec/gcc/arm-linux-androideabi/4.6/lto-wrapper
Target: arm-linux-androideabi
Configured with: /usr/local/google/home/andrewhsieh/ndk-andrewhsieh/src/build/../gcc/gcc-4.6/configure --prefix=/tmp/ndk-andrewhsieh/build/toolchain/prefix --target=arm-linux-androideabi --host=x86_64-linux-gnu --build=x86_64-linux-gnu --with-gnu-as --with-gnu-ld --enable-languages=c,c++ --with-gmp=/tmp/ndk-andrewhsieh/build/toolchain/temp-install --with-mpfr=/tmp/ndk-andrewhsieh/build/toolchain/temp-install --with-mpc=/tmp/ndk-andrewhsieh/build/toolchain/temp-install --without-ppl --without-cloog --disable-libssp --enable-threads --disable-nls --disable-libmudflap --disable-libgomp --disable-libstdc__-v3 --disable-sjlj-exceptions --disable-shared --disable-tls --disable-libitm --with-float=soft --with-fpu=vfp --with-arch=armv5te --enable-target-optspace --enable-initfini-array --disable-nls --prefix=/tmp/ndk-andrewhsieh/build/toolchain/prefix --with-sysroot=/tmp/ndk-andrewhsieh/build/toolchain/prefix/sysroot --with-binutils-version=2.21 --with-mpfr-version=2.4.1 --with-mpc-version=0.8.1 --with-gmp-version=5.0.5 --with-gcc-version=4.6 --with-gdb-version=7.3.x --with-gxx-include-dir=/tmp/ndk-andrewhsieh/build/toolchain/prefix/include/c++/4.6 --disable-bootstrap --disable-libquadmath --disable-plugin --enable-gold --with-arch=armv5te --program-transform-name='s&^&arm-linux-androideabi-&' --enable-gold=default
Thread model: posix
gcc version 4.6 20120106 (prerelease) (GCC) 
configure:2879: $? = 0
configure:2868: /home/retsu/android-ndk/toolchains/arm-linux-androideabi-4.6/prebuilt/linux-x86/bin/arm-linux-androideabi-gcc --sysroot=/home/retsu/android-ndk/platforms/android-9/arch-arm/ -V >&5
arm-linux-androideabi-gcc: error: unrecognized option '-V'
arm-linux-androideabi-gcc: fatal error: no input files
compilation terminated.
configure:2879: $? = 1
configure:2868: /home/retsu/android-ndk/toolchains/arm-linux-androideabi-4.6/prebuilt/linux-x86/bin/arm-linux-androideabi-gcc --sysroot=/home/retsu/android-ndk/platforms/android-9/arch-arm/ -qversion >&5
arm-linux-androideabi-gcc: error: unrecognized option '-qversion'
arm-linux-androideabi-gcc: fatal error: no input files
compilation terminated.
configure:2879: $? = 1
configure:2899: checking whether the C compiler works
configure:2921: /home/retsu/android-ndk/toolchains/arm-linux-androideabi-4.6/prebuilt/linux-x86/bin/arm-linux-androideabi-gcc --sysroot=/home/retsu/android-ndk/platforms/android-9/arch-arm/ -mfloat-abi=softfp -mfpu=neon -marm -march=armv7-a -mtune=cortex-a8 -mthumb -D__thumb__  -mfloat-abi=softfp -mfpu=neon -marm -march=armv7-a -mtune=cortex-a8 -mthumb -D__thumb__  -Wl,-rpath-link=/home/retsu/android-ndk/platforms/android-9/arch-arm//usr/lib -L/home/retsu/android-ndk/platforms/android-9/arch-arm//usr/lib  -lc -lm -ldl -llog conftest.c  >&5
configure:2925: $? = 0
configure:2973: result: yes
configure:2976: checking for C compiler default output file name
configure:2978: result: a.out
configure:2984: checking for suffix of executables
configure:2991: /home/retsu/android-ndk/toolchains/arm-linux-androideabi-4.6/prebuilt/linux-x86/bin/arm-linux-androideabi-gcc --sysroot=/home/retsu/android-ndk/platforms/android-9/arch-arm/ -o conftest -mfloat-abi=softfp -mfpu=neon -marm -march=armv7-a -mtune=cortex-a8 -mthumb -D__thumb__  -mfloat-abi=softfp -mfpu=neon -marm -march=armv7-a -mtune=cortex-a8 -mthumb -D__thumb__  -Wl,-rpath-link=/home/retsu/android-ndk/platforms/android-9/arch-arm//usr/lib -L/home/retsu/android-ndk/platforms/android-9/arch-arm//usr/lib  -lc -lm -ldl -llog conftest.c  >&5
configure:2995: $? = 0
configure:3017: result: 
configure:3039: checking whether we are cross compiling
configure:3047: /home/retsu/android-ndk/toolchains/arm-linux-androideabi-4.6/prebuilt/linux-x86/bin/arm-linux-androideabi-gcc --sysroot=/home/retsu/android-ndk/platforms/android-9/arch-arm/ -o conftest -mfloat-abi=softfp -mfpu=neon -marm -march=armv7-a -mtune=cortex-a8 -mthumb -D__thumb__  -mfloat-abi=softfp -mfpu=neon -marm -march=armv7-a -mtune=cortex-a8 -mthumb -D__thumb__  -Wl,-rpath-link=/home/retsu/android-ndk/platforms/android-9/arch-arm//usr/lib -L/home/retsu/android-ndk/platforms/android-9/arch-arm//usr/lib  -lc -lm -ldl -llog conftest.c  >&5
configure:3051: $? = 0
configure:3058: ./conftest
./configure: line 3060: ./conftest: cannot execute binary file
configure:3062: $? = 126
configure:3077: result: yes
configure:3082: checking for suffix of object files
configure:3104: /home/retsu/android-ndk/toolchains/arm-linux-androideabi-4.6/prebuilt/linux-x86/bin/arm-linux-androideabi-gcc --sysroot=/home/retsu/android-ndk/platforms/android-9/arch-arm/ -c -mfloat-abi=softfp -mfpu=neon -marm -march=armv7-a -mtune=cortex-a8 -mthumb -D__thumb__  -mfloat-abi=softfp -mfpu=neon -marm -march=armv7-a -mtune=cortex-a8 -mthumb -D__thumb__  conftest.c >&5
configure:3108: $? = 0
configure:3129: result: o
configure:3133: checking whether we are using the GNU C compiler
configure:3152: /home/retsu/android-ndk/toolchains/arm-linux-androideabi-4.6/prebuilt/linux-x86/bin/arm-linux-androideabi-gcc --sysroot=/home/retsu/android-ndk/platforms/android-9/arch-arm/ -c -mfloat-abi=softfp -mfpu=neon -marm -march=armv7-a -mtune=cortex-a8 -mthumb -D__thumb__  -mfloat-abi=softfp -mfpu=neon -marm -march=armv7-a -mtune=cortex-a8 -mthumb -D__thumb__  conftest.c >&5
configure:3152: $? = 0
configure:3161: result: yes
configure:3170: checking whether /home/retsu/android-ndk/toolchains/arm-linux-androideabi-4.6/prebuilt/linux-x86/bin/arm-linux-androideabi-gcc --sysroot=/home/retsu/android-ndk/platforms/android-9/arch-arm/ accepts -g
configure:3190: /home/retsu/android-ndk/toolchains/arm-linux-androideabi-4.6/prebuilt/linux-x86/bin/arm-linux-androideabi-gcc --sysroot=/home/retsu/android-ndk/platforms/android-9/arch-arm/ -c -g -mfloat-abi=softfp -mfpu=neon -marm -march=armv7-a -mtune=cortex-a8 -mthumb -D__thumb__  conftest.c >&5
configure:3190: $? = 0
configure:3231: result: yes
configure:3248: checking for /home/retsu/android-ndk/toolchains/arm-linux-androideabi-4.6/prebuilt/linux-x86/bin/arm-linux-androideabi-gcc --sysroot=/home/retsu/android-ndk/platforms/android-9/arch-arm/ option to accept ISO C89
configure:3311: /home/retsu/android-ndk/toolchains/arm-linux-androideabi-4.6/prebuilt/linux-x86/bin/arm-linux-androideabi-gcc --sysroot=/home/retsu/android-ndk/platforms/android-9/arch-arm/  -c -mfloat-abi=softfp -mfpu=neon -marm -march=armv7-a -mtune=cortex-a8 -mthumb -D__thumb__  -mfloat-abi=softfp -mfpu=neon -marm -march=armv7-a -mtune=cortex-a8 -mthumb -D__thumb__  conftest.c >&5
configure:3311: $? = 0
configure:3324: result: none needed
configure:3349: checking how to run the C preprocessor
configure:3380: /home/retsu/android-ndk/toolchains/arm-linux-androideabi-4.6/prebuilt/linux-x86/bin/arm-linux-androideabi-gcc --sysroot=/home/retsu/android-ndk/platforms/android-9/arch-arm/ -E -mfloat-abi=softfp -mfpu=neon -marm -march=armv7-a -mtune=cortex-a8 -mthumb -D__thumb__  conftest.c
configure:3380: $? = 0
configure:3394: /home/retsu/android-ndk/toolchains/arm-linux-androideabi-4.6/prebuilt/linux-x86/bin/arm-linux-androideabi-gcc --sysroot=/home/retsu/android-ndk/platforms/android-9/arch-arm/ -E -mfloat-abi=softfp -mfpu=neon -marm -march=armv7-a -mtune=cortex-a8 -mthumb -D__thumb__  conftest.c
conftest.c:9:28: fatal error: ac_nonexistent.h: No such file or directory
compilation terminated.
configure:3394: $? = 1
configure: failed program was:
| /* confdefs.h */
| #define PACKAGE_NAME "FreeType"
| #define PACKAGE_TARNAME "freetype"
| #define PACKAGE_VERSION "2.5.2"
| #define PACKAGE_STRING "FreeType 2.5.2"
| #define PACKAGE_BUGREPORT "freetype@nongnu.org"
| #define PACKAGE_URL ""
| /* end confdefs.h.  */
| #include <ac_nonexistent.h>
configure:3419: result: /home/retsu/android-ndk/toolchains/arm-linux-androideabi-4.6/prebuilt/linux-x86/bin/arm-linux-androideabi-gcc --sysroot=/home/retsu/android-ndk/platforms/android-9/arch-arm/ -E
configure:3439: /home/retsu/android-ndk/toolchains/arm-linux-androideabi-4.6/prebuilt/linux-x86/bin/arm-linux-androideabi-gcc --sysroot=/home/retsu/android-ndk/platforms/android-9/arch-arm/ -E -mfloat-abi=softfp -mfpu=neon -marm -march=armv7-a -mtune=cortex-a8 -mthumb -D__thumb__  conftest.c
configure:3439: $? = 0
configure:3453: /home/retsu/android-ndk/toolchains/arm-linux-androideabi-4.6/prebuilt/linux-x86/bin/arm-linux-androideabi-gcc --sysroot=/home/retsu/android-ndk/platforms/android-9/arch-arm/ -E -mfloat-abi=softfp -mfpu=neon -marm -march=armv7-a -mtune=cortex-a8 -mthumb -D__thumb__  conftest.c
conftest.c:9:28: fatal error: ac_nonexistent.h: No such file or directory
compilation terminated.
configure:3453: $? = 1
configure: failed program was:
| /* confdefs.h */
| #define PACKAGE_NAME "FreeType"
| #define PACKAGE_TARNAME "freetype"
| #define PACKAGE_VERSION "2.5.2"
| #define PACKAGE_STRING "FreeType 2.5.2"
| #define PACKAGE_BUGREPORT "freetype@nongnu.org"
| #define PACKAGE_URL ""
| /* end confdefs.h.  */
| #include <ac_nonexistent.h>
configure:3489: checking for x86_64-unknown-linux-gnu-gcc
configure:3519: result: no
configure:3526: checking for gcc
configure:3542: found /usr/bin/gcc
configure:3553: result: gcc
configure:3563: checking for gcc
configure:3607: result: gcc
configure:3617: checking for suffix of native executables
configure:3631: result: 
configure:3646: checking for rmdir
configure:3662: found /bin/rmdir
configure:3673: result: rmdir
configure:3701: checking for a BSD-compatible install
configure:3769: result: /usr/bin/install -c
configure:3793: checking for grep that handles long lines and -e
configure:3851: result: /bin/grep
configure:3856: checking for egrep
configure:3918: result: /bin/grep -E
configure:3923: checking for ANSI C header files
configure:3943: /home/retsu/android-ndk/toolchains/arm-linux-androideabi-4.6/prebuilt/linux-x86/bin/arm-linux-androideabi-gcc --sysroot=/home/retsu/android-ndk/platforms/android-9/arch-arm/ -c -mfloat-abi=softfp -mfpu=neon -marm -march=armv7-a -mtune=cortex-a8 -mthumb -D__thumb__  -mfloat-abi=softfp -mfpu=neon -marm -march=armv7-a -mtune=cortex-a8 -mthumb -D__thumb__  conftest.c >&5
configure:3943: $? = 0
configure:4027: result: yes
configure:4040: checking for sys/types.h
configure:4040: /home/retsu/android-ndk/toolchains/arm-linux-androideabi-4.6/prebuilt/linux-x86/bin/arm-linux-androideabi-gcc --sysroot=/home/retsu/android-ndk/platforms/android-9/arch-arm/ -c -mfloat-abi=softfp -mfpu=neon -marm -march=armv7-a -mtune=cortex-a8 -mthumb -D__thumb__  -mfloat-abi=softfp -mfpu=neon -marm -march=armv7-a -mtune=cortex-a8 -mthumb -D__thumb__  conftest.c >&5
configure:4040: $? = 0
configure:4040: result: yes
configure:4040: checking for sys/stat.h
configure:4040: /home/retsu/android-ndk/toolchains/arm-linux-androideabi-4.6/prebuilt/linux-x86/bin/arm-linux-androideabi-gcc --sysroot=/home/retsu/android-ndk/platforms/android-9/arch-arm/ -c -mfloat-abi=softfp -mfpu=neon -marm -march=armv7-a -mtune=cortex-a8 -mthumb -D__thumb__  -mfloat-abi=softfp -mfpu=neon -marm -march=armv7-a -mtune=cortex-a8 -mthumb -D__thumb__  conftest.c >&5
configure:4040: $? = 0
configure:4040: result: yes
configure:4040: checking for stdlib.h
configure:4040: /home/retsu/android-ndk/toolchains/arm-linux-androideabi-4.6/prebuilt/linux-x86/bin/arm-linux-androideabi-gcc --sysroot=/home/retsu/android-ndk/platforms/android-9/arch-arm/ -c -mfloat-abi=softfp -mfpu=neon -marm -march=armv7-a -mtune=cortex-a8 -mthumb -D__thumb__  -mfloat-abi=softfp -mfpu=neon -marm -march=armv7-a -mtune=cortex-a8 -mthumb -D__thumb__  conftest.c >&5
configure:4040: $? = 0
configure:4040: result: yes
configure:4040: checking for string.h
configure:4040: /home/retsu/android-ndk/toolchains/arm-linux-androideabi-4.6/prebuilt/linux-x86/bin/arm-linux-androideabi-gcc --sysroot=/home/retsu/android-ndk/platforms/android-9/arch-arm/ -c -mfloat-abi=softfp -mfpu=neon -marm -march=armv7-a -mtune=cortex-a8 -mthumb -D__thumb__  -mfloat-abi=softfp -mfpu=neon -marm -march=armv7-a -mtune=cortex-a8 -mthumb -D__thumb__  conftest.c >&5
configure:4040: $? = 0
configure:4040: result: yes
configure:4040: checking for memory.h
configure:4040: /home/retsu/android-ndk/toolchains/arm-linux-androideabi-4.6/prebuilt/linux-x86/bin/arm-linux-androideabi-gcc --sysroot=/home/retsu/android-ndk/platforms/android-9/arch-arm/ -c -mfloat-abi=softfp -mfpu=neon -marm -march=armv7-a -mtune=cortex-a8 -mthumb -D__thumb__  -mfloat-abi=softfp -mfpu=neon -marm -march=armv7-a -mtune=cortex-a8 -mthumb -D__thumb__  conftest.c >&5
configure:4040: $? = 0
configure:4040: result: yes
configure:4040: checking for strings.h
configure:4040: /home/retsu/android-ndk/toolchains/arm-linux-androideabi-4.6/prebuilt/linux-x86/bin/arm-linux-androideabi-gcc --sysroot=/home/retsu/android-ndk/platforms/android-9/arch-arm/ -c -mfloat-abi=softfp -mfpu=neon -marm -march=armv7-a -mtune=cortex-a8 -mthumb -D__thumb__  -mfloat-abi=softfp -mfpu=neon -marm -march=armv7-a -mtune=cortex-a8 -mthumb -D__thumb__  conftest.c >&5
configure:4040: $? = 0
configure:4040: result: yes
configure:4040: checking for inttypes.h
configure:4040: /home/retsu/android-ndk/toolchains/arm-linux-androideabi-4.6/prebuilt/linux-x86/bin/arm-linux-androideabi-gcc --sysroot=/home/retsu/android-ndk/platforms/android-9/arch-arm/ -c -mfloat-abi=softfp -mfpu=neon -marm -march=armv7-a -mtune=cortex-a8 -mthumb -D__thumb__  -mfloat-abi=softfp -mfpu=neon -marm -march=armv7-a -mtune=cortex-a8 -mthumb -D__thumb__  conftest.c >&5
configure:4040: $? = 0
configure:4040: result: yes
configure:4040: checking for stdint.h
configure:4040: /home/retsu/android-ndk/toolchains/arm-linux-androideabi-4.6/prebuilt/linux-x86/bin/arm-linux-androideabi-gcc --sysroot=/home/retsu/android-ndk/platforms/android-9/arch-arm/ -c -mfloat-abi=softfp -mfpu=neon -marm -march=armv7-a -mtune=cortex-a8 -mthumb -D__thumb__  -mfloat-abi=softfp -mfpu=neon -marm -march=armv7-a -mtune=cortex-a8 -mthumb -D__thumb__  conftest.c >&5
configure:4040: $? = 0
configure:4040: result: yes
configure:4040: checking for unistd.h
configure:4040: /home/retsu/android-ndk/toolchains/arm-linux-androideabi-4.6/prebuilt/linux-x86/bin/arm-linux-androideabi-gcc --sysroot=/home/retsu/android-ndk/platforms/android-9/arch-arm/ -c -mfloat-abi=softfp -mfpu=neon -marm -march=armv7-a -mtune=cortex-a8 -mthumb -D__thumb__  -mfloat-abi=softfp -mfpu=neon -marm -march=armv7-a -mtune=cortex-a8 -mthumb -D__thumb__  conftest.c >&5
configure:4040: $? = 0
configure:4040: result: yes
configure:4055: checking fcntl.h usability
configure:4055: /home/retsu/android-ndk/toolchains/arm-linux-androideabi-4.6/prebuilt/linux-x86/bin/arm-linux-androideabi-gcc --sysroot=/home/retsu/android-ndk/platforms/android-9/arch-arm/ -c -mfloat-abi=softfp -mfpu=neon -marm -march=armv7-a -mtune=cortex-a8 -mthumb -D__thumb__  -mfloat-abi=softfp -mfpu=neon -marm -march=armv7-a -mtune=cortex-a8 -mthumb -D__thumb__  conftest.c >&5
configure:4055: $? = 0
configure:4055: result: yes
configure:4055: checking fcntl.h presence
configure:4055: /home/retsu/android-ndk/toolchains/arm-linux-androideabi-4.6/prebuilt/linux-x86/bin/arm-linux-androideabi-gcc --sysroot=/home/retsu/android-ndk/platforms/android-9/arch-arm/ -E -mfloat-abi=softfp -mfpu=neon -marm -march=armv7-a -mtune=cortex-a8 -mthumb -D__thumb__  conftest.c
configure:4055: $? = 0
configure:4055: result: yes
configure:4055: checking for fcntl.h
configure:4055: result: yes
configure:4055: checking for unistd.h
configure:4055: result: yes
configure:4069: checking for an ANSI C-conforming const
configure:4135: /home/retsu/android-ndk/toolchains/arm-linux-androideabi-4.6/prebuilt/linux-x86/bin/arm-linux-androideabi-gcc --sysroot=/home/retsu/android-ndk/platforms/android-9/arch-arm/ -c -mfloat-abi=softfp -mfpu=neon -marm -march=armv7-a -mtune=cortex-a8 -mthumb -D__thumb__  -mfloat-abi=softfp -mfpu=neon -marm -march=armv7-a -mtune=cortex-a8 -mthumb -D__thumb__  conftest.c >&5
configure:4135: $? = 0
configure:4142: result: yes
configure:4154: checking size of int
configure:4159: /home/retsu/android-ndk/toolchains/arm-linux-androideabi-4.6/prebuilt/linux-x86/bin/arm-linux-androideabi-gcc --sysroot=/home/retsu/android-ndk/platforms/android-9/arch-arm/ -c -mfloat-abi=softfp -mfpu=neon -marm -march=armv7-a -mtune=cortex-a8 -mthumb -D__thumb__  -mfloat-abi=softfp -mfpu=neon -marm -march=armv7-a -mtune=cortex-a8 -mthumb -D__thumb__  conftest.c >&5
configure:4159: $? = 0
configure:4159: /home/retsu/android-ndk/toolchains/arm-linux-androideabi-4.6/prebuilt/linux-x86/bin/arm-linux-androideabi-gcc --sysroot=/home/retsu/android-ndk/platforms/android-9/arch-arm/ -c -mfloat-abi=softfp -mfpu=neon -marm -march=armv7-a -mtune=cortex-a8 -mthumb -D__thumb__  -mfloat-abi=softfp -mfpu=neon -marm -march=armv7-a -mtune=cortex-a8 -mthumb -D__thumb__  conftest.c >&5
conftest.c: In function 'main':
conftest.c:57:12: error: size of array 'test_array' is negative
configure:4159: $? = 1
configure: failed program was:
| /* confdefs.h */
| #define PACKAGE_NAME "FreeType"
| #define PACKAGE_TARNAME "freetype"
| #define PACKAGE_VERSION "2.5.2"
| #define PACKAGE_STRING "FreeType 2.5.2"
| #define PACKAGE_BUGREPORT "freetype@nongnu.org"
| #define PACKAGE_URL ""
| #define STDC_HEADERS 1
| #define HAVE_SYS_TYPES_H 1
| #define HAVE_SYS_STAT_H 1
| #define HAVE_STDLIB_H 1
| #define HAVE_STRING_H 1
| #define HAVE_MEMORY_H 1
| #define HAVE_STRINGS_H 1
| #define HAVE_INTTYPES_H 1
| #define HAVE_STDINT_H 1
| #define HAVE_UNISTD_H 1
| #define HAVE_FCNTL_H 1
| #define HAVE_UNISTD_H 1
| /* end confdefs.h.  */
| #include <stdio.h>
| #ifdef HAVE_SYS_TYPES_H
| # include <sys/types.h>
| #endif
| #ifdef HAVE_SYS_STAT_H
| # include <sys/stat.h>
| #endif
| #ifdef STDC_HEADERS
| # include <stdlib.h>
| # include <stddef.h>
| #else
| # ifdef HAVE_STDLIB_H
| #  include <stdlib.h>
| # endif
| #endif
| #ifdef HAVE_STRING_H
| # if !defined STDC_HEADERS && defined HAVE_MEMORY_H
| #  include <memory.h>
| # endif
| # include <string.h>
| #endif
| #ifdef HAVE_STRINGS_H
| # include <strings.h>
| #endif
| #ifdef HAVE_INTTYPES_H
| # include <inttypes.h>
| #endif
| #ifdef HAVE_STDINT_H
| # include <stdint.h>
| #endif
| #ifdef HAVE_UNISTD_H
| # include <unistd.h>
| #endif
| int
| main ()
| {
| static int test_array [1 - 2 * !(((long int) (sizeof (int))) <= 0)];
| test_array [0] = 0;
| return test_array [0];
| 
|   ;
|   return 0;
| }
configure:4159: /home/retsu/android-ndk/toolchains/arm-linux-androideabi-4.6/prebuilt/linux-x86/bin/arm-linux-androideabi-gcc --sysroot=/home/retsu/android-ndk/platforms/android-9/arch-arm/ -c -mfloat-abi=softfp -mfpu=neon -marm -march=armv7-a -mtune=cortex-a8 -mthumb -D__thumb__  -mfloat-abi=softfp -mfpu=neon -marm -march=armv7-a -mtune=cortex-a8 -mthumb -D__thumb__  conftest.c >&5
conftest.c: In function 'main':
conftest.c:57:12: error: size of array 'test_array' is negative
configure:4159: $? = 1
configure: failed program was:
| /* confdefs.h */
| #define PACKAGE_NAME "FreeType"
| #define PACKAGE_TARNAME "freetype"
| #define PACKAGE_VERSION "2.5.2"
| #define PACKAGE_STRING "FreeType 2.5.2"
| #define PACKAGE_BUGREPORT "freetype@nongnu.org"
| #define PACKAGE_URL ""
| #define STDC_HEADERS 1
| #define HAVE_SYS_TYPES_H 1
| #define HAVE_SYS_STAT_H 1
| #define HAVE_STDLIB_H 1
| #define HAVE_STRING_H 1
| #define HAVE_MEMORY_H 1
| #define HAVE_STRINGS_H 1
| #define HAVE_INTTYPES_H 1
| #define HAVE_STDINT_H 1
| #define HAVE_UNISTD_H 1
| #define HAVE_FCNTL_H 1
| #define HAVE_UNISTD_H 1
| /* end confdefs.h.  */
| #include <stdio.h>
| #ifdef HAVE_SYS_TYPES_H
| # include <sys/types.h>
| #endif
| #ifdef HAVE_SYS_STAT_H
| # include <sys/stat.h>
| #endif
| #ifdef STDC_HEADERS
| # include <stdlib.h>
| # include <stddef.h>
| #else
| # ifdef HAVE_STDLIB_H
| #  include <stdlib.h>
| # endif
| #endif
| #ifdef HAVE_STRING_H
| # if !defined STDC_HEADERS && defined HAVE_MEMORY_H
| #  include <memory.h>
| # endif
| # include <string.h>
| #endif
| #ifdef HAVE_STRINGS_H
| # include <strings.h>
| #endif
| #ifdef HAVE_INTTYPES_H
| # include <inttypes.h>
| #endif
| #ifdef HAVE_STDINT_H
| # include <stdint.h>
| #endif
| #ifdef HAVE_UNISTD_H
| # include <unistd.h>
| #endif
| int
| main ()
| {
| static int test_array [1 - 2 * !(((long int) (sizeof (int))) <= 1)];
| test_array [0] = 0;
| return test_array [0];
| 
|   ;
|   return 0;
| }
configure:4159: /home/retsu/android-ndk/toolchains/arm-linux-androideabi-4.6/prebuilt/linux-x86/bin/arm-linux-androideabi-gcc --sysroot=/home/retsu/android-ndk/platforms/android-9/arch-arm/ -c -mfloat-abi=softfp -mfpu=neon -marm -march=armv7-a -mtune=cortex-a8 -mthumb -D__thumb__  -mfloat-abi=softfp -mfpu=neon -marm -march=armv7-a -mtune=cortex-a8 -mthumb -D__thumb__  conftest.c >&5
conftest.c: In function 'main':
conftest.c:57:12: error: size of array 'test_array' is negative
configure:4159: $? = 1
configure: failed program was:
| /* confdefs.h */
| #define PACKAGE_NAME "FreeType"
| #define PACKAGE_TARNAME "freetype"
| #define PACKAGE_VERSION "2.5.2"
| #define PACKAGE_STRING "FreeType 2.5.2"
| #define PACKAGE_BUGREPORT "freetype@nongnu.org"
| #define PACKAGE_URL ""
| #define STDC_HEADERS 1
| #define HAVE_SYS_TYPES_H 1
| #define HAVE_SYS_STAT_H 1
| #define HAVE_STDLIB_H 1
| #define HAVE_STRING_H 1
| #define HAVE_MEMORY_H 1
| #define HAVE_STRINGS_H 1
| #define HAVE_INTTYPES_H 1
| #define HAVE_STDINT_H 1
| #define HAVE_UNISTD_H 1
| #define HAVE_FCNTL_H 1
| #define HAVE_UNISTD_H 1
| /* end confdefs.h.  */
| #include <stdio.h>
| #ifdef HAVE_SYS_TYPES_H
| # include <sys/types.h>
| #endif
| #ifdef HAVE_SYS_STAT_H
| # include <sys/stat.h>
| #endif
| #ifdef STDC_HEADERS
| # include <stdlib.h>
| # include <stddef.h>
| #else
| # ifdef HAVE_STDLIB_H
| #  include <stdlib.h>
| # endif
| #endif
| #ifdef HAVE_STRING_H
| # if !defined STDC_HEADERS && defined HAVE_MEMORY_H
| #  include <memory.h>
| # endif
| # include <string.h>
| #endif
| #ifdef HAVE_STRINGS_H
| # include <strings.h>
| #endif
| #ifdef HAVE_INTTYPES_H
| # include <inttypes.h>
| #endif
| #ifdef HAVE_STDINT_H
| # include <stdint.h>
| #endif
| #ifdef HAVE_UNISTD_H
| # include <unistd.h>
| #endif
| int
| main ()
| {
| static int test_array [1 - 2 * !(((long int) (sizeof (int))) <= 3)];
| test_array [0] = 0;
| return test_array [0];
| 
|   ;
|   return 0;
| }
configure:4159: /home/retsu/android-ndk/toolchains/arm-linux-androideabi-4.6/prebuilt/linux-x86/bin/arm-linux-androideabi-gcc --sysroot=/home/retsu/android-ndk/platforms/android-9/arch-arm/ -c -mfloat-abi=softfp -mfpu=neon -marm -march=armv7-a -mtune=cortex-a8 -mthumb -D__thumb__  -mfloat-abi=softfp -mfpu=neon -marm -march=armv7-a -mtune=cortex-a8 -mthumb -D__thumb__  conftest.c >&5
configure:4159: $? = 0
configure:4159: /home/retsu/android-ndk/toolchains/arm-linux-androideabi-4.6/prebuilt/linux-x86/bin/arm-linux-androideabi-gcc --sysroot=/home/retsu/android-ndk/platforms/android-9/arch-arm/ -c -mfloat-abi=softfp -mfpu=neon -marm -march=armv7-a -mtune=cortex-a8 -mthumb -D__thumb__  -mfloat-abi=softfp -mfpu=neon -marm -march=armv7-a -mtune=cortex-a8 -mthumb -D__thumb__  conftest.c >&5
configure:4159: $? = 0
configure:4159: /home/retsu/android-ndk/toolchains/arm-linux-androideabi-4.6/prebuilt/linux-x86/bin/arm-linux-androideabi-gcc --sysroot=/home/retsu/android-ndk/platforms/android-9/arch-arm/ -c -mfloat-abi=softfp -mfpu=neon -marm -march=armv7-a -mtune=cortex-a8 -mthumb -D__thumb__  -mfloat-abi=softfp -mfpu=neon -marm -march=armv7-a -mtune=cortex-a8 -mthumb -D__thumb__  conftest.c >&5
configure:4159: $? = 0
configure:4173: result: 4
configure:4187: checking size of long
configure:4192: /home/retsu/android-ndk/toolchains/arm-linux-androideabi-4.6/prebuilt/linux-x86/bin/arm-linux-androideabi-gcc --sysroot=/home/retsu/android-ndk/platforms/android-9/arch-arm/ -c -mfloat-abi=softfp -mfpu=neon -marm -march=armv7-a -mtune=cortex-a8 -mthumb -D__thumb__  -mfloat-abi=softfp -mfpu=neon -marm -march=armv7-a -mtune=cortex-a8 -mthumb -D__thumb__  conftest.c >&5
configure:4192: $? = 0
configure:4192: /home/retsu/android-ndk/toolchains/arm-linux-androideabi-4.6/prebuilt/linux-x86/bin/arm-linux-androideabi-gcc --sysroot=/home/retsu/android-ndk/platforms/android-9/arch-arm/ -c -mfloat-abi=softfp -mfpu=neon -marm -march=armv7-a -mtune=cortex-a8 -mthumb -D__thumb__  -mfloat-abi=softfp -mfpu=neon -marm -march=armv7-a -mtune=cortex-a8 -mthumb -D__thumb__  conftest.c >&5
conftest.c: In function 'main':
conftest.c:58:12: error: size of array 'test_array' is negative
configure:4192: $? = 1
configure: failed program was:
| /* confdefs.h */
| #define PACKAGE_NAME "FreeType"
| #define PACKAGE_TARNAME "freetype"
| #define PACKAGE_VERSION "2.5.2"
| #define PACKAGE_STRING "FreeType 2.5.2"
| #define PACKAGE_BUGREPORT "freetype@nongnu.org"
| #define PACKAGE_URL ""
| #define STDC_HEADERS 1
| #define HAVE_SYS_TYPES_H 1
| #define HAVE_SYS_STAT_H 1
| #define HAVE_STDLIB_H 1
| #define HAVE_STRING_H 1
| #define HAVE_MEMORY_H 1
| #define HAVE_STRINGS_H 1
| #define HAVE_INTTYPES_H 1
| #define HAVE_STDINT_H 1
| #define HAVE_UNISTD_H 1
| #define HAVE_FCNTL_H 1
| #define HAVE_UNISTD_H 1
| #define SIZEOF_INT 4
| /* end confdefs.h.  */
| #include <stdio.h>
| #ifdef HAVE_SYS_TYPES_H
| # include <sys/types.h>
| #endif
| #ifdef HAVE_SYS_STAT_H
| # include <sys/stat.h>
| #endif
| #ifdef STDC_HEADERS
| # include <stdlib.h>
| # include <stddef.h>
| #else
| # ifdef HAVE_STDLIB_H
| #  include <stdlib.h>
| # endif
| #endif
| #ifdef HAVE_STRING_H
| # if !defined STDC_HEADERS && defined HAVE_MEMORY_H
| #  include <memory.h>
| # endif
| # include <string.h>
| #endif
| #ifdef HAVE_STRINGS_H
| # include <strings.h>
| #endif
| #ifdef HAVE_INTTYPES_H
| # include <inttypes.h>
| #endif
| #ifdef HAVE_STDINT_H
| # include <stdint.h>
| #endif
| #ifdef HAVE_UNISTD_H
| # include <unistd.h>
| #endif
| int
| main ()
| {
| static int test_array [1 - 2 * !(((long int) (sizeof (long))) <= 0)];
| test_array [0] = 0;
| return test_array [0];
| 
|   ;
|   return 0;
| }
configure:4192: /home/retsu/android-ndk/toolchains/arm-linux-androideabi-4.6/prebuilt/linux-x86/bin/arm-linux-androideabi-gcc --sysroot=/home/retsu/android-ndk/platforms/android-9/arch-arm/ -c -mfloat-abi=softfp -mfpu=neon -marm -march=armv7-a -mtune=cortex-a8 -mthumb -D__thumb__  -mfloat-abi=softfp -mfpu=neon -marm -march=armv7-a -mtune=cortex-a8 -mthumb -D__thumb__  conftest.c >&5
conftest.c: In function 'main':
conftest.c:58:12: error: size of array 'test_array' is negative
configure:4192: $? = 1
configure: failed program was:
| /* confdefs.h */
| #define PACKAGE_NAME "FreeType"
| #define PACKAGE_TARNAME "freetype"
| #define PACKAGE_VERSION "2.5.2"
| #define PACKAGE_STRING "FreeType 2.5.2"
| #define PACKAGE_BUGREPORT "freetype@nongnu.org"
| #define PACKAGE_URL ""
| #define STDC_HEADERS 1
| #define HAVE_SYS_TYPES_H 1
| #define HAVE_SYS_STAT_H 1
| #define HAVE_STDLIB_H 1
| #define HAVE_STRING_H 1
| #define HAVE_MEMORY_H 1
| #define HAVE_STRINGS_H 1
| #define HAVE_INTTYPES_H 1
| #define HAVE_STDINT_H 1
| #define HAVE_UNISTD_H 1
| #define HAVE_FCNTL_H 1
| #define HAVE_UNISTD_H 1
| #define SIZEOF_INT 4
| /* end confdefs.h.  */
| #include <stdio.h>
| #ifdef HAVE_SYS_TYPES_H
| # include <sys/types.h>
| #endif
| #ifdef HAVE_SYS_STAT_H
| # include <sys/stat.h>
| #endif
| #ifdef STDC_HEADERS
| # include <stdlib.h>
| # include <stddef.h>
| #else
| # ifdef HAVE_STDLIB_H
| #  include <stdlib.h>
| # endif
| #endif
| #ifdef HAVE_STRING_H
| # if !defined STDC_HEADERS && defined HAVE_MEMORY_H
| #  include <memory.h>
| # endif
| # include <string.h>
| #endif
| #ifdef HAVE_STRINGS_H
| # include <strings.h>
| #endif
| #ifdef HAVE_INTTYPES_H
| # include <inttypes.h>
| #endif
| #ifdef HAVE_STDINT_H
| # include <stdint.h>
| #endif
| #ifdef HAVE_UNISTD_H
| # include <unistd.h>
| #endif
| int
| main ()
| {
| static int test_array [1 - 2 * !(((long int) (sizeof (long))) <= 1)];
| test_array [0] = 0;
| return test_array [0];
| 
|   ;
|   return 0;
| }
configure:4192: /home/retsu/android-ndk/toolchains/arm-linux-androideabi-4.6/prebuilt/linux-x86/bin/arm-linux-androideabi-gcc --sysroot=/home/retsu/android-ndk/platforms/android-9/arch-arm/ -c -mfloat-abi=softfp -mfpu=neon -marm -march=armv7-a -mtune=cortex-a8 -mthumb -D__thumb__  -mfloat-abi=softfp -mfpu=neon -marm -march=armv7-a -mtune=cortex-a8 -mthumb -D__thumb__  conftest.c >&5
conftest.c: In function 'main':
conftest.c:58:12: error: size of array 'test_array' is negative
configure:4192: $? = 1
configure: failed program was:
| /* confdefs.h */
| #define PACKAGE_NAME "FreeType"
| #define PACKAGE_TARNAME "freetype"
| #define PACKAGE_VERSION "2.5.2"
| #define PACKAGE_STRING "FreeType 2.5.2"
| #define PACKAGE_BUGREPORT "freetype@nongnu.org"
| #define PACKAGE_URL ""
| #define STDC_HEADERS 1
| #define HAVE_SYS_TYPES_H 1
| #define HAVE_SYS_STAT_H 1
| #define HAVE_STDLIB_H 1
| #define HAVE_STRING_H 1
| #define HAVE_MEMORY_H 1
| #define HAVE_STRINGS_H 1
| #define HAVE_INTTYPES_H 1
| #define HAVE_STDINT_H 1
| #define HAVE_UNISTD_H 1
| #define HAVE_FCNTL_H 1
| #define HAVE_UNISTD_H 1
| #define SIZEOF_INT 4
| /* end confdefs.h.  */
| #include <stdio.h>
| #ifdef HAVE_SYS_TYPES_H
| # include <sys/types.h>
| #endif
| #ifdef HAVE_SYS_STAT_H
| # include <sys/stat.h>
| #endif
| #ifdef STDC_HEADERS
| # include <stdlib.h>
| # include <stddef.h>
| #else
| # ifdef HAVE_STDLIB_H
| #  include <stdlib.h>
| # endif
| #endif
| #ifdef HAVE_STRING_H
| # if !defined STDC_HEADERS && defined HAVE_MEMORY_H
| #  include <memory.h>
| # endif
| # include <string.h>
| #endif
| #ifdef HAVE_STRINGS_H
| # include <strings.h>
| #endif
| #ifdef HAVE_INTTYPES_H
| # include <inttypes.h>
| #endif
| #ifdef HAVE_STDINT_H
| # include <stdint.h>
| #endif
| #ifdef HAVE_UNISTD_H
| # include <unistd.h>
| #endif
| int
| main ()
| {
| static int test_array [1 - 2 * !(((long int) (sizeof (long))) <= 3)];
| test_array [0] = 0;
| return test_array [0];
| 
|   ;
|   return 0;
| }
configure:4192: /home/retsu/android-ndk/toolchains/arm-linux-androideabi-4.6/prebuilt/linux-x86/bin/arm-linux-androideabi-gcc --sysroot=/home/retsu/android-ndk/platforms/android-9/arch-arm/ -c -mfloat-abi=softfp -mfpu=neon -marm -march=armv7-a -mtune=cortex-a8 -mthumb -D__thumb__  -mfloat-abi=softfp -mfpu=neon -marm -march=armv7-a -mtune=cortex-a8 -mthumb -D__thumb__  conftest.c >&5
configure:4192: $? = 0
configure:4192: /home/retsu/android-ndk/toolchains/arm-linux-androideabi-4.6/prebuilt/linux-x86/bin/arm-linux-androideabi-gcc --sysroot=/home/retsu/android-ndk/platforms/android-9/arch-arm/ -c -mfloat-abi=softfp -mfpu=neon -marm -march=armv7-a -mtune=cortex-a8 -mthumb -D__thumb__  -mfloat-abi=softfp -mfpu=neon -marm -march=armv7-a -mtune=cortex-a8 -mthumb -D__thumb__  conftest.c >&5
configure:4192: $? = 0
configure:4192: /home/retsu/android-ndk/toolchains/arm-linux-androideabi-4.6/prebuilt/linux-x86/bin/arm-linux-androideabi-gcc --sysroot=/home/retsu/android-ndk/platforms/android-9/arch-arm/ -c -mfloat-abi=softfp -mfpu=neon -marm -march=armv7-a -mtune=cortex-a8 -mthumb -D__thumb__  -mfloat-abi=softfp -mfpu=neon -marm -march=armv7-a -mtune=cortex-a8 -mthumb -D__thumb__  conftest.c >&5
configure:4192: $? = 0
configure:4206: result: 4
configure:4220: checking whether cpp computation of bit length in ftconfig.in works
configure:4277: result: yes
configure:4315: checking for stdlib.h
configure:4315: result: yes
configure:4315: checking for unistd.h
configure:4315: result: yes
configure:4315: checking for sys/param.h
configure:4315: /home/retsu/android-ndk/toolchains/arm-linux-androideabi-4.6/prebuilt/linux-x86/bin/arm-linux-androideabi-gcc --sysroot=/home/retsu/android-ndk/platforms/android-9/arch-arm/ -c -mfloat-abi=softfp -mfpu=neon -marm -march=armv7-a -mtune=cortex-a8 -mthumb -D__thumb__  -mfloat-abi=softfp -mfpu=neon -marm -march=armv7-a -mtune=cortex-a8 -mthumb -D__thumb__  conftest.c >&5
configure:4315: $? = 0
configure:4315: result: yes
configure:4335: checking for getpagesize
configure:4335: /home/retsu/android-ndk/toolchains/arm-linux-androideabi-4.6/prebuilt/linux-x86/bin/arm-linux-androideabi-gcc --sysroot=/home/retsu/android-ndk/platforms/android-9/arch-arm/ -o conftest -mfloat-abi=softfp -mfpu=neon -marm -march=armv7-a -mtune=cortex-a8 -mthumb -D__thumb__  -mfloat-abi=softfp -mfpu=neon -marm -march=armv7-a -mtune=cortex-a8 -mthumb -D__thumb__  -Wl,-rpath-link=/home/retsu/android-ndk/platforms/android-9/arch-arm//usr/lib -L/home/retsu/android-ndk/platforms/android-9/arch-arm//usr/lib  -lc -lm -ldl -llog conftest.c  >&5
/home/retsu/android-ndk/toolchains/arm-linux-androideabi-4.6/prebuilt/linux-x86/bin/../lib/gcc/arm-linux-androideabi/4.6/../../../../arm-linux-androideabi/bin/ld: /tmp/cc4Okvcb.o: in function main:conftest.c(.text+0x4): error: undefined reference to 'getpagesize'
collect2: ld returned 1 exit status
configure:4335: $? = 1
configure: failed program was:
| /* confdefs.h */
| #define PACKAGE_NAME "FreeType"
| #define PACKAGE_TARNAME "freetype"
| #define PACKAGE_VERSION "2.5.2"
| #define PACKAGE_STRING "FreeType 2.5.2"
| #define PACKAGE_BUGREPORT "freetype@nongnu.org"
| #define PACKAGE_URL ""
| #define STDC_HEADERS 1
| #define HAVE_SYS_TYPES_H 1
| #define HAVE_SYS_STAT_H 1
| #define HAVE_STDLIB_H 1
| #define HAVE_STRING_H 1
| #define HAVE_MEMORY_H 1
| #define HAVE_STRINGS_H 1
| #define HAVE_INTTYPES_H 1
| #define HAVE_STDINT_H 1
| #define HAVE_UNISTD_H 1
| #define HAVE_FCNTL_H 1
| #define HAVE_UNISTD_H 1
| #define SIZEOF_INT 4
| #define SIZEOF_LONG 4
| #define HAVE_STDLIB_H 1
| #define HAVE_UNISTD_H 1
| #define HAVE_SYS_PARAM_H 1
| /* end confdefs.h.  */
| /* Define getpagesize to an innocuous variant, in case <limits.h> declares getpagesize.
|    For example, HP-UX 11i <limits.h> declares gettimeofday.  */
| #define getpagesize innocuous_getpagesize
| 
| /* System header to define __stub macros and hopefully few prototypes,
|     which can conflict with char getpagesize (); below.
|     Prefer <limits.h> to <assert.h> if __STDC__ is defined, since
|     <limits.h> exists even on freestanding compilers.  */
| 
| #ifdef __STDC__
| # include <limits.h>
| #else
| # include <assert.h>
| #endif
| 
| #undef getpagesize
| 
| /* Override any GCC internal prototype to avoid an error.
|    Use char because int might match the return type of a GCC
|    builtin and then its argument prototype would still apply.  */
| #ifdef __cplusplus
| extern "C"
| #endif
| char getpagesize ();
| /* The GNU C library defines this for functions which it implements
|     to always fail with ENOSYS.  Some functions are actually named
|     something starting with __ and the normal name is an alias.  */
| #if defined __stub_getpagesize || defined __stub___getpagesize
| choke me
| #endif
| 
| int
| main ()
| {
| return getpagesize ();
|   ;
|   return 0;
| }
configure:4335: result: no
configure:4344: checking for working mmap
configure:4501: result: no
configure:4569: checking for memcpy
configure:4569: /home/retsu/android-ndk/toolchains/arm-linux-androideabi-4.6/prebuilt/linux-x86/bin/arm-linux-androideabi-gcc --sysroot=/home/retsu/android-ndk/platforms/android-9/arch-arm/ -o conftest -mfloat-abi=softfp -mfpu=neon -marm -march=armv7-a -mtune=cortex-a8 -mthumb -D__thumb__  -mfloat-abi=softfp -mfpu=neon -marm -march=armv7-a -mtune=cortex-a8 -mthumb -D__thumb__  -Wl,-rpath-link=/home/retsu/android-ndk/platforms/android-9/arch-arm//usr/lib -L/home/retsu/android-ndk/platforms/android-9/arch-arm//usr/lib  -lc -lm -ldl -llog conftest.c  >&5
conftest.c:49:6: warning: conflicting types for built-in function 'memcpy' [enabled by default]
configure:4569: $? = 0
configure:4569: result: yes
configure:4569: checking for memmove
configure:4569: /home/retsu/android-ndk/toolchains/arm-linux-androideabi-4.6/prebuilt/linux-x86/bin/arm-linux-androideabi-gcc --sysroot=/home/retsu/android-ndk/platforms/android-9/arch-arm/ -o conftest -mfloat-abi=softfp -mfpu=neon -marm -march=armv7-a -mtune=cortex-a8 -mthumb -D__thumb__  -mfloat-abi=softfp -mfpu=neon -marm -march=armv7-a -mtune=cortex-a8 -mthumb -D__thumb__  -Wl,-rpath-link=/home/retsu/android-ndk/platforms/android-9/arch-arm//usr/lib -L/home/retsu/android-ndk/platforms/android-9/arch-arm//usr/lib  -lc -lm -ldl -llog conftest.c  >&5
conftest.c:50:6: warning: conflicting types for built-in function 'memmove' [enabled by default]
configure:4569: $? = 0
configure:4569: result: yes
configure:4592: checking gcc compiler flag -pedantic to assure ANSI C works correctly
configure:4609: /home/retsu/android-ndk/toolchains/arm-linux-androideabi-4.6/prebuilt/linux-x86/bin/arm-linux-androideabi-gcc --sysroot=/home/retsu/android-ndk/platforms/android-9/arch-arm/ -c -mfloat-abi=softfp -mfpu=neon -marm -march=armv7-a -mtune=cortex-a8 -mthumb -D__thumb__   -pedantic -mfloat-abi=softfp -mfpu=neon -marm -march=armv7-a -mtune=cortex-a8 -mthumb -D__thumb__  conftest.c >&5
configure:4609: $? = 0
configure:4611: result: ok, add it to XX_ANSIFLAGS
configure:4592: checking gcc compiler flag -ansi to assure ANSI C works correctly
configure:4609: /home/retsu/android-ndk/toolchains/arm-linux-androideabi-4.6/prebuilt/linux-x86/bin/arm-linux-androideabi-gcc --sysroot=/home/retsu/android-ndk/platforms/android-9/arch-arm/ -c -mfloat-abi=softfp -mfpu=neon -marm -march=armv7-a -mtune=cortex-a8 -mthumb -D__thumb__   -pedantic -ansi -mfloat-abi=softfp -mfpu=neon -marm -march=armv7-a -mtune=cortex-a8 -mthumb -D__thumb__  conftest.c >&5
configure:4609: $? = 0
configure:4611: result: ok, add it to XX_ANSIFLAGS
configure:4651: checking for gzsetparams in -lz
configure:4676: /home/retsu/android-ndk/toolchains/arm-linux-androideabi-4.6/prebuilt/linux-x86/bin/arm-linux-androideabi-gcc --sysroot=/home/retsu/android-ndk/platforms/android-9/arch-arm/ -o conftest -mfloat-abi=softfp -mfpu=neon -marm -march=armv7-a -mtune=cortex-a8 -mthumb -D__thumb__  -mfloat-abi=softfp -mfpu=neon -marm -march=armv7-a -mtune=cortex-a8 -mthumb -D__thumb__  -Wl,-rpath-link=/home/retsu/android-ndk/platforms/android-9/arch-arm//usr/lib -L/home/retsu/android-ndk/platforms/android-9/arch-arm//usr/lib  -lc -lm -ldl -llog conftest.c -lz   >&5
configure:4676: $? = 0
configure:4685: result: yes
configure:4688: checking zlib.h usability
configure:4688: /home/retsu/android-ndk/toolchains/arm-linux-androideabi-4.6/prebuilt/linux-x86/bin/arm-linux-androideabi-gcc --sysroot=/home/retsu/android-ndk/platforms/android-9/arch-arm/ -c -mfloat-abi=softfp -mfpu=neon -marm -march=armv7-a -mtune=cortex-a8 -mthumb -D__thumb__  -mfloat-abi=softfp -mfpu=neon -marm -march=armv7-a -mtune=cortex-a8 -mthumb -D__thumb__  conftest.c >&5
configure:4688: $? = 0
configure:4688: result: yes
configure:4688: checking zlib.h presence
configure:4688: /home/retsu/android-ndk/toolchains/arm-linux-androideabi-4.6/prebuilt/linux-x86/bin/arm-linux-androideabi-gcc --sysroot=/home/retsu/android-ndk/platforms/android-9/arch-arm/ -E -mfloat-abi=softfp -mfpu=neon -marm -march=armv7-a -mtune=cortex-a8 -mthumb -D__thumb__  conftest.c
configure:4688: $? = 0
configure:4688: result: yes
configure:4688: checking for zlib.h
configure:4688: result: yes
configure:4712: checking for BZ2_bzDecompress in -lbz2
configure:4737: /home/retsu/android-ndk/toolchains/arm-linux-androideabi-4.6/prebuilt/linux-x86/bin/arm-linux-androideabi-gcc --sysroot=/home/retsu/android-ndk/platforms/android-9/arch-arm/ -o conftest -mfloat-abi=softfp -mfpu=neon -marm -march=armv7-a -mtune=cortex-a8 -mthumb -D__thumb__  -mfloat-abi=softfp -mfpu=neon -marm -march=armv7-a -mtune=cortex-a8 -mthumb -D__thumb__  -Wl,-rpath-link=/home/retsu/android-ndk/platforms/android-9/arch-arm//usr/lib -L/home/retsu/android-ndk/platforms/android-9/arch-arm//usr/lib  -lc -lm -ldl -llog conftest.c -lbz2   >&5
/home/retsu/android-ndk/toolchains/arm-linux-androideabi-4.6/prebuilt/linux-x86/bin/../lib/gcc/arm-linux-androideabi/4.6/../../../../arm-linux-androideabi/bin/ld: error: cannot find -lbz2
/home/retsu/android-ndk/toolchains/arm-linux-androideabi-4.6/prebuilt/linux-x86/bin/../lib/gcc/arm-linux-androideabi/4.6/../../../../arm-linux-androideabi/bin/ld: /tmp/cc8VLlra.o: in function main:conftest.c(.text+0x4): error: undefined reference to 'BZ2_bzDecompress'
collect2: ld returned 1 exit status
configure:4737: $? = 1
configure: failed program was:
| /* confdefs.h */
| #define PACKAGE_NAME "FreeType"
| #define PACKAGE_TARNAME "freetype"
| #define PACKAGE_VERSION "2.5.2"
| #define PACKAGE_STRING "FreeType 2.5.2"
| #define PACKAGE_BUGREPORT "freetype@nongnu.org"
| #define PACKAGE_URL ""
| #define STDC_HEADERS 1
| #define HAVE_SYS_TYPES_H 1
| #define HAVE_SYS_STAT_H 1
| #define HAVE_STDLIB_H 1
| #define HAVE_STRING_H 1
| #define HAVE_MEMORY_H 1
| #define HAVE_STRINGS_H 1
| #define HAVE_INTTYPES_H 1
| #define HAVE_STDINT_H 1
| #define HAVE_UNISTD_H 1
| #define HAVE_FCNTL_H 1
| #define HAVE_UNISTD_H 1
| #define SIZEOF_INT 4
| #define SIZEOF_LONG 4
| #define HAVE_STDLIB_H 1
| #define HAVE_UNISTD_H 1
| #define HAVE_SYS_PARAM_H 1
| #define HAVE_MEMCPY 1
| #define HAVE_MEMMOVE 1
| /* end confdefs.h.  */
| 
| /* Override any GCC internal prototype to avoid an error.
|    Use char because int might match the return type of a GCC
|    builtin and then its argument prototype would still apply.  */
| #ifdef __cplusplus
| extern "C"
| #endif
| char BZ2_bzDecompress ();
| int
| main ()
| {
| return BZ2_bzDecompress ();
|   ;
|   return 0;
| }
configure:4746: result: no
configure:4823: checking whether CFLAGS and LDFLAGS share -march=armv7-a
configure:4830: result: no, copy to LDFLAGS
configure:5428: checking how to print strings
configure:5455: result: printf
configure:5476: checking for a sed that does not truncate output
configure:5540: result: /bin/sed
configure:5558: checking for fgrep
configure:5620: result: /bin/grep -F
configure:5655: checking for ld used by /home/retsu/android-ndk/toolchains/arm-linux-androideabi-4.6/prebuilt/linux-x86/bin/arm-linux-androideabi-gcc --sysroot=/home/retsu/android-ndk/platforms/android-9/arch-arm/
configure:5722: result: /home/retsu/android-ndk/toolchains/arm-linux-androideabi-4.6/prebuilt/linux-x86/arm-linux-androideabi/bin/ld
configure:5729: checking if the linker (/home/retsu/android-ndk/toolchains/arm-linux-androideabi-4.6/prebuilt/linux-x86/arm-linux-androideabi/bin/ld) is GNU ld
configure:5744: result: yes
configure:5756: checking for BSD- or MS-compatible name lister (nm)
configure:5805: result: /home/retsu/android-ndk/toolchains/arm-linux-androideabi-4.6/prebuilt/linux-x86/bin/arm-linux-androideabi-nm
configure:5935: checking the name lister (/home/retsu/android-ndk/toolchains/arm-linux-androideabi-4.6/prebuilt/linux-x86/bin/arm-linux-androideabi-nm) interface
configure:5942: /home/retsu/android-ndk/toolchains/arm-linux-androideabi-4.6/prebuilt/linux-x86/bin/arm-linux-androideabi-gcc --sysroot=/home/retsu/android-ndk/platforms/android-9/arch-arm/ -c -mfloat-abi=softfp -mfpu=neon -marm -march=armv7-a -mtune=cortex-a8 -mthumb -D__thumb__  -mfloat-abi=softfp -mfpu=neon -marm -march=armv7-a -mtune=cortex-a8 -mthumb -D__thumb__  conftest.c >&5
configure:5945: /home/retsu/android-ndk/toolchains/arm-linux-androideabi-4.6/prebuilt/linux-x86/bin/arm-linux-androideabi-nm "conftest.o"
configure:5948: output
00000000 B some_variable
configure:5955: result: BSD nm
configure:5958: checking whether ln -s works
configure:5962: result: yes
configure:5970: checking the maximum length of command line arguments
configure:6100: result: 3458764513820540925
configure:6117: checking whether the shell understands some XSI constructs
configure:6127: result: yes
configure:6131: checking whether the shell understands "+="
configure:6137: result: yes
configure:6172: checking how to convert x86_64-unknown-linux-gnu file names to arm-unknown-linux-gnu format
configure:6212: result: func_convert_file_noop
configure:6219: checking how to convert x86_64-unknown-linux-gnu file names to toolchain format
configure:6239: result: func_convert_file_noop
configure:6246: checking for /home/retsu/android-ndk/toolchains/arm-linux-androideabi-4.6/prebuilt/linux-x86/arm-linux-androideabi/bin/ld option to reload object files
configure:6253: result: -r
configure:6287: checking for arm-linux-objdump
configure:6317: result: no
configure:6327: checking for objdump
configure:6343: found /usr/bin/objdump
configure:6354: result: objdump
configure:6366: WARNING: using cross tools not prefixed with host triplet
configure:6383: checking how to recognize dependent libraries
configure:6585: result: pass_all
configure:6630: checking for arm-linux-dlltool
configure:6660: result: no
configure:6670: checking for dlltool
configure:6700: result: no
configure:6727: checking how to associate runtime and link libraries
configure:6754: result: printf %s\n
configure:6770: checking for arm-linux-ar
configure:6797: result: /home/retsu/android-ndk/toolchains/arm-linux-androideabi-4.6/prebuilt/linux-x86/bin/arm-linux-androideabi-ar
configure:6878: checking for archiver @FILE support
configure:6895: /home/retsu/android-ndk/toolchains/arm-linux-androideabi-4.6/prebuilt/linux-x86/bin/arm-linux-androideabi-gcc --sysroot=/home/retsu/android-ndk/platforms/android-9/arch-arm/ -c -mfloat-abi=softfp -mfpu=neon -marm -march=armv7-a -mtune=cortex-a8 -mthumb -D__thumb__  -mfloat-abi=softfp -mfpu=neon -marm -march=armv7-a -mtune=cortex-a8 -mthumb -D__thumb__  conftest.c >&5
configure:6895: $? = 0
configure:6898: /home/retsu/android-ndk/toolchains/arm-linux-androideabi-4.6/prebuilt/linux-x86/bin/arm-linux-androideabi-ar cru libconftest.a @conftest.lst >&5
configure:6901: $? = 0
configure:6906: /home/retsu/android-ndk/toolchains/arm-linux-androideabi-4.6/prebuilt/linux-x86/bin/arm-linux-androideabi-ar cru libconftest.a @conftest.lst >&5
/home/retsu/android-ndk/toolchains/arm-linux-androideabi-4.6/prebuilt/linux-x86/bin/arm-linux-androideabi-ar: conftest.o: No such file or directory
configure:6909: $? = 1
configure:6921: result: @
configure:6939: checking for arm-linux-strip
configure:6966: result: /home/retsu/android-ndk/toolchains/arm-linux-androideabi-4.6/prebuilt/linux-x86/bin/arm-linux-androideabi-strip
configure:7038: checking for arm-linux-ranlib
configure:7065: result: /home/retsu/android-ndk/toolchains/arm-linux-androideabi-4.6/prebuilt/linux-x86/bin/arm-linux-androideabi-ranlib
configure:7182: checking for gawk
configure:7198: found /usr/bin/gawk
configure:7209: result: gawk
configure:7249: checking command to parse /home/retsu/android-ndk/toolchains/arm-linux-androideabi-4.6/prebuilt/linux-x86/bin/arm-linux-androideabi-nm output from /home/retsu/android-ndk/toolchains/arm-linux-androideabi-4.6/prebuilt/linux-x86/bin/arm-linux-androideabi-gcc --sysroot=/home/retsu/android-ndk/platforms/android-9/arch-arm/ object
configure:7369: /home/retsu/android-ndk/toolchains/arm-linux-androideabi-4.6/prebuilt/linux-x86/bin/arm-linux-androideabi-gcc --sysroot=/home/retsu/android-ndk/platforms/android-9/arch-arm/ -c -mfloat-abi=softfp -mfpu=neon -marm -march=armv7-a -mtune=cortex-a8 -mthumb -D__thumb__  -mfloat-abi=softfp -mfpu=neon -marm -march=armv7-a -mtune=cortex-a8 -mthumb -D__thumb__  conftest.c >&5
configure:7372: $? = 0
configure:7376: /home/retsu/android-ndk/toolchains/arm-linux-androideabi-4.6/prebuilt/linux-x86/bin/arm-linux-androideabi-nm conftest.o \| sed -n -e 's/^.*[ ]\([ABCDGIRSTW][ABCDGIRSTW]*\)[ ][ ]*\([_A-Za-z][_A-Za-z0-9]*\)$/\1 \2 \2/p' | sed '/ __gnu_lto/d' \> conftest.nm
configure:7379: $? = 0
configure:7445: /home/retsu/android-ndk/toolchains/arm-linux-androideabi-4.6/prebuilt/linux-x86/bin/arm-linux-androideabi-gcc --sysroot=/home/retsu/android-ndk/platforms/android-9/arch-arm/ -o conftest -mfloat-abi=softfp -mfpu=neon -marm -march=armv7-a -mtune=cortex-a8 -mthumb -D__thumb__  -mfloat-abi=softfp -mfpu=neon -marm -march=armv7-a -mtune=cortex-a8 -mthumb -D__thumb__  -Wl,-rpath-link=/home/retsu/android-ndk/platforms/android-9/arch-arm//usr/lib -L/home/retsu/android-ndk/platforms/android-9/arch-arm//usr/lib  -lc -lm -ldl -llog -march=armv7-a conftest.c conftstm.o >&5
configure:7448: $? = 0
configure:7486: result: ok
configure:7523: checking for sysroot
configure:7553: result: no
configure:7769: checking for arm-linux-mt
configure:7799: result: no
configure:7809: checking for mt
configure:7825: found /bin/mt
configure:7836: result: mt
configure:7859: checking if mt is a manifest tool
configure:7865: mt '-?'
configure:7873: result: no
configure:8512: checking for dlfcn.h
configure:8512: /home/retsu/android-ndk/toolchains/arm-linux-androideabi-4.6/prebuilt/linux-x86/bin/arm-linux-androideabi-gcc --sysroot=/home/retsu/android-ndk/platforms/android-9/arch-arm/ -c -mfloat-abi=softfp -mfpu=neon -marm -march=armv7-a -mtune=cortex-a8 -mthumb -D__thumb__  -mfloat-abi=softfp -mfpu=neon -marm -march=armv7-a -mtune=cortex-a8 -mthumb -D__thumb__  conftest.c >&5
configure:8512: $? = 0
configure:8512: result: yes
configure:9016: checking for objdir
configure:9031: result: .libs
configure:9298: checking if /home/retsu/android-ndk/toolchains/arm-linux-androideabi-4.6/prebuilt/linux-x86/bin/arm-linux-androideabi-gcc --sysroot=/home/retsu/android-ndk/platforms/android-9/arch-arm/ supports -fno-rtti -fno-exceptions
configure:9316: /home/retsu/android-ndk/toolchains/arm-linux-androideabi-4.6/prebuilt/linux-x86/bin/arm-linux-androideabi-gcc --sysroot=/home/retsu/android-ndk/platforms/android-9/arch-arm/ -c -mfloat-abi=softfp -mfpu=neon -marm -march=armv7-a -mtune=cortex-a8 -mthumb -D__thumb__  -mfloat-abi=softfp -mfpu=neon -marm -march=armv7-a -mtune=cortex-a8 -mthumb -D__thumb__  -fno-rtti -fno-exceptions conftest.c >&5
cc1: warning: command line option '-fno-rtti' is valid for C++/ObjC++ but not for C [enabled by default]
configure:9320: $? = 0
configure:9333: result: no
configure:9660: checking for /home/retsu/android-ndk/toolchains/arm-linux-androideabi-4.6/prebuilt/linux-x86/bin/arm-linux-androideabi-gcc --sysroot=/home/retsu/android-ndk/platforms/android-9/arch-arm/ option to produce PIC
configure:9667: result: -fPIC -DPIC
configure:9675: checking if /home/retsu/android-ndk/toolchains/arm-linux-androideabi-4.6/prebuilt/linux-x86/bin/arm-linux-androideabi-gcc --sysroot=/home/retsu/android-ndk/platforms/android-9/arch-arm/ PIC flag -fPIC -DPIC works
configure:9693: /home/retsu/android-ndk/toolchains/arm-linux-androideabi-4.6/prebuilt/linux-x86/bin/arm-linux-androideabi-gcc --sysroot=/home/retsu/android-ndk/platforms/android-9/arch-arm/ -c -mfloat-abi=softfp -mfpu=neon -marm -march=armv7-a -mtune=cortex-a8 -mthumb -D__thumb__  -mfloat-abi=softfp -mfpu=neon -marm -march=armv7-a -mtune=cortex-a8 -mthumb -D__thumb__  -fPIC -DPIC -DPIC conftest.c >&5
configure:9697: $? = 0
configure:9710: result: yes
configure:9739: checking if /home/retsu/android-ndk/toolchains/arm-linux-androideabi-4.6/prebuilt/linux-x86/bin/arm-linux-androideabi-gcc --sysroot=/home/retsu/android-ndk/platforms/android-9/arch-arm/ static flag -static works
configure:9767: result: no
configure:9782: checking if /home/retsu/android-ndk/toolchains/arm-linux-androideabi-4.6/prebuilt/linux-x86/bin/arm-linux-androideabi-gcc --sysroot=/home/retsu/android-ndk/platforms/android-9/arch-arm/ supports -c -o file.o
configure:9803: /home/retsu/android-ndk/toolchains/arm-linux-androideabi-4.6/prebuilt/linux-x86/bin/arm-linux-androideabi-gcc --sysroot=/home/retsu/android-ndk/platforms/android-9/arch-arm/ -c -mfloat-abi=softfp -mfpu=neon -marm -march=armv7-a -mtune=cortex-a8 -mthumb -D__thumb__  -mfloat-abi=softfp -mfpu=neon -marm -march=armv7-a -mtune=cortex-a8 -mthumb -D__thumb__  -o out/conftest2.o conftest.c >&5
configure:9807: $? = 0
configure:9829: result: yes
configure:9837: checking if /home/retsu/android-ndk/toolchains/arm-linux-androideabi-4.6/prebuilt/linux-x86/bin/arm-linux-androideabi-gcc --sysroot=/home/retsu/android-ndk/platforms/android-9/arch-arm/ supports -c -o file.o
configure:9884: result: yes
configure:9917: checking whether the /home/retsu/android-ndk/toolchains/arm-linux-androideabi-4.6/prebuilt/linux-x86/bin/arm-linux-androideabi-gcc --sysroot=/home/retsu/android-ndk/platforms/android-9/arch-arm/ linker (/home/retsu/android-ndk/toolchains/arm-linux-androideabi-4.6/prebuilt/linux-x86/arm-linux-androideabi/bin/ld) supports shared libraries
configure:11070: result: yes
configure:11310: checking dynamic linker characteristics
configure:11821: /home/retsu/android-ndk/toolchains/arm-linux-androideabi-4.6/prebuilt/linux-x86/bin/arm-linux-androideabi-gcc --sysroot=/home/retsu/android-ndk/platforms/android-9/arch-arm/ -o conftest -mfloat-abi=softfp -mfpu=neon -marm -march=armv7-a -mtune=cortex-a8 -mthumb -D__thumb__  -mfloat-abi=softfp -mfpu=neon -marm -march=armv7-a -mtune=cortex-a8 -mthumb -D__thumb__  -Wl,-rpath-link=/home/retsu/android-ndk/platforms/android-9/arch-arm//usr/lib -L/home/retsu/android-ndk/platforms/android-9/arch-arm//usr/lib  -lc -lm -ldl -llog -march=armv7-a -Wl,-rpath -Wl,/foo conftest.c  >&5
configure:11821: $? = 0
configure:12043: result: GNU/Linux ld.so
configure:12150: checking how to hardcode library paths into programs
configure:12175: result: immediate
configure:12715: checking whether stripping libraries is possible
configure:12720: result: yes
configure:12755: checking if libtool supports shared libraries
configure:12757: result: yes
configure:12760: checking whether to build shared libraries
configure:12781: result: no
configure:12784: checking whether to build static libraries
configure:12788: result: yes
configure:12981: creating ./config.status

## ---------------------- ##
## Running config.status. ##
## ---------------------- ##

This file was extended by FreeType config.status 2.5.2, which was
generated by GNU Autoconf 2.69.  Invocation command line was

  CONFIG_FILES    = 
  CONFIG_HEADERS  = 
  CONFIG_LINKS    = 
  CONFIG_COMMANDS = 
  $ ./config.status 

on Dell-XPS-15Z

config.status:1074: creating unix-cc.mk
config.status:1074: creating unix-def.mk
config.status:1074: creating ftconfig.h
config.status:1263: executing libtool commands
configure:15074: WARNING: unrecognized options: --disable-dependency-tracking, --enable-neon

## ---------------- ##
## Cache variables. ##
## ---------------- ##

ac_cv_build=x86_64-unknown-linux-gnu
ac_cv_c_compiler_gnu=yes
ac_cv_c_const=yes
ac_cv_env_CC_set=set
ac_cv_env_CC_value='/home/retsu/android-ndk/toolchains/arm-linux-androideabi-4.6/prebuilt/linux-x86/bin/arm-linux-androideabi-gcc --sysroot=/home/retsu/android-ndk/platforms/android-9/arch-arm/'
ac_cv_env_CFLAGS_set=set
ac_cv_env_CFLAGS_value='-mfloat-abi=softfp -mfpu=neon -marm -march=armv7-a -mtune=cortex-a8 -mthumb -D__thumb__ '
ac_cv_env_CPPFLAGS_set=set
ac_cv_env_CPPFLAGS_value='-mfloat-abi=softfp -mfpu=neon -marm -march=armv7-a -mtune=cortex-a8 -mthumb -D__thumb__ '
ac_cv_env_CPP_set=
ac_cv_env_CPP_value=
ac_cv_env_LDFLAGS_set=set
ac_cv_env_LDFLAGS_value='-Wl,-rpath-link=/home/retsu/android-ndk/platforms/android-9/arch-arm//usr/lib -L/home/retsu/android-ndk/platforms/android-9/arch-arm//usr/lib  -lc -lm -ldl -llog'
ac_cv_env_LIBS_set=
ac_cv_env_LIBS_value=
ac_cv_env_build_alias_set=
ac_cv_env_build_alias_value=
ac_cv_env_host_alias_set=set
ac_cv_env_host_alias_value=arm-linux
ac_cv_env_target_alias_set=
ac_cv_env_target_alias_value=
ac_cv_func_getpagesize=no
ac_cv_func_memcpy=yes
ac_cv_func_memmove=yes
ac_cv_func_mmap_fixed_mapped=no
ac_cv_header_dlfcn_h=yes
ac_cv_header_fcntl_h=yes
ac_cv_header_inttypes_h=yes
ac_cv_header_memory_h=yes
ac_cv_header_stdc=yes
ac_cv_header_stdint_h=yes
ac_cv_header_stdlib_h=yes
ac_cv_header_string_h=yes
ac_cv_header_strings_h=yes
ac_cv_header_sys_param_h=yes
ac_cv_header_sys_stat_h=yes
ac_cv_header_sys_types_h=yes
ac_cv_header_unistd_h=yes
ac_cv_header_zlib_h=yes
ac_cv_host=arm-unknown-linux-gnu
ac_cv_lib_bz2_BZ2_bzDecompress=no
ac_cv_lib_z_gzsetparams=yes
ac_cv_objext=o
ac_cv_path_EGREP='/bin/grep -E'
ac_cv_path_FGREP='/bin/grep -F'
ac_cv_path_GREP=/bin/grep
ac_cv_path_SED=/bin/sed
ac_cv_path_install='/usr/bin/install -c'
ac_cv_prog_AR=/home/retsu/android-ndk/toolchains/arm-linux-androideabi-4.6/prebuilt/linux-x86/bin/arm-linux-androideabi-ar
ac_cv_prog_AWK=gawk
ac_cv_prog_CC='/home/retsu/android-ndk/toolchains/arm-linux-androideabi-4.6/prebuilt/linux-x86/bin/arm-linux-androideabi-gcc --sysroot=/home/retsu/android-ndk/platforms/android-9/arch-arm/'
ac_cv_prog_CC_BUILD=gcc
ac_cv_prog_CPP='/home/retsu/android-ndk/toolchains/arm-linux-androideabi-4.6/prebuilt/linux-x86/bin/arm-linux-androideabi-gcc --sysroot=/home/retsu/android-ndk/platforms/android-9/arch-arm/ -E'
ac_cv_prog_RANLIB=/home/retsu/android-ndk/toolchains/arm-linux-androideabi-4.6/prebuilt/linux-x86/bin/arm-linux-androideabi-ranlib
ac_cv_prog_RMDIR=rmdir
ac_cv_prog_STRIP=/home/retsu/android-ndk/toolchains/arm-linux-androideabi-4.6/prebuilt/linux-x86/bin/arm-linux-androideabi-strip
ac_cv_prog_ac_ct_MANIFEST_TOOL=mt
ac_cv_prog_ac_ct_OBJDUMP=objdump
ac_cv_prog_cc_c89=
ac_cv_prog_cc_g=yes
ac_cv_sizeof_int=4
ac_cv_sizeof_long=4
lt_cv_ar_at_file=@
lt_cv_deplibs_check_method=pass_all
lt_cv_file_magic_cmd='$MAGIC_CMD'
lt_cv_file_magic_test_file=
lt_cv_ld_reload_flag=-r
lt_cv_nm_interface='BSD nm'
lt_cv_objdir=.libs
lt_cv_path_LD=/home/retsu/android-ndk/toolchains/arm-linux-androideabi-4.6/prebuilt/linux-x86/arm-linux-androideabi/bin/ld
lt_cv_path_NM=/home/retsu/android-ndk/toolchains/arm-linux-androideabi-4.6/prebuilt/linux-x86/bin/arm-linux-androideabi-nm
lt_cv_path_mainfest_tool=no
lt_cv_prog_compiler_c_o=yes
lt_cv_prog_compiler_pic='-fPIC -DPIC'
lt_cv_prog_compiler_pic_works=yes
lt_cv_prog_compiler_rtti_exceptions=no
lt_cv_prog_compiler_static_works=no
lt_cv_prog_gnu_ld=yes
lt_cv_sharedlib_from_linklib_cmd='printf %s\n'
lt_cv_shlibpath_overrides_runpath=no
lt_cv_sys_global_symbol_pipe='sed -n -e '\''s/^.*[	 ]\([ABCDGIRSTW][ABCDGIRSTW]*\)[	 ][	 ]*\([_A-Za-z][_A-Za-z0-9]*\)$/\1 \2 \2/p'\'' | sed '\''/ __gnu_lto/d'\'''
lt_cv_sys_global_symbol_to_c_name_address='sed -n -e '\''s/^: \([^ ]*\)[ ]*$/  {\"\1\", (void *) 0},/p'\'' -e '\''s/^[ABCDGIRSTW]* \([^ ]*\) \([^ ]*\)$/  {"\2", (void *) \&\2},/p'\'''
lt_cv_sys_global_symbol_to_c_name_address_lib_prefix='sed -n -e '\''s/^: \([^ ]*\)[ ]*$/  {\"\1\", (void *) 0},/p'\'' -e '\''s/^[ABCDGIRSTW]* \([^ ]*\) \(lib[^ ]*\)$/  {"\2", (void *) \&\2},/p'\'' -e '\''s/^[ABCDGIRSTW]* \([^ ]*\) \([^ ]*\)$/  {"lib\2", (void *) \&\2},/p'\'''
lt_cv_sys_global_symbol_to_cdecl='sed -n -e '\''s/^T .* \(.*\)$/extern int \1();/p'\'' -e '\''s/^[ABCDGIRSTW]* .* \(.*\)$/extern char \1;/p'\'''
lt_cv_sys_max_cmd_len=3458764513820540925
lt_cv_to_host_file_cmd=func_convert_file_noop
lt_cv_to_tool_file_cmd=func_convert_file_noop

## ----------------- ##
## Output variables. ##
## ----------------- ##

AR='/home/retsu/android-ndk/toolchains/arm-linux-androideabi-4.6/prebuilt/linux-x86/bin/arm-linux-androideabi-ar'
AS='/home/retsu/android-ndk/toolchains/arm-linux-androideabi-4.6/prebuilt/linux-x86/bin/arm-linux-androideabi-gcc --sysroot=/home/retsu/android-ndk/platforms/android-9/arch-arm/'
AWK='gawk'
CC='/home/retsu/android-ndk/toolchains/arm-linux-androideabi-4.6/prebuilt/linux-x86/bin/arm-linux-androideabi-gcc --sysroot=/home/retsu/android-ndk/platforms/android-9/arch-arm/'
CC_BUILD='gcc'
CFLAGS='-mfloat-abi=softfp -mfpu=neon -marm -march=armv7-a -mtune=cortex-a8 -mthumb -D__thumb__  -DFT_CONFIG_OPTION_SYSTEM_ZLIB'
CPP='/home/retsu/android-ndk/toolchains/arm-linux-androideabi-4.6/prebuilt/linux-x86/bin/arm-linux-androideabi-gcc --sysroot=/home/retsu/android-ndk/platforms/android-9/arch-arm/ -E'
CPPFLAGS='-mfloat-abi=softfp -mfpu=neon -marm -march=armv7-a -mtune=cortex-a8 -mthumb -D__thumb__ '
DEFS='-DHAVE_CONFIG_H'
DLLTOOL='false'
DSYMUTIL=''
DUMPBIN=''
ECHO_C=''
ECHO_N='-n'
ECHO_T=''
EGREP='/bin/grep -E'
EXEEXT=''
EXEEXT_BUILD=''
FGREP='/bin/grep -F'
FT2_EXTRA_LIBS=''
FTSYS_SRC='$(BASE_DIR)/ftsystem.c'
GREP='/bin/grep'
INSTALL_DATA='${INSTALL} -m 644'
INSTALL_PROGRAM='${INSTALL}'
INSTALL_SCRIPT='${INSTALL}'
LD='/home/retsu/android-ndk/toolchains/arm-linux-androideabi-4.6/prebuilt/linux-x86/arm-linux-androideabi/bin/ld'
LDFLAGS='-Wl,-rpath-link=/home/retsu/android-ndk/platforms/android-9/arch-arm//usr/lib -L/home/retsu/android-ndk/platforms/android-9/arch-arm//usr/lib  -lc -lm -ldl -llog -march=armv7-a -lz'
LIBBZ2=''
LIBOBJS=''
LIBPNG=''
LIBS=''
LIBTOOL='$(SHELL) $(top_builddir)/libtool'
LIBZ='-lz'
LIPO=''
LN_S='ln -s'
LTLIBOBJS=''
MANIFEST_TOOL=':'
NM='/home/retsu/android-ndk/toolchains/arm-linux-androideabi-4.6/prebuilt/linux-x86/bin/arm-linux-androideabi-nm'
NMEDIT=''
OBJDUMP='objdump'
OBJEXT='o'
OTOOL64=''
OTOOL=''
PACKAGE_BUGREPORT='freetype@nongnu.org'
PACKAGE_NAME='FreeType'
PACKAGE_STRING='FreeType 2.5.2'
PACKAGE_TARNAME='freetype'
PACKAGE_URL=''
PACKAGE_VERSION='2.5.2'
PATH_SEPARATOR=':'
RANLIB='/home/retsu/android-ndk/toolchains/arm-linux-androideabi-4.6/prebuilt/linux-x86/bin/arm-linux-androideabi-ranlib'
RMDIR='rmdir'
SED='/bin/sed'
SHELL='/bin/bash'
STRIP='/home/retsu/android-ndk/toolchains/arm-linux-androideabi-4.6/prebuilt/linux-x86/bin/arm-linux-androideabi-strip'
SYSTEM_ZLIB='yes'
XX_ANSIFLAGS=' -pedantic -ansi'
XX_CFLAGS='-Wall'
ac_ct_AR=''
ac_ct_CC=''
ac_ct_DUMPBIN=''
bindir='${exec_prefix}/bin'
build='x86_64-unknown-linux-gnu'
build_alias=''
build_cpu='x86_64'
build_libtool_libs=''
build_os='linux-gnu'
build_vendor='unknown'
datadir='${datarootdir}'
datarootdir='${prefix}/share'
docdir='${datarootdir}/doc/${PACKAGE_TARNAME}'
dvidir='${docdir}'
exec_prefix='${prefix}'
ft_version='17.1.11'
ftmac_c=''
hardcode_libdir_flag_spec='${wl}-rpath ${wl}$libdir'
host='arm-unknown-linux-gnu'
host_alias='arm-linux'
host_cpu='arm'
host_os='linux-gnu'
host_vendor='unknown'
htmldir='${docdir}'
includedir='${prefix}/include'
infodir='${datarootdir}/info'
libdir='${exec_prefix}/lib'
libexecdir='${exec_prefix}/libexec'
localedir='${datarootdir}/locale'
localstatedir='${prefix}/var'
mandir='${datarootdir}/man'
oldincludedir='/usr/include'
pdfdir='${docdir}'
prefix='/home/retsu/FFmpeg-Android/jni/freetype2/../ffmpeg-build/armeavi-v7a-neon'
program_transform_name='s,x,x,'
psdir='${docdir}'
sbindir='${exec_prefix}/sbin'
sharedstatedir='${prefix}/com'
sysconfdir='${prefix}/etc'
target_alias=''
version_info='17:1:11'
wl='-Wl,'

## ----------- ##
## confdefs.h. ##
## ----------- ##

/* confdefs.h */
#define PACKAGE_NAME "FreeType"
#define PACKAGE_TARNAME "freetype"
#define PACKAGE_VERSION "2.5.2"
#define PACKAGE_STRING "FreeType 2.5.2"
#define PACKAGE_BUGREPORT "freetype@nongnu.org"
#define PACKAGE_URL ""
#define STDC_HEADERS 1
#define HAVE_SYS_TYPES_H 1
#define HAVE_SYS_STAT_H 1
#define HAVE_STDLIB_H 1
#define HAVE_STRING_H 1
#define HAVE_MEMORY_H 1
#define HAVE_STRINGS_H 1
#define HAVE_INTTYPES_H 1
#define HAVE_STDINT_H 1
#define HAVE_UNISTD_H 1
#define HAVE_FCNTL_H 1
#define HAVE_UNISTD_H 1
#define SIZEOF_INT 4
#define SIZEOF_LONG 4
#define HAVE_STDLIB_H 1
#define HAVE_UNISTD_H 1
#define HAVE_SYS_PARAM_H 1
#define HAVE_MEMCPY 1
#define HAVE_MEMMOVE 1
#define HAVE_DLFCN_H 1
#define LT_OBJDIR ".libs/"

configure: exit 0
