This file contains any messages produced by compilers while
running configure, to aid debugging if configure makes a mistake.

It was created by vo-amrwbenc configure 0.1.2, which was
generated by GNU Autoconf 2.69.  Invocation command line was

  $ ./configure --prefix=/home/retsu/FFmpeg-Android/jni/vo-amrwbenc/../ffmpeg-build/armeavi-v7a-neon --host=arm-linux --disable-dependency-tracking --disable-shared --enable-static --with-pic --enable-neon

## --------- ##
## Platform. ##
## --------- ##

hostname = Dell-XPS-15Z
uname -m = x86_64
uname -r = 3.8.0-19-generic
uname -s = Linux
uname -v = #30-Ubuntu SMP Wed May 1 16:35:23 UTC 2013

/usr/bin/uname -p = unknown
/bin/uname -X     = unknown

/bin/arch              = unknown
/usr/bin/arch -k       = unknown
/usr/convex/getsysinfo = unknown
/usr/bin/hostinfo      = unknown
/bin/machine           = unknown
/usr/bin/oslevel       = unknown
/bin/universe          = unknown

PATH: /usr/local/sbin
PATH: /usr/local/bin
PATH: /usr/sbin
PATH: /usr/bin
PATH: /sbin
PATH: /bin
PATH: /usr/games
PATH: /usr/local/games
PATH: .
PATH: /home/retsu/android-ndk/toolchains/x86-4.6/prebuilt/linux-x86/bin/
PATH: /home/retsu/android-ndk/toolchains/x86-4.6/prebuilt/linux-x86/bin/
PATH: /home/retsu/android-ndk/toolchains/x86-4.6/prebuilt/linux-x86/bin/
PATH: /home/retsu/android-ndk/toolchains/x86-4.6/prebuilt/linux-x86/bin/
PATH: /home/retsu/android-ndk/toolchains/x86-4.6/prebuilt/linux-x86/bin/
PATH: /home/retsu/android-ndk/toolchains/x86-4.6/prebuilt/linux-x86/bin/
PATH: /home/retsu/android-ndk/toolchains/x86-4.6/prebuilt/linux-x86/bin/
PATH: /home/retsu/android-ndk/toolchains/x86-4.6/prebuilt/linux-x86/bin/
PATH: /home/retsu/android-ndk/toolchains/mipsel-linux-android-4.6/prebuilt/linux-x86/bin/
PATH: /home/retsu/android-ndk/toolchains/mipsel-linux-android-4.6/prebuilt/linux-x86/bin/
PATH: /home/retsu/android-ndk/toolchains/mipsel-linux-android-4.6/prebuilt/linux-x86/bin/
PATH: /home/retsu/android-ndk/toolchains/mipsel-linux-android-4.6/prebuilt/linux-x86/bin/
PATH: /home/retsu/android-ndk/toolchains/mipsel-linux-android-4.6/prebuilt/linux-x86/bin/
PATH: /home/retsu/android-ndk/toolchains/mipsel-linux-android-4.6/prebuilt/linux-x86/bin/
PATH: /home/retsu/android-ndk/toolchains/mipsel-linux-android-4.6/prebuilt/linux-x86/bin/
PATH: /home/retsu/android-ndk/toolchains/mipsel-linux-android-4.6/prebuilt/linux-x86/bin/
PATH: /home/retsu/android-ndk/toolchains/arm-linux-androideabi-4.6/prebuilt/linux-x86/bin/
PATH: /home/retsu/android-ndk/toolchains/arm-linux-androideabi-4.6/prebuilt/linux-x86/bin/
PATH: /home/retsu/android-ndk/toolchains/arm-linux-androideabi-4.6/prebuilt/linux-x86/bin/
PATH: /home/retsu/android-ndk/toolchains/arm-linux-androideabi-4.6/prebuilt/linux-x86/bin/
PATH: /home/retsu/android-ndk/toolchains/arm-linux-androideabi-4.6/prebuilt/linux-x86/bin/
PATH: /home/retsu/android-ndk/toolchains/arm-linux-androideabi-4.6/prebuilt/linux-x86/bin/
PATH: /home/retsu/android-ndk/toolchains/arm-linux-androideabi-4.6/prebuilt/linux-x86/bin/
PATH: /home/retsu/android-ndk/toolchains/arm-linux-androideabi-4.6/prebuilt/linux-x86/bin/
PATH: /home/retsu/android-ndk/toolchains/arm-linux-androideabi-4.6/prebuilt/linux-x86/bin/
PATH: /home/retsu/android-ndk/toolchains/arm-linux-androideabi-4.6/prebuilt/linux-x86/bin/
PATH: /home/retsu/android-ndk/toolchains/arm-linux-androideabi-4.6/prebuilt/linux-x86/bin/
PATH: /home/retsu/android-ndk/toolchains/arm-linux-androideabi-4.6/prebuilt/linux-x86/bin/


## ----------- ##
## Core tests. ##
## ----------- ##

configure:2189: checking for a BSD-compatible install
configure:2257: result: /usr/bin/install -c
configure:2268: checking whether build environment is sane
configure:2323: result: yes
configure:2361: WARNING: 'missing' script is too old or missing
configure:2382: checking for arm-linux-strip
configure:2409: result: /home/retsu/android-ndk/toolchains/arm-linux-androideabi-4.6/prebuilt/linux-x86/bin/arm-linux-androideabi-strip
configure:2474: checking for a thread-safe mkdir -p
configure:2513: result: /bin/mkdir -p
configure:2520: checking for gawk
configure:2536: found /usr/bin/gawk
configure:2547: result: gawk
configure:2558: checking whether make sets $(MAKE)
configure:2580: result: yes
configure:2609: checking whether make supports nested variables
configure:2626: result: yes
configure:2715: checking whether UID '1000' is supported by ustar format
configure:2718: result: yes
configure:2725: checking whether GID '1000' is supported by ustar format
configure:2728: result: yes
configure:2736: checking how to create a ustar tar archive
configure:2747: tar --version
tar (GNU tar) 1.26
Copyright (C) 2011 Free Software Foundation, Inc.
License GPLv3+: GNU GPL version 3 or later <http://gnu.org/licenses/gpl.html>.
This is free software: you are free to change and redistribute it.
There is NO WARRANTY, to the extent permitted by law.

Written by John Gilmore and Jay Fenlason.
configure:2750: $? = 0
configure:2790: tardir=conftest.dir && eval tar --format=ustar -chf - "$tardir" >conftest.tar
configure:2793: $? = 0
configure:2797: tar -xf - <conftest.tar
configure:2800: $? = 0
configure:2802: cat conftest.dir/file
GrepMe
configure:2805: $? = 0
configure:2818: result: gnutar
configure:2878: checking whether make supports nested variables
configure:2895: result: yes
configure:2909: checking whether to enable maintainer-specific portions of Makefiles
configure:2918: result: no
configure:2937: checking build system type
configure:2951: result: x86_64-unknown-linux-gnu
configure:2971: checking host system type
configure:2984: result: arm-unknown-linux-gnu
configure:3067: checking for style of include used by make
configure:3095: result: GNU
configure:3126: checking for arm-linux-gcc
configure:3153: result: /home/retsu/android-ndk/toolchains/arm-linux-androideabi-4.6/prebuilt/linux-x86/bin/arm-linux-androideabi-gcc --sysroot=/home/retsu/android-ndk/platforms/android-9/arch-arm/
configure:3422: checking for C compiler version
configure:3431: /home/retsu/android-ndk/toolchains/arm-linux-androideabi-4.6/prebuilt/linux-x86/bin/arm-linux-androideabi-gcc --sysroot=/home/retsu/android-ndk/platforms/android-9/arch-arm/ --version >&5
arm-linux-androideabi-gcc (GCC) 4.6 20120106 (prerelease)
Copyright (C) 2011 Free Software Foundation, Inc.
This is free software; see the source for copying conditions.  There is NO
warranty; not even for MERCHANTABILITY or FITNESS FOR A PARTICULAR PURPOSE.

configure:3442: $? = 0
configure:3431: /home/retsu/android-ndk/toolchains/arm-linux-androideabi-4.6/prebuilt/linux-x86/bin/arm-linux-androideabi-gcc --sysroot=/home/retsu/android-ndk/platforms/android-9/arch-arm/ -v >&5
Using built-in specs.
COLLECT_GCC=/home/retsu/android-ndk/toolchains/arm-linux-androideabi-4.6/prebuilt/linux-x86/bin/arm-linux-androideabi-gcc
COLLECT_LTO_WRAPPER=/home/retsu/android-ndk/toolchains/arm-linux-androideabi-4.6/prebuilt/linux-x86/bin/../libexec/gcc/arm-linux-androideabi/4.6/lto-wrapper
Target: arm-linux-androideabi
Configured with: /usr/local/google/home/andrewhsieh/ndk-andrewhsieh/src/build/../gcc/gcc-4.6/configure --prefix=/tmp/ndk-andrewhsieh/build/toolchain/prefix --target=arm-linux-androideabi --host=x86_64-linux-gnu --build=x86_64-linux-gnu --with-gnu-as --with-gnu-ld --enable-languages=c,c++ --with-gmp=/tmp/ndk-andrewhsieh/build/toolchain/temp-install --with-mpfr=/tmp/ndk-andrewhsieh/build/toolchain/temp-install --with-mpc=/tmp/ndk-andrewhsieh/build/toolchain/temp-install --without-ppl --without-cloog --disable-libssp --enable-threads --disable-nls --disable-libmudflap --disable-libgomp --disable-libstdc__-v3 --disable-sjlj-exceptions --disable-shared --disable-tls --disable-libitm --with-float=soft --with-fpu=vfp --with-arch=armv5te --enable-target-optspace --enable-initfini-array --disable-nls --prefix=/tmp/ndk-andrewhsieh/build/toolchain/prefix --with-sysroot=/tmp/ndk-andrewhsieh/build/toolchain/prefix/sysroot --with-binutils-version=2.21 --with-mpfr-version=2.4.1 --with-mpc-version=0.8.1 --with-gmp-version=5.0.5 --with-gcc-version=4.6 --with-gdb-version=7.3.x --with-gxx-include-dir=/tmp/ndk-andrewhsieh/build/toolchain/prefix/include/c++/4.6 --disable-bootstrap --disable-libquadmath --disable-plugin --enable-gold --with-arch=armv5te --program-transform-name='s&^&arm-linux-androideabi-&' --enable-gold=default
Thread model: posix
gcc version 4.6 20120106 (prerelease) (GCC) 
configure:3442: $? = 0
configure:3431: /home/retsu/android-ndk/toolchains/arm-linux-androideabi-4.6/prebuilt/linux-x86/bin/arm-linux-androideabi-gcc --sysroot=/home/retsu/android-ndk/platforms/android-9/arch-arm/ -V >&5
arm-linux-androideabi-gcc: error: unrecognized option '-V'
arm-linux-androideabi-gcc: fatal error: no input files
compilation terminated.
configure:3442: $? = 1
configure:3431: /home/retsu/android-ndk/toolchains/arm-linux-androideabi-4.6/prebuilt/linux-x86/bin/arm-linux-androideabi-gcc --sysroot=/home/retsu/android-ndk/platforms/android-9/arch-arm/ -qversion >&5
arm-linux-androideabi-gcc: error: unrecognized option '-qversion'
arm-linux-androideabi-gcc: fatal error: no input files
compilation terminated.
configure:3442: $? = 1
configure:3462: checking whether the C compiler works
configure:3484: /home/retsu/android-ndk/toolchains/arm-linux-androideabi-4.6/prebuilt/linux-x86/bin/arm-linux-androideabi-gcc --sysroot=/home/retsu/android-ndk/platforms/android-9/arch-arm/ -mfloat-abi=softfp -mfpu=neon -marm -march=armv7-a -mtune=cortex-a8 -mthumb -D__thumb__  -mfloat-abi=softfp -mfpu=neon -marm -march=armv7-a -mtune=cortex-a8 -mthumb -D__thumb__  -Wl,-rpath-link=/home/retsu/android-ndk/platforms/android-9/arch-arm//usr/lib -L/home/retsu/android-ndk/platforms/android-9/arch-arm//usr/lib -nostdlib -lc -lm -ldl -llog conftest.c  >&5
configure:3488: $? = 0
configure:3536: result: yes
configure:3539: checking for C compiler default output file name
configure:3541: result: a.out
configure:3547: checking for suffix of executables
configure:3554: /home/retsu/android-ndk/toolchains/arm-linux-androideabi-4.6/prebuilt/linux-x86/bin/arm-linux-androideabi-gcc --sysroot=/home/retsu/android-ndk/platforms/android-9/arch-arm/ -o conftest -mfloat-abi=softfp -mfpu=neon -marm -march=armv7-a -mtune=cortex-a8 -mthumb -D__thumb__  -mfloat-abi=softfp -mfpu=neon -marm -march=armv7-a -mtune=cortex-a8 -mthumb -D__thumb__  -Wl,-rpath-link=/home/retsu/android-ndk/platforms/android-9/arch-arm//usr/lib -L/home/retsu/android-ndk/platforms/android-9/arch-arm//usr/lib -nostdlib -lc -lm -ldl -llog conftest.c  >&5
configure:3558: $? = 0
configure:3580: result: 
configure:3602: checking whether we are cross compiling
configure:3610: /home/retsu/android-ndk/toolchains/arm-linux-androideabi-4.6/prebuilt/linux-x86/bin/arm-linux-androideabi-gcc --sysroot=/home/retsu/android-ndk/platforms/android-9/arch-arm/ -o conftest -mfloat-abi=softfp -mfpu=neon -marm -march=armv7-a -mtune=cortex-a8 -mthumb -D__thumb__  -mfloat-abi=softfp -mfpu=neon -marm -march=armv7-a -mtune=cortex-a8 -mthumb -D__thumb__  -Wl,-rpath-link=/home/retsu/android-ndk/platforms/android-9/arch-arm//usr/lib -L/home/retsu/android-ndk/platforms/android-9/arch-arm//usr/lib -nostdlib -lc -lm -ldl -llog conftest.c  >&5
configure:3614: $? = 0
configure:3621: ./conftest
./configure: line 3623: ./conftest: cannot execute binary file
configure:3625: $? = 126
configure:3640: result: yes
configure:3645: checking for suffix of object files
configure:3667: /home/retsu/android-ndk/toolchains/arm-linux-androideabi-4.6/prebuilt/linux-x86/bin/arm-linux-androideabi-gcc --sysroot=/home/retsu/android-ndk/platforms/android-9/arch-arm/ -c -mfloat-abi=softfp -mfpu=neon -marm -march=armv7-a -mtune=cortex-a8 -mthumb -D__thumb__  -mfloat-abi=softfp -mfpu=neon -marm -march=armv7-a -mtune=cortex-a8 -mthumb -D__thumb__  conftest.c >&5
configure:3671: $? = 0
configure:3692: result: o
configure:3696: checking whether we are using the GNU C compiler
configure:3715: /home/retsu/android-ndk/toolchains/arm-linux-androideabi-4.6/prebuilt/linux-x86/bin/arm-linux-androideabi-gcc --sysroot=/home/retsu/android-ndk/platforms/android-9/arch-arm/ -c -mfloat-abi=softfp -mfpu=neon -marm -march=armv7-a -mtune=cortex-a8 -mthumb -D__thumb__  -mfloat-abi=softfp -mfpu=neon -marm -march=armv7-a -mtune=cortex-a8 -mthumb -D__thumb__  conftest.c >&5
configure:3715: $? = 0
configure:3724: result: yes
configure:3733: checking whether /home/retsu/android-ndk/toolchains/arm-linux-androideabi-4.6/prebuilt/linux-x86/bin/arm-linux-androideabi-gcc --sysroot=/home/retsu/android-ndk/platforms/android-9/arch-arm/ accepts -g
configure:3753: /home/retsu/android-ndk/toolchains/arm-linux-androideabi-4.6/prebuilt/linux-x86/bin/arm-linux-androideabi-gcc --sysroot=/home/retsu/android-ndk/platforms/android-9/arch-arm/ -c -g -mfloat-abi=softfp -mfpu=neon -marm -march=armv7-a -mtune=cortex-a8 -mthumb -D__thumb__  conftest.c >&5
configure:3753: $? = 0
configure:3794: result: yes
configure:3811: checking for /home/retsu/android-ndk/toolchains/arm-linux-androideabi-4.6/prebuilt/linux-x86/bin/arm-linux-androideabi-gcc --sysroot=/home/retsu/android-ndk/platforms/android-9/arch-arm/ option to accept ISO C89
configure:3874: /home/retsu/android-ndk/toolchains/arm-linux-androideabi-4.6/prebuilt/linux-x86/bin/arm-linux-androideabi-gcc --sysroot=/home/retsu/android-ndk/platforms/android-9/arch-arm/  -c -mfloat-abi=softfp -mfpu=neon -marm -march=armv7-a -mtune=cortex-a8 -mthumb -D__thumb__  -mfloat-abi=softfp -mfpu=neon -marm -march=armv7-a -mtune=cortex-a8 -mthumb -D__thumb__  conftest.c >&5
configure:3874: $? = 0
configure:3887: result: none needed
configure:3912: checking whether /home/retsu/android-ndk/toolchains/arm-linux-androideabi-4.6/prebuilt/linux-x86/bin/arm-linux-androideabi-gcc --sysroot=/home/retsu/android-ndk/platforms/android-9/arch-arm/ understands -c and -o together
configure:3934: /home/retsu/android-ndk/toolchains/arm-linux-androideabi-4.6/prebuilt/linux-x86/bin/arm-linux-androideabi-gcc --sysroot=/home/retsu/android-ndk/platforms/android-9/arch-arm/ -c conftest.c -o conftest2.o
configure:3937: $? = 0
configure:3934: /home/retsu/android-ndk/toolchains/arm-linux-androideabi-4.6/prebuilt/linux-x86/bin/arm-linux-androideabi-gcc --sysroot=/home/retsu/android-ndk/platforms/android-9/arch-arm/ -c conftest.c -o conftest2.o
configure:3937: $? = 0
configure:3949: result: yes
configure:3968: checking dependency style of /home/retsu/android-ndk/toolchains/arm-linux-androideabi-4.6/prebuilt/linux-x86/bin/arm-linux-androideabi-gcc --sysroot=/home/retsu/android-ndk/platforms/android-9/arch-arm/
configure:4079: result: none
configure:4103: checking dependency style of /home/retsu/android-ndk/toolchains/arm-linux-androideabi-4.6/prebuilt/linux-x86/bin/arm-linux-androideabi-gcc --sysroot=/home/retsu/android-ndk/platforms/android-9/arch-arm/
configure:4212: result: none
configure:4227: checking for /home/retsu/android-ndk/toolchains/arm-linux-androideabi-4.6/prebuilt/linux-x86/bin/arm-linux-androideabi-gcc --sysroot=/home/retsu/android-ndk/platforms/android-9/arch-arm/ option to accept ISO C99
configure:4376: /home/retsu/android-ndk/toolchains/arm-linux-androideabi-4.6/prebuilt/linux-x86/bin/arm-linux-androideabi-gcc --sysroot=/home/retsu/android-ndk/platforms/android-9/arch-arm/  -c -mfloat-abi=softfp -mfpu=neon -marm -march=armv7-a -mtune=cortex-a8 -mthumb -D__thumb__  -mfloat-abi=softfp -mfpu=neon -marm -march=armv7-a -mtune=cortex-a8 -mthumb -D__thumb__  conftest.c >&5
conftest.c:61:29: error: expected ';', ',' or ')' before 'text'
conftest.c: In function 'main':
conftest.c:115:18: error: expected '=', ',', ';', 'asm' or '__attribute__' before 'newvar'
conftest.c:115:18: error: 'newvar' undeclared (first use in this function)
conftest.c:115:18: note: each undeclared identifier is reported only once for each function it appears in
conftest.c:125:3: error: 'for' loop initial declarations are only allowed in C99 mode
conftest.c:125:3: note: use option -std=c99 or -std=gnu99 to compile your code
configure:4376: $? = 1
configure: failed program was:
| /* confdefs.h */
| #define PACKAGE_NAME "vo-amrwbenc"
| #define PACKAGE_TARNAME "vo-amrwbenc"
| #define PACKAGE_VERSION "0.1.2"
| #define PACKAGE_STRING "vo-amrwbenc 0.1.2"
| #define PACKAGE_BUGREPORT "http://sourceforge.net/projects/opencore-amr/"
| #define PACKAGE_URL ""
| #define PACKAGE "vo-amrwbenc"
| #define VERSION "0.1.2"
| /* end confdefs.h.  */
| #include <stdarg.h>
| #include <stdbool.h>
| #include <stdlib.h>
| #include <wchar.h>
| #include <stdio.h>
| 
| // Check varargs macros.  These examples are taken from C99 6.10.3.5.
| #define debug(...) fprintf (stderr, __VA_ARGS__)
| #define showlist(...) puts (#__VA_ARGS__)
| #define report(test,...) ((test) ? puts (#test) : printf (__VA_ARGS__))
| static void
| test_varargs_macros (void)
| {
|   int x = 1234;
|   int y = 5678;
|   debug ("Flag");
|   debug ("X = %d\n", x);
|   showlist (The first, second, and third items.);
|   report (x>y, "x is %d but y is %d", x, y);
| }
| 
| // Check long long types.
| #define BIG64 18446744073709551615ull
| #define BIG32 4294967295ul
| #define BIG_OK (BIG64 / BIG32 == 4294967297ull && BIG64 % BIG32 == 0)
| #if !BIG_OK
|   your preprocessor is broken;
| #endif
| #if BIG_OK
| #else
|   your preprocessor is broken;
| #endif
| static long long int bignum = -9223372036854775807LL;
| static unsigned long long int ubignum = BIG64;
| 
| struct incomplete_array
| {
|   int datasize;
|   double data[];
| };
| 
| struct named_init {
|   int number;
|   const wchar_t *name;
|   double average;
| };
| 
| typedef const char *ccp;
| 
| static inline int
| test_restrict (ccp restrict text)
| {
|   // See if C++-style comments work.
|   // Iterate through items via the restricted pointer.
|   // Also check for declarations in for loops.
|   for (unsigned int i = 0; *(text+i) != '\0'; ++i)
|     continue;
|   return 0;
| }
| 
| // Check varargs and va_copy.
| static void
| test_varargs (const char *format, ...)
| {
|   va_list args;
|   va_start (args, format);
|   va_list args_copy;
|   va_copy (args_copy, args);
| 
|   const char *str;
|   int number;
|   float fnumber;
| 
|   while (*format)
|     {
|       switch (*format++)
| 	{
| 	case 's': // string
| 	  str = va_arg (args_copy, const char *);
| 	  break;
| 	case 'd': // int
| 	  number = va_arg (args_copy, int);
| 	  break;
| 	case 'f': // float
| 	  fnumber = va_arg (args_copy, double);
| 	  break;
| 	default:
| 	  break;
| 	}
|     }
|   va_end (args_copy);
|   va_end (args);
| }
| 
| int
| main ()
| {
| 
|   // Check bool.
|   _Bool success = false;
| 
|   // Check restrict.
|   if (test_restrict ("String literal") == 0)
|     success = true;
|   char *restrict newvar = "Another string";
| 
|   // Check varargs.
|   test_varargs ("s, d' f .", "string", 65, 34.234);
|   test_varargs_macros ();
| 
|   // Check flexible array members.
|   struct incomplete_array *ia =
|     malloc (sizeof (struct incomplete_array) + (sizeof (double) * 10));
|   ia->datasize = 10;
|   for (int i = 0; i < ia->datasize; ++i)
|     ia->data[i] = i * 1.234;
| 
|   // Check named initializers.
|   struct named_init ni = {
|     .number = 34,
|     .name = L"Test wide string",
|     .average = 543.34343,
|   };
| 
|   ni.number = 58;
| 
|   int dynamic_array[ni.number];
|   dynamic_array[ni.number - 1] = 543;
| 
|   // work around unused variable warnings
|   return (!success || bignum == 0LL || ubignum == 0uLL || newvar[0] == 'x'
| 	  || dynamic_array[ni.number - 1] != 543);
| 
|   ;
|   return 0;
| }
configure:4376: /home/retsu/android-ndk/toolchains/arm-linux-androideabi-4.6/prebuilt/linux-x86/bin/arm-linux-androideabi-gcc --sysroot=/home/retsu/android-ndk/platforms/android-9/arch-arm/ -std=gnu99 -c -mfloat-abi=softfp -mfpu=neon -marm -march=armv7-a -mtune=cortex-a8 -mthumb -D__thumb__  -mfloat-abi=softfp -mfpu=neon -marm -march=armv7-a -mtune=cortex-a8 -mthumb -D__thumb__  conftest.c >&5
configure:4376: $? = 0
configure:4396: result: -std=gnu99
configure:4452: checking how to print strings
configure:4479: result: printf
configure:4500: checking for a sed that does not truncate output
configure:4564: result: /bin/sed
configure:4582: checking for grep that handles long lines and -e
configure:4640: result: /bin/grep
configure:4645: checking for egrep
configure:4707: result: /bin/grep -E
configure:4712: checking for fgrep
configure:4774: result: /bin/grep -F
configure:4809: checking for ld used by /home/retsu/android-ndk/toolchains/arm-linux-androideabi-4.6/prebuilt/linux-x86/bin/arm-linux-androideabi-gcc --sysroot=/home/retsu/android-ndk/platforms/android-9/arch-arm/ -std=gnu99
configure:4876: result: /home/retsu/android-ndk/toolchains/arm-linux-androideabi-4.6/prebuilt/linux-x86/arm-linux-androideabi/bin/ld
configure:4883: checking if the linker (/home/retsu/android-ndk/toolchains/arm-linux-androideabi-4.6/prebuilt/linux-x86/arm-linux-androideabi/bin/ld) is GNU ld
configure:4898: result: yes
configure:4910: checking for BSD- or MS-compatible name lister (nm)
configure:4959: result: /home/retsu/android-ndk/toolchains/arm-linux-androideabi-4.6/prebuilt/linux-x86/bin/arm-linux-androideabi-nm
configure:5089: checking the name lister (/home/retsu/android-ndk/toolchains/arm-linux-androideabi-4.6/prebuilt/linux-x86/bin/arm-linux-androideabi-nm) interface
configure:5096: /home/retsu/android-ndk/toolchains/arm-linux-androideabi-4.6/prebuilt/linux-x86/bin/arm-linux-androideabi-gcc --sysroot=/home/retsu/android-ndk/platforms/android-9/arch-arm/ -std=gnu99 -c -mfloat-abi=softfp -mfpu=neon -marm -march=armv7-a -mtune=cortex-a8 -mthumb -D__thumb__  -mfloat-abi=softfp -mfpu=neon -marm -march=armv7-a -mtune=cortex-a8 -mthumb -D__thumb__  conftest.c >&5
configure:5099: /home/retsu/android-ndk/toolchains/arm-linux-androideabi-4.6/prebuilt/linux-x86/bin/arm-linux-androideabi-nm "conftest.o"
configure:5102: output
00000000 B some_variable
configure:5109: result: BSD nm
configure:5112: checking whether ln -s works
configure:5116: result: yes
configure:5124: checking the maximum length of command line arguments
configure:5254: result: 1572864
configure:5271: checking whether the shell understands some XSI constructs
configure:5281: result: yes
configure:5285: checking whether the shell understands "+="
configure:5291: result: yes
configure:5326: checking how to convert x86_64-unknown-linux-gnu file names to arm-unknown-linux-gnu format
configure:5366: result: func_convert_file_noop
configure:5373: checking how to convert x86_64-unknown-linux-gnu file names to toolchain format
configure:5393: result: func_convert_file_noop
configure:5400: checking for /home/retsu/android-ndk/toolchains/arm-linux-androideabi-4.6/prebuilt/linux-x86/arm-linux-androideabi/bin/ld option to reload object files
configure:5407: result: -r
configure:5441: checking for arm-linux-objdump
configure:5471: result: no
configure:5481: checking for objdump
configure:5497: found /usr/bin/objdump
configure:5508: result: objdump
configure:5520: WARNING: using cross tools not prefixed with host triplet
configure:5540: checking how to recognize dependent libraries
configure:5742: result: pass_all
configure:5787: checking for arm-linux-dlltool
configure:5817: result: no
configure:5827: checking for dlltool
configure:5857: result: no
configure:5887: checking how to associate runtime and link libraries
configure:5914: result: printf %s\n
configure:5931: checking for arm-linux-ar
configure:5958: result: /home/retsu/android-ndk/toolchains/arm-linux-androideabi-4.6/prebuilt/linux-x86/bin/arm-linux-androideabi-ar
configure:6039: checking for archiver @FILE support
configure:6056: /home/retsu/android-ndk/toolchains/arm-linux-androideabi-4.6/prebuilt/linux-x86/bin/arm-linux-androideabi-gcc --sysroot=/home/retsu/android-ndk/platforms/android-9/arch-arm/ -std=gnu99 -c -mfloat-abi=softfp -mfpu=neon -marm -march=armv7-a -mtune=cortex-a8 -mthumb -D__thumb__  -mfloat-abi=softfp -mfpu=neon -marm -march=armv7-a -mtune=cortex-a8 -mthumb -D__thumb__  conftest.c >&5
configure:6056: $? = 0
configure:6059: /home/retsu/android-ndk/toolchains/arm-linux-androideabi-4.6/prebuilt/linux-x86/bin/arm-linux-androideabi-ar cru libconftest.a @conftest.lst >&5
configure:6062: $? = 0
configure:6067: /home/retsu/android-ndk/toolchains/arm-linux-androideabi-4.6/prebuilt/linux-x86/bin/arm-linux-androideabi-ar cru libconftest.a @conftest.lst >&5
/home/retsu/android-ndk/toolchains/arm-linux-androideabi-4.6/prebuilt/linux-x86/bin/arm-linux-androideabi-ar: conftest.o: No such file or directory
configure:6070: $? = 1
configure:6082: result: @
configure:6100: checking for arm-linux-strip
configure:6127: result: /home/retsu/android-ndk/toolchains/arm-linux-androideabi-4.6/prebuilt/linux-x86/bin/arm-linux-androideabi-strip
configure:6199: checking for arm-linux-ranlib
configure:6226: result: /home/retsu/android-ndk/toolchains/arm-linux-androideabi-4.6/prebuilt/linux-x86/bin/arm-linux-androideabi-ranlib
configure:6368: checking command to parse /home/retsu/android-ndk/toolchains/arm-linux-androideabi-4.6/prebuilt/linux-x86/bin/arm-linux-androideabi-nm output from /home/retsu/android-ndk/toolchains/arm-linux-androideabi-4.6/prebuilt/linux-x86/bin/arm-linux-androideabi-gcc --sysroot=/home/retsu/android-ndk/platforms/android-9/arch-arm/ -std=gnu99 object
configure:6488: /home/retsu/android-ndk/toolchains/arm-linux-androideabi-4.6/prebuilt/linux-x86/bin/arm-linux-androideabi-gcc --sysroot=/home/retsu/android-ndk/platforms/android-9/arch-arm/ -std=gnu99 -c -mfloat-abi=softfp -mfpu=neon -marm -march=armv7-a -mtune=cortex-a8 -mthumb -D__thumb__  -mfloat-abi=softfp -mfpu=neon -marm -march=armv7-a -mtune=cortex-a8 -mthumb -D__thumb__  conftest.c >&5
configure:6491: $? = 0
configure:6495: /home/retsu/android-ndk/toolchains/arm-linux-androideabi-4.6/prebuilt/linux-x86/bin/arm-linux-androideabi-nm conftest.o \| sed -n -e 's/^.*[ ]\([ABCDGIRSTW][ABCDGIRSTW]*\)[ ][ ]*\([_A-Za-z][_A-Za-z0-9]*\)$/\1 \2 \2/p' | sed '/ __gnu_lto/d' \> conftest.nm
configure:6498: $? = 0
configure:6564: /home/retsu/android-ndk/toolchains/arm-linux-androideabi-4.6/prebuilt/linux-x86/bin/arm-linux-androideabi-gcc --sysroot=/home/retsu/android-ndk/platforms/android-9/arch-arm/ -std=gnu99 -o conftest -mfloat-abi=softfp -mfpu=neon -marm -march=armv7-a -mtune=cortex-a8 -mthumb -D__thumb__  -mfloat-abi=softfp -mfpu=neon -marm -march=armv7-a -mtune=cortex-a8 -mthumb -D__thumb__  -Wl,-rpath-link=/home/retsu/android-ndk/platforms/android-9/arch-arm//usr/lib -L/home/retsu/android-ndk/platforms/android-9/arch-arm//usr/lib -nostdlib -lc -lm -ldl -llog conftest.c conftstm.o >&5
configure:6567: $? = 0
configure:6605: result: ok
configure:6642: checking for sysroot
configure:6672: result: no
configure:6888: checking for arm-linux-mt
configure:6918: result: no
configure:6928: checking for mt
configure:6944: found /bin/mt
configure:6955: result: mt
configure:6978: checking if mt is a manifest tool
configure:6984: mt '-?'
configure:6992: result: no
configure:7634: checking how to run the C preprocessor
configure:7665: /home/retsu/android-ndk/toolchains/arm-linux-androideabi-4.6/prebuilt/linux-x86/bin/arm-linux-androideabi-gcc --sysroot=/home/retsu/android-ndk/platforms/android-9/arch-arm/ -std=gnu99 -E -mfloat-abi=softfp -mfpu=neon -marm -march=armv7-a -mtune=cortex-a8 -mthumb -D__thumb__  conftest.c
configure:7665: $? = 0
configure:7679: /home/retsu/android-ndk/toolchains/arm-linux-androideabi-4.6/prebuilt/linux-x86/bin/arm-linux-androideabi-gcc --sysroot=/home/retsu/android-ndk/platforms/android-9/arch-arm/ -std=gnu99 -E -mfloat-abi=softfp -mfpu=neon -marm -march=armv7-a -mtune=cortex-a8 -mthumb -D__thumb__  conftest.c
conftest.c:11:28: fatal error: ac_nonexistent.h: No such file or directory
compilation terminated.
configure:7679: $? = 1
configure: failed program was:
| /* confdefs.h */
| #define PACKAGE_NAME "vo-amrwbenc"
| #define PACKAGE_TARNAME "vo-amrwbenc"
| #define PACKAGE_VERSION "0.1.2"
| #define PACKAGE_STRING "vo-amrwbenc 0.1.2"
| #define PACKAGE_BUGREPORT "http://sourceforge.net/projects/opencore-amr/"
| #define PACKAGE_URL ""
| #define PACKAGE "vo-amrwbenc"
| #define VERSION "0.1.2"
| /* end confdefs.h.  */
| #include <ac_nonexistent.h>
configure:7704: result: /home/retsu/android-ndk/toolchains/arm-linux-androideabi-4.6/prebuilt/linux-x86/bin/arm-linux-androideabi-gcc --sysroot=/home/retsu/android-ndk/platforms/android-9/arch-arm/ -std=gnu99 -E
configure:7724: /home/retsu/android-ndk/toolchains/arm-linux-androideabi-4.6/prebuilt/linux-x86/bin/arm-linux-androideabi-gcc --sysroot=/home/retsu/android-ndk/platforms/android-9/arch-arm/ -std=gnu99 -E -mfloat-abi=softfp -mfpu=neon -marm -march=armv7-a -mtune=cortex-a8 -mthumb -D__thumb__  conftest.c
configure:7724: $? = 0
configure:7738: /home/retsu/android-ndk/toolchains/arm-linux-androideabi-4.6/prebuilt/linux-x86/bin/arm-linux-androideabi-gcc --sysroot=/home/retsu/android-ndk/platforms/android-9/arch-arm/ -std=gnu99 -E -mfloat-abi=softfp -mfpu=neon -marm -march=armv7-a -mtune=cortex-a8 -mthumb -D__thumb__  conftest.c
conftest.c:11:28: fatal error: ac_nonexistent.h: No such file or directory
compilation terminated.
configure:7738: $? = 1
configure: failed program was:
| /* confdefs.h */
| #define PACKAGE_NAME "vo-amrwbenc"
| #define PACKAGE_TARNAME "vo-amrwbenc"
| #define PACKAGE_VERSION "0.1.2"
| #define PACKAGE_STRING "vo-amrwbenc 0.1.2"
| #define PACKAGE_BUGREPORT "http://sourceforge.net/projects/opencore-amr/"
| #define PACKAGE_URL ""
| #define PACKAGE "vo-amrwbenc"
| #define VERSION "0.1.2"
| /* end confdefs.h.  */
| #include <ac_nonexistent.h>
configure:7767: checking for ANSI C header files
configure:7787: /home/retsu/android-ndk/toolchains/arm-linux-androideabi-4.6/prebuilt/linux-x86/bin/arm-linux-androideabi-gcc --sysroot=/home/retsu/android-ndk/platforms/android-9/arch-arm/ -std=gnu99 -c -mfloat-abi=softfp -mfpu=neon -marm -march=armv7-a -mtune=cortex-a8 -mthumb -D__thumb__  -mfloat-abi=softfp -mfpu=neon -marm -march=armv7-a -mtune=cortex-a8 -mthumb -D__thumb__  conftest.c >&5
configure:7787: $? = 0
configure:7871: result: yes
configure:7884: checking for sys/types.h
configure:7884: /home/retsu/android-ndk/toolchains/arm-linux-androideabi-4.6/prebuilt/linux-x86/bin/arm-linux-androideabi-gcc --sysroot=/home/retsu/android-ndk/platforms/android-9/arch-arm/ -std=gnu99 -c -mfloat-abi=softfp -mfpu=neon -marm -march=armv7-a -mtune=cortex-a8 -mthumb -D__thumb__  -mfloat-abi=softfp -mfpu=neon -marm -march=armv7-a -mtune=cortex-a8 -mthumb -D__thumb__  conftest.c >&5
configure:7884: $? = 0
configure:7884: result: yes
configure:7884: checking for sys/stat.h
configure:7884: /home/retsu/android-ndk/toolchains/arm-linux-androideabi-4.6/prebuilt/linux-x86/bin/arm-linux-androideabi-gcc --sysroot=/home/retsu/android-ndk/platforms/android-9/arch-arm/ -std=gnu99 -c -mfloat-abi=softfp -mfpu=neon -marm -march=armv7-a -mtune=cortex-a8 -mthumb -D__thumb__  -mfloat-abi=softfp -mfpu=neon -marm -march=armv7-a -mtune=cortex-a8 -mthumb -D__thumb__  conftest.c >&5
configure:7884: $? = 0
configure:7884: result: yes
configure:7884: checking for stdlib.h
configure:7884: /home/retsu/android-ndk/toolchains/arm-linux-androideabi-4.6/prebuilt/linux-x86/bin/arm-linux-androideabi-gcc --sysroot=/home/retsu/android-ndk/platforms/android-9/arch-arm/ -std=gnu99 -c -mfloat-abi=softfp -mfpu=neon -marm -march=armv7-a -mtune=cortex-a8 -mthumb -D__thumb__  -mfloat-abi=softfp -mfpu=neon -marm -march=armv7-a -mtune=cortex-a8 -mthumb -D__thumb__  conftest.c >&5
configure:7884: $? = 0
configure:7884: result: yes
configure:7884: checking for string.h
configure:7884: /home/retsu/android-ndk/toolchains/arm-linux-androideabi-4.6/prebuilt/linux-x86/bin/arm-linux-androideabi-gcc --sysroot=/home/retsu/android-ndk/platforms/android-9/arch-arm/ -std=gnu99 -c -mfloat-abi=softfp -mfpu=neon -marm -march=armv7-a -mtune=cortex-a8 -mthumb -D__thumb__  -mfloat-abi=softfp -mfpu=neon -marm -march=armv7-a -mtune=cortex-a8 -mthumb -D__thumb__  conftest.c >&5
configure:7884: $? = 0
configure:7884: result: yes
configure:7884: checking for memory.h
configure:7884: /home/retsu/android-ndk/toolchains/arm-linux-androideabi-4.6/prebuilt/linux-x86/bin/arm-linux-androideabi-gcc --sysroot=/home/retsu/android-ndk/platforms/android-9/arch-arm/ -std=gnu99 -c -mfloat-abi=softfp -mfpu=neon -marm -march=armv7-a -mtune=cortex-a8 -mthumb -D__thumb__  -mfloat-abi=softfp -mfpu=neon -marm -march=armv7-a -mtune=cortex-a8 -mthumb -D__thumb__  conftest.c >&5
configure:7884: $? = 0
configure:7884: result: yes
configure:7884: checking for strings.h
configure:7884: /home/retsu/android-ndk/toolchains/arm-linux-androideabi-4.6/prebuilt/linux-x86/bin/arm-linux-androideabi-gcc --sysroot=/home/retsu/android-ndk/platforms/android-9/arch-arm/ -std=gnu99 -c -mfloat-abi=softfp -mfpu=neon -marm -march=armv7-a -mtune=cortex-a8 -mthumb -D__thumb__  -mfloat-abi=softfp -mfpu=neon -marm -march=armv7-a -mtune=cortex-a8 -mthumb -D__thumb__  conftest.c >&5
configure:7884: $? = 0
configure:7884: result: yes
configure:7884: checking for inttypes.h
configure:7884: /home/retsu/android-ndk/toolchains/arm-linux-androideabi-4.6/prebuilt/linux-x86/bin/arm-linux-androideabi-gcc --sysroot=/home/retsu/android-ndk/platforms/android-9/arch-arm/ -std=gnu99 -c -mfloat-abi=softfp -mfpu=neon -marm -march=armv7-a -mtune=cortex-a8 -mthumb -D__thumb__  -mfloat-abi=softfp -mfpu=neon -marm -march=armv7-a -mtune=cortex-a8 -mthumb -D__thumb__  conftest.c >&5
configure:7884: $? = 0
configure:7884: result: yes
configure:7884: checking for stdint.h
configure:7884: /home/retsu/android-ndk/toolchains/arm-linux-androideabi-4.6/prebuilt/linux-x86/bin/arm-linux-androideabi-gcc --sysroot=/home/retsu/android-ndk/platforms/android-9/arch-arm/ -std=gnu99 -c -mfloat-abi=softfp -mfpu=neon -marm -march=armv7-a -mtune=cortex-a8 -mthumb -D__thumb__  -mfloat-abi=softfp -mfpu=neon -marm -march=armv7-a -mtune=cortex-a8 -mthumb -D__thumb__  conftest.c >&5
configure:7884: $? = 0
configure:7884: result: yes
configure:7884: checking for unistd.h
configure:7884: /home/retsu/android-ndk/toolchains/arm-linux-androideabi-4.6/prebuilt/linux-x86/bin/arm-linux-androideabi-gcc --sysroot=/home/retsu/android-ndk/platforms/android-9/arch-arm/ -std=gnu99 -c -mfloat-abi=softfp -mfpu=neon -marm -march=armv7-a -mtune=cortex-a8 -mthumb -D__thumb__  -mfloat-abi=softfp -mfpu=neon -marm -march=armv7-a -mtune=cortex-a8 -mthumb -D__thumb__  conftest.c >&5
configure:7884: $? = 0
configure:7884: result: yes
configure:7898: checking for dlfcn.h
configure:7898: /home/retsu/android-ndk/toolchains/arm-linux-androideabi-4.6/prebuilt/linux-x86/bin/arm-linux-androideabi-gcc --sysroot=/home/retsu/android-ndk/platforms/android-9/arch-arm/ -std=gnu99 -c -mfloat-abi=softfp -mfpu=neon -marm -march=armv7-a -mtune=cortex-a8 -mthumb -D__thumb__  -mfloat-abi=softfp -mfpu=neon -marm -march=armv7-a -mtune=cortex-a8 -mthumb -D__thumb__  conftest.c >&5
configure:7898: $? = 0
configure:7898: result: yes
configure:8104: checking for objdir
configure:8119: result: .libs
configure:8390: checking if /home/retsu/android-ndk/toolchains/arm-linux-androideabi-4.6/prebuilt/linux-x86/bin/arm-linux-androideabi-gcc --sysroot=/home/retsu/android-ndk/platforms/android-9/arch-arm/ -std=gnu99 supports -fno-rtti -fno-exceptions
configure:8408: /home/retsu/android-ndk/toolchains/arm-linux-androideabi-4.6/prebuilt/linux-x86/bin/arm-linux-androideabi-gcc --sysroot=/home/retsu/android-ndk/platforms/android-9/arch-arm/ -std=gnu99 -c -mfloat-abi=softfp -mfpu=neon -marm -march=armv7-a -mtune=cortex-a8 -mthumb -D__thumb__  -mfloat-abi=softfp -mfpu=neon -marm -march=armv7-a -mtune=cortex-a8 -mthumb -D__thumb__  -fno-rtti -fno-exceptions conftest.c >&5
cc1: warning: command line option '-fno-rtti' is valid for C++/ObjC++ but not for C [enabled by default]
configure:8412: $? = 0
configure:8425: result: no
configure:8752: checking for /home/retsu/android-ndk/toolchains/arm-linux-androideabi-4.6/prebuilt/linux-x86/bin/arm-linux-androideabi-gcc --sysroot=/home/retsu/android-ndk/platforms/android-9/arch-arm/ -std=gnu99 option to produce PIC
configure:8759: result: -fPIC -DPIC
configure:8767: checking if /home/retsu/android-ndk/toolchains/arm-linux-androideabi-4.6/prebuilt/linux-x86/bin/arm-linux-androideabi-gcc --sysroot=/home/retsu/android-ndk/platforms/android-9/arch-arm/ -std=gnu99 PIC flag -fPIC -DPIC works
configure:8785: /home/retsu/android-ndk/toolchains/arm-linux-androideabi-4.6/prebuilt/linux-x86/bin/arm-linux-androideabi-gcc --sysroot=/home/retsu/android-ndk/platforms/android-9/arch-arm/ -std=gnu99 -c -mfloat-abi=softfp -mfpu=neon -marm -march=armv7-a -mtune=cortex-a8 -mthumb -D__thumb__  -mfloat-abi=softfp -mfpu=neon -marm -march=armv7-a -mtune=cortex-a8 -mthumb -D__thumb__  -fPIC -DPIC -DPIC conftest.c >&5
configure:8789: $? = 0
configure:8802: result: yes
configure:8831: checking if /home/retsu/android-ndk/toolchains/arm-linux-androideabi-4.6/prebuilt/linux-x86/bin/arm-linux-androideabi-gcc --sysroot=/home/retsu/android-ndk/platforms/android-9/arch-arm/ -std=gnu99 static flag -static works
configure:8859: result: no
configure:8874: checking if /home/retsu/android-ndk/toolchains/arm-linux-androideabi-4.6/prebuilt/linux-x86/bin/arm-linux-androideabi-gcc --sysroot=/home/retsu/android-ndk/platforms/android-9/arch-arm/ -std=gnu99 supports -c -o file.o
configure:8895: /home/retsu/android-ndk/toolchains/arm-linux-androideabi-4.6/prebuilt/linux-x86/bin/arm-linux-androideabi-gcc --sysroot=/home/retsu/android-ndk/platforms/android-9/arch-arm/ -std=gnu99 -c -mfloat-abi=softfp -mfpu=neon -marm -march=armv7-a -mtune=cortex-a8 -mthumb -D__thumb__  -mfloat-abi=softfp -mfpu=neon -marm -march=armv7-a -mtune=cortex-a8 -mthumb -D__thumb__  -o out/conftest2.o conftest.c >&5
configure:8899: $? = 0
configure:8921: result: yes
configure:8929: checking if /home/retsu/android-ndk/toolchains/arm-linux-androideabi-4.6/prebuilt/linux-x86/bin/arm-linux-androideabi-gcc --sysroot=/home/retsu/android-ndk/platforms/android-9/arch-arm/ -std=gnu99 supports -c -o file.o
configure:8976: result: yes
configure:9009: checking whether the /home/retsu/android-ndk/toolchains/arm-linux-androideabi-4.6/prebuilt/linux-x86/bin/arm-linux-androideabi-gcc --sysroot=/home/retsu/android-ndk/platforms/android-9/arch-arm/ -std=gnu99 linker (/home/retsu/android-ndk/toolchains/arm-linux-androideabi-4.6/prebuilt/linux-x86/arm-linux-androideabi/bin/ld) supports shared libraries
configure:10166: result: yes
configure:10406: checking dynamic linker characteristics
configure:10917: /home/retsu/android-ndk/toolchains/arm-linux-androideabi-4.6/prebuilt/linux-x86/bin/arm-linux-androideabi-gcc --sysroot=/home/retsu/android-ndk/platforms/android-9/arch-arm/ -std=gnu99 -o conftest -mfloat-abi=softfp -mfpu=neon -marm -march=armv7-a -mtune=cortex-a8 -mthumb -D__thumb__  -mfloat-abi=softfp -mfpu=neon -marm -march=armv7-a -mtune=cortex-a8 -mthumb -D__thumb__  -Wl,-rpath-link=/home/retsu/android-ndk/platforms/android-9/arch-arm//usr/lib -L/home/retsu/android-ndk/platforms/android-9/arch-arm//usr/lib -nostdlib -lc -lm -ldl -llog -Wl,-rpath -Wl,/foo conftest.c  >&5
configure:10917: $? = 0
configure:11151: result: GNU/Linux ld.so
configure:11258: checking how to hardcode library paths into programs
configure:11283: result: immediate
configure:11823: checking whether stripping libraries is possible
configure:11828: result: yes
configure:11863: checking if libtool supports shared libraries
configure:11865: result: yes
configure:11868: checking whether to build shared libraries
configure:11889: result: no
configure:11892: checking whether to build static libraries
configure:11896: result: yes
configure:12052: checking that generated files are newer than configure
configure:12058: result: done
configure:12101: creating ./config.status

## ---------------------- ##
## Running config.status. ##
## ---------------------- ##

This file was extended by vo-amrwbenc config.status 0.1.2, which was
generated by GNU Autoconf 2.69.  Invocation command line was

  CONFIG_FILES    = 
  CONFIG_HEADERS  = 
  CONFIG_LINKS    = 
  CONFIG_COMMANDS = 
  $ ./config.status 

on Dell-XPS-15Z

config.status:1101: creating Makefile
config.status:1101: creating vo-amrwbenc.pc
config.status:1101: creating config.h
config.status:1282: config.h is unchanged
config.status:1330: executing depfiles commands
config.status:1330: executing libtool commands
configure:14322: WARNING: unrecognized options: --enable-neon

## ---------------- ##
## Cache variables. ##
## ---------------- ##

ac_cv_build=x86_64-unknown-linux-gnu
ac_cv_c_compiler_gnu=yes
ac_cv_env_CCASFLAGS_set=
ac_cv_env_CCASFLAGS_value=
ac_cv_env_CCAS_set=
ac_cv_env_CCAS_value=
ac_cv_env_CC_set=set
ac_cv_env_CC_value='/home/retsu/android-ndk/toolchains/arm-linux-androideabi-4.6/prebuilt/linux-x86/bin/arm-linux-androideabi-gcc --sysroot=/home/retsu/android-ndk/platforms/android-9/arch-arm/'
ac_cv_env_CFLAGS_set=set
ac_cv_env_CFLAGS_value='-mfloat-abi=softfp -mfpu=neon -marm -march=armv7-a -mtune=cortex-a8 -mthumb -D__thumb__ '
ac_cv_env_CPPFLAGS_set=set
ac_cv_env_CPPFLAGS_value='-mfloat-abi=softfp -mfpu=neon -marm -march=armv7-a -mtune=cortex-a8 -mthumb -D__thumb__ '
ac_cv_env_CPP_set=
ac_cv_env_CPP_value=
ac_cv_env_LDFLAGS_set=set
ac_cv_env_LDFLAGS_value='-Wl,-rpath-link=/home/retsu/android-ndk/platforms/android-9/arch-arm//usr/lib -L/home/retsu/android-ndk/platforms/android-9/arch-arm//usr/lib -nostdlib -lc -lm -ldl -llog'
ac_cv_env_LIBS_set=
ac_cv_env_LIBS_value=
ac_cv_env_build_alias_set=
ac_cv_env_build_alias_value=
ac_cv_env_host_alias_set=set
ac_cv_env_host_alias_value=arm-linux
ac_cv_env_target_alias_set=
ac_cv_env_target_alias_value=
ac_cv_header_dlfcn_h=yes
ac_cv_header_inttypes_h=yes
ac_cv_header_memory_h=yes
ac_cv_header_stdc=yes
ac_cv_header_stdint_h=yes
ac_cv_header_stdlib_h=yes
ac_cv_header_string_h=yes
ac_cv_header_strings_h=yes
ac_cv_header_sys_stat_h=yes
ac_cv_header_sys_types_h=yes
ac_cv_header_unistd_h=yes
ac_cv_host=arm-unknown-linux-gnu
ac_cv_objext=o
ac_cv_path_EGREP='/bin/grep -E'
ac_cv_path_FGREP='/bin/grep -F'
ac_cv_path_GREP=/bin/grep
ac_cv_path_SED=/bin/sed
ac_cv_path_install='/usr/bin/install -c'
ac_cv_path_mkdir=/bin/mkdir
ac_cv_prog_AR=/home/retsu/android-ndk/toolchains/arm-linux-androideabi-4.6/prebuilt/linux-x86/bin/arm-linux-androideabi-ar
ac_cv_prog_AWK=gawk
ac_cv_prog_CC='/home/retsu/android-ndk/toolchains/arm-linux-androideabi-4.6/prebuilt/linux-x86/bin/arm-linux-androideabi-gcc --sysroot=/home/retsu/android-ndk/platforms/android-9/arch-arm/'
ac_cv_prog_CPP='/home/retsu/android-ndk/toolchains/arm-linux-androideabi-4.6/prebuilt/linux-x86/bin/arm-linux-androideabi-gcc --sysroot=/home/retsu/android-ndk/platforms/android-9/arch-arm/ -std=gnu99 -E'
ac_cv_prog_RANLIB=/home/retsu/android-ndk/toolchains/arm-linux-androideabi-4.6/prebuilt/linux-x86/bin/arm-linux-androideabi-ranlib
ac_cv_prog_STRIP=/home/retsu/android-ndk/toolchains/arm-linux-androideabi-4.6/prebuilt/linux-x86/bin/arm-linux-androideabi-strip
ac_cv_prog_ac_ct_MANIFEST_TOOL=mt
ac_cv_prog_ac_ct_OBJDUMP=objdump
ac_cv_prog_cc_c89=
ac_cv_prog_cc_c99=-std=gnu99
ac_cv_prog_cc_g=yes
ac_cv_prog_make_make_set=yes
am_cv_CCAS_dependencies_compiler_type=none
am_cv_CC_dependencies_compiler_type=none
am_cv_make_support_nested_variables=yes
am_cv_prog_cc_c_o=yes
am_cv_prog_tar_ustar=gnutar
lt_cv_ar_at_file=@
lt_cv_deplibs_check_method=pass_all
lt_cv_file_magic_cmd='$MAGIC_CMD'
lt_cv_file_magic_test_file=
lt_cv_ld_reload_flag=-r
lt_cv_nm_interface='BSD nm'
lt_cv_objdir=.libs
lt_cv_path_LD=/home/retsu/android-ndk/toolchains/arm-linux-androideabi-4.6/prebuilt/linux-x86/arm-linux-androideabi/bin/ld
lt_cv_path_NM=/home/retsu/android-ndk/toolchains/arm-linux-androideabi-4.6/prebuilt/linux-x86/bin/arm-linux-androideabi-nm
lt_cv_path_mainfest_tool=no
lt_cv_prog_compiler_c_o=yes
lt_cv_prog_compiler_pic='-fPIC -DPIC'
lt_cv_prog_compiler_pic_works=yes
lt_cv_prog_compiler_rtti_exceptions=no
lt_cv_prog_compiler_static_works=no
lt_cv_prog_gnu_ld=yes
lt_cv_sharedlib_from_linklib_cmd='printf %s\n'
lt_cv_shlibpath_overrides_runpath=no
lt_cv_sys_global_symbol_pipe='sed -n -e '\''s/^.*[	 ]\([ABCDGIRSTW][ABCDGIRSTW]*\)[	 ][	 ]*\([_A-Za-z][_A-Za-z0-9]*\)$/\1 \2 \2/p'\'' | sed '\''/ __gnu_lto/d'\'''
lt_cv_sys_global_symbol_to_c_name_address='sed -n -e '\''s/^: \([^ ]*\)[ ]*$/  {\"\1\", (void *) 0},/p'\'' -e '\''s/^[ABCDGIRSTW]* \([^ ]*\) \([^ ]*\)$/  {"\2", (void *) \&\2},/p'\'''
lt_cv_sys_global_symbol_to_c_name_address_lib_prefix='sed -n -e '\''s/^: \([^ ]*\)[ ]*$/  {\"\1\", (void *) 0},/p'\'' -e '\''s/^[ABCDGIRSTW]* \([^ ]*\) \(lib[^ ]*\)$/  {"\2", (void *) \&\2},/p'\'' -e '\''s/^[ABCDGIRSTW]* \([^ ]*\) \([^ ]*\)$/  {"lib\2", (void *) \&\2},/p'\'''
lt_cv_sys_global_symbol_to_cdecl='sed -n -e '\''s/^T .* \(.*\)$/extern int \1();/p'\'' -e '\''s/^[ABCDGIRSTW]* .* \(.*\)$/extern char \1;/p'\'''
lt_cv_sys_max_cmd_len=1572864
lt_cv_to_host_file_cmd=func_convert_file_noop
lt_cv_to_tool_file_cmd=func_convert_file_noop

## ----------------- ##
## Output variables. ##
## ----------------- ##

ACLOCAL='aclocal-1.14'
AMDEPBACKSLASH=''
AMDEP_FALSE=''
AMDEP_TRUE='#'
AMTAR='$${TAR-tar}'
AM_BACKSLASH='\'
AM_DEFAULT_V='$(AM_DEFAULT_VERBOSITY)'
AM_DEFAULT_VERBOSITY='0'
AM_V='$(V)'
AR='/home/retsu/android-ndk/toolchains/arm-linux-androideabi-4.6/prebuilt/linux-x86/bin/arm-linux-androideabi-ar'
ARMV5E_FALSE=''
ARMV5E_TRUE='#'
ARMV7NEON_FALSE=''
ARMV7NEON_TRUE='#'
AUTOCONF='autoconf'
AUTOHEADER='autoheader'
AUTOMAKE='automake-1.14'
AWK='gawk'
CC='/home/retsu/android-ndk/toolchains/arm-linux-androideabi-4.6/prebuilt/linux-x86/bin/arm-linux-androideabi-gcc --sysroot=/home/retsu/android-ndk/platforms/android-9/arch-arm/ -std=gnu99'
CCAS='/home/retsu/android-ndk/toolchains/arm-linux-androideabi-4.6/prebuilt/linux-x86/bin/arm-linux-androideabi-gcc --sysroot=/home/retsu/android-ndk/platforms/android-9/arch-arm/'
CCASDEPMODE='depmode=none'
CCASFLAGS='-mfloat-abi=softfp -mfpu=neon -marm -march=armv7-a -mtune=cortex-a8 -mthumb -D__thumb__ '
CCDEPMODE='depmode=none'
CFLAGS='-mfloat-abi=softfp -mfpu=neon -marm -march=armv7-a -mtune=cortex-a8 -mthumb -D__thumb__ '
CPP='/home/retsu/android-ndk/toolchains/arm-linux-androideabi-4.6/prebuilt/linux-x86/bin/arm-linux-androideabi-gcc --sysroot=/home/retsu/android-ndk/platforms/android-9/arch-arm/ -std=gnu99 -E'
CPPFLAGS='-mfloat-abi=softfp -mfpu=neon -marm -march=armv7-a -mtune=cortex-a8 -mthumb -D__thumb__ '
CYGPATH_W='echo'
DEFS='-DHAVE_CONFIG_H'
DEPDIR='.deps'
DLLTOOL='false'
DSYMUTIL=''
DUMPBIN=''
ECHO_C=''
ECHO_N='-n'
ECHO_T=''
EGREP='/bin/grep -E'
EXAMPLE_FALSE=''
EXAMPLE_TRUE='#'
EXEEXT=''
FGREP='/bin/grep -F'
GREP='/bin/grep'
INSTALL_DATA='${INSTALL} -m 644'
INSTALL_PROGRAM='${INSTALL}'
INSTALL_SCRIPT='${INSTALL}'
INSTALL_STRIP_PROGRAM='$(install_sh) -c -s'
LD='/home/retsu/android-ndk/toolchains/arm-linux-androideabi-4.6/prebuilt/linux-x86/arm-linux-androideabi/bin/ld'
LDFLAGS='-Wl,-rpath-link=/home/retsu/android-ndk/platforms/android-9/arch-arm//usr/lib -L/home/retsu/android-ndk/platforms/android-9/arch-arm//usr/lib -nostdlib -lc -lm -ldl -llog'
LIBOBJS=''
LIBS=''
LIBTOOL='$(SHELL) $(top_builddir)/libtool'
LIBTOOL_DEPS='./ltmain.sh'
LIPO=''
LN_S='ln -s'
LTLIBOBJS=''
MAINT='#'
MAINTAINER_MODE_FALSE=''
MAINTAINER_MODE_TRUE='#'
MAKEINFO='makeinfo'
MANIFEST_TOOL=':'
MKDIR_P='/bin/mkdir -p'
NM='/home/retsu/android-ndk/toolchains/arm-linux-androideabi-4.6/prebuilt/linux-x86/bin/arm-linux-androideabi-nm'
NMEDIT=''
OBJDUMP='objdump'
OBJEXT='o'
OTOOL64=''
OTOOL=''
PACKAGE='vo-amrwbenc'
PACKAGE_BUGREPORT='http://sourceforge.net/projects/opencore-amr/'
PACKAGE_NAME='vo-amrwbenc'
PACKAGE_STRING='vo-amrwbenc 0.1.2'
PACKAGE_TARNAME='vo-amrwbenc'
PACKAGE_URL=''
PACKAGE_VERSION='0.1.2'
PATH_SEPARATOR=':'
RANLIB='/home/retsu/android-ndk/toolchains/arm-linux-androideabi-4.6/prebuilt/linux-x86/bin/arm-linux-androideabi-ranlib'
SED='/bin/sed'
SET_MAKE=''
SHELL='/bin/bash'
STRIP='/home/retsu/android-ndk/toolchains/arm-linux-androideabi-4.6/prebuilt/linux-x86/bin/arm-linux-androideabi-strip'
VERSION='0.1.2'
VO_AMRWBENC_VERSION='0:3:0'
ac_ct_AR=''
ac_ct_CC=''
ac_ct_DUMPBIN=''
am__EXEEXT_FALSE=''
am__EXEEXT_TRUE='#'
am__fastdepCCAS_FALSE=''
am__fastdepCCAS_TRUE='#'
am__fastdepCC_FALSE=''
am__fastdepCC_TRUE='#'
am__include='include'
am__isrc=''
am__leading_dot='.'
am__nodep=''
am__quote=''
am__tar='tar --format=ustar -chf - "$$tardir"'
am__untar='tar -xf -'
bindir='${exec_prefix}/bin'
build='x86_64-unknown-linux-gnu'
build_alias=''
build_cpu='x86_64'
build_os='linux-gnu'
build_vendor='unknown'
datadir='${datarootdir}'
datarootdir='${prefix}/share'
docdir='${datarootdir}/doc/${PACKAGE_TARNAME}'
dvidir='${docdir}'
exec_prefix='${prefix}'
host='arm-unknown-linux-gnu'
host_alias='arm-linux'
host_cpu='arm'
host_os='linux-gnu'
host_vendor='unknown'
htmldir='${docdir}'
includedir='${prefix}/include'
infodir='${datarootdir}/info'
install_sh='${SHELL} /home/retsu/FFmpeg-Android/jni/vo-amrwbenc/install-sh'
libdir='${exec_prefix}/lib'
libexecdir='${exec_prefix}/libexec'
localedir='${datarootdir}/locale'
localstatedir='${prefix}/var'
mandir='${datarootdir}/man'
mkdir_p='$(MKDIR_P)'
oldincludedir='/usr/include'
pdfdir='${docdir}'
prefix='/home/retsu/FFmpeg-Android/jni/vo-amrwbenc/../ffmpeg-build/armeavi-v7a-neon'
program_transform_name='s,x,x,'
psdir='${docdir}'
sbindir='${exec_prefix}/sbin'
sharedstatedir='${prefix}/com'
sysconfdir='${prefix}/etc'
target_alias=''

## ----------- ##
## confdefs.h. ##
## ----------- ##

/* confdefs.h */
#define PACKAGE_NAME "vo-amrwbenc"
#define PACKAGE_TARNAME "vo-amrwbenc"
#define PACKAGE_VERSION "0.1.2"
#define PACKAGE_STRING "vo-amrwbenc 0.1.2"
#define PACKAGE_BUGREPORT "http://sourceforge.net/projects/opencore-amr/"
#define PACKAGE_URL ""
#define PACKAGE "vo-amrwbenc"
#define VERSION "0.1.2"
#define STDC_HEADERS 1
#define HAVE_SYS_TYPES_H 1
#define HAVE_SYS_STAT_H 1
#define HAVE_STDLIB_H 1
#define HAVE_STRING_H 1
#define HAVE_MEMORY_H 1
#define HAVE_STRINGS_H 1
#define HAVE_INTTYPES_H 1
#define HAVE_STDINT_H 1
#define HAVE_UNISTD_H 1
#define HAVE_DLFCN_H 1
#define LT_OBJDIR ".libs/"

configure: exit 0
